(---------------------------------------------------------------------)
(                                                                     )
(    Dump Library Log                                                 )
(                                                                     )
(    Software Version : 17.4S011                                      )
(    Date/Time        : Thu Feb 22 14:11:49 2024                      )
(                                                                     )
(---------------------------------------------------------------------)


*** file: //ppfs6.physics.ox.ac.uk/CEG/Central Electronics/Projects/Hastingsp/DUNE/uob-hep-pc065/design_files/worklib/pc065b_fibv2_toplevel/physical/pc065c_fibv2_toplevel_06.brd ***



  *** Creating all device files (see create_devices.log) ***


  *** Creating padstacks. ***

  S60X200 being dumped.

  R100_50 being dumped.

  S60X160 being dumped.

  SMD1000UX200U being dumped.

  R200_50 being dumped.

  R100_70 being dumped.

  R100_80 being dumped.

  R120_90 being dumped.

  R145_30 being dumped.

  R160_60 being dumped.

  R105_70 being dumped.

  R205_24 being dumped.

  R115_60 being dumped.

  R150_45 being dumped.

  SQM_10 being dumped.

  R145_45 being dumped.

  C170H100 being dumped.

  R235_28 being dumped.

  SQM_06 being dumped.

  R470_65 being dumped.

  C230H160 being dumped.

  R255_65 being dumped.

  R165_65 being dumped.

  PAD6_5RD2-7DN being dumped.

  C50HN100 being dumped.

  R105_100 being dumped.

  S170X340 being dumped.

  R220_105 being dumped.

  PGA_SQ being dumped.

  R200_180 being dumped.

  R180_120 being dumped.

  R240_160 being dumped.

  R145_120 being dumped.

  SMD2100UX1600U being dumped.

  SMD1800UX2500U being dumped.

  R190_185 being dumped.

  C100HN130 being dumped.

  SMD10X40 being dumped.

  SMD13X30 being dumped.

  C100HN325 being dumped.

  SMD32X40 being dumped.

  SMD25X20 being dumped.

  HOLE2-0N being dumped.

  C100HN155 being dumped.

  SMD25X30 being dumped.

  SMD40X60 being dumped.

  HOLE3-0N being dumped.

  SMD40X70 being dumped.

  SMD20X75 being dumped.

  HOLE2-5N being dumped.

  T_N95_145_M145 being dumped.

  RT_15X70 being dumped.

  RT_26X14 being dumped.

  RT_39X12 being dumped.

  SQ_45X45 being dumped.

  RT_75X15 being dumped.

  RT_15X75 being dumped.

  RT_35X65 being dumped.

  RT_25X75 being dumped.

  RT_45X75 being dumped.

  SMD130X60 being dumped.

  C50 being dumped.

  SMD115X90 being dumped.

  R1700_1300 being dumped.

  C64 being dumped.

  C65 being dumped.

  P60_XOFF being dumped.

  P80 being dumped.

  P90 being dumped.

  T_Q105_157_M157 being dumped.

  RT_50X115 being dumped.

  RT_80X220 being dumped.

  RT_50X125 being dumped.

  RT_45X105 being dumped.

  VIA22RD0-3D_MOD being dumped.

  OBL_09X03 being dumped.

  PGA being dumped.

  RTM_20X10 being dumped.

  C216 being dumped.

  RTM_30X10 being dumped.

  RX28Y9D0T being dumped.

  RTM_20X13 being dumped.

  VIA being dumped.

  RTM_50X30 being dumped.

  RTM_14X12 being dumped.

  RTM_10X09 being dumped.

  RTM_27X12 being dumped.

  M180 being dumped.

  S320 being dumped.

  HOBL210X90 being dumped.

  S160 being dumped.

  S530 being dumped.

  S225 being dumped.

  S325 being dumped.

  HOBL144X62 being dumped.

  HOBL126X62 being dumped.

  HOBL270X90 being dumped.

  S185 being dumped.

  S530_NOSM being dumped.

  C165H95_PF being dumped.

  20X60UM_ROUNDED being dumped.

  20X70UM_ROUNDED being dumped.

  RTM_220X60 being dumped.

  PAD72RD1-1D being dumped.

  PAD80RD1-3D being dumped.

  PAD68RD1-0D being dumped.

  VIA22RD0-3D being dumped.

  VIA23RD0-3D being dumped.

  PAD64RD0-9D being dumped.

  VIA40RD0-5D being dumped.

  VIA26RD0-3D being dumped.

  C175H105_PF being dumped.

  VIA36RD0-4D being dumped.

  PAD72SQ1-1D being dumped.

  PAD68SQ1-0D being dumped.

  PAD84SQ1-4D being dumped.

  PAD64SQ0-9D being dumped.

  NULL being dumped.

  PAD250 being dumped.

  C64P89 being dumped.

  R80_30 being dumped.

  R90_30 being dumped.

  R75_30 being dumped.

  R80_25 being dumped.

  R85_30 being dumped.

  MTG270 being dumped.

  SMD600UX350U being dumped.

  R85_25 being dumped.

  R85_45 being dumped.

  C160H90 being dumped.


  *** Creating flash symbols (.dra and .fsm) ***

  thr_50 being dumped.

  thr_55 being dumped.

  thr_obl210x90 being dumped.

  thr_obl144x62 being dumped.

  thr_obl126x62 being dumped.

  thr_obl270x90 being dumped.

  ab00 being dumped.

  thr_190x150_4x21 being dumped.


  *** Creating package symbols (.dra and .psm) ***

  samtec_mtlw-103-07-l-s-250 being dumped.

  samtec_mtlw-104-07-l-s-250 being dumped.

  samtec_asp-134488-01 being dumped.

  tyco_1888247-1 being dumped.

  sot_drl_tex being dumped.

  qfn_5032_6pins being dumped.

  sop65p490x110-8n being dumped.

  oscsc105p250x320x180-6n being dumped.

  fxg_m2-7n being dumped.

  sop65p640x120-24n being dumped.

  lqfp32_080 being dumped.

  c0402 being dumped.

  c0603 being dumped.

  c0805 being dumped.

  qfn50p300x300x90-17n-s160 being dumped.

  qfn50p400x400x80-25n-s225 being dumped.

  qfn50p900x900x90-65n-s530 being dumped.

  soic127p600x175-8n being dumped.

  hirose_u-fl-r-smt-1_10 being dumped.

  indc_0402hp being dumped.

  qfn50p500x500x100-33n-s325 being dumped.

  uqfn_16pin being dumped.

  msop-therm being dumped.

  tp_hole_08 being dumped.

  tyco_2007132 being dumped.

  wson6 being dumped.

  indc2012x105n being dumped.


  *** Creating mechanical symbols (.dra and .bsm) ***

  uoblogo_18mm being dumped.


  *** Creating format symbols (.dra and .osm) ***

  bris_asizev being dumped.



*********************** Summary *********************
ERRORs reported:                           0

Number of padstacks dumped:              130
Number of package symbols dumped:         27
Number of mechanical symbols dumped:       1
Number of format symbols dumped:           1
Number of flash symbols dumped:            8

Total number of symbols dumped:           37
*****************************************************

