A!LAYER_SORT!LAYER_SUBCLASS!LAYER_ARTWORK!LAYER_USE!LAYER_CONDUCTOR!LAYER_DIELECTRIC_CONSTANT!LAYER_ELECTRICAL_CONDUCTIVITY!LAYER_MATERIAL!LAYER_SHIELD_LAYER!LAYER_THERMAL_CONDUCTIVITY!LAYER_THICKNESS!LAYER_TYPE!LAYER_LOSS_TANGENT!LAYER_FUNCTION_TYPE!
J!Z:/cad/designs/uob-hep-pc065a/trunk/design_files/worklib/pc065b_toplevel/physical/pc065b_toplevel_06.brd!Thu Jun 04 10:02:39 2020!-100.0000!-100.0000!200.0000!300.0000!0.0001!millimeters!PC065B_TOPLEVEL!69.133858 mil!8!UP TO DATE!
S!000000!!!!NO!1.000000!0 mho/cm!AIR!NO!!0 mil!SURFACE!0!SURFACE!
S!000001!!!!NO!3.200000!0 mho/cm!FR-4!!!0.984252 mil!DIELECTRIC!0.035!DIELECTRIC!
S!000002!TOP!POSITIVE!!YES!1.000000!595900 mho/cm!COPPER!NO!!0.708661 mil!CONDUCTOR!0!CONDUCTOR!
S!000003!!!!NO!4.500000!0 mho/cm!FR-4!!!7.480315 mil!DIELECTRIC!0.035!DIELECTRIC!
S!000004!L2_GND!POSITIVE!EMBEDDED_PLANE!YES!1.000000!595900 mho/cm!COPPER!YES!!1.377953 mil!PLANE!0.035!PLANE!
S!000005!!!!NO!4.500000!0 mho/cm!FR-4!!!7.874016 mil!DIELECTRIC!0.035!DIELECTRIC!
S!000006!L3_SIG!POSITIVE!!YES!1.000000!595900 mho/cm!COPPER!NO!!1.377953 mil!CONDUCTOR!0.035!CONDUCTOR!
S!000007!!!!NO!4.500000!0 mho/cm!FR-4!!!9.448819 mil!DIELECTRIC!0.035!DIELECTRIC!
S!000008!L4_GND!POSITIVE!EMBEDDED_PLANE!YES!4.500000!595900 mho/cm!COPPER!YES!!1.377953 mil!PLANE!0!PLANE!
S!000009!!!!NO!4.500000!0 mho/cm!FR-4!!!7.874016 mil!DIELECTRIC!0.035!DIELECTRIC!
S!000010!L5_PWR!POSITIVE!EMBEDDED_PLANE!YES!4.500000!595900 mho/cm!COPPER!YES!!1.377953 mil!PLANE!0!PLANE!
S!000011!!!!NO!4.500000!0 mho/cm!FR-4!!!9.448819 mil!DIELECTRIC!0.035!DIELECTRIC!
S!000012!L6_SIG!POSITIVE!!YES!1.000000!595900 mho/cm!COPPER!NO!!1.377953 mil!CONDUCTOR!0.035!CONDUCTOR!
S!000013!!!!NO!4.500000!0 mho/cm!FR-4!!!7.874016 mil!DIELECTRIC!0.035!DIELECTRIC!
S!000014!L7_PWR!POSITIVE!EMBEDDED_PLANE!YES!1.000000!595900 mho/cm!COPPER!YES!!1.377953 mil!PLANE!0.035!PLANE!
S!000015!!!!NO!4.500000!0 mho/cm!FR-4!!!7.480315 mil!DIELECTRIC!0.035!DIELECTRIC!
S!000016!BOTTOM!POSITIVE!!YES!1.000000!595900 mho/cm!COPPER!NO!!0.708661 mil!CONDUCTOR!0!CONDUCTOR!
S!000017!!!!NO!3.200000!0 mho/cm!FR-4!!!0.984252 mil!DIELECTRIC!0.035!DIELECTRIC!
S!000018!!!!NO!1.000000!0 mho/cm!AIR!NO!!0 mil!SURFACE!0!SURFACE!
