(---------------------------------------------------------------------)
(                                                                     )
(    NC DRILL Log                                                     )
(                                                                     )
(    Drawing          : pc065b_toplevel_06.brd                        )
(    Software Version : 17.2S061                                      )
(    Date/Time        : Mon Jun  1 18:49:53 2020                      )
(                                                                     )
(---------------------------------------------------------------------)



 Processing NC Parameters file 'nc_param.txt' ...

 NC PARAMETERS
 -------------

 FORMAT   		3.5
 MACHINE-OFFSET		x:0.00000	y:0.00000   (mm)
 FEEDRATE		1
 COORDINATES		ABSOLUTE
 OUTPUT-UNITS		METRIC
 TOOL-ORDER		INCREASING
 REPEAT-CODES		YES
 SUPPRESS-LEAD-ZEROES	NO
 SUPPRESS-TRAIL-ZEROES	NO
 SUPPRESS-EQUAL		NO
 TOOL-SELECT		YES
 HEADER			none
 LEADER			12
 CODE			ASCII
 SEPARATE		NO
 SEPARATE-ROUTING	NO
 OPTIMIZE_DRILLING	NO
 ENHANCED_EXCELLON	YES
 SCALE			1.000000

 WARNING(SPMHMF-368): Cannot find NC Drill tool file 'nc_tools.txt'
 WARNING(SPMHMF-369): ... will auto-generate tool file 'nc_tools_auto.txt'.


     Auto-generating tool file 'nc_tools_auto.txt' ...

           Size  Plating  Tool        + Tolerance  - Tolerance

         0.3000  P        T01            0.000000     0.000000
         0.8128  P        T02            0.000000     0.000000
         0.9500  P        T03            0.050000     0.050000
         1.0000  P        T04            0.000000     0.000000
         1.0500  P        T05            0.050000     0.050000
         2.7000  P        T06            0.000000     0.000000
         1.3005  N        T07            0.000000     0.000000
         1.5500  N        T08            0.000000     0.000000


 Drill files being output to directory '/projects/HEP_Instrumentation/cad/designs/uob-hep-pc065a/trunk/design_files/worklib/pc065b_toplevel/physical' ...



     'pc065b_toplevel_06-1-8.drl' created for holes connecting TOP and BOTTOM
     ------------------------------------------------------------------------

     Tool  Num     Size      +/- Tolerance     Plating   Quantity

     T01    1.   0.3000    0.0000/  0.0000      PLATED       1156
     T02    2.   0.8128    0.0000/  0.0000      PLATED          2
     T03    3.   0.9500    0.0500/  0.0500      PLATED         40
     T04    4.   1.0000    0.0000/  0.0000      PLATED         13
     T05    5.   1.0500    0.0500/  0.0500      PLATED         52
     T06    6.   2.7000    0.0000/  0.0000      PLATED          5
     T07    7.   1.3005    0.0000/  0.0000  NON_PLATED          2
     T08    8.   1.5500    0.0000/  0.0000  NON_PLATED         16

     ---- Total holes:                                       1286

     ---- Total head travel:              94.45 feet (28.79 meters)

