(---------------------------------------------------------------------)
(                                                                     )
(    Allegro Netrev Import Logic                                      )
(                                                                     )
(    Drawing          : pc065c_fibv2_toplevel_07.brd                  )
(    Software Version : 17.4S011                                      )
(    Date/Time        : Wed Mar 13 08:01:50 2024                      )
(                                                                     )
(---------------------------------------------------------------------)


------ Directives ------------

Ripup etch:                  No
Ripup delete first segment:  No
Ripup retain bondwire:       No
Ripup symbols:               Always
Missing symbol has error:    No
DRC update:                  Yes
Schematic directory:         '\\ppfs6.physics.ox.ac.uk\CEG\Central Electronics\Projects\Hastingsp\DUNE\uob-hep-pc065\design_files\worklib\pc065b_fibv2_toplevel\packaged'
Design Directory:            '//ppfs6.physics.ox.ac.uk/CEG/Central Electronics/Projects/Hastingsp/DUNE/uob-hep-pc065/design_files/worklib/pc065b_fibv2_toplevel/physical'
Old design name:             '//ppfs6.physics.ox.ac.uk/CEG/Central Electronics/Projects/Hastingsp/DUNE/uob-hep-pc065/design_files/worklib/pc065b_fibv2_toplevel/physical/pc065c_fibv2_toplevel_07.brd'
New design name:             '//ppfs6.physics.ox.ac.uk/CEG/Central Electronics/Projects/Hastingsp/DUNE/uob-hep-pc065/design_files/worklib/pc065b_fibv2_toplevel/physical/pc065c_fibv2_toplevel_07.brd'

CmdLine: netrev -proj \\ppfs6.physics.ox.ac.uk\CEG\Central Electronics\Projects\Hastingsp\DUNE\uob-hep-pc065\design_files\pc065c_fibv2_toplevel.cpm -y 1 -z -O \\ppfs6.physics.ox.ac.uk\CEG\Central Electronics\Projects\Hastingsp\DUNE\uob-hep-pc065\design_files\worklib\pc065b_fibv2_toplevel\physical\pc065c_fibv2_toplevel_07.brd \\ppfs6.physics.ox.ac.uk\CEG\Central Electronics\Projects\Hastingsp\DUNE\uob-hep-pc065\design_files\worklib\pc065b_fibv2_toplevel\physical\pc065c_fibv2_toplevel_07.brd -q \\ppfs6.physics.ox.ac.uk\CEG\Central Electronics\Projects\Hastingsp\DUNE\uob-hep-pc065\design_files\temp\constraints_difference_report.xml -$

------ Preparing to read pst files ------

Starting to read //ppfs6.physics.ox.ac.uk/CEG/Central Electronics/Projects/Hastingsp/DUNE/uob-hep-pc065/design_files/worklib/pc065b_fibv2_toplevel/packaged/pstchip.dat 
   Finished reading //ppfs6.physics.ox.ac.uk/CEG/Central Electronics/Projects/Hastingsp/DUNE/uob-hep-pc065/design_files/worklib/pc065b_fibv2_toplevel/packaged/pstchip.dat (00:00:00.35)
Starting to read //ppfs6.physics.ox.ac.uk/CEG/Central Electronics/Projects/Hastingsp/DUNE/uob-hep-pc065/design_files/worklib/pc065b_fibv2_toplevel/packaged/pstxprt.dat 
   Finished reading //ppfs6.physics.ox.ac.uk/CEG/Central Electronics/Projects/Hastingsp/DUNE/uob-hep-pc065/design_files/worklib/pc065b_fibv2_toplevel/packaged/pstxprt.dat (00:00:00.01)
Starting to read //ppfs6.physics.ox.ac.uk/CEG/Central Electronics/Projects/Hastingsp/DUNE/uob-hep-pc065/design_files/worklib/pc065b_fibv2_toplevel/packaged/pstxnet.dat 
   Finished reading //ppfs6.physics.ox.ac.uk/CEG/Central Electronics/Projects/Hastingsp/DUNE/uob-hep-pc065/design_files/worklib/pc065b_fibv2_toplevel/packaged/pstxnet.dat (00:00:00.03)

------ Oversights/Warnings/Errors ------


#1   WARNING(SPMHNI-192): Device/Symbol check warning detected. [help]

WARNING(SPMHNI-194): Symbol '155060YS73200' used by RefDes DS1 for device 'WURTH_155060YS73200' not found. 
The symbol either does not exist in the library path (PSMPATH) or is an old symbol from a previous release.  

Set the correct library path if not set or use dbdoctor to migrate old symbols.



===========================================================
Start Constraint Diff3 Import
	Constraint File:    //ppfs6.physics.ox.ac.uk/CEG/Central Electronics/Projects/Hastingsp/DUNE/uob-hep-pc065/design_files/worklib/pc065b_fibv2_toplevel/packaged/pstcmdb.dat
	Allegro Baseline:   C:/Users/HASTIN~1/AppData/Local/Temp/#Taaaaai02288.tmp
	Start time: Wed Mar 13 08:01:50 2024
===========================================================


The constraint difference report file can be viewed using the following command:
cdnFlowOOSMsg.exe -file "file://///ppfs6.physics.ox.ac.uk/CEG/Central Electronics/Projects/Hastingsp/DUNE/uob-hep-pc065/design_files/temp/constraints_difference_report.xml"

===========================================================
Finished Constraint Update	Time: Wed Mar 13 08:01:51 2024
===========================================================

------ Library Paths ------
MODULEPATH =  Y:/Users/CEG/Central Electronics/Projects/Hastingsp/PaMIR/001x/worklib/switcherpsu/physical/ 
           . 
           C:/Cadence/SPB_16.5/share/local/pcb/modules 

PSMPATH =  //ppfs6.physics.ox.ac.uk/CEG/Central Electronics/Projects/Hastingsp/mu3e/dev/worklib/top/physical 
           . 
           .. 
           Y:/Users/CEG/Central Electronics/Projects/Hastingsp/SLHC/Potting Wirebond Tests/footprints/ 
           Y:/Users/CEG/Central Electronics/Projects/Hastingsp/SLHC/130nm Double Sided Tape Designs Jan 2018/footprints/ 
           Y:/users/CEG/CEG_Software/Cadence/Shared_Libraries/V16_5/symbols/ 
           Y:/users/CEG/CEG_Software/Cadence/Shared_Libraries/V16_5/formats/ 

PADPATH =  . 
           .. 
           //ppfs6.physics.ox.ac.uk/CEG/Central Electronics/Projects/Hastingsp/mu3e/dev/worklib/top/physical 
           //ppfs6.physics.ox.ac.uk/CEG/CEG_Software/Cadence/Shared_Libraries/V16_5/pads 
           Y:/Users/CEG/Central Electronics/Projects/Hastingsp/SLHC/130nm Double Sided Tape Designs Jan 2018/footprints/ 
           Y:/users/CEG/CEG_Software/Cadence/Shared_Libraries/V16_5/pads/ 


------ Summary Statistics ------


netrev run on Mar 13 8:01:50 2024
   DESIGN NAME : 'PC065B_FIBV2_TOPLEVEL'
   PACKAGING ON 13-Mar-2024 AT 08:01:35

   COMPILE 'logic'
   CHECK_PIN_NAMES OFF
   CROSS_REFERENCE OFF
   DIRECTORIES  <none>
   FEEDBACK OFF
   INCREMENTAL OFF
   INTERFACE_TYPE PHYSICAL
   LIBRARIES  'uob_hep_pc065a_lib' 'bris_cds_analogue' 'bris_cds_discrete'
              'bris_cds_logic' 'bris_cds_special' 'bris_cds_standard'
              'cnconnector' 'cndiscrete' 'cnpassive' 'cnpower' 'cnmech'
              'cninterface' 'cnmemory' 'standard'
   MASTER_LIBRARIES  <none>
   MAX_ERRORS 500
   MERGE_MINIMUM 5
   NET_NAME_CHARS '#%&()*+-./:=>?@[]^_`|'
   NET_NAME_LENGTH 24
   OVERSIGHTS ON
   REPLACE_CHECK OFF
   SINGLE_NODE_NETS ON
   SPLIT_MINIMUM 0
   SUPPRESS   20
   WARNINGS ON

 No error detected
 No oversight detected
  1 warnings detected

cpu time      0:05:10
elapsed time  0:00:01

