A!NET_NAME_SORT!NET_NAME!NET_PHYSICAL_TYPE!NET_SPACING_TYPE!ELECTRICAL_CONSTRAINT_SET!NET_DIFFERENTIAL_PAIR!NET_STUB_LENGTH!NET_MAX_VIA_COUNT!NET_MIN_LINE_WIDTH!NET_MAX_PARALLEL!NO_TEST!
J!//ppfs6.physics.ox.ac.uk/CEG/Central Electronics/Projects/Hastingsp/DUNE/uob-hep-pc065/design_files/worklib/pc065b_fibv2_toplevel/physical/pc065c_fibv2_toplevel_19.brd!Thu Apr  4 13:42:01 2024!-147.000!-139.100!253.000!260.900!0.001!millimeters!PC065B_FIBV2_TOPLEVEL!69.133858 mil!8!UP TO DATE!
S!UNNAMED_4_FMCHPCGENERIC_I62_TDO!UNNAMED_4_FMCHPCGENERIC_I62_TDO!!!!!!!!!!
S!UNNAMED_4_FMCHPCGENERIC_I62_TDI!UNNAMED_4_FMCHPCGENERIC_I62_TDI!!!!!!!!!!
S!UNNAMED_8_CAPCERSMDCL2_I167_A!UNNAMED_8_CAPCERSMDCL2_I167_A!!!!CLK_IN_CAP!!!!!!
S!I2C_LED_ 00000007!I2C_LED_7!!!!!!!!!!
S!I2C_LED_ 00000006!I2C_LED_6!!!!!!!!!!
S!I2C_LED_ 00000005!I2C_LED_5!!!!!!!!!!
S!I2C_LED_ 00000004!I2C_LED_4!!!!!!!!!!
S!I2C_LED_ 00000003!I2C_LED_3!!!!!!!!!!
S!I2C_LED_ 00000002!I2C_LED_2!!!!!!!!!!
S!I2C_LED_ 00000001!I2C_LED_1!!!!!!!!!!
S!I2C_LED_ 00000000!I2C_LED_0!!!!!!!!!!
S!UNNAMED_13_RSMD0603_I83_A!UNNAMED_13_RSMD0603_I83_A!!!!!!!!!!
S!UNNAMED_13_RSMD0603_I82_A!UNNAMED_13_RSMD0603_I82_A!!!!!!!!!!
S!UNNAMED_13_RSMD0603_I81_A!UNNAMED_13_RSMD0603_I81_A!!!!!!!!!!
S!UNNAMED_13_RSMD0603_I80_A!UNNAMED_13_RSMD0603_I80_A!!!!!!!!!!
S!UNNAMED_13_RSMD0603_I79_A!UNNAMED_13_RSMD0603_I79_A!!!!!!!!!!
S!UNNAMED_13_RSMD0603_I78_A!UNNAMED_13_RSMD0603_I78_A!!!!!!!!!!
S!UNNAMED_13_RSMD0603_I77_A!UNNAMED_13_RSMD0603_I77_A!!!!!!!!!!
S!UNNAMED_13_RSMD0603_I76_A!UNNAMED_13_RSMD0603_I76_A!!!!!!!!!!
S!FMC_3P3V!FMC_3P3V!!!!!!!!!!
S!UNNAMED_4_FMCHPCGENERIC_I62_GA 00000001!UNNAMED_4_FMCHPCGENERIC_I62_GA1!!!!!!!!!!
S!UNNAMED_4_FMCHPCGENERIC_I62_GA 00000000!UNNAMED_4_FMCHPCGENERIC_I62_GA0!!!!!!!!!!
S!RD_FPGA_P<7>!RD_FPGA_P<7>!!!!RD_FPGA<7>!!!!!!
S!RD_FPGA_P<6>!RD_FPGA_P<6>!!!!RD_FPGA<6>!!!!!!
S!RD_FPGA_P<5>!RD_FPGA_P<5>!!!!RD_FPGA<5>!!!!!!
S!RD_FPGA_P<4>!RD_FPGA_P<4>!!!!RD_FPGA<4>!!!!!!
S!RD_FPGA_N<7>!RD_FPGA_N<7>!!!!RD_FPGA<7>!!!!!!
S!RD_FPGA_N<5>!RD_FPGA_N<5>!!!!RD_FPGA<5>!!!!!!
S!RD_FPGA_N<4>!RD_FPGA_N<4>!!!!RD_FPGA<4>!!!!!!
S!FMC_LA_N<32>!FMC_LA_N<32>!!!!FMC_LA<32>!!!!!!
S!UNNAMED_8_CAPCERSMDCL2_I168_B!UNNAMED_8_CAPCERSMDCL2_I168_B!!!!CLK_IN_CAP!!!!!!
S!CLK_VOLTREFOUT!CLK_VOLTREFOUT!!!!!!!!!!
S!CLK_MAIN_P<9>!CLK_MAIN_P<9>!!!!CLK_MAIN<9>!!!!!!
S!CLK_MAIN_N<9>!CLK_MAIN_N<9>!!!!CLK_MAIN<9>!!!!!!
S!UNNAMED_8_PCOAX_I155_A!UNNAMED_8_PCOAX_I155_A!!!!!!!!!!
S!UNNAMED_8_PCOAX_I121_A!UNNAMED_8_PCOAX_I121_A!!!!!!!!!!
S!UNNAMED_8_CAPCERSMDCL2_I158_B!UNNAMED_8_CAPCERSMDCL2_I158_B!!!!!!!!!!
S!UNNAMED_8_CAPCERSMDCL2_I154_B!UNNAMED_8_CAPCERSMDCL2_I154_B!!!!!!!!!!
S!TEMP_ALERT!TEMP_ALERT!!!!!!!!!!
S!250MXTAL_P!250MXTAL_P!!!!250MXTAL!!!!!!
S!250MXTAL_N!250MXTAL_N!!!!250MXTAL!!!!!!
S!UNNAMED_7_MP20075REG_I17_EN!UNNAMED_7_MP20075REG_I17_EN!!!!!!!!!!
S!HA_N<18>!HA_N<18>!!!!!!!!!!
S!HA_P<8>!HA_P<8>!!!!!!!!!!
S!HA_P<4>!HA_P<4>!!!!!!!!!!
S!HA_P<19>!HA_P<19>!!!!!!!!!!
S!HA_P<15>!HA_P<15>!!!!!!!!!!
S!HA_P<12>!HA_P<12>!!!!!!!!!!
S!HA_P<0>!HA_P<0>!!!!!!!!!!
S!HB_N<8>!HB_N<8>!!!!!!!!!!
S!HB_N<4>!HB_N<4>!!!!!!!!!!
S!HB_N<2>!HB_N<2>!!!!!!!!!!
S!HB_N<20>!HB_N<20>!!!!!!!!!!
S!HB_N<16>!HB_N<16>!!!!!!!!!!
S!HB_N<12>!HB_N<12>!!!!!!!!!!
S!VREF_B_M2C!VREF_B_M2C!!!!!!!!!!
S!VIO_B_M2C!VIO_B_M2C!!!!!!!!!!
S!PG_M2C!PG_M2C!!!!!!!!!!
S!PGOOD_C2M!PGOOD_C2M!!!!!!!!!!
S!P3V3AUX!P3V3AUX!!!!!!!!!!
S!HB_P<9>!HB_P<9>!!!!!!!!!!
S!HB_P<8>!HB_P<8>!!!!!!!!!!
S!HB_P<7>!HB_P<7>!!!!!!!!!!
S!HB_P<6>!HB_P<6>!!!!!!!!!!
S!HB_P<5>!HB_P<5>!!!!!!!!!!
S!HB_P<4>!HB_P<4>!!!!!!!!!!
S!HB_P<3>!HB_P<3>!!!!!!!!!!
S!HB_P<2>!HB_P<2>!!!!!!!!!!
S!HB_P<21>!HB_P<21>!!!!!!!!!!
S!HB_P<20>!HB_P<20>!!!!!!!!!!
S!HB_P<1>!HB_P<1>!!!!!!!!!!
S!HB_P<19>!HB_P<19>!!!!!!!!!!
S!HB_P<18>!HB_P<18>!!!!!!!!!!
S!HB_P<17>!HB_P<17>!!!!!!!!!!
S!HB_P<16>!HB_P<16>!!!!!!!!!!
S!HB_P<15>!HB_P<15>!!!!!!!!!!
S!HB_P<14>!HB_P<14>!!!!!!!!!!
S!HB_P<13>!HB_P<13>!!!!!!!!!!
S!HB_P<12>!HB_P<12>!!!!!!!!!!
S!HB_P<11>!HB_P<11>!!!!!!!!!!
S!HB_P<10>!HB_P<10>!!!!!!!!!!
S!HB_P<0>!HB_P<0>!!!!!!!!!!
S!HB_N<9>!HB_N<9>!!!!!!!!!!
S!HB_N<7>!HB_N<7>!!!!!!!!!!
S!HB_N<6>!HB_N<6>!!!!!!!!!!
S!HB_N<5>!HB_N<5>!!!!!!!!!!
S!HB_N<3>!HB_N<3>!!!!!!!!!!
S!HB_N<21>!HB_N<21>!!!!!!!!!!
S!HB_N<1>!HB_N<1>!!!!!!!!!!
S!HB_N<19>!HB_N<19>!!!!!!!!!!
S!HB_N<18>!HB_N<18>!!!!!!!!!!
S!HB_N<17>!HB_N<17>!!!!!!!!!!
S!HB_N<15>!HB_N<15>!!!!!!!!!!
S!HB_N<14>!HB_N<14>!!!!!!!!!!
S!HB_N<13>!HB_N<13>!!!!!!!!!!
S!HB_N<11>!HB_N<11>!!!!!!!!!!
S!HB_N<10>!HB_N<10>!!!!!!!!!!
S!HB_N<0>!HB_N<0>!!!!!!!!!!
S!HA_P<9>!HA_P<9>!!!!!!!!!!
S!HA_P<7>!HA_P<7>!!!!!!!!!!
S!HA_P<6>!HA_P<6>!!!!!!!!!!
S!HA_P<5>!HA_P<5>!!!!!!!!!!
S!HA_P<3>!HA_P<3>!!!!!!!!!!
S!HA_P<2>!HA_P<2>!!!!!!!!!!
S!HA_P<23>!HA_P<23>!!!!!!!!!!
S!HA_P<22>!HA_P<22>!!!!!!!!!!
S!HA_P<21>!HA_P<21>!!!!!!!!!!
S!HA_P<20>!HA_P<20>!!!!!!!!!!
S!HA_P<1>!HA_P<1>!!!!!!!!!!
S!HA_P<18>!HA_P<18>!!!!!!!!!!
S!HA_P<17>!HA_P<17>!!!!!!!!!!
S!HA_P<16>!HA_P<16>!!!!!!!!!!
S!HA_P<14>!HA_P<14>!!!!!!!!!!
S!HA_P<13>!HA_P<13>!!!!!!!!!!
S!HA_P<11>!HA_P<11>!!!!!!!!!!
S!HA_P<10>!HA_P<10>!!!!!!!!!!
S!HA_N<9>!HA_N<9>!!!!!!!!!!
S!HA_N<8>!HA_N<8>!!!!!!!!!!
S!HA_N<7>!HA_N<7>!!!!!!!!!!
S!HA_N<6>!HA_N<6>!!!!!!!!!!
S!HA_N<5>!HA_N<5>!!!!!!!!!!
S!HA_N<4>!HA_N<4>!!!!!!!!!!
S!HA_N<3>!HA_N<3>!!!!!!!!!!
S!HA_N<2>!HA_N<2>!!!!!!!!!!
S!HA_N<23>!HA_N<23>!!!!!!!!!!
S!HA_N<22>!HA_N<22>!!!!!!!!!!
S!HA_N<21>!HA_N<21>!!!!!!!!!!
S!HA_N<20>!HA_N<20>!!!!!!!!!!
S!HA_N<1>!HA_N<1>!!!!!!!!!!
S!HA_N<19>!HA_N<19>!!!!!!!!!!
S!HA_N<17>!HA_N<17>!!!!!!!!!!
S!HA_N<16>!HA_N<16>!!!!!!!!!!
S!HA_N<15>!HA_N<15>!!!!!!!!!!
S!HA_N<14>!HA_N<14>!!!!!!!!!!
S!HA_N<13>!HA_N<13>!!!!!!!!!!
S!HA_N<12>!HA_N<12>!!!!!!!!!!
S!HA_N<11>!HA_N<11>!!!!!!!!!!
S!HA_N<10>!HA_N<10>!!!!!!!!!!
S!HA_N<0>!HA_N<0>!!!!!!!!!!
S!GBTCLK_M2C_P<1>!GBTCLK_M2C_P<1>!!!!GBTCLK_M2C<1>!!!!!!
S!GBTCLK_M2C_P<0>!GBTCLK_M2C_P<0>!!!!GBTCLK_M2C<0>!!!!!!
S!GBTCLK_M2C_N<1>!GBTCLK_M2C_N<1>!!!!GBTCLK_M2C<1>!!!!!!
S!GBTCLK_M2C_N<0>!GBTCLK_M2C_N<0>!!!!GBTCLK_M2C<0>!!!!!!
S!DP_M2C_P<9>!DP_M2C_P<9>!!!!DP_M2C<9>!!!!!!
S!DP_M2C_P<8>!DP_M2C_P<8>!!!!DP_M2C<8>!!!!!!
S!DP_M2C_P<7>!DP_M2C_P<7>!!!!DP_M2C<7>!!!!!!
S!DP_M2C_P<6>!DP_M2C_P<6>!!!!DP_M2C<6>!!!!!!
S!DP_M2C_P<5>!DP_M2C_P<5>!!!!DP_M2C<5>!!!!!!
S!DP_M2C_P<4>!DP_M2C_P<4>!!!!DP_M2C<4>!!!!!!
S!DP_M2C_P<3>!DP_M2C_P<3>!!!!DP_M2C<3>!!!!!!
S!DP_M2C_P<2>!DP_M2C_P<2>!!!!DP_M2C<2>!!!!!!
S!DP_M2C_P<1>!DP_M2C_P<1>!!!!DP_M2C<1>!!!!!!
S!DP_M2C_P<0>!DP_M2C_P<0>!!!!DP_M2C<0>!!!!!!
S!DP_M2C_N<9>!DP_M2C_N<9>!!!!DP_M2C<9>!!!!!!
S!DP_M2C_N<8>!DP_M2C_N<8>!!!!DP_M2C<8>!!!!!!
S!DP_M2C_N<7>!DP_M2C_N<7>!!!!DP_M2C<7>!!!!!!
S!DP_M2C_N<6>!DP_M2C_N<6>!!!!DP_M2C<6>!!!!!!
S!DP_M2C_N<5>!DP_M2C_N<5>!!!!DP_M2C<5>!!!!!!
S!DP_M2C_N<4>!DP_M2C_N<4>!!!!DP_M2C<4>!!!!!!
S!DP_M2C_N<3>!DP_M2C_N<3>!!!!DP_M2C<3>!!!!!!
S!DP_M2C_N<2>!DP_M2C_N<2>!!!!DP_M2C<2>!!!!!!
S!DP_M2C_N<1>!DP_M2C_N<1>!!!!DP_M2C<1>!!!!!!
S!DP_M2C_N<0>!DP_M2C_N<0>!!!!DP_M2C<0>!!!!!!
S!DP_C2M_P<9>!DP_C2M_P<9>!!!!DP_C2M<9>!!!!!!
S!DP_C2M_P<8>!DP_C2M_P<8>!!!!DP_C2M<8>!!!!!!
S!DP_C2M_P<7>!DP_C2M_P<7>!!!!DP_C2M<7>!!!!!!
S!DP_C2M_P<6>!DP_C2M_P<6>!!!!DP_C2M<6>!!!!!!
S!DP_C2M_P<5>!DP_C2M_P<5>!!!!DP_C2M<5>!!!!!!
S!DP_C2M_P<4>!DP_C2M_P<4>!!!!DP_C2M<4>!!!!!!
S!DP_C2M_P<3>!DP_C2M_P<3>!!!!DP_C2M<3>!!!!!!
S!DP_C2M_P<2>!DP_C2M_P<2>!!!!DP_C2M<2>!!!!!!
S!DP_C2M_P<1>!DP_C2M_P<1>!!!!DP_C2M<1>!!!!!!
S!DP_C2M_P<0>!DP_C2M_P<0>!!!!DP_C2M<0>!!!!!!
S!DP_C2M_N<9>!DP_C2M_N<9>!!!!DP_C2M<9>!!!!!!
S!DP_C2M_N<8>!DP_C2M_N<8>!!!!DP_C2M<8>!!!!!!
S!DP_C2M_N<7>!DP_C2M_N<7>!!!!DP_C2M<7>!!!!!!
S!DP_C2M_N<6>!DP_C2M_N<6>!!!!DP_C2M<6>!!!!!!
S!DP_C2M_N<5>!DP_C2M_N<5>!!!!DP_C2M<5>!!!!!!
S!DP_C2M_N<4>!DP_C2M_N<4>!!!!DP_C2M<4>!!!!!!
S!DP_C2M_N<3>!DP_C2M_N<3>!!!!DP_C2M<3>!!!!!!
S!DP_C2M_N<2>!DP_C2M_N<2>!!!!DP_C2M<2>!!!!!!
S!DP_C2M_N<1>!DP_C2M_N<1>!!!!DP_C2M<1>!!!!!!
S!DP_C2M_N<0>!DP_C2M_N<0>!!!!DP_C2M<0>!!!!!!
S!CLK_DIR!CLK_DIR!!!!!!!!!!
S!CLK_BIDIR_P<1>!CLK_BIDIR_P<1>!!!!CLK_BIDIR<1>!!!!!!
S!CLK_BIDIR_N<1>!CLK_BIDIR_N<1>!!!!CLK_BIDIR<1>!!!!!!
S!UNNAMED_5_24AA025E48_I9_A 00000002!UNNAMED_5_24AA025E48_I9_A2!!!!!!!!!!
S!UNNAMED_5_24AA025E48_I9_A 00000001!UNNAMED_5_24AA025E48_I9_A1!!!!!!!!!!
S!UNNAMED_5_24AA025E48_I9_A 00000000!UNNAMED_5_24AA025E48_I9_A0!!!!!!!!!!
S!FMC_LA_N<26>!FMC_LA_N<26>!!!!FMC_LA<26>!!!!!!
S!UNNAMED_7_MP20075REG_I17_REF!UNNAMED_7_MP20075REG_I17_REF!!!!!!!!!!
S!UNNAMED_7_CAPCERSMDCL2_I28_B!UNNAMED_7_CAPCERSMDCL2_I28_B!!!!!!!!!!
S!RD_FPGA_N<6>!RD_FPGA_N<6>!!!!RD_FPGA<6>!!!!!!
S!RD_FPGA_P<0>!RD_FPGA_P<0>!!!!FMC_LA<3>!!!!!!
S!RD_FPGA_N<0>!RD_FPGA_N<0>!!!!FMC_LA<3>!!!!!!
S!UNNAMED_13_RSMD0402_I46_B!UNNAMED_13_RSMD0402_I46_B!!!!!!!!!!
S!UNNAMED_13_RSMD0402_I45_B!UNNAMED_13_RSMD0402_I45_B!!!!!!!!!!
S!UNNAMED_1_RSMD0402_I7_B_ 00000008!UNNAMED_1_RSMD0402_I7_B_8!!!!!!!!!!
S!UNNAMED_1_RSMD0402_I7_B_ 00000007!UNNAMED_1_RSMD0402_I7_B_7!!!!!!!!!!
S!UNNAMED_1_RSMD0402_I7_B_ 00000006!UNNAMED_1_RSMD0402_I7_B_6!!!!!!!!!!
S!UNNAMED_1_RSMD0402_I7_B_ 00000005!UNNAMED_1_RSMD0402_I7_B_5!!!!!!!!!!
S!UNNAMED_1_RSMD0402_I7_B_ 00000004!UNNAMED_1_RSMD0402_I7_B_4!!!!!!!!!!
S!UNNAMED_1_RSMD0402_I7_B_ 00000003!UNNAMED_1_RSMD0402_I7_B_3!!!!!!!!!!
S!UNNAMED_1_RSMD0402_I7_B_ 00000002!UNNAMED_1_RSMD0402_I7_B_2!!!!!!!!!!
S!UNNAMED_1_RSMD0402_I7_B_ 00000001!UNNAMED_1_RSMD0402_I7_B_1!!!!!!!!!!
S!UNNAMED_1_RSMD0402_I7_B!UNNAMED_1_RSMD0402_I7_B!!!!!!!!!!
S!UNNAMED_13_RSMD0402_I8_B!UNNAMED_13_RSMD0402_I8_B!!!!!!!!!!
S!UNNAMED_13_RSMD0402_I6_B!UNNAMED_13_RSMD0402_I6_B!!!!!!!!!!
S!SFP_FAULT<7>!SFP_FAULT<7>!!!!!!!!!!
S!SFP_FAULT<6>!SFP_FAULT<6>!!!!!!!!!!
S!SFP_FAULT<5>!SFP_FAULT<5>!!!!!!!!!!
S!SFP_FAULT<4>!SFP_FAULT<4>!!!!!!!!!!
S!RST_I2C_B!RST_I2C_B!!!!!!!!!!
S!SFP_LOS<7>!SFP_LOS<7>!!!!!!!!!!
S!SFP_LOS<6>!SFP_LOS<6>!!!!!!!!!!
S!SFP_LOS<5>!SFP_LOS<5>!!!!!!!!!!
S!SFP_LOS<4>!SFP_LOS<4>!!!!!!!!!!
S!SFP_I2C_SDA<7>!SFP_I2C_SDA<7>!!!!!!!!!!
S!SFP_I2C_SDA<6>!SFP_I2C_SDA<6>!!!!!!!!!!
S!SFP_I2C_SDA<5>!SFP_I2C_SDA<5>!!!!!!!!!!
S!SFP_I2C_SDA<4>!SFP_I2C_SDA<4>!!!!!!!!!!
S!SFP_I2C_SCL<7>!SFP_I2C_SCL<7>!!!!!!!!!!
S!SFP_I2C_SCL<6>!SFP_I2C_SCL<6>!!!!!!!!!!
S!SFP_I2C_SCL<5>!SFP_I2C_SCL<5>!!!!!!!!!!
S!SFP_I2C_SCL<4>!SFP_I2C_SCL<4>!!!!!!!!!!
S!I2C_SDA_CVCC!I2C_SDA_CVCC!!!!!!!!!!
S!I2C_SCL_CVCC!I2C_SCL_CVCC!!!!!!!!!!
S!VREF_A_M2C!VREF_A_M2C!!!!!!!!!!
S!VADJ!VADJ!!!!!!!!!!
S!UNNAMED_1_CON20PSFP_I19_RATES_ 00000007!UNNAMED_1_CON20PSFP_I19_RATES_7!!!!!!!!!!
S!UNNAMED_1_CON20PSFP_I19_RATES_ 00000006!UNNAMED_1_CON20PSFP_I19_RATES_6!!!!!!!!!!
S!UNNAMED_1_CON20PSFP_I19_RATES_ 00000005!UNNAMED_1_CON20PSFP_I19_RATES_5!!!!!!!!!!
S!UNNAMED_1_CON20PSFP_I19_RATES_ 00000004!UNNAMED_1_CON20PSFP_I19_RATES_4!!!!!!!!!!
S!UNNAMED_1_CON20PSFP_I19_RATES_ 00000003!UNNAMED_1_CON20PSFP_I19_RATES_3!!!!!!!!!!
S!UNNAMED_1_CON20PSFP_I19_RATES_ 00000002!UNNAMED_1_CON20PSFP_I19_RATES_2!!!!!!!!!!
S!UNNAMED_1_CON20PSFP_I19_RATES_ 00000001!UNNAMED_1_CON20PSFP_I19_RATES_1!!!!!!!!!!
S!UNNAMED_1_CAPCERSMDCL2_I35_B_ 00000007!UNNAMED_1_CAPCERSMDCL2_I35_B_7!!!!!!!!!!
S!UNNAMED_1_CAPCERSMDCL2_I35_B_ 00000006!UNNAMED_1_CAPCERSMDCL2_I35_B_6!!!!!!!!!!
S!UNNAMED_1_CAPCERSMDCL2_I35_B_ 00000005!UNNAMED_1_CAPCERSMDCL2_I35_B_5!!!!!!!!!!
S!UNNAMED_1_CAPCERSMDCL2_I35_B_ 00000004!UNNAMED_1_CAPCERSMDCL2_I35_B_4!!!!!!!!!!
S!UNNAMED_1_CAPCERSMDCL2_I35_B_ 00000003!UNNAMED_1_CAPCERSMDCL2_I35_B_3!!!!!!!!!!
S!UNNAMED_1_CAPCERSMDCL2_I35_B_ 00000002!UNNAMED_1_CAPCERSMDCL2_I35_B_2!!!!!!!!!!
S!UNNAMED_1_CAPCERSMDCL2_I35_B_ 00000001!UNNAMED_1_CAPCERSMDCL2_I35_B_1!!!!!!!!!!
S!UNNAMED_1_CAPCERSMDCL2_I31_B_ 00000007!UNNAMED_1_CAPCERSMDCL2_I31_B_7!!!!!!!!!!
S!UNNAMED_1_CAPCERSMDCL2_I31_B_ 00000006!UNNAMED_1_CAPCERSMDCL2_I31_B_6!!!!!!!!!!
S!UNNAMED_1_CAPCERSMDCL2_I31_B_ 00000005!UNNAMED_1_CAPCERSMDCL2_I31_B_5!!!!!!!!!!
S!UNNAMED_1_CAPCERSMDCL2_I31_B_ 00000004!UNNAMED_1_CAPCERSMDCL2_I31_B_4!!!!!!!!!!
S!UNNAMED_1_CAPCERSMDCL2_I31_B_ 00000003!UNNAMED_1_CAPCERSMDCL2_I31_B_3!!!!!!!!!!
S!UNNAMED_1_CAPCERSMDCL2_I31_B_ 00000002!UNNAMED_1_CAPCERSMDCL2_I31_B_2!!!!!!!!!!
S!UNNAMED_1_CAPCERSMDCL2_I31_B_ 00000001!UNNAMED_1_CAPCERSMDCL2_I31_B_1!!!!!!!!!!
S!SFP_FAULT<3>!SFP_FAULT<3>!!!!!!!!!!
S!SFP_FAULT<2>!SFP_FAULT<2>!!!!!!!!!!
S!SFP_FAULT<1>!SFP_FAULT<1>!!!!!!!!!!
S!SFP_TX_DISABLE<4>!SFP_TX_DISABLE<4>!!!!!!!!!!
S!SFP_TX_DISABLE<5>!SFP_TX_DISABLE<5>!!!!!!!!!!
S!SFP_TX_DISABLE<6>!SFP_TX_DISABLE<6>!!!!!!!!!!
S!SFP_TX_DISABLE<7>!SFP_TX_DISABLE<7>!!!!!!!!!!
S!SFP_TX_DISABLE<3>!SFP_TX_DISABLE<3>!!!!!!!!!!
S!SFP_TX_DISABLE<2>!SFP_TX_DISABLE<2>!!!!!!!!!!
S!SFP_TX_DISABLE<1>!SFP_TX_DISABLE<1>!!!!!!!!!!
S!TRST_L!TRST_L!!!!!!!!!!
S!TMS!TMS!!!!!!!!!!
S!TCK!TCK!!!!!!!!!!
S!SFP_TD_P_ 00000007!SFP_TD_P_7!!!!SFP_TD_7!!!!!!
S!SFP_TD_P_ 00000006!SFP_TD_P_6!!!!SFP_TD_6!!!!!!
S!SFP_TD_P_ 00000005!SFP_TD_P_5!!!!SFP_TD_5!!!!!!
S!SFP_TD_P_ 00000004!SFP_TD_P_4!!!!SFP_TD_4!!!!!!
S!SFP_TD_P_ 00000003!SFP_TD_P_3!!!!SFP_TD_3!!!!!!
S!SFP_TD_P_ 00000002!SFP_TD_P_2!!!!SFP_TD_2!!!!!!
S!SFP_TD_P_ 00000001!SFP_TD_P_1!!!!SFP_TD_1!!!!!!
S!SFP_TD_N_ 00000007!SFP_TD_N_7!!!!SFP_TD_7!!!!!!
S!SFP_TD_N_ 00000006!SFP_TD_N_6!!!!SFP_TD_6!!!!!!
S!SFP_TD_N_ 00000005!SFP_TD_N_5!!!!SFP_TD_5!!!!!!
S!SFP_TD_N_ 00000004!SFP_TD_N_4!!!!SFP_TD_4!!!!!!
S!SFP_TD_N_ 00000003!SFP_TD_N_3!!!!SFP_TD_3!!!!!!
S!SFP_TD_N_ 00000002!SFP_TD_N_2!!!!SFP_TD_2!!!!!!
S!SFP_TD_N_ 00000001!SFP_TD_N_1!!!!SFP_TD_1!!!!!!
S!SFP_I2C_SDA<3>!SFP_I2C_SDA<3>!!!!!!!!!!
S!SFP_I2C_SDA<2>!SFP_I2C_SDA<2>!!!!!!!!!!
S!SFP_I2C_SDA<1>!SFP_I2C_SDA<1>!!!!!!!!!!
S!SFP_I2C_SCL<3>!SFP_I2C_SCL<3>!!!!!!!!!!
S!SFP_I2C_SCL<2>!SFP_I2C_SCL<2>!!!!!!!!!!
S!SFP_I2C_SCL<1>!SFP_I2C_SCL<1>!!!!!!!!!!
S!CLK_M2C_P<0>!CLK_M2C_P<0>!!!!REC_CLK_FPGA!!!!!!
S!CLK_M2C_N<0>!CLK_M2C_N<0>!!!!REC_CLK_FPGA!!!!!!
S!PRSNT_L!PRSNT_L!!!!!!!!!!
S!P12V!P12V!!!!!!!!!!
S!MOD_ABS_ 00000007!MOD_ABS_7!!!!!!!!!!
S!MOD_ABS_ 00000006!MOD_ABS_6!!!!!!!!!!
S!MOD_ABS_ 00000005!MOD_ABS_5!!!!!!!!!!
S!MOD_ABS_ 00000004!MOD_ABS_4!!!!!!!!!!
S!MOD_ABS_ 00000003!MOD_ABS_3!!!!!!!!!!
S!MOD_ABS_ 00000002!MOD_ABS_2!!!!!!!!!!
S!MOD_ABS_ 00000001!MOD_ABS_1!!!!!!!!!!
S!SFP_LOS<3>!SFP_LOS<3>!!!!!!!!!!
S!SFP_LOS<2>!SFP_LOS<2>!!!!!!!!!!
S!SFP_LOS<1>!SFP_LOS<1>!!!!!!!!!!
S!SFP_I2C_SDA_CVCC<5>!SFP_I2C_SDA_CVCC<5>!!!!!!!!!!
S!RD_FPGA_P<3>!RD_FPGA_P<3>!!!!FMC_LA<8>!!!!!!
S!TD_FFD_P<2>!TD_FFD_P<2>!!!!FMC_LA<7>!!!!!!
S!SFP_I2C_SDA_CVCC<0>!SFP_I2C_SDA_CVCC<0>!!!!!!!!!!
S!TD_FFD_P<1>!TD_FFD_P<1>!!!!FMC_LA<4>!!!!!!
S!SFP_I2C_SDA_CVCC<7>!SFP_I2C_SDA_CVCC<7>!!!!!!!!!!
S!CDCLVD110_EN!CDCLVD110_EN!!!!FMC_LA<32>!!!!!!
S!SFP_I2C_SDA_CVCC<3>!SFP_I2C_SDA_CVCC<3>!!!!!!!!!!
S!RD_FPGA_P<2>!RD_FPGA_P<2>!!!!FMC_LA<30>!!!!!!
S!TD_FFD_P<0>!TD_FFD_P<0>!!!!FMC_LA<2>!!!!!!
S!CDCLVD110_CK!CDCLVD110_CK!!!!FMC_LA<29>!!!!!!
S!RD_FPGA_P<1>!RD_FPGA_P<1>!!!!FMC_LA<28>!!!!!!
S!CDCLVD110_SI!CDCLVD110_SI!!!!FMC_LA<26>!!!!!!
S!FMC_LA_P<25>!FMC_LA_P<25>!!!!FMC_LA<25>!!!!!!
S!TD_FFD_P<7>!TD_FFD_P<7>!!!!FMC_LA<24>!!!!!!
S!FMC_LA_P<23>!FMC_LA_P<23>!!!!FMC_LA<23>!!!!!!
S!FMC_LA_P<22>!FMC_LA_P<22>!!!!FMC_LA<22>!!!!!!
S!TD_FFD_P<6>!TD_FFD_P<6>!!!!FMC_LA<21>!!!!!!
S!FMC_LA_P<20>!FMC_LA_P<20>!!!!FMC_LA<20>!!!!!!
S!TD_FFD_P<5>!TD_FFD_P<5>!!!!FMC_LA<19>!!!!!!
S!SFP_I2C_SDA_CVCC<6>!SFP_I2C_SDA_CVCC<6>!!!!!!!!!!
S!FMC_LA_P<17>!FMC_LA_P<17>!!!!FMC_LA<17>!!!!!!
S!FMC_LA_P<16>!FMC_LA_P<16>!!!!FMC_LA<16>!!!!!!
S!TD_FFD_P<4>!TD_FFD_P<4>!!!!FMC_LA<15>!!!!!!
S!SFP_I2C_SDA_CVCC<4>!SFP_I2C_SDA_CVCC<4>!!!!!!!!!!
S!FMC_LA_P<13>!FMC_LA_P<13>!!!!FMC_LA<13>!!!!!!
S!SFP_I2C_SDA_CVCC<1>!SFP_I2C_SDA_CVCC<1>!!!!!!!!!!
S!TD_FFD_P<3>!TD_FFD_P<3>!!!!FMC_LA<11>!!!!!!
S!SFP_I2C_SDA_CVCC<2>!SFP_I2C_SDA_CVCC<2>!!!!!!!!!!
S!SFP_I2C_SCL_CVCC<5>!SFP_I2C_SCL_CVCC<5>!!!!!!!!!!
S!RD_FPGA_N<3>!RD_FPGA_N<3>!!!!FMC_LA<8>!!!!!!
S!TD_FFD_N<2>!TD_FFD_N<2>!!!!FMC_LA<7>!!!!!!
S!SFP_I2C_SCL_CVCC<0>!SFP_I2C_SCL_CVCC<0>!!!!!!!!!!
S!TD_FFD_N<1>!TD_FFD_N<1>!!!!FMC_LA<4>!!!!!!
S!SFP_I2C_SCL_CVCC<7>!SFP_I2C_SCL_CVCC<7>!!!!!!!!!!
S!SFP_I2C_SCL_CVCC<3>!SFP_I2C_SCL_CVCC<3>!!!!!!!!!!
S!RD_FPGA_N<2>!RD_FPGA_N<2>!!!!FMC_LA<30>!!!!!!
S!TD_FFD_N<0>!TD_FFD_N<0>!!!!FMC_LA<2>!!!!!!
S!RST_I2C_B_CVCC!RST_I2C_B_CVCC!!!!FMC_LA<29>!!!!!!
S!RD_FPGA_N<1>!RD_FPGA_N<1>!!!!FMC_LA<28>!!!!!!
S!FMC_LA_N<25>!FMC_LA_N<25>!!!!FMC_LA<25>!!!!!!
S!TD_FFD_N<7>!TD_FFD_N<7>!!!!FMC_LA<24>!!!!!!
S!FMC_LA_N<23>!FMC_LA_N<23>!!!!FMC_LA<23>!!!!!!
S!FMC_LA_N<22>!FMC_LA_N<22>!!!!FMC_LA<22>!!!!!!
S!TD_FFD_N<6>!TD_FFD_N<6>!!!!FMC_LA<21>!!!!!!
S!FMC_LA_N<20>!FMC_LA_N<20>!!!!FMC_LA<20>!!!!!!
S!TD_FFD_N<5>!TD_FFD_N<5>!!!!FMC_LA<19>!!!!!!
S!SFP_I2C_SCL_CVCC<6>!SFP_I2C_SCL_CVCC<6>!!!!!!!!!!
S!FMC_LA_N<17>!FMC_LA_N<17>!!!!FMC_LA<17>!!!!!!
S!FMC_LA_N<16>!FMC_LA_N<16>!!!!FMC_LA<16>!!!!!!
S!TD_FFD_N<4>!TD_FFD_N<4>!!!!FMC_LA<15>!!!!!!
S!SFP_I2C_SCL_CVCC<4>!SFP_I2C_SCL_CVCC<4>!!!!!!!!!!
S!FMC_LA_N<13>!FMC_LA_N<13>!!!!FMC_LA<13>!!!!!!
S!SFP_I2C_SCL_CVCC<1>!SFP_I2C_SCL_CVCC<1>!!!!!!!!!!
S!TD_FFD_N<3>!TD_FFD_N<3>!!!!FMC_LA<11>!!!!!!
S!SFP_I2C_SCL_CVCC<2>!SFP_I2C_SCL_CVCC<2>!!!!!!!!!!
S!CLK_MAIN_P<8>!CLK_MAIN_P<8>!!!!CLK_MAIN<8>!!!!!!
S!CLK_MAIN_N<8>!CLK_MAIN_N<8>!!!!CLK_MAIN<8>!!!!!!
S!P2V 00000005!P2V5!!!!!!!!!!
S!UNNAMED_8_RSMD0402_I172_B!UNNAMED_8_RSMD0402_I172_B!!!!!!!!!!
S!UNNAMED_1_CON20PSFP_I19_RATESEL!UNNAMED_1_CON20PSFP_I19_RATESEL!!!!!!!!!!
S!UNNAMED_1_CAPCERSMDCL2_I35_B!UNNAMED_1_CAPCERSMDCL2_I35_B!!!!!!!!!!
S!UNNAMED_1_CAPCERSMDCL2_I31_B!UNNAMED_1_CAPCERSMDCL2_I31_B!!!!!!!!!!
S!SFP_FAULT<0>!SFP_FAULT<0>!!!!!!!!!!
S!SFP_TX_DISABLE<0>!SFP_TX_DISABLE<0>!!!!!!!!!!
S!SFP_TD_P!SFP_TD_P!!!!SFP_TD!!!!!!
S!SFP_TD_N!SFP_TD_N!!!!SFP_TD!!!!!!
S!SFP_I2C_SDA<0>!SFP_I2C_SDA<0>!!!!!!!!!!
S!SFP_I2C_SCL<0>!SFP_I2C_SCL<0>!!!!!!!!!!
S!P3V3C!P3V3C!!!!!!!!!!
S!P3V3A!P3V3A!!!!!!!!!!
S!P3V 00000003!P3V3!!!!!!!!!!
S!P1V 00000003!P1V3!!!!!!!!!!
S!MOD_ABS!MOD_ABS!!!!!!!!!!
S!SFP_LOS<0>!SFP_LOS<0>!!!!!!!!!!
S!I2C_SDA!I2C_SDA!!!!!!!!!!
S!I2C_SCL!I2C_SCL!!!!!!!!!!
S!CLK_MAIN_P<7>!CLK_MAIN_P<7>!!!!CLK_MAIN<7>!!!!!!
S!CLK_MAIN_P<6>!CLK_MAIN_P<6>!!!!CLK_MAIN<6>!!!!!!
S!CLK_MAIN_P<5>!CLK_MAIN_P<5>!!!!CLK_MAIN<5>!!!!!!
S!CLK_MAIN_P<4>!CLK_MAIN_P<4>!!!!CLK_MAIN<4>!!!!!!
S!CLK_MAIN_P<3>!CLK_MAIN_P<3>!!!!CLK_MAIN<3>!!!!!!
S!CLK_MAIN_P<2>!CLK_MAIN_P<2>!!!!CLK_MAIN<2>!!!!!!
S!CLK_MAIN_P<1>!CLK_MAIN_P<1>!!!!CLK_MAIN<1>!!!!!!
S!CLK_MAIN_P<0>!CLK_MAIN_P<0>!!!!CLK_MAIN<0>!!!!!!
S!CLK_MAIN_N<7>!CLK_MAIN_N<7>!!!!CLK_MAIN<7>!!!!!!
S!CLK_MAIN_N<6>!CLK_MAIN_N<6>!!!!CLK_MAIN<6>!!!!!!
S!CLK_MAIN_N<5>!CLK_MAIN_N<5>!!!!CLK_MAIN<5>!!!!!!
S!CLK_MAIN_N<4>!CLK_MAIN_N<4>!!!!CLK_MAIN<4>!!!!!!
S!CLK_MAIN_N<3>!CLK_MAIN_N<3>!!!!CLK_MAIN<3>!!!!!!
S!CLK_MAIN_N<2>!CLK_MAIN_N<2>!!!!CLK_MAIN<2>!!!!!!
S!CLK_MAIN_N<1>!CLK_MAIN_N<1>!!!!CLK_MAIN<1>!!!!!!
S!CLK_MAIN_N<0>!CLK_MAIN_N<0>!!!!CLK_MAIN<0>!!!!!!
S!CLK_IN_P<1>!CLK_IN_P<1>!!!!CLK_IN<1>!!!!!!
S!CLK_IN_N<1>!CLK_IN_N<1>!!!!CLK_IN<1>!!!!!!
S!P2V5_FILT!P2V5_FILT!!!!!!!!!!
S!GND!GND!!!!!!!!!!
