(---------------------------------------------------------------------)
(                                                                     )
(    ARTWORK LOG                                                      )
(                                                                     )
(    Drawing          : pc065b_toplevel_06.brd                        )
(    Software Version : 17.2S061                                      )
(    Date/Time        : Tue Jun  2 09:05:58 2020                      )
(                                                                     )
(---------------------------------------------------------------------)


 ---- Photoplot outline rectangle not found; using drawing extents.



Results from parameter file ...
    DEVICE-TYPE           GERBER_RS274X
    OUTPUT-UNITS          MM
    FILM-SIZE             2400000 1600000
    FORMAT                3.5
    ABORT-ON-ERROR        NO
    SCALE                 1
    SUPPRESS-LEAD-ZEROES  YES
    SUPPRESS-TRAIL-ZEROES NO
    SUPPRESS-EQUAL        YES
    UNDEF-APT-CONT        NO



================================================================
     PROCESSING FILM < L01P >
     TO FILE < /projects/HEP_Instrumentation/cad/designs/uob-hep-pc065a/trunk/design_files/worklib/pc065b_toplevel/physical/art_pc065a_L01P.ger > ...
================================================================

  FILM PARAMETERS :
  ---------------------------------------------------------
  Undefined line width                0.2000
  Mirror code                         NONE
  Rotate angle                        NONE
  Offset x:                           0.0000
  Offset y:                           0.0000
  Plot negative                       NO
  Suppress unconnected internal pads  NO
  Draw holes only                     NO



  APERTURES USED:
  ---------------------------------------------------------
  TYPE       SIZE/NAME                   ROT   MIRROR MODE 
  ---------------------------------------------------------
  CIRCLE     0.15000                                  DARK 
  CIRCLE     0.17000                                  DARK 
  CIRCLE     0.20000                                  DARK 
  CIRCLE     0.25400                                  DARK 
  CIRCLE     0.30000                                  DARK 
  CIRCLE     0.50000                                  DARK 
  CIRCLE     0.56000                                  DARK 
  CIRCLE     0.64000                                  DARK 
  CIRCLE     0.65000                                  DARK 
  CIRCLE     1.00000                                  DARK 
  CIRCLE     1.00080                                  DARK 
  CIRCLE     1.39700                                  DARK 
  CIRCLE     1.65000                                  DARK 
  CIRCLE     1.70000                                  DARK 
  CIRCLE     1.75000                                  DARK 
  CIRCLE     3.60000                                  DARK 
  SQUARE     0.60000                     0.000 NO     DARK 
  SQUARE     1.60000                     0.000 NO     DARK 
  SQUARE     3.25000                     0.000 NO     DARK 
  RECTANGLE  0.33020     x 0.76200       0.000 NO     DARK 
  RECTANGLE  0.60000     x 0.35000      90.000 NO     DARK 
  RECTANGLE  0.80000     x 0.25000       0.000 NO     DARK 
  RECTANGLE  0.80000     x 0.25000      90.000 NO     DARK 
  RECTANGLE  0.85000     x 0.25000       0.000 NO     DARK 
  RECTANGLE  0.85000     x 0.25000      90.000 NO     DARK 
  RECTANGLE  1.00000     x 0.50000       0.000 NO     DARK 
  RECTANGLE  1.00000     x 0.80000       0.000 NO     DARK 
  RECTANGLE  1.40000     x 1.20000       0.000 NO     DARK 
  RECTANGLE  1.40000     x 1.20000      90.000 NO     DARK 
  RECTANGLE  1.45000     x 0.45000       0.000 NO     DARK 
  RECTANGLE  1.45000     x 0.45000      90.000 NO     DARK 
  RECTANGLE  1.45000     x 1.20000       0.000 NO     DARK 
  RECTANGLE  1.45000     x 1.20000      90.000 NO     DARK 
  RECTANGLE  1.60000     x 0.60000      90.000 NO     DARK 
  RECTANGLE  1.80000     x 2.50000      90.000 NO     DARK 
  RECTANGLE  2.00000     x 0.50000      90.000 NO     DARK 
  RECTANGLE  2.10000     x 1.60000       0.000 NO     DARK 
  PAD SHAPE  ROUNDED_RECTANGLE ,500.00  90.000 NO     DARK 
  PAD SHAPE  ROUNDED_RECTANGLE ,500.00 180.000 NO     DARK 
  PAD SHAPE  ROUNDED_RECTANGLE ,500.00 180.000 NO     DARK 
  PAD SHAPE  ROUNDED_RECTANGLE ,500.00 270.000 NO     DARK 

     art_pc065a_L01P.ger created.


================================================================
     PROCESSING FILM < L02P >
     TO FILE < /projects/HEP_Instrumentation/cad/designs/uob-hep-pc065a/trunk/design_files/worklib/pc065b_toplevel/physical/art_pc065a_L02P.ger > ...
================================================================

  FILM PARAMETERS :
  ---------------------------------------------------------
  Undefined line width                0.2000
  Mirror code                         NONE
  Rotate angle                        NONE
  Offset x:                           0.0000
  Offset y:                           0.0000
  Plot negative                       NO
  Suppress unconnected internal pads  NO
  Draw holes only                     NO



  APERTURES USED:
  ---------------------------------------------------------
  TYPE       SIZE/NAME                   ROT   MIRROR MODE 
  ---------------------------------------------------------
  CIRCLE     0.20000                                  DARK 
  CIRCLE     0.50000                                  DARK 
  CIRCLE     0.56000                                  DARK 
  CIRCLE     0.65000                                  DARK 
  CIRCLE     1.00000                                  DARK 
  CIRCLE     1.00080                                  DARK 
  CIRCLE     1.39700                                  DARK 
  CIRCLE     1.65000                                  DARK 
  CIRCLE     1.70000                                  DARK 
  CIRCLE     1.75000                                  DARK 
  CIRCLE     3.60000                                  DARK 

     art_pc065a_L02P.ger created.


================================================================
     PROCESSING FILM < L03P >
     TO FILE < /projects/HEP_Instrumentation/cad/designs/uob-hep-pc065a/trunk/design_files/worklib/pc065b_toplevel/physical/art_pc065a_L03P.ger > ...
================================================================

  FILM PARAMETERS :
  ---------------------------------------------------------
  Undefined line width                0.2000
  Mirror code                         NONE
  Rotate angle                        NONE
  Offset x:                           0.0000
  Offset y:                           0.0000
  Plot negative                       NO
  Suppress unconnected internal pads  NO
  Draw holes only                     NO



  APERTURES USED:
  ---------------------------------------------------------
  TYPE       SIZE/NAME                   ROT   MIRROR MODE 
  ---------------------------------------------------------
  CIRCLE     0.15000                                  DARK 
  CIRCLE     0.17000                                  DARK 
  CIRCLE     0.20000                                  DARK 
  CIRCLE     0.56000                                  DARK 
  CIRCLE     0.65000                                  DARK 
  CIRCLE     1.00000                                  DARK 
  CIRCLE     1.00080                                  DARK 
  CIRCLE     1.39700                                  DARK 
  CIRCLE     1.65000                                  DARK 
  CIRCLE     1.70000                                  DARK 
  CIRCLE     1.75000                                  DARK 
  CIRCLE     3.60000                                  DARK 

     art_pc065a_L03P.ger created.


================================================================
     PROCESSING FILM < L04P >
     TO FILE < /projects/HEP_Instrumentation/cad/designs/uob-hep-pc065a/trunk/design_files/worklib/pc065b_toplevel/physical/art_pc065a_L04P.ger > ...
================================================================

  FILM PARAMETERS :
  ---------------------------------------------------------
  Undefined line width                0.2000
  Mirror code                         NONE
  Rotate angle                        NONE
  Offset x:                           0.0000
  Offset y:                           0.0000
  Plot negative                       NO
  Suppress unconnected internal pads  NO
  Draw holes only                     NO



  APERTURES USED:
  ---------------------------------------------------------
  TYPE       SIZE/NAME                   ROT   MIRROR MODE 
  ---------------------------------------------------------
  CIRCLE     0.20000                                  DARK 
  CIRCLE     0.50000                                  DARK 
  CIRCLE     0.56000                                  DARK 
  CIRCLE     0.65000                                  DARK 
  CIRCLE     1.00000                                  DARK 
  CIRCLE     1.00080                                  DARK 
  CIRCLE     1.39700                                  DARK 
  CIRCLE     1.65000                                  DARK 
  CIRCLE     1.70000                                  DARK 
  CIRCLE     1.75000                                  DARK 
  CIRCLE     3.60000                                  DARK 

     art_pc065a_L04P.ger created.


================================================================
     PROCESSING FILM < L05P >
     TO FILE < /projects/HEP_Instrumentation/cad/designs/uob-hep-pc065a/trunk/design_files/worklib/pc065b_toplevel/physical/art_pc065a_L05P.ger > ...
================================================================

  FILM PARAMETERS :
  ---------------------------------------------------------
  Undefined line width                0.2000
  Mirror code                         NONE
  Rotate angle                        NONE
  Offset x:                           0.0000
  Offset y:                           0.0000
  Plot negative                       NO
  Suppress unconnected internal pads  NO
  Draw holes only                     NO



  APERTURES USED:
  ---------------------------------------------------------
  TYPE       SIZE/NAME                   ROT   MIRROR MODE 
  ---------------------------------------------------------
  CIRCLE     0.20000                                  DARK 
  CIRCLE     0.50000                                  DARK 
  CIRCLE     0.56000                                  DARK 
  CIRCLE     0.65000                                  DARK 
  CIRCLE     1.00000                                  DARK 
  CIRCLE     1.00080                                  DARK 
  CIRCLE     1.39700                                  DARK 
  CIRCLE     1.65000                                  DARK 
  CIRCLE     1.70000                                  DARK 
  CIRCLE     1.75000                                  DARK 
  CIRCLE     3.60000                                  DARK 

     art_pc065a_L05P.ger created.


================================================================
     PROCESSING FILM < L06P >
     TO FILE < /projects/HEP_Instrumentation/cad/designs/uob-hep-pc065a/trunk/design_files/worklib/pc065b_toplevel/physical/art_pc065a_L06P.ger > ...
================================================================

  FILM PARAMETERS :
  ---------------------------------------------------------
  Undefined line width                0.2000
  Mirror code                         NONE
  Rotate angle                        NONE
  Offset x:                           0.0000
  Offset y:                           0.0000
  Plot negative                       NO
  Suppress unconnected internal pads  NO
  Draw holes only                     NO



  APERTURES USED:
  ---------------------------------------------------------
  TYPE       SIZE/NAME                   ROT   MIRROR MODE 
  ---------------------------------------------------------
  CIRCLE     0.15000                                  DARK 
  CIRCLE     0.17000                                  DARK 
  CIRCLE     0.20000                                  DARK 
  CIRCLE     0.56000                                  DARK 
  CIRCLE     0.65000                                  DARK 
  CIRCLE     1.00000                                  DARK 
  CIRCLE     1.00080                                  DARK 
  CIRCLE     1.39700                                  DARK 
  CIRCLE     1.65000                                  DARK 
  CIRCLE     1.70000                                  DARK 
  CIRCLE     1.75000                                  DARK 
  CIRCLE     3.60000                                  DARK 

     art_pc065a_L06P.ger created.


================================================================
     PROCESSING FILM < ASSEMBLY_TOP >
     TO FILE < /projects/HEP_Instrumentation/cad/designs/uob-hep-pc065a/trunk/design_files/worklib/pc065b_toplevel/physical/art_pc065a_ASSEMBLY_TOP.ger > ...
================================================================

  FILM PARAMETERS :
  ---------------------------------------------------------
  Undefined line width                0.2000
  Mirror code                         NONE
  Rotate angle                        NONE
  Offset x:                           0.0000
  Offset y:                           0.0000
  Plot negative                       NO
  Suppress unconnected internal pads  NO
  Draw holes only                     NO

    WARNING: 0 width line found at (-35.0900 -80.2450)
           ... using undefined line width of 0.2000

    WARNING: text composed 0 width line found at (-33.1850 -65.6400)
           ... using undefined line width of 0.2000

    WARNING: text having Multiple 0 width lines; all will be treated the same as the first.
           ... using undefined line width of 0.2000

    WARNING: Multiple 0 width lines; all will be treated the same as the first.
           ... using undefined line width of 0.2000



  APERTURES USED:
  ---------------------------------------------------------
  TYPE       SIZE/NAME                   ROT   MIRROR MODE 
  ---------------------------------------------------------
  CIRCLE     0.02500                                  DARK 
  CIRCLE     0.10000                                  DARK 
  CIRCLE     0.12500                                  DARK 
  CIRCLE     0.15000                                  DARK 
  CIRCLE     0.18000                                  DARK 
  CIRCLE     0.20000                                  DARK 
  CIRCLE     0.20300                                  DARK 
  CIRCLE     0.25000                                  DARK 
  CIRCLE     0.30000                                  DARK 

     art_pc065a_ASSEMBLY_TOP.ger created with warnings


================================================================
     PROCESSING FILM < SMD1 >
     TO FILE < /projects/HEP_Instrumentation/cad/designs/uob-hep-pc065a/trunk/design_files/worklib/pc065b_toplevel/physical/art_pc065a_SMD1.ger > ...
================================================================

  FILM PARAMETERS :
  ---------------------------------------------------------
  Undefined line width                0.2000
  Mirror code                         NONE
  Rotate angle                        NONE
  Offset x:                           0.0000
  Offset y:                           0.0000
  Plot negative                       NO
  Suppress unconnected internal pads  NO
  Draw holes only                     NO



  APERTURES USED:
  ---------------------------------------------------------
  TYPE       SIZE/NAME                   ROT   MIRROR MODE 
  ---------------------------------------------------------
  CIRCLE     0.89000                                  DARK 
  SQUARE     0.60000                     0.000 NO     DARK 
  SQUARE     1.60000                     0.000 NO     DARK 
  SQUARE     3.25000                     0.000 NO     DARK 
  RECTANGLE  0.30480     x 0.66040       0.000 NO     DARK 
  RECTANGLE  0.50000     x 0.30000      90.000 NO     DARK 
  RECTANGLE  0.80000     x 0.25000       0.000 NO     DARK 
  RECTANGLE  0.80000     x 0.25000      90.000 NO     DARK 
  RECTANGLE  0.85000     x 0.25000       0.000 NO     DARK 
  RECTANGLE  0.85000     x 0.25000      90.000 NO     DARK 
  RECTANGLE  1.00000     x 0.50000       0.000 NO     DARK 
  RECTANGLE  1.00000     x 0.80000       0.000 NO     DARK 
  RECTANGLE  1.40000     x 1.20000       0.000 NO     DARK 
  RECTANGLE  1.40000     x 1.20000      90.000 NO     DARK 
  RECTANGLE  1.45000     x 0.45000       0.000 NO     DARK 
  RECTANGLE  1.45000     x 0.45000      90.000 NO     DARK 
  RECTANGLE  1.45000     x 1.20000       0.000 NO     DARK 
  RECTANGLE  1.45000     x 1.20000      90.000 NO     DARK 
  RECTANGLE  1.60000     x 0.60000      90.000 NO     DARK 
  RECTANGLE  1.62000     x 2.25000      90.000 NO     DARK 
  RECTANGLE  1.70000     x 1.20000       0.000 NO     DARK 
  RECTANGLE  2.00000     x 0.50000      90.000 NO     DARK 

     art_pc065a_SMD1.ger created.


================================================================
     PROCESSING FILM < OUTLINE >
     TO FILE < /projects/HEP_Instrumentation/cad/designs/uob-hep-pc065a/trunk/design_files/worklib/pc065b_toplevel/physical/art_pc065a_OUTLINE.ger > ...
================================================================

  FILM PARAMETERS :
  ---------------------------------------------------------
  Undefined line width                0.1000
  Mirror code                         NONE
  Rotate angle                        NONE
  Offset x:                           0.0000
  Offset y:                           0.0000
  Plot negative                       NO
  Suppress unconnected internal pads  NO
  Draw holes only                     NO



  APERTURES USED:
  ---------------------------------------------------------
  TYPE       SIZE/NAME                   ROT   MIRROR MODE 
  ---------------------------------------------------------
  CIRCLE     0.10000                                  DARK 

     art_pc065a_OUTLINE.ger created.


================================================================
     PROCESSING FILM < BOHR >
     TO FILE < /projects/HEP_Instrumentation/cad/designs/uob-hep-pc065a/trunk/design_files/worklib/pc065b_toplevel/physical/art_pc065a_BOHR.ger > ...
================================================================

  FILM PARAMETERS :
  ---------------------------------------------------------
  Undefined line width                0.5000
  Mirror code                         NONE
  Rotate angle                        NONE
  Offset x:                           0.0000
  Offset y:                           0.0000
  Plot negative                       NO
  Suppress unconnected internal pads  NO
  Draw holes only                     NO



  APERTURES USED:
  ---------------------------------------------------------
  TYPE       SIZE/NAME                   ROT   MIRROR MODE 
  ---------------------------------------------------------
  CIRCLE     0.15000                                  DARK 
  CIRCLE     0.20000                                  DARK 
  CIRCLE     0.25000                                  DARK 
  CIRCLE     0.50000                                  DARK 

     art_pc065a_BOHR.ger created.


================================================================
     PROCESSING FILM < POS2 >
     TO FILE < /projects/HEP_Instrumentation/cad/designs/uob-hep-pc065a/trunk/design_files/worklib/pc065b_toplevel/physical/art_pc065a_POS2.ger > ...
================================================================

  FILM PARAMETERS :
  ---------------------------------------------------------
  Undefined line width                0.2500
  Mirror code                         NONE
  Rotate angle                        NONE
  Offset x:                           0.0000
  Offset y:                           0.0000
  Plot negative                       NO
  Suppress unconnected internal pads  NO
  Draw holes only                     NO



  APERTURES USED:
  ---------------------------------------------------------
  TYPE       SIZE/NAME                   ROT   MIRROR MODE 
  ---------------------------------------------------------
  CIRCLE     0.10000                                  DARK 
  CIRCLE     0.18000                                  DARK 
  CIRCLE     0.20000                                  DARK 
  CIRCLE     0.20300                                  DARK 
  CIRCLE     0.25000                                  DARK 
  CIRCLE     0.50000                                  DARK 

     art_pc065a_POS2.ger created.


================================================================
     PROCESSING FILM < POS1 >
     TO FILE < /projects/HEP_Instrumentation/cad/designs/uob-hep-pc065a/trunk/design_files/worklib/pc065b_toplevel/physical/art_pc065a_POS1.ger > ...
================================================================

  FILM PARAMETERS :
  ---------------------------------------------------------
  Undefined line width                0.2500
  Mirror code                         NONE
  Rotate angle                        NONE
  Offset x:                           0.0000
  Offset y:                           0.0000
  Plot negative                       NO
  Suppress unconnected internal pads  NO
  Draw holes only                     NO



  APERTURES USED:
  ---------------------------------------------------------
  TYPE       SIZE/NAME                   ROT   MIRROR MODE 
  ---------------------------------------------------------
  CIRCLE     0.10000                                  DARK 
  CIRCLE     0.17000                                  DARK 
  CIRCLE     0.18000                                  DARK 
  CIRCLE     0.20000                                  DARK 
  CIRCLE     0.20300                                  DARK 
  CIRCLE     0.25000                                  DARK 

     art_pc065a_POS1.ger created.


================================================================
     PROCESSING FILM < LSM2 >
     TO FILE < /projects/HEP_Instrumentation/cad/designs/uob-hep-pc065a/trunk/design_files/worklib/pc065b_toplevel/physical/art_pc065a_LSM2.ger > ...
================================================================

  FILM PARAMETERS :
  ---------------------------------------------------------
  Undefined line width                0.2000
  Mirror code                         NONE
  Rotate angle                        NONE
  Offset x:                           0.0000
  Offset y:                           0.0000
  Plot negative                       NO
  Suppress unconnected internal pads  NO
  Draw holes only                     NO



  APERTURES USED:
  ---------------------------------------------------------
  TYPE       SIZE/NAME                   ROT   MIRROR MODE 
  ---------------------------------------------------------
  CIRCLE     1.30050                                  DARK 
  CIRCLE     1.55000                                  DARK 
  CIRCLE     1.65000                                  DARK 
  CIRCLE     1.65100                                  DARK 
  CIRCLE     1.70000                                  DARK 
  CIRCLE     1.75000                                  DARK 
  CIRCLE     3.60000                                  DARK 
  SQUARE     0.85000                     0.000 NO     DARK 
  SQUARE     2.25000                     0.000 NO     DARK 
  SQUARE     5.30000                     0.000 NO     DARK 
  RECTANGLE  0.60960     x 0.91440      90.000 NO     DARK 
  RECTANGLE  0.80000     x 0.30000       0.000 NO     DARK 
  RECTANGLE  0.80000     x 0.30000      90.000 NO     DARK 
  RECTANGLE  1.05000     x 1.00000      90.000 NO     DARK 
  RECTANGLE  1.25000     x 1.15000      90.000 NO     DARK 
  RECTANGLE  1.65000     x 1.45000       0.000 NO     DARK 
  RECTANGLE  1.75000     x 0.70000       0.000 NO     DARK 
  RECTANGLE  2.20000     x 1.05000       0.000 NO     DARK 

     art_pc065a_LSM2.ger created.


================================================================
     PROCESSING FILM < LSM1 >
     TO FILE < /projects/HEP_Instrumentation/cad/designs/uob-hep-pc065a/trunk/design_files/worklib/pc065b_toplevel/physical/art_pc065a_LSM1.ger > ...
================================================================

  FILM PARAMETERS :
  ---------------------------------------------------------
  Undefined line width                0.2000
  Mirror code                         NONE
  Rotate angle                        NONE
  Offset x:                           0.0000
  Offset y:                           0.0000
  Plot negative                       NO
  Suppress unconnected internal pads  NO
  Draw holes only                     NO



  APERTURES USED:
  ---------------------------------------------------------
  TYPE       SIZE/NAME                   ROT   MIRROR MODE 
  ---------------------------------------------------------
  CIRCLE     0.64000                                  DARK 
  CIRCLE     1.30050                                  DARK 
  CIRCLE     1.55000                                  DARK 
  CIRCLE     1.65000                                  DARK 
  CIRCLE     1.65100                                  DARK 
  CIRCLE     1.70000                                  DARK 
  CIRCLE     1.75000                                  DARK 
  CIRCLE     3.60000                                  DARK 
  SQUARE     0.85000                     0.000 NO     DARK 
  SQUARE     1.60000                     0.000 NO     DARK 
  SQUARE     3.25000                     0.000 NO     DARK 
  RECTANGLE  0.48260     x 0.91440       0.000 NO     DARK 
  RECTANGLE  0.80000     x 0.25000       0.000 NO     DARK 
  RECTANGLE  0.80000     x 0.25000      90.000 NO     DARK 
  RECTANGLE  0.80000     x 0.55000      90.000 NO     DARK 
  RECTANGLE  0.85000     x 0.25000       0.000 NO     DARK 
  RECTANGLE  0.85000     x 0.25000      90.000 NO     DARK 
  RECTANGLE  1.00000     x 0.50000       0.000 NO     DARK 
  RECTANGLE  1.00000     x 0.80000       0.000 NO     DARK 
  RECTANGLE  1.45000     x 0.45000       0.000 NO     DARK 
  RECTANGLE  1.45000     x 0.45000      90.000 NO     DARK 
  RECTANGLE  1.45000     x 1.20000       0.000 NO     DARK 
  RECTANGLE  1.45000     x 1.20000      90.000 NO     DARK 
  RECTANGLE  1.65000     x 1.45000       0.000 NO     DARK 
  RECTANGLE  1.65000     x 1.45000      90.000 NO     DARK 
  RECTANGLE  1.85000     x 0.85000      90.000 NO     DARK 
  RECTANGLE  1.95000     x 2.65000      90.000 NO     DARK 
  RECTANGLE  2.00000     x 0.50000      90.000 NO     DARK 
  RECTANGLE  2.40000     x 1.90000       0.000 NO     DARK 
  PAD SHAPE  ROUNDED_RECTANGLE ,1000.0  90.000 NO     DARK 
  PAD SHAPE  ROUNDED_RECTANGLE ,1000.0 180.000 NO     DARK 
  PAD SHAPE  ROUNDED_RECTANGLE ,1000.0 180.000 NO     DARK 
  PAD SHAPE  ROUNDED_RECTANGLE ,1000.0 270.000 NO     DARK 

     art_pc065a_LSM1.ger created.


================================================================
     PROCESSING FILM < ASSEMBLY_BOTTOM >
     TO FILE < /projects/HEP_Instrumentation/cad/designs/uob-hep-pc065a/trunk/design_files/worklib/pc065b_toplevel/physical/art_pc065a_ASSEMBLY_BOTTOM.ger > ...
================================================================

  FILM PARAMETERS :
  ---------------------------------------------------------
  Undefined line width                0.2000
  Mirror code                         NONE
  Rotate angle                        NONE
  Offset x:                           0.0000
  Offset y:                           0.0000
  Plot negative                       NO
  Suppress unconnected internal pads  NO
  Draw holes only                     NO



  APERTURES USED:
  ---------------------------------------------------------
  TYPE       SIZE/NAME                   ROT   MIRROR MODE 
  ---------------------------------------------------------
  CIRCLE     0.02500                                  DARK 
  CIRCLE     0.10000                                  DARK 
  CIRCLE     0.12500                                  DARK 
  CIRCLE     0.15000                                  DARK 
  CIRCLE     0.18000                                  DARK 
  CIRCLE     0.20000                                  DARK 
  CIRCLE     0.20300                                  DARK 
  CIRCLE     0.25000                                  DARK 
  CIRCLE     0.30000                                  DARK 

     art_pc065a_ASSEMBLY_BOTTOM.ger created.


================================================================
     PROCESSING FILM < SMD2 >
     TO FILE < /projects/HEP_Instrumentation/cad/designs/uob-hep-pc065a/trunk/design_files/worklib/pc065b_toplevel/physical/art_pc065a_SMD2.ger > ...
================================================================

  FILM PARAMETERS :
  ---------------------------------------------------------
  Undefined line width                0.2000
  Mirror code                         NONE
  Rotate angle                        NONE
  Offset x:                           0.0000
  Offset y:                           0.0000
  Plot negative                       NO
  Suppress unconnected internal pads  NO
  Draw holes only                     NO



  APERTURES USED:
  ---------------------------------------------------------
  TYPE       SIZE/NAME                   ROT   MIRROR MODE 
  ---------------------------------------------------------
  SQUARE     0.60000                     0.000 NO     DARK 
  SQUARE     2.25000                     0.000 NO     DARK 
  SQUARE     5.30000                     0.000 NO     DARK 
  RECTANGLE  0.35560     x 0.66040      90.000 NO     DARK 
  RECTANGLE  0.80000     x 0.30000       0.000 NO     DARK 
  RECTANGLE  0.80000     x 0.30000      90.000 NO     DARK 
  RECTANGLE  1.00000     x 0.90000      90.000 NO     DARK 
  RECTANGLE  1.05000     x 1.00000      90.000 NO     DARK 
  RECTANGLE  1.40000     x 1.20000       0.000 NO     DARK 
  RECTANGLE  1.50000     x 0.45000       0.000 NO     DARK 
  RECTANGLE  2.20000     x 1.05000       0.000 NO     DARK 

     art_pc065a_SMD2.ger created.


================================================================
     PROCESSING FILM < L08P >
     TO FILE < /projects/HEP_Instrumentation/cad/designs/uob-hep-pc065a/trunk/design_files/worklib/pc065b_toplevel/physical/art_pc065a_L08P.ger > ...
================================================================

  FILM PARAMETERS :
  ---------------------------------------------------------
  Undefined line width                0.2000
  Mirror code                         NONE
  Rotate angle                        NONE
  Offset x:                           0.0000
  Offset y:                           0.0000
  Plot negative                       NO
  Suppress unconnected internal pads  NO
  Draw holes only                     NO



  APERTURES USED:
  ---------------------------------------------------------
  TYPE       SIZE/NAME                   ROT   MIRROR MODE 
  ---------------------------------------------------------
  CIRCLE     0.15000                                  DARK 
  CIRCLE     0.17000                                  DARK 
  CIRCLE     0.20000                                  DARK 
  CIRCLE     0.30000                                  DARK 
  CIRCLE     0.50000                                  DARK 
  CIRCLE     0.56000                                  DARK 
  CIRCLE     0.65000                                  DARK 
  CIRCLE     1.00000                                  DARK 
  CIRCLE     1.00080                                  DARK 
  CIRCLE     1.39700                                  DARK 
  CIRCLE     1.65000                                  DARK 
  CIRCLE     1.70000                                  DARK 
  CIRCLE     1.75000                                  DARK 
  CIRCLE     3.60000                                  DARK 
  SQUARE     0.60000                     0.000 NO     DARK 
  SQUARE     2.25000                     0.000 NO     DARK 
  SQUARE     5.30000                     0.000 NO     DARK 
  RECTANGLE  0.35560     x 0.66040      90.000 NO     DARK 
  RECTANGLE  0.80000     x 0.30000       0.000 NO     DARK 
  RECTANGLE  0.80000     x 0.30000      90.000 NO     DARK 
  RECTANGLE  1.00000     x 0.90000      90.000 NO     DARK 
  RECTANGLE  1.05000     x 1.00000      90.000 NO     DARK 
  RECTANGLE  1.40000     x 1.20000       0.000 NO     DARK 
  RECTANGLE  1.50000     x 0.45000       0.000 NO     DARK 
  RECTANGLE  2.20000     x 1.05000       0.000 NO     DARK 

     art_pc065a_L08P.ger created.


================================================================
     PROCESSING FILM < L07P >
     TO FILE < /projects/HEP_Instrumentation/cad/designs/uob-hep-pc065a/trunk/design_files/worklib/pc065b_toplevel/physical/art_pc065a_L07P.ger > ...
================================================================

  FILM PARAMETERS :
  ---------------------------------------------------------
  Undefined line width                0.2000
  Mirror code                         NONE
  Rotate angle                        NONE
  Offset x:                           0.0000
  Offset y:                           0.0000
  Plot negative                       NO
  Suppress unconnected internal pads  NO
  Draw holes only                     NO



  APERTURES USED:
  ---------------------------------------------------------
  TYPE       SIZE/NAME                   ROT   MIRROR MODE 
  ---------------------------------------------------------
  CIRCLE     0.20000                                  DARK 
  CIRCLE     0.50000                                  DARK 
  CIRCLE     0.56000                                  DARK 
  CIRCLE     0.65000                                  DARK 
  CIRCLE     1.00000                                  DARK 
  CIRCLE     1.00080                                  DARK 
  CIRCLE     1.39700                                  DARK 
  CIRCLE     1.65000                                  DARK 
  CIRCLE     1.70000                                  DARK 
  CIRCLE     1.75000                                  DARK 
  CIRCLE     3.60000                                  DARK 

     art_pc065a_L07P.ger created.


------------------------------------------------------
 SUMMARY:
        art_pc065a_L01P.ger created.
        art_pc065a_L02P.ger created.
        art_pc065a_L03P.ger created.
        art_pc065a_L04P.ger created.
        art_pc065a_L05P.ger created.
        art_pc065a_L06P.ger created.
        art_pc065a_ASSEMBLY_TOP.ger created with warnings
        art_pc065a_SMD1.ger created.
        art_pc065a_OUTLINE.ger created.
        art_pc065a_BOHR.ger created.
        art_pc065a_POS2.ger created.
        art_pc065a_POS1.ger created.
        art_pc065a_LSM2.ger created.
        art_pc065a_LSM1.ger created.
        art_pc065a_ASSEMBLY_BOTTOM.ger created.
        art_pc065a_SMD2.ger created.
        art_pc065a_L08P.ger created.
        art_pc065a_L07P.ger created.

 ARTWORK had warnings
