A!REFDES!PART_NUMBER!ROOM!REUSE_ID!PACKAGE_HEIGHT_MAX!HEIGHT!KL_COMMENTS!OL_COMMENTS!PL_COMMENTS!SCH_MODIFIED_PART!TOL!VALUE!CASE!PARENT_PART_TYPE!PARENT_PPT!PARENT_PPT_PART!PART_NAME!PART_NUMBER!
J!//ppfs6.physics.ox.ac.uk/CEG/Central Electronics/Projects/Hastingsp/DUNE/uob-hep-pc065/design_files/worklib/pc065b_fibv2_toplevel/physical/pc065c_fibv2_toplevel_19.brd!Thu Apr  4 13:42:01 2024!-147.000!-139.100!253.000!260.900!0.001!millimeters!PC065B_FIBV2_TOPLEVEL!69.133858 mil!8!UP TO DATE!
S!R30!R0603_270R_1%_0.063W_100PPM!!!!!!!!!1%!270!0603!RSMD0603_1/16W!RSMD0603!RSMD0603_1/16W-270,1%!RSMD0603!R0603_270R_1%_0.063W_100PPM!
S!R33!R0603_270R_1%_0.063W_100PPM!!!!!!!!!1%!270!0603!RSMD0603_1/16W!RSMD0603!RSMD0603_1/16W-270,1%!RSMD0603!R0603_270R_1%_0.063W_100PPM!
S!R58!R0603_270R_1%_0.063W_100PPM!!!!!!!!!1%!270!0603!RSMD0603_1/16W!RSMD0603!RSMD0603_1/16W-270,1%!RSMD0603!R0603_270R_1%_0.063W_100PPM!
S!R59!R0603_270R_1%_0.063W_100PPM!!!!!!!!!1%!270!0603!RSMD0603_1/16W!RSMD0603!RSMD0603_1/16W-270,1%!RSMD0603!R0603_270R_1%_0.063W_100PPM!
S!R60!R0603_270R_1%_0.063W_100PPM!!!!!!!!!1%!270!0603!RSMD0603_1/16W!RSMD0603!RSMD0603_1/16W-270,1%!RSMD0603!R0603_270R_1%_0.063W_100PPM!
S!R61!R0603_270R_1%_0.063W_100PPM!!!!!!!!!1%!270!0603!RSMD0603_1/16W!RSMD0603!RSMD0603_1/16W-270,1%!RSMD0603!R0603_270R_1%_0.063W_100PPM!
S!R63!R0603_270R_1%_0.063W_100PPM!!!!!!!!!1%!270!0603!RSMD0603_1/16W!RSMD0603!RSMD0603_1/16W-270,1%!RSMD0603!R0603_270R_1%_0.063W_100PPM!
S!R64!R0603_270R_1%_0.063W_100PPM!!!!!!!!!1%!270!0603!RSMD0603_1/16W!RSMD0603!RSMD0603_1/16W-270,1%!RSMD0603!R0603_270R_1%_0.063W_100PPM!
S!DS1!!!!!!!!!!!!!!!!WURTH_155060YS73200!!
S!DS2!!!!!!!!!!!!!!!!WURTH_155060YS73200!!
S!DS3!!!!!!!!!!!!!!!!WURTH_155060YS73200!!
S!DS4!!!!!!!!!!!!!!!!WURTH_155060YS73200!!
S!DS5!!!!!!!!!!!!!!!!WURTH_155060YS73200!!
S!DS6!!!!!!!!!!!!!!!!WURTH_155060YS73200!!
S!DS7!!!!!!!!!!!!!!!!WURTH_155060YS73200!!
S!DS8!!!!!!!!!!!!!!!!WURTH_155060YS73200!!
S!R12!R0402_49R9_1%_0.063W_200PPM!!!!!!!!!1%!49.9!0402!RSMD0402_1/16W!RSMD0402!RSMD0402_1/16W-49.9,1%!RSMD0402!R0402_49R9_1%_0.063W_200PPM!
S!R17!R0402_49R9_1%_0.063W_200PPM!!!!!!!!!1%!49.9!0402!RSMD0402_1/16W!RSMD0402!RSMD0402_1/16W-49.9,1%!RSMD0402!R0402_49R9_1%_0.063W_200PPM!
S!R18!R0402_499R_1%_0.063W_100PPM!!!!!!!!!1%!470!0402!RSMD0402_1/16W!RSMD0402!RSMD0402_1/16W-499,1%!RSMD0402!R0402_499R_1%_0.063W_100PPM!
S!R19!R0402_499R_1%_0.063W_100PPM!!!!!!!!!1%!470!0402!RSMD0402_1/16W!RSMD0402!RSMD0402_1/16W-499,1%!RSMD0402!R0402_499R_1%_0.063W_100PPM!
S!F2!!!!!!!!!!!!!!!!SF-0603S300-2!!
S!F1!!!!!!!!!!!!!!!!SF-0603S300-2!!
S!QZ1!!!10!!!!!!!!250MHz!7.0x5.0mm!SIT5022_145!SIT5022!SIT5022AI-2CE-33N-250.000000!SIT5022!!
S!C120!GRM21BF51A475ZA01!!!!!!!!!+80%-20%!4.7uF!0805!CAPCERSMDCL2_0805!CAPCERSMDCL2!CAPCERSMDCL2_0805-4.7UF,10V!CAPCERSMDCL2!GRM21BF51A475ZA01!
S!IC2!!!!0.6 MM!0.6 mm!!!!!!!!TMP1075NDRLR_SOT!TMP1075NDRLR!TMP1075NDRLR-TEXAS INSTRUMENTS,TMP1075NDRLR!TMP1075NDRLR!!
S!U1!TI CDCLVDS110AVF!!!!!-!RS 662-5330 , Digikey 296-21573-ND!-!!!!!CDCLVD110_LQFP!CDCLVD110!CDCLVD110_LQFP-TI!CDCLVD110!TI CDCLVDS110AVF!
S!J2!ASP-134488-01!!!!!!!!!!!!CON400P_40ABCDEFGHJK_VITA571!CON400P_40ABCDEFGHJK_VITA571!CON400P_40ABCDEFGHJK_VITA571-ASP-134488-01!CON400P_40ABCDEFGHJK_VITA571!ASP-134488-01!
S!R13!R0603_10K_1%_0.1W_100PPM!!!!!!!!!1%!10k!0603!RSMD0603_1/10W!RSMD0603!RSMD0603_1/10W-10K,1%!RSMD0603!R0603_10K_1%_0.1W_100PPM!
S!R14!R0603_XX_1%_0.1W_100PPM!!!!!!!!!1%!XX!0603!RSMD0603_1/10W!RSMD0603!RSMD0603_1/10W-XX,1%!RSMD0603!R0603_XX_1%_0.1W_100PPM!
S!IC1!24AA025E48T-I/SN!!!!!!!!!!!SOIC8!24AA025E48_SOIC!24AA025E48!24AA025E48T-I/SN!24AA025E48!24AA025E48T-I/SN!
S!J40!MTLW-104-07-L-S-250!!!!!!!!!!!_!CON4P!CON4P!CON4P-MTLW-104-07-L-S-250!CON4P!MTLW-104-07-L-S-250!
S!U11!!P1V3_REG!3!!!!!!!!!!!!!MP20075_REG!!
S!PX3!U.FL-R-SMT-1(10)!!!!!!!!!!!_!PCOAX!PCOAX!PCOAX-U.FL-R-SMT-1(10)!PCOAX!U.FL-R-SMT-1(10)!
S!PX4!U.FL-R-SMT-1(10)!!!!!!!!!!!_!PCOAX!PCOAX!PCOAX-U.FL-R-SMT-1(10)!PCOAX!U.FL-R-SMT-1(10)!
S!R182!R0402_100K_1%_0.063W_200PPM!P1V3_REG!6!!!!!!!1%!100k!0402!RSMD0402_1/16W!RSMD0402!RSMD0402_1/16W-100K,1%!RSMD0402!R0402_100K_1%_0.063W_200PPM!
S!IC23!TCA9539RTWR!!!!!!!!TRUE!!!QFN24!TCA9539_HWQFN!TCA9539!TCA9539AHF!TCA9539!TCA9539RTWR!
S!IC10!TCA9539RTWR!!!!!!!!TRUE!!!QFN24!TCA9539_HWQFN!TCA9539!TCA9539AHF!TCA9539!TCA9539RTWR!
S!IC11!TCA9803DGKR!I2C_TR_GEN!1!!!!!!!!!MSOP8!TCA9803_MSOP!TCA9803!TCA9803DGKR!TCA9803!TCA9803DGKR!
S!IC12!TCA9803DGKR!I2C_TR_1!1!!!!!!!!!MSOP8!TCA9803_MSOP!TCA9803!TCA9803DGKR!TCA9803!TCA9803DGKR!
S!IC14!TCA9803DGKR!I2C_TR_2!!!!!!!!!!MSOP8!TCA9803_MSOP!TCA9803!TCA9803DGKR!TCA9803!TCA9803DGKR!
S!IC15!TCA9803DGKR!I2C_TR_3!!!!!!!!!!MSOP8!TCA9803_MSOP!TCA9803!TCA9803DGKR!TCA9803!TCA9803DGKR!
S!IC16!TCA9803DGKR!I2C_TR_4!!!!!!!!!!MSOP8!TCA9803_MSOP!TCA9803!TCA9803DGKR!TCA9803!TCA9803DGKR!
S!IC17!TCA9803DGKR!I2C_TR_5!!!!!!!!!!MSOP8!TCA9803_MSOP!TCA9803!TCA9803DGKR!TCA9803!TCA9803DGKR!
S!IC18!TCA9803DGKR!I2C_TR_6!!!!!!!!!!MSOP8!TCA9803_MSOP!TCA9803!TCA9803DGKR!TCA9803!TCA9803DGKR!
S!IC19!TCA9803DGKR!I2C_TR_7!!!!!!!!!!MSOP8!TCA9803_MSOP!TCA9803!TCA9803DGKR!TCA9803!TCA9803DGKR!
S!IC20!TCA9803DGKR!I2C_TR_8!!!!!!!!!!MSOP8!TCA9803_MSOP!TCA9803!TCA9803DGKR!TCA9803!TCA9803DGKR!
S!R65!R0402_0R_1%_0.063W_100PPM!!!!!!!!!1%!0R0!0402!RSMD0402_1/16W!RSMD0402!RSMD0402_1/16W-0R0,1%!RSMD0402!R0402_0R_1%_0.063W_100PPM!
S!R16!R0402_0R_1%_0.063W_100PPM!!!!!!!!!1%!0R0!0402!RSMD0402_1/16W!RSMD0402!RSMD0402_1/16W-0R0,1%!RSMD0402!R0402_0R_1%_0.063W_100PPM!
S!R20!R0402_0R_1%_0.063W_100PPM!!!!!!!!!1%!0R0!0402!RSMD0402_1/16W!RSMD0402!RSMD0402_1/16W-0R0,1%!RSMD0402!R0402_0R_1%_0.063W_100PPM!
S!R202!R0402_0R_1%_0.063W_100PPM!!!!!!!!!1%!0R0!0402!RSMD0402_1/16W!RSMD0402!RSMD0402_1/16W-0R0,1%!RSMD0402!R0402_0R_1%_0.063W_100PPM!
S!R203!R0402_0R_1%_0.063W_100PPM!!!!!!!!!1%!0R0!0402!RSMD0402_1/16W!RSMD0402!RSMD0402_1/16W-0R0,1%!RSMD0402!R0402_0R_1%_0.063W_100PPM!
S!R204!R0402_0R_1%_0.063W_100PPM!!!!!!!!!1%!0R0!0402!RSMD0402_1/16W!RSMD0402!RSMD0402_1/16W-0R0,1%!RSMD0402!R0402_0R_1%_0.063W_100PPM!
S!R183!R0402_0R_1%_0.063W_100PPM!P1V3_REG!4!!!!!!!1%!0R0!0402!RSMD0402_1/16W!RSMD0402!RSMD0402_1/16W-0R0,1%!RSMD0402!R0402_0R_1%_0.063W_100PPM!
S!R180!R0402_0R_1%_0.063W_100PPM!!!!!!!!!1%!0R0!0402!RSMD0402_1/16W!RSMD0402!RSMD0402_1/16W-0R0,1%!RSMD0402!R0402_0R_1%_0.063W_100PPM!
S!R181!R0402_0R_1%_0.063W_100PPM!!!!!!!!!1%!0R0!0402!RSMD0402_1/16W!RSMD0402!RSMD0402_1/16W-0R0,1%!RSMD0402!R0402_0R_1%_0.063W_100PPM!
S!R31!R0402_0R_1%_0.063W_100PPM!!!!!!!!!1%!0R0!0402!RSMD0402_1/16W!RSMD0402!RSMD0402_1/16W-0R0,1%!RSMD0402!R0402_0R_1%_0.063W_100PPM!
S!R32!R0402_0R_1%_0.063W_100PPM!!!!!!!!!1%!0R0!0402!RSMD0402_1/16W!RSMD0402!RSMD0402_1/16W-0R0,1%!RSMD0402!R0402_0R_1%_0.063W_100PPM!
S!R133!R0402_0R_1%_0.063W_100PPM!I2C_TR_GEN!3!!!!!!!1%!0R0!0402!RSMD0402_1/16W!RSMD0402!RSMD0402_1/16W-0R0,1%!RSMD0402!R0402_0R_1%_0.063W_100PPM!
S!R138!R0402_0R_1%_0.063W_100PPM!I2C_TR_1!3!!!!!!!1%!0R0!0402!RSMD0402_1/16W!RSMD0402!RSMD0402_1/16W-0R0,1%!RSMD0402!R0402_0R_1%_0.063W_100PPM!
S!R143!R0402_0R_1%_0.063W_100PPM!I2C_TR_2!!!!!!!!1%!0R0!0402!RSMD0402_1/16W!RSMD0402!RSMD0402_1/16W-0R0,1%!RSMD0402!R0402_0R_1%_0.063W_100PPM!
S!R148!R0402_0R_1%_0.063W_100PPM!I2C_TR_3!!!!!!!!1%!0R0!0402!RSMD0402_1/16W!RSMD0402!RSMD0402_1/16W-0R0,1%!RSMD0402!R0402_0R_1%_0.063W_100PPM!
S!R153!R0402_0R_1%_0.063W_100PPM!I2C_TR_4!!!!!!!!1%!0R0!0402!RSMD0402_1/16W!RSMD0402!RSMD0402_1/16W-0R0,1%!RSMD0402!R0402_0R_1%_0.063W_100PPM!
S!R158!R0402_0R_1%_0.063W_100PPM!I2C_TR_5!!!!!!!!1%!0R0!0402!RSMD0402_1/16W!RSMD0402!RSMD0402_1/16W-0R0,1%!RSMD0402!R0402_0R_1%_0.063W_100PPM!
S!R163!R0402_0R_1%_0.063W_100PPM!I2C_TR_6!!!!!!!!1%!0R0!0402!RSMD0402_1/16W!RSMD0402!RSMD0402_1/16W-0R0,1%!RSMD0402!R0402_0R_1%_0.063W_100PPM!
S!R168!R0402_0R_1%_0.063W_100PPM!I2C_TR_7!!!!!!!!1%!0R0!0402!RSMD0402_1/16W!RSMD0402!RSMD0402_1/16W-0R0,1%!RSMD0402!R0402_0R_1%_0.063W_100PPM!
S!R173!R0402_0R_1%_0.063W_100PPM!I2C_TR_8!!!!!!!!1%!0R0!0402!RSMD0402_1/16W!RSMD0402!RSMD0402_1/16W-0R0,1%!RSMD0402!R0402_0R_1%_0.063W_100PPM!
S!C19!CC0402_100NF_16V_10%_X7R!P1V3_REG!!!!!!!!10%!100nF!0402!CAPCERSMDCL2_0402!CAPCERSMDCL2!CAPCERSMDCL2_0402-100NF_X7R,16V!CAPCERSMDCL2!CC0402_100NF_16V_10%_X7R!
S!C16!CC0402_100NF_16V_10%_X7R!CLOCK_MODULE!28!!!!!!!10%!100nF!0402!CAPCERSMDCL2_0402!CAPCERSMDCL2!CAPCERSMDCL2_0402-100NF_X7R,16V!CAPCERSMDCL2!CC0402_100NF_16V_10%_X7R!
S!C30!CC0402_100NF_16V_10%_X7R!CLOCK_MODULE!!!!!!!!10%!100nF!0402!CAPCERSMDCL2_0402!CAPCERSMDCL2!CAPCERSMDCL2_0402-100NF_X7R,16V!CAPCERSMDCL2!CC0402_100NF_16V_10%_X7R!
S!C121!CC0402_100NF_16V_10%_X7R!CLOCK_MODULE!!!!!!!!10%!100nF!0402!CAPCERSMDCL2_0402!CAPCERSMDCL2!CAPCERSMDCL2_0402-100NF_X7R,16V!CAPCERSMDCL2!CC0402_100NF_16V_10%_X7R!
S!C119!CC0402_100NF_16V_10%_X7R!P1V3_REG!!!!!!!!10%!100nF!0402!CAPCERSMDCL2_0402!CAPCERSMDCL2!CAPCERSMDCL2_0402-100NF_X7R,16V!CAPCERSMDCL2!CC0402_100NF_16V_10%_X7R!
S!C112!CC0402_100NF_16V_10%_X7R!!!!!!!!!10%!100nF!0402!CAPCERSMDCL2_0402!CAPCERSMDCL2!CAPCERSMDCL2_0402-100NF_X7R,16V!CAPCERSMDCL2!CC0402_100NF_16V_10%_X7R!
S!C101!CC0402_100NF_16V_10%_X7R!P1V3_REG!5!!!!!!!10%!100nF!0402!CAPCERSMDCL2_0402!CAPCERSMDCL2!CAPCERSMDCL2_0402-100NF_X7R,16V!CAPCERSMDCL2!CC0402_100NF_16V_10%_X7R!
S!C97!CC0402_100NF_16V_10%_X7R!!!!!!!!!10%!100nF!0402!CAPCERSMDCL2_0402!CAPCERSMDCL2!CAPCERSMDCL2_0402-100NF_X7R,16V!CAPCERSMDCL2!CC0402_100NF_16V_10%_X7R!
S!C98!CC0402_100NF_16V_10%_X7R!!!!!!!!!10%!100nF!0402!CAPCERSMDCL2_0402!CAPCERSMDCL2!CAPCERSMDCL2_0402-100NF_X7R,16V!CAPCERSMDCL2!CC0402_100NF_16V_10%_X7R!
S!C81!CC0402_100NF_16V_10%_X7R!I2C_TR_1!2!!!!!!!10%!100nF!0402!CAPCERSMDCL2_0402!CAPCERSMDCL2!CAPCERSMDCL2_0402-100NF_X7R,16V!CAPCERSMDCL2!CC0402_100NF_16V_10%_X7R!
S!C82!CC0402_100NF_16V_10%_X7R!I2C_TR_1!8!!!!!!!10%!100nF!0402!CAPCERSMDCL2_0402!CAPCERSMDCL2!CAPCERSMDCL2_0402-100NF_X7R,16V!CAPCERSMDCL2!CC0402_100NF_16V_10%_X7R!
S!C83!CC0402_100NF_16V_10%_X7R!I2C_TR_2!!!!!!!!10%!100nF!0402!CAPCERSMDCL2_0402!CAPCERSMDCL2!CAPCERSMDCL2_0402-100NF_X7R,16V!CAPCERSMDCL2!CC0402_100NF_16V_10%_X7R!
S!C84!CC0402_100NF_16V_10%_X7R!I2C_TR_2!!!!!!!!10%!100nF!0402!CAPCERSMDCL2_0402!CAPCERSMDCL2!CAPCERSMDCL2_0402-100NF_X7R,16V!CAPCERSMDCL2!CC0402_100NF_16V_10%_X7R!
S!C85!CC0402_100NF_16V_10%_X7R!I2C_TR_3!!!!!!!!10%!100nF!0402!CAPCERSMDCL2_0402!CAPCERSMDCL2!CAPCERSMDCL2_0402-100NF_X7R,16V!CAPCERSMDCL2!CC0402_100NF_16V_10%_X7R!
S!C86!CC0402_100NF_16V_10%_X7R!I2C_TR_3!!!!!!!!10%!100nF!0402!CAPCERSMDCL2_0402!CAPCERSMDCL2!CAPCERSMDCL2_0402-100NF_X7R,16V!CAPCERSMDCL2!CC0402_100NF_16V_10%_X7R!
S!C87!CC0402_100NF_16V_10%_X7R!I2C_TR_4!!!!!!!!10%!100nF!0402!CAPCERSMDCL2_0402!CAPCERSMDCL2!CAPCERSMDCL2_0402-100NF_X7R,16V!CAPCERSMDCL2!CC0402_100NF_16V_10%_X7R!
S!C88!CC0402_100NF_16V_10%_X7R!I2C_TR_4!!!!!!!!10%!100nF!0402!CAPCERSMDCL2_0402!CAPCERSMDCL2!CAPCERSMDCL2_0402-100NF_X7R,16V!CAPCERSMDCL2!CC0402_100NF_16V_10%_X7R!
S!C89!CC0402_100NF_16V_10%_X7R!I2C_TR_5!!!!!!!!10%!100nF!0402!CAPCERSMDCL2_0402!CAPCERSMDCL2!CAPCERSMDCL2_0402-100NF_X7R,16V!CAPCERSMDCL2!CC0402_100NF_16V_10%_X7R!
S!C90!CC0402_100NF_16V_10%_X7R!I2C_TR_5!!!!!!!!10%!100nF!0402!CAPCERSMDCL2_0402!CAPCERSMDCL2!CAPCERSMDCL2_0402-100NF_X7R,16V!CAPCERSMDCL2!CC0402_100NF_16V_10%_X7R!
S!C91!CC0402_100NF_16V_10%_X7R!I2C_TR_6!!!!!!!!10%!100nF!0402!CAPCERSMDCL2_0402!CAPCERSMDCL2!CAPCERSMDCL2_0402-100NF_X7R,16V!CAPCERSMDCL2!CC0402_100NF_16V_10%_X7R!
S!C92!CC0402_100NF_16V_10%_X7R!I2C_TR_6!!!!!!!!10%!100nF!0402!CAPCERSMDCL2_0402!CAPCERSMDCL2!CAPCERSMDCL2_0402-100NF_X7R,16V!CAPCERSMDCL2!CC0402_100NF_16V_10%_X7R!
S!C93!CC0402_100NF_16V_10%_X7R!I2C_TR_7!!!!!!!!10%!100nF!0402!CAPCERSMDCL2_0402!CAPCERSMDCL2!CAPCERSMDCL2_0402-100NF_X7R,16V!CAPCERSMDCL2!CC0402_100NF_16V_10%_X7R!
S!C94!CC0402_100NF_16V_10%_X7R!I2C_TR_7!!!!!!!!10%!100nF!0402!CAPCERSMDCL2_0402!CAPCERSMDCL2!CAPCERSMDCL2_0402-100NF_X7R,16V!CAPCERSMDCL2!CC0402_100NF_16V_10%_X7R!
S!C95!CC0402_100NF_16V_10%_X7R!I2C_TR_8!!!!!!!!10%!100nF!0402!CAPCERSMDCL2_0402!CAPCERSMDCL2!CAPCERSMDCL2_0402-100NF_X7R,16V!CAPCERSMDCL2!CC0402_100NF_16V_10%_X7R!
S!C96!CC0402_100NF_16V_10%_X7R!I2C_TR_8!!!!!!!!10%!100nF!0402!CAPCERSMDCL2_0402!CAPCERSMDCL2!CAPCERSMDCL2_0402-100NF_X7R,16V!CAPCERSMDCL2!CC0402_100NF_16V_10%_X7R!
S!C79!CC0402_100NF_16V_10%_X7R!I2C_TR_GEN!2!!!!!!!10%!100nF!0402!CAPCERSMDCL2_0402!CAPCERSMDCL2!CAPCERSMDCL2_0402-100NF_X7R,16V!CAPCERSMDCL2!CC0402_100NF_16V_10%_X7R!
S!C80!CC0402_100NF_16V_10%_X7R!I2C_TR_GEN!8!!!!!!!10%!100nF!0402!CAPCERSMDCL2_0402!CAPCERSMDCL2!CAPCERSMDCL2_0402-100NF_X7R,16V!CAPCERSMDCL2!CC0402_100NF_16V_10%_X7R!
S!C61!CC0402_100NF_16V_10%_X7R!SFP_7!!!!!!!!10%!100nF!0402!CAPCERSMDCL2_0402!CAPCERSMDCL2!CAPCERSMDCL2_0402-100NF_X7R,16V!CAPCERSMDCL2!CC0402_100NF_16V_10%_X7R!
S!C63!CC0402_100NF_16V_10%_X7R!SFP_7!!!!!!!!10%!100nF!0402!CAPCERSMDCL2_0402!CAPCERSMDCL2!CAPCERSMDCL2_0402-100NF_X7R,16V!CAPCERSMDCL2!CC0402_100NF_16V_10%_X7R!
S!C66!CC0402_100NF_16V_10%_X7R!SFP_6!!!!!!!!10%!100nF!0402!CAPCERSMDCL2_0402!CAPCERSMDCL2!CAPCERSMDCL2_0402-100NF_X7R,16V!CAPCERSMDCL2!CC0402_100NF_16V_10%_X7R!
S!C68!CC0402_100NF_16V_10%_X7R!SFP_6!!!!!!!!10%!100nF!0402!CAPCERSMDCL2_0402!CAPCERSMDCL2!CAPCERSMDCL2_0402-100NF_X7R,16V!CAPCERSMDCL2!CC0402_100NF_16V_10%_X7R!
S!C71!CC0402_100NF_16V_10%_X7R!SFP_5!!!!!!!!10%!100nF!0402!CAPCERSMDCL2_0402!CAPCERSMDCL2!CAPCERSMDCL2_0402-100NF_X7R,16V!CAPCERSMDCL2!CC0402_100NF_16V_10%_X7R!
S!C73!CC0402_100NF_16V_10%_X7R!SFP_5!!!!!!!!10%!100nF!0402!CAPCERSMDCL2_0402!CAPCERSMDCL2!CAPCERSMDCL2_0402-100NF_X7R,16V!CAPCERSMDCL2!CC0402_100NF_16V_10%_X7R!
S!C76!CC0402_100NF_16V_10%_X7R!SFP_4!!!!!!!!10%!100nF!0402!CAPCERSMDCL2_0402!CAPCERSMDCL2!CAPCERSMDCL2_0402-100NF_X7R,16V!CAPCERSMDCL2!CC0402_100NF_16V_10%_X7R!
S!C78!CC0402_100NF_16V_10%_X7R!SFP_4!!!!!!!!10%!100nF!0402!CAPCERSMDCL2_0402!CAPCERSMDCL2!CAPCERSMDCL2_0402-100NF_X7R,16V!CAPCERSMDCL2!CC0402_100NF_16V_10%_X7R!
S!C36!CC0402_100NF_16V_10%_X7R!!!!!!!!!10%!100nF!0402!CAPCERSMDCL2_0402!CAPCERSMDCL2!CAPCERSMDCL2_0402-100NF_X7R,16V!CAPCERSMDCL2!CC0402_100NF_16V_10%_X7R!
S!C38!CC0402_100NF_16V_10%_X7R!!!!!!!!!10%!100nF!0402!CAPCERSMDCL2_0402!CAPCERSMDCL2!CAPCERSMDCL2_0402-100NF_X7R,16V!CAPCERSMDCL2!CC0402_100NF_16V_10%_X7R!
S!C40!CC0402_100NF_16V_10%_X7R!SFP_1!!!!!!!!10%!100nF!0402!CAPCERSMDCL2_0402!CAPCERSMDCL2!CAPCERSMDCL2_0402-100NF_X7R,16V!CAPCERSMDCL2!CC0402_100NF_16V_10%_X7R!
S!C42!CC0402_100NF_16V_10%_X7R!SFP_1!!!!!!!!10%!100nF!0402!CAPCERSMDCL2_0402!CAPCERSMDCL2!CAPCERSMDCL2_0402-100NF_X7R,16V!CAPCERSMDCL2!CC0402_100NF_16V_10%_X7R!
S!C44!CC0402_100NF_16V_10%_X7R!SFP_1!!!!!!!!10%!100nF!0402!CAPCERSMDCL2_0402!CAPCERSMDCL2!CAPCERSMDCL2_0402-100NF_X7R,16V!CAPCERSMDCL2!CC0402_100NF_16V_10%_X7R!
S!C45!CC0402_100NF_16V_10%_X7R!SFP_2!!!!!!!!10%!100nF!0402!CAPCERSMDCL2_0402!CAPCERSMDCL2!CAPCERSMDCL2_0402-100NF_X7R,16V!CAPCERSMDCL2!CC0402_100NF_16V_10%_X7R!
S!C47!CC0402_100NF_16V_10%_X7R!SFP_2!!!!!!!!10%!100nF!0402!CAPCERSMDCL2_0402!CAPCERSMDCL2!CAPCERSMDCL2_0402-100NF_X7R,16V!CAPCERSMDCL2!CC0402_100NF_16V_10%_X7R!
S!C49!CC0402_100NF_16V_10%_X7R!SFP_2!!!!!!!!10%!100nF!0402!CAPCERSMDCL2_0402!CAPCERSMDCL2!CAPCERSMDCL2_0402-100NF_X7R,16V!CAPCERSMDCL2!CC0402_100NF_16V_10%_X7R!
S!C50!CC0402_100NF_16V_10%_X7R!SFP_3!!!!!!!!10%!100nF!0402!CAPCERSMDCL2_0402!CAPCERSMDCL2!CAPCERSMDCL2_0402-100NF_X7R,16V!CAPCERSMDCL2!CC0402_100NF_16V_10%_X7R!
S!C52!CC0402_100NF_16V_10%_X7R!SFP_3!!!!!!!!10%!100nF!0402!CAPCERSMDCL2_0402!CAPCERSMDCL2!CAPCERSMDCL2_0402-100NF_X7R,16V!CAPCERSMDCL2!CC0402_100NF_16V_10%_X7R!
S!C54!CC0402_100NF_16V_10%_X7R!SFP_3!!!!!!!!10%!100nF!0402!CAPCERSMDCL2_0402!CAPCERSMDCL2!CAPCERSMDCL2_0402-100NF_X7R,16V!CAPCERSMDCL2!CC0402_100NF_16V_10%_X7R!
S!C59!CC0402_100NF_16V_10%_X7R!SFP_7!!!!!!!!10%!100nF!0402!CAPCERSMDCL2_0402!CAPCERSMDCL2!CAPCERSMDCL2_0402-100NF_X7R,16V!CAPCERSMDCL2!CC0402_100NF_16V_10%_X7R!
S!C64!CC0402_100NF_16V_10%_X7R!SFP_6!!!!!!!!10%!100nF!0402!CAPCERSMDCL2_0402!CAPCERSMDCL2!CAPCERSMDCL2_0402-100NF_X7R,16V!CAPCERSMDCL2!CC0402_100NF_16V_10%_X7R!
S!C69!CC0402_100NF_16V_10%_X7R!SFP_5!!!!!!!!10%!100nF!0402!CAPCERSMDCL2_0402!CAPCERSMDCL2!CAPCERSMDCL2_0402-100NF_X7R,16V!CAPCERSMDCL2!CC0402_100NF_16V_10%_X7R!
S!C74!CC0402_100NF_16V_10%_X7R!SFP_4!!!!!!!!10%!100nF!0402!CAPCERSMDCL2_0402!CAPCERSMDCL2!CAPCERSMDCL2_0402-100NF_X7R,16V!CAPCERSMDCL2!CC0402_100NF_16V_10%_X7R!
S!C1!CC0402_100NF_16V_10%_X7R!!!!!!!!!10%!100nF!0402!CAPCERSMDCL2_0402!CAPCERSMDCL2!CAPCERSMDCL2_0402-100NF_X7R,16V!CAPCERSMDCL2!CC0402_100NF_16V_10%_X7R!
S!C5!CC0402_100NF_16V_10%_X7R!CLOCK_MODULE!5!!!!!!!10%!100nF!0402!CAPCERSMDCL2_0402!CAPCERSMDCL2!CAPCERSMDCL2_0402-100NF_X7R,16V!CAPCERSMDCL2!CC0402_100NF_16V_10%_X7R!
S!C7!CC0402_100NF_16V_10%_X7R!CLOCK_MODULE!51!!!!!!!10%!100nF!0402!CAPCERSMDCL2_0402!CAPCERSMDCL2!CAPCERSMDCL2_0402-100NF_X7R,16V!CAPCERSMDCL2!CC0402_100NF_16V_10%_X7R!
S!C9!CC0402_100NF_16V_10%_X7R!CLOCK_MODULE!52!!!!!!!10%!100nF!0402!CAPCERSMDCL2_0402!CAPCERSMDCL2!CAPCERSMDCL2_0402-100NF_X7R,16V!CAPCERSMDCL2!CC0402_100NF_16V_10%_X7R!
S!C10!CC0402_100NF_16V_10%_X7R!CLOCK_MODULE!11!!!!!!!10%!100nF!0402!CAPCERSMDCL2_0402!CAPCERSMDCL2!CAPCERSMDCL2_0402-100NF_X7R,16V!CAPCERSMDCL2!CC0402_100NF_16V_10%_X7R!
S!C11!CC0402_100NF_16V_10%_X7R!CLOCK_MODULE!53!!!!!!!10%!100nF!0402!CAPCERSMDCL2_0402!CAPCERSMDCL2!CAPCERSMDCL2_0402-100NF_X7R,16V!CAPCERSMDCL2!CC0402_100NF_16V_10%_X7R!
S!C13!CC0402_100NF_16V_10%_X7R!CLOCK_MODULE!44!!!!!!!10%!100nF!0402!CAPCERSMDCL2_0402!CAPCERSMDCL2!CAPCERSMDCL2_0402-100NF_X7R,16V!CAPCERSMDCL2!CC0402_100NF_16V_10%_X7R!
S!C14!CC0402_100NF_16V_10%_X7R!CLOCK_MODULE!54!!!!!!!10%!100nF!0402!CAPCERSMDCL2_0402!CAPCERSMDCL2!CAPCERSMDCL2_0402-100NF_X7R,16V!CAPCERSMDCL2!CC0402_100NF_16V_10%_X7R!
S!C15!CC0402_100NF_16V_10%_X7R!CLOCK_MODULE!46!!!!!!!10%!100nF!0402!CAPCERSMDCL2_0402!CAPCERSMDCL2!CAPCERSMDCL2_0402-100NF_X7R,16V!CAPCERSMDCL2!CC0402_100NF_16V_10%_X7R!
S!C18!CC0402_100NF_16V_10%_X7R!CLOCK_MODULE!29!!!!!!!10%!100nF!0402!CAPCERSMDCL2_0402!CAPCERSMDCL2!CAPCERSMDCL2_0402-100NF_X7R,16V!CAPCERSMDCL2!CC0402_100NF_16V_10%_X7R!
S!C29!CC0402_100NF_16V_10%_X7R!CLOCK_MODULE!19!!!!!!!10%!100nF!0402!CAPCERSMDCL2_0402!CAPCERSMDCL2!CAPCERSMDCL2_0402-100NF_X7R,16V!CAPCERSMDCL2!CC0402_100NF_16V_10%_X7R!
S!C31!CC0402_100NF_16V_10%_X7R!!6!!!!!!!10%!100nF!0402!CAPCERSMDCL2_0402!CAPCERSMDCL2!CAPCERSMDCL2_0402-100NF_X7R,16V!CAPCERSMDCL2!CC0402_100NF_16V_10%_X7R!
S!C33!CC0402_100NF_16V_10%_X7R!!18!!!!!!!10%!100nF!0402!CAPCERSMDCL2_0402!CAPCERSMDCL2!CAPCERSMDCL2_0402-100NF_X7R,16V!CAPCERSMDCL2!CC0402_100NF_16V_10%_X7R!
S!C35!CC0402_100NF_16V_10%_X7R!!8!!!!!!!10%!100nF!0402!CAPCERSMDCL2_0402!CAPCERSMDCL2!CAPCERSMDCL2_0402-100NF_X7R,16V!CAPCERSMDCL2!CC0402_100NF_16V_10%_X7R!
S!C118!CC0805_10UF_10V_10%_X5R!P1V3_REG!!!!!!!!10%!10uF!0805!CAPCERSMDCL2_0805!CAPCERSMDCL2!CAPCERSMDCL2_0805-10UF,10V_GEN!CAPCERSMDCL2!CC0805_10UF_10V_10%_X5R!
S!C99!CC0805_10UF_10V_10%_X5R!P1V3_REG!2!!!!!!!10%!10uF!0805!CAPCERSMDCL2_0805!CAPCERSMDCL2!CAPCERSMDCL2_0805-10UF,10V_GEN!CAPCERSMDCL2!CC0805_10UF_10V_10%_X5R!
S!C100!CC0805_10UF_10V_10%_X5R!P1V3_REG!1!!!!!!!10%!10uF!0805!CAPCERSMDCL2_0805!CAPCERSMDCL2!CAPCERSMDCL2_0805-10UF,10V_GEN!CAPCERSMDCL2!CC0805_10UF_10V_10%_X5R!
S!C60!CC0805_10UF_10V_10%_X5R!SFP_7!!!!!!!!10%!10uF!0805!CAPCERSMDCL2_0805!CAPCERSMDCL2!CAPCERSMDCL2_0805-10UF,10V_GEN!CAPCERSMDCL2!CC0805_10UF_10V_10%_X5R!
S!C62!CC0805_10UF_10V_10%_X5R!SFP_7!!!!!!!!10%!10uF!0805!CAPCERSMDCL2_0805!CAPCERSMDCL2!CAPCERSMDCL2_0805-10UF,10V_GEN!CAPCERSMDCL2!CC0805_10UF_10V_10%_X5R!
S!C65!CC0805_10UF_10V_10%_X5R!SFP_6!!!!!!!!10%!10uF!0805!CAPCERSMDCL2_0805!CAPCERSMDCL2!CAPCERSMDCL2_0805-10UF,10V_GEN!CAPCERSMDCL2!CC0805_10UF_10V_10%_X5R!
S!C67!CC0805_10UF_10V_10%_X5R!SFP_6!!!!!!!!10%!10uF!0805!CAPCERSMDCL2_0805!CAPCERSMDCL2!CAPCERSMDCL2_0805-10UF,10V_GEN!CAPCERSMDCL2!CC0805_10UF_10V_10%_X5R!
S!C70!CC0805_10UF_10V_10%_X5R!SFP_5!!!!!!!!10%!10uF!0805!CAPCERSMDCL2_0805!CAPCERSMDCL2!CAPCERSMDCL2_0805-10UF,10V_GEN!CAPCERSMDCL2!CC0805_10UF_10V_10%_X5R!
S!C72!CC0805_10UF_10V_10%_X5R!SFP_5!!!!!!!!10%!10uF!0805!CAPCERSMDCL2_0805!CAPCERSMDCL2!CAPCERSMDCL2_0805-10UF,10V_GEN!CAPCERSMDCL2!CC0805_10UF_10V_10%_X5R!
S!C75!CC0805_10UF_10V_10%_X5R!SFP_4!!!!!!!!10%!10uF!0805!CAPCERSMDCL2_0805!CAPCERSMDCL2!CAPCERSMDCL2_0805-10UF,10V_GEN!CAPCERSMDCL2!CC0805_10UF_10V_10%_X5R!
S!C77!CC0805_10UF_10V_10%_X5R!SFP_4!!!!!!!!10%!10uF!0805!CAPCERSMDCL2_0805!CAPCERSMDCL2!CAPCERSMDCL2_0805-10UF,10V_GEN!CAPCERSMDCL2!CC0805_10UF_10V_10%_X5R!
S!C37!CC0805_10UF_10V_10%_X5R!!!!!!!!!10%!10uF!0805!CAPCERSMDCL2_0805!CAPCERSMDCL2!CAPCERSMDCL2_0805-10UF,10V_GEN!CAPCERSMDCL2!CC0805_10UF_10V_10%_X5R!
S!C39!CC0805_10UF_10V_10%_X5R!!!!!!!!!10%!10uF!0805!CAPCERSMDCL2_0805!CAPCERSMDCL2!CAPCERSMDCL2_0805-10UF,10V_GEN!CAPCERSMDCL2!CC0805_10UF_10V_10%_X5R!
S!C41!CC0805_10UF_10V_10%_X5R!SFP_1!!!!!!!!10%!10uF!0805!CAPCERSMDCL2_0805!CAPCERSMDCL2!CAPCERSMDCL2_0805-10UF,10V_GEN!CAPCERSMDCL2!CC0805_10UF_10V_10%_X5R!
S!C43!CC0805_10UF_10V_10%_X5R!SFP_1!!!!!!!!10%!10uF!0805!CAPCERSMDCL2_0805!CAPCERSMDCL2!CAPCERSMDCL2_0805-10UF,10V_GEN!CAPCERSMDCL2!CC0805_10UF_10V_10%_X5R!
S!C46!CC0805_10UF_10V_10%_X5R!SFP_2!!!!!!!!10%!10uF!0805!CAPCERSMDCL2_0805!CAPCERSMDCL2!CAPCERSMDCL2_0805-10UF,10V_GEN!CAPCERSMDCL2!CC0805_10UF_10V_10%_X5R!
S!C48!CC0805_10UF_10V_10%_X5R!SFP_2!!!!!!!!10%!10uF!0805!CAPCERSMDCL2_0805!CAPCERSMDCL2!CAPCERSMDCL2_0805-10UF,10V_GEN!CAPCERSMDCL2!CC0805_10UF_10V_10%_X5R!
S!C51!CC0805_10UF_10V_10%_X5R!SFP_3!!!!!!!!10%!10uF!0805!CAPCERSMDCL2_0805!CAPCERSMDCL2!CAPCERSMDCL2_0805-10UF,10V_GEN!CAPCERSMDCL2!CC0805_10UF_10V_10%_X5R!
S!C53!CC0805_10UF_10V_10%_X5R!SFP_3!!!!!!!!10%!10uF!0805!CAPCERSMDCL2_0805!CAPCERSMDCL2!CAPCERSMDCL2_0805-10UF,10V_GEN!CAPCERSMDCL2!CC0805_10UF_10V_10%_X5R!
S!C2!CC0805_10UF_10V_10%_X5R!!!!!!!!!10%!10uF!0805!CAPCERSMDCL2_0805!CAPCERSMDCL2!CAPCERSMDCL2_0805-10UF,10V_GEN!CAPCERSMDCL2!CC0805_10UF_10V_10%_X5R!
S!C3!CC0805_10UF_10V_10%_X5R!CLOCK_MODULE!55!!!!!!!10%!10uF!0805!CAPCERSMDCL2_0805!CAPCERSMDCL2!CAPCERSMDCL2_0805-10UF,10V_GEN!CAPCERSMDCL2!CC0805_10UF_10V_10%_X5R!
S!C4!CC0805_10UF_10V_10%_X5R!CLOCK_MODULE!3!!!!!!!10%!10uF!0805!CAPCERSMDCL2_0805!CAPCERSMDCL2!CAPCERSMDCL2_0805-10UF,10V_GEN!CAPCERSMDCL2!CC0805_10UF_10V_10%_X5R!
S!C6!CC0805_10UF_10V_10%_X5R!CLOCK_MODULE!1!!!!!!!10%!10uF!0805!CAPCERSMDCL2_0805!CAPCERSMDCL2!CAPCERSMDCL2_0805-10UF,10V_GEN!CAPCERSMDCL2!CC0805_10UF_10V_10%_X5R!
S!C12!CC0805_10UF_10V_10%_X5R!CLOCK_MODULE!47!!!!!!!10%!10uF!0805!CAPCERSMDCL2_0805!CAPCERSMDCL2!CAPCERSMDCL2_0805-10UF,10V_GEN!CAPCERSMDCL2!CC0805_10UF_10V_10%_X5R!
S!C17!CC0805_10UF_10V_10%_X5R!CLOCK_MODULE!50!!!!!!!10%!10uF!0805!CAPCERSMDCL2_0805!CAPCERSMDCL2!CAPCERSMDCL2_0805-10UF,10V_GEN!CAPCERSMDCL2!CC0805_10UF_10V_10%_X5R!
S!C32!CC0805_10UF_10V_10%_X5R!!11!!!!!!!10%!10uF!0805!CAPCERSMDCL2_0805!CAPCERSMDCL2!CAPCERSMDCL2_0805-10UF,10V_GEN!CAPCERSMDCL2!CC0805_10UF_10V_10%_X5R!
S!C34!CC0805_10UF_10V_10%_X5R!!9!!!!!!!10%!10uF!0805!CAPCERSMDCL2_0805!CAPCERSMDCL2!CAPCERSMDCL2_0805-10UF,10V_GEN!CAPCERSMDCL2!CC0805_10UF_10V_10%_X5R!
S!C8!CC0805_22UF_6V3_15%_X7R!CLOCK_MODULE!6!!!!!!!15%!22uF!0805!CAPCERSMDCL2_0805!CAPCERSMDCL2!CAPCERSMDCL2_0805-22UF,6.3V!CAPCERSMDCL2!CC0805_22UF_6V3_15%_X7R!
S!J12!1888247-1!SFP_1!!!!!!!!!!!CON20P_SFP!CON20P_SFP!CON20P_SFP-1888247-1!CON20P_SFP!1888247-1!
S!J16!1888247-1!SFP_2!!!!!!!!!!!CON20P_SFP!CON20P_SFP!CON20P_SFP-1888247-1!CON20P_SFP!1888247-1!
S!J20!1888247-1!SFP_3!!!!!!!!!!!CON20P_SFP!CON20P_SFP!CON20P_SFP-1888247-1!CON20P_SFP!1888247-1!
S!J24!1888247-1!SFP_7!!!!!!!!!!!CON20P_SFP!CON20P_SFP!CON20P_SFP-1888247-1!CON20P_SFP!1888247-1!
S!J28!1888247-1!SFP_6!!!!!!!!!!!CON20P_SFP!CON20P_SFP!CON20P_SFP-1888247-1!CON20P_SFP!1888247-1!
S!J32!1888247-1!SFP_5!!!!!!!!!!!CON20P_SFP!CON20P_SFP!CON20P_SFP-1888247-1!CON20P_SFP!1888247-1!
S!J36!1888247-1!SFP_4!!!!!!!!!!!CON20P_SFP!CON20P_SFP!CON20P_SFP-1888247-1!CON20P_SFP!1888247-1!
S!J7!1888247-1!!10!!!!!!!!!!CON20P_SFP!CON20P_SFP!CON20P_SFP-1888247-1!CON20P_SFP!1888247-1!
S!J1!MTLW-103-07-L-S-250!!!!!!!!!!!_!CON3P!CON3P!CON3P-MTLW-103-07-L-S-250!CON3P!MTLW-103-07-L-S-250!
S!L6!0402HP-4N7XGL_!SFP_1!!!!!!!!2%!4.7nH!0402!INDUCTANCE_0402HP!INDUCTANCE!INDUCTANCE_0402HP-4.7NH_2%!INDUCTANCE!0402HP-4N7XGL_!
S!L7!0402HP-4N7XGL_!SFP_1!!!!!!!!2%!4.7nH!0402!INDUCTANCE_0402HP!INDUCTANCE!INDUCTANCE_0402HP-4.7NH_2%!INDUCTANCE!0402HP-4N7XGL_!
S!L8!0402HP-4N7XGL_!SFP_2!!!!!!!!2%!4.7nH!0402!INDUCTANCE_0402HP!INDUCTANCE!INDUCTANCE_0402HP-4.7NH_2%!INDUCTANCE!0402HP-4N7XGL_!
S!L9!0402HP-4N7XGL_!SFP_2!!!!!!!!2%!4.7nH!0402!INDUCTANCE_0402HP!INDUCTANCE!INDUCTANCE_0402HP-4.7NH_2%!INDUCTANCE!0402HP-4N7XGL_!
S!L10!0402HP-4N7XGL_!SFP_3!!!!!!!!2%!4.7nH!0402!INDUCTANCE_0402HP!INDUCTANCE!INDUCTANCE_0402HP-4.7NH_2%!INDUCTANCE!0402HP-4N7XGL_!
S!L11!0402HP-4N7XGL_!SFP_3!!!!!!!!2%!4.7nH!0402!INDUCTANCE_0402HP!INDUCTANCE!INDUCTANCE_0402HP-4.7NH_2%!INDUCTANCE!0402HP-4N7XGL_!
S!L12!0402HP-4N7XGL_!SFP_7!!!!!!!!2%!4.7nH!0402!INDUCTANCE_0402HP!INDUCTANCE!INDUCTANCE_0402HP-4.7NH_2%!INDUCTANCE!0402HP-4N7XGL_!
S!L13!0402HP-4N7XGL_!SFP_7!!!!!!!!2%!4.7nH!0402!INDUCTANCE_0402HP!INDUCTANCE!INDUCTANCE_0402HP-4.7NH_2%!INDUCTANCE!0402HP-4N7XGL_!
S!L14!0402HP-4N7XGL_!SFP_6!!!!!!!!2%!4.7nH!0402!INDUCTANCE_0402HP!INDUCTANCE!INDUCTANCE_0402HP-4.7NH_2%!INDUCTANCE!0402HP-4N7XGL_!
S!L15!0402HP-4N7XGL_!SFP_6!!!!!!!!2%!4.7nH!0402!INDUCTANCE_0402HP!INDUCTANCE!INDUCTANCE_0402HP-4.7NH_2%!INDUCTANCE!0402HP-4N7XGL_!
S!L16!0402HP-4N7XGL_!SFP_5!!!!!!!!2%!4.7nH!0402!INDUCTANCE_0402HP!INDUCTANCE!INDUCTANCE_0402HP-4.7NH_2%!INDUCTANCE!0402HP-4N7XGL_!
S!L17!0402HP-4N7XGL_!SFP_5!!!!!!!!2%!4.7nH!0402!INDUCTANCE_0402HP!INDUCTANCE!INDUCTANCE_0402HP-4.7NH_2%!INDUCTANCE!0402HP-4N7XGL_!
S!L18!0402HP-4N7XGL_!SFP_4!!!!!!!!2%!4.7nH!0402!INDUCTANCE_0402HP!INDUCTANCE!INDUCTANCE_0402HP-4.7NH_2%!INDUCTANCE!0402HP-4N7XGL_!
S!L19!0402HP-4N7XGL_!SFP_4!!!!!!!!2%!4.7nH!0402!INDUCTANCE_0402HP!INDUCTANCE!INDUCTANCE_0402HP-4.7NH_2%!INDUCTANCE!0402HP-4N7XGL_!
S!L4!0402HP-4N7XGL_!!17!!!!!!!2%!4.7nH!0402!INDUCTANCE_0402HP!INDUCTANCE!INDUCTANCE_0402HP-4.7NH_2%!INDUCTANCE!0402HP-4N7XGL_!
S!L5!0402HP-4N7XGL_!!7!!!!!!!2%!4.7nH!0402!INDUCTANCE_0402HP!INDUCTANCE!INDUCTANCE_0402HP-4.7NH_2%!INDUCTANCE!0402HP-4N7XGL_!
S!L1!MLZ2012DR10DT!CLOCK_MODULE!4!!!!!!!20%!0.10uH!0805!INDUCTANCE_0805!INDUCTANCE!INDUCTANCE_0805-0.10UH!INDUCTANCE!MLZ2012DR10DT!
S!L2!MLZ2012DR10DT!CLOCK_MODULE!56!!!!!!!20%!0.10uH!0805!INDUCTANCE_0805!INDUCTANCE!INDUCTANCE_0805-0.10UH!INDUCTANCE!MLZ2012DR10DT!
S!L3!MLZ2012DR10DT!CLOCK_MODULE!2!!!!!!!20%!0.10uH!0805!INDUCTANCE_0805!INDUCTANCE!INDUCTANCE_0805-0.10UH!INDUCTANCE!MLZ2012DR10DT!
S!U4!!SFP_1!!!!!!!TRUE!!!!MAX9381_UMAX!!!MAX9381_UMAX!!
S!U5!!SFP_2!!!!!!!TRUE!!!!MAX9381_UMAX!!!MAX9381_UMAX!!
S!U6!!SFP_3!!!!!!!TRUE!!!!MAX9381_UMAX!!!MAX9381_UMAX!!
S!U7!!SFP_7!!!!!!!TRUE!!!!MAX9381_UMAX!!!MAX9381_UMAX!!
S!U8!!SFP_6!!!!!!!TRUE!!!!MAX9381_UMAX!!!MAX9381_UMAX!!
S!U9!!SFP_5!!!!!!!TRUE!!!!MAX9381_UMAX!!!MAX9381_UMAX!!
S!U10!!SFP_4!!!!!!!TRUE!!!!MAX9381_UMAX!!!MAX9381_UMAX!!
S!U3!!!14!!!!!!TRUE!!!!MAX9381_UMAX!!!MAX9381_UMAX!!
S!R15!R0402_XX_1%_0.063W!!!!!!!!!1%!XX!0402!RSMD0402!RSMD0402!RSMD0402_0.0625W-XX,1%!RSMD0402!R0402_XX_1%_0.063W!
S!R21!R0402_XX_1%_0.063W!!!!!!!!!1%!XX!0402!RSMD0402!RSMD0402!RSMD0402_0.0625W-XX,1%!RSMD0402!R0402_XX_1%_0.063W!
S!R10!R0402_XX_1%_0.063W!!22!!!!!!!1%!XX!0402!RSMD0402!RSMD0402!RSMD0402_0.0625W-XX,1%!RSMD0402!R0402_XX_1%_0.063W!
S!R62!R0402_XX_1%_0.063W!!!!!!!!!1%!XX!0402!RSMD0402!RSMD0402!RSMD0402_0.0625W-XX,1%!RSMD0402!R0402_XX_1%_0.063W!
S!R201!R0402_XX_1%_0.063W!!!!!!!!!1%!XX!0402!RSMD0402!RSMD0402!RSMD0402_0.0625W-XX,1%!RSMD0402!R0402_XX_1%_0.063W!
S!R93!R0402_XX_1%_0.063W!!!!!!!!!1%!XX!0402!RSMD0402!RSMD0402!RSMD0402_0.0625W-XX,1%!RSMD0402!R0402_XX_1%_0.063W!
S!R94!R0402_XX_1%_0.063W!!!!!!!!!1%!XX!0402!RSMD0402!RSMD0402!RSMD0402_0.0625W-XX,1%!RSMD0402!R0402_XX_1%_0.063W!
S!R8!R0402_XX_1%_0.063W!!39!!!!!!!1%!XX!0402!RSMD0402!RSMD0402!RSMD0402_0.0625W-XX,1%!RSMD0402!R0402_XX_1%_0.063W!
S!R2!R0402_100R_1%_0.063W_200PPM!CLOCK_MODULE!13!!!!!!!1%!100!0402!RSMD0402_1/16W!RSMD0402!RSMD0402_1/16W-100,1%!RSMD0402!R0402_100R_1%_0.063W_200PPM!
S!R4!R0402_100R_1%_0.063W_200PPM!CLOCK_MODULE!8!!!!!!!1%!100!0402!RSMD0402_1/16W!RSMD0402!RSMD0402_1/16W-100,1%!RSMD0402!R0402_100R_1%_0.063W_200PPM!
S!R1!R0402_100R_1%_0.063W_200PPM!CDR!!!!!!!!1%!100!0402!RSMD0402_1/16W!RSMD0402!RSMD0402_1/16W-100,1%!RSMD0402!R0402_100R_1%_0.063W_200PPM!
S!R186!R0402_100R_1%_0.063W_200PPM!CDR!!!!!!!!1%!100!0402!RSMD0402_1/16W!RSMD0402!RSMD0402_1/16W-100,1%!RSMD0402!R0402_100R_1%_0.063W_200PPM!
S!R187!R0402_100R_1%_0.063W_200PPM!CDR!!!!!!!!1%!100!0402!RSMD0402_1/16W!RSMD0402!RSMD0402_1/16W-100,1%!RSMD0402!R0402_100R_1%_0.063W_200PPM!
S!R188!R0402_100R_1%_0.063W_200PPM!CDR!!!!!!!!1%!100!0402!RSMD0402_1/16W!RSMD0402!RSMD0402_1/16W-100,1%!RSMD0402!R0402_100R_1%_0.063W_200PPM!
S!R189!R0402_100R_1%_0.063W_200PPM!CDR!!!!!!!!1%!100!0402!RSMD0402_1/16W!RSMD0402!RSMD0402_1/16W-100,1%!RSMD0402!R0402_100R_1%_0.063W_200PPM!
S!R190!R0402_100R_1%_0.063W_200PPM!CDR!!!!!!!!1%!100!0402!RSMD0402_1/16W!RSMD0402!RSMD0402_1/16W-100,1%!RSMD0402!R0402_100R_1%_0.063W_200PPM!
S!R191!R0402_100R_1%_0.063W_200PPM!CDR!!!!!!!!1%!100!0402!RSMD0402_1/16W!RSMD0402!RSMD0402_1/16W-100,1%!RSMD0402!R0402_100R_1%_0.063W_200PPM!
S!R192!R0402_100R_1%_0.063W_200PPM!CDR!!!!!!!!1%!100!0402!RSMD0402_1/16W!RSMD0402!RSMD0402_1/16W-100,1%!RSMD0402!R0402_100R_1%_0.063W_200PPM!
S!R193!R0402_100R_1%_0.063W_200PPM!CDR!!!!!!!!1%!100!0402!RSMD0402_1/16W!RSMD0402!RSMD0402_1/16W-100,1%!RSMD0402!R0402_100R_1%_0.063W_200PPM!
S!R194!R0402_100R_1%_0.063W_200PPM!CDR!!!!!!!!1%!100!0402!RSMD0402_1/16W!RSMD0402!RSMD0402_1/16W-100,1%!RSMD0402!R0402_100R_1%_0.063W_200PPM!
S!R195!R0402_100R_1%_0.063W_200PPM!CDR!!!!!!!!1%!100!0402!RSMD0402_1/16W!RSMD0402!RSMD0402_1/16W-100,1%!RSMD0402!R0402_100R_1%_0.063W_200PPM!
S!R196!R0402_100R_1%_0.063W_200PPM!CDR!!!!!!!!1%!100!0402!RSMD0402_1/16W!RSMD0402!RSMD0402_1/16W-100,1%!RSMD0402!R0402_100R_1%_0.063W_200PPM!
S!R197!R0402_100R_1%_0.063W_200PPM!CDR!!!!!!!!1%!100!0402!RSMD0402_1/16W!RSMD0402!RSMD0402_1/16W-100,1%!RSMD0402!R0402_100R_1%_0.063W_200PPM!
S!R198!R0402_100R_1%_0.063W_200PPM!CDR!!!!!!!!1%!100!0402!RSMD0402_1/16W!RSMD0402!RSMD0402_1/16W-100,1%!RSMD0402!R0402_100R_1%_0.063W_200PPM!
S!R199!R0402_100R_1%_0.063W_200PPM!CDR!!!!!!!!1%!100!0402!RSMD0402_1/16W!RSMD0402!RSMD0402_1/16W-100,1%!RSMD0402!R0402_100R_1%_0.063W_200PPM!
S!R200!R0402_100R_1%_0.063W_200PPM!CDR!!!!!!!!1%!100!0402!RSMD0402_1/16W!RSMD0402!RSMD0402_1/16W-100,1%!RSMD0402!R0402_100R_1%_0.063W_200PPM!
S!R5!R0402_4K7_1%_0.063W_200PPM!CLOCK_MODULE!9!!!!!!!1%!4.7k!0402!RSMD0402_1/16W!RSMD0402!RSMD0402_1/16W-4.7K,1%!RSMD0402!R0402_4K7_1%_0.063W_200PPM!
S!R7!R0402_4K7_1%_0.063W_200PPM!CLOCK_MODULE!38!!!!!!!1%!4.7k!0402!RSMD0402_1/16W!RSMD0402!RSMD0402_1/16W-4.7K,1%!RSMD0402!R0402_4K7_1%_0.063W_200PPM!
S!R131!R0402_4K7_1%_0.063W_200PPM!I2C_TR_GEN!5!!!!!!!1%!4.7k!0402!RSMD0402_1/16W!RSMD0402!RSMD0402_1/16W-4.7K,1%!RSMD0402!R0402_4K7_1%_0.063W_200PPM!
S!R134!R0402_4K7_1%_0.063W_200PPM!I2C_TR_GEN!4!!!!!!!1%!4.7k!0402!RSMD0402_1/16W!RSMD0402!RSMD0402_1/16W-4.7K,1%!RSMD0402!R0402_4K7_1%_0.063W_200PPM!
S!R135!R0402_4K7_1%_0.063W_200PPM!I2C_TR_GEN!7!!!!!!!1%!4.7k!0402!RSMD0402_1/16W!RSMD0402!RSMD0402_1/16W-4.7K,1%!RSMD0402!R0402_4K7_1%_0.063W_200PPM!
S!R136!R0402_4K7_1%_0.063W_200PPM!I2C_TR_1!5!!!!!!!1%!4.7k!0402!RSMD0402_1/16W!RSMD0402!RSMD0402_1/16W-4.7K,1%!RSMD0402!R0402_4K7_1%_0.063W_200PPM!
S!R137!R0402_4K7_1%_0.063W_200PPM!I2C_TR_1!6!!!!!!!1%!4.7k!0402!RSMD0402_1/16W!RSMD0402!RSMD0402_1/16W-4.7K,1%!RSMD0402!R0402_4K7_1%_0.063W_200PPM!
S!R139!R0402_4K7_1%_0.063W_200PPM!I2C_TR_1!4!!!!!!!1%!4.7k!0402!RSMD0402_1/16W!RSMD0402!RSMD0402_1/16W-4.7K,1%!RSMD0402!R0402_4K7_1%_0.063W_200PPM!
S!R140!R0402_4K7_1%_0.063W_200PPM!I2C_TR_1!7!!!!!!!1%!4.7k!0402!RSMD0402_1/16W!RSMD0402!RSMD0402_1/16W-4.7K,1%!RSMD0402!R0402_4K7_1%_0.063W_200PPM!
S!R141!R0402_4K7_1%_0.063W_200PPM!I2C_TR_2!!!!!!!!1%!4.7k!0402!RSMD0402_1/16W!RSMD0402!RSMD0402_1/16W-4.7K,1%!RSMD0402!R0402_4K7_1%_0.063W_200PPM!
S!R142!R0402_4K7_1%_0.063W_200PPM!I2C_TR_2!!!!!!!!1%!4.7k!0402!RSMD0402_1/16W!RSMD0402!RSMD0402_1/16W-4.7K,1%!RSMD0402!R0402_4K7_1%_0.063W_200PPM!
S!R144!R0402_4K7_1%_0.063W_200PPM!I2C_TR_2!!!!!!!!1%!4.7k!0402!RSMD0402_1/16W!RSMD0402!RSMD0402_1/16W-4.7K,1%!RSMD0402!R0402_4K7_1%_0.063W_200PPM!
S!R145!R0402_4K7_1%_0.063W_200PPM!I2C_TR_2!!!!!!!!1%!4.7k!0402!RSMD0402_1/16W!RSMD0402!RSMD0402_1/16W-4.7K,1%!RSMD0402!R0402_4K7_1%_0.063W_200PPM!
S!R146!R0402_4K7_1%_0.063W_200PPM!I2C_TR_3!!!!!!!!1%!4.7k!0402!RSMD0402_1/16W!RSMD0402!RSMD0402_1/16W-4.7K,1%!RSMD0402!R0402_4K7_1%_0.063W_200PPM!
S!R147!R0402_4K7_1%_0.063W_200PPM!I2C_TR_3!!!!!!!!1%!4.7k!0402!RSMD0402_1/16W!RSMD0402!RSMD0402_1/16W-4.7K,1%!RSMD0402!R0402_4K7_1%_0.063W_200PPM!
S!R149!R0402_4K7_1%_0.063W_200PPM!I2C_TR_3!!!!!!!!1%!4.7k!0402!RSMD0402_1/16W!RSMD0402!RSMD0402_1/16W-4.7K,1%!RSMD0402!R0402_4K7_1%_0.063W_200PPM!
S!R150!R0402_4K7_1%_0.063W_200PPM!I2C_TR_3!!!!!!!!1%!4.7k!0402!RSMD0402_1/16W!RSMD0402!RSMD0402_1/16W-4.7K,1%!RSMD0402!R0402_4K7_1%_0.063W_200PPM!
S!R151!R0402_4K7_1%_0.063W_200PPM!I2C_TR_4!!!!!!!!1%!4.7k!0402!RSMD0402_1/16W!RSMD0402!RSMD0402_1/16W-4.7K,1%!RSMD0402!R0402_4K7_1%_0.063W_200PPM!
S!R152!R0402_4K7_1%_0.063W_200PPM!I2C_TR_4!!!!!!!!1%!4.7k!0402!RSMD0402_1/16W!RSMD0402!RSMD0402_1/16W-4.7K,1%!RSMD0402!R0402_4K7_1%_0.063W_200PPM!
S!R154!R0402_4K7_1%_0.063W_200PPM!I2C_TR_4!!!!!!!!1%!4.7k!0402!RSMD0402_1/16W!RSMD0402!RSMD0402_1/16W-4.7K,1%!RSMD0402!R0402_4K7_1%_0.063W_200PPM!
S!R155!R0402_4K7_1%_0.063W_200PPM!I2C_TR_4!!!!!!!!1%!4.7k!0402!RSMD0402_1/16W!RSMD0402!RSMD0402_1/16W-4.7K,1%!RSMD0402!R0402_4K7_1%_0.063W_200PPM!
S!R156!R0402_4K7_1%_0.063W_200PPM!I2C_TR_5!!!!!!!!1%!4.7k!0402!RSMD0402_1/16W!RSMD0402!RSMD0402_1/16W-4.7K,1%!RSMD0402!R0402_4K7_1%_0.063W_200PPM!
S!R157!R0402_4K7_1%_0.063W_200PPM!I2C_TR_5!!!!!!!!1%!4.7k!0402!RSMD0402_1/16W!RSMD0402!RSMD0402_1/16W-4.7K,1%!RSMD0402!R0402_4K7_1%_0.063W_200PPM!
S!R159!R0402_4K7_1%_0.063W_200PPM!I2C_TR_5!!!!!!!!1%!4.7k!0402!RSMD0402_1/16W!RSMD0402!RSMD0402_1/16W-4.7K,1%!RSMD0402!R0402_4K7_1%_0.063W_200PPM!
S!R160!R0402_4K7_1%_0.063W_200PPM!I2C_TR_5!!!!!!!!1%!4.7k!0402!RSMD0402_1/16W!RSMD0402!RSMD0402_1/16W-4.7K,1%!RSMD0402!R0402_4K7_1%_0.063W_200PPM!
S!R161!R0402_4K7_1%_0.063W_200PPM!I2C_TR_6!!!!!!!!1%!4.7k!0402!RSMD0402_1/16W!RSMD0402!RSMD0402_1/16W-4.7K,1%!RSMD0402!R0402_4K7_1%_0.063W_200PPM!
S!R162!R0402_4K7_1%_0.063W_200PPM!I2C_TR_6!!!!!!!!1%!4.7k!0402!RSMD0402_1/16W!RSMD0402!RSMD0402_1/16W-4.7K,1%!RSMD0402!R0402_4K7_1%_0.063W_200PPM!
S!R164!R0402_4K7_1%_0.063W_200PPM!I2C_TR_6!!!!!!!!1%!4.7k!0402!RSMD0402_1/16W!RSMD0402!RSMD0402_1/16W-4.7K,1%!RSMD0402!R0402_4K7_1%_0.063W_200PPM!
S!R165!R0402_4K7_1%_0.063W_200PPM!I2C_TR_6!!!!!!!!1%!4.7k!0402!RSMD0402_1/16W!RSMD0402!RSMD0402_1/16W-4.7K,1%!RSMD0402!R0402_4K7_1%_0.063W_200PPM!
S!R166!R0402_4K7_1%_0.063W_200PPM!I2C_TR_7!!!!!!!!1%!4.7k!0402!RSMD0402_1/16W!RSMD0402!RSMD0402_1/16W-4.7K,1%!RSMD0402!R0402_4K7_1%_0.063W_200PPM!
S!R167!R0402_4K7_1%_0.063W_200PPM!I2C_TR_7!!!!!!!!1%!4.7k!0402!RSMD0402_1/16W!RSMD0402!RSMD0402_1/16W-4.7K,1%!RSMD0402!R0402_4K7_1%_0.063W_200PPM!
S!R169!R0402_4K7_1%_0.063W_200PPM!I2C_TR_7!!!!!!!!1%!4.7k!0402!RSMD0402_1/16W!RSMD0402!RSMD0402_1/16W-4.7K,1%!RSMD0402!R0402_4K7_1%_0.063W_200PPM!
S!R170!R0402_4K7_1%_0.063W_200PPM!I2C_TR_7!!!!!!!!1%!4.7k!0402!RSMD0402_1/16W!RSMD0402!RSMD0402_1/16W-4.7K,1%!RSMD0402!R0402_4K7_1%_0.063W_200PPM!
S!R171!R0402_4K7_1%_0.063W_200PPM!I2C_TR_8!!!!!!!!1%!4.7k!0402!RSMD0402_1/16W!RSMD0402!RSMD0402_1/16W-4.7K,1%!RSMD0402!R0402_4K7_1%_0.063W_200PPM!
S!R172!R0402_4K7_1%_0.063W_200PPM!I2C_TR_8!!!!!!!!1%!4.7k!0402!RSMD0402_1/16W!RSMD0402!RSMD0402_1/16W-4.7K,1%!RSMD0402!R0402_4K7_1%_0.063W_200PPM!
S!R174!R0402_4K7_1%_0.063W_200PPM!I2C_TR_8!!!!!!!!1%!4.7k!0402!RSMD0402_1/16W!RSMD0402!RSMD0402_1/16W-4.7K,1%!RSMD0402!R0402_4K7_1%_0.063W_200PPM!
S!R175!R0402_4K7_1%_0.063W_200PPM!I2C_TR_8!!!!!!!!1%!4.7k!0402!RSMD0402_1/16W!RSMD0402!RSMD0402_1/16W-4.7K,1%!RSMD0402!R0402_4K7_1%_0.063W_200PPM!
S!R132!R0402_4K7_1%_0.063W_200PPM!I2C_TR_GEN!6!!!!!!!1%!4.7k!0402!RSMD0402_1/16W!RSMD0402!RSMD0402_1/16W-4.7K,1%!RSMD0402!R0402_4K7_1%_0.063W_200PPM!
S!R106!R0402_4K7_1%_0.063W_200PPM!SFP_7!!!!!!!!1%!4.7k!0402!RSMD0402_1/16W!RSMD0402!RSMD0402_1/16W-4.7K,1%!RSMD0402!R0402_4K7_1%_0.063W_200PPM!
S!R109!R0402_4K7_1%_0.063W_200PPM!SFP_6!!!!!!!!1%!4.7k!0402!RSMD0402_1/16W!RSMD0402!RSMD0402_1/16W-4.7K,1%!RSMD0402!R0402_4K7_1%_0.063W_200PPM!
S!R110!R0402_4K7_1%_0.063W_200PPM!SFP_6!!!!!!!!1%!4.7k!0402!RSMD0402_1/16W!RSMD0402!RSMD0402_1/16W-4.7K,1%!RSMD0402!R0402_4K7_1%_0.063W_200PPM!
S!R111!R0402_4K7_1%_0.063W_200PPM!SFP_6!!!!!!!!1%!4.7k!0402!RSMD0402_1/16W!RSMD0402!RSMD0402_1/16W-4.7K,1%!RSMD0402!R0402_4K7_1%_0.063W_200PPM!
S!R112!R0402_4K7_1%_0.063W_200PPM!SFP_6!!!!!!!!1%!4.7k!0402!RSMD0402_1/16W!RSMD0402!RSMD0402_1/16W-4.7K,1%!RSMD0402!R0402_4K7_1%_0.063W_200PPM!
S!R113!R0402_4K7_1%_0.063W_200PPM!SFP_6!!!!!!!!1%!4.7k!0402!RSMD0402_1/16W!RSMD0402!RSMD0402_1/16W-4.7K,1%!RSMD0402!R0402_4K7_1%_0.063W_200PPM!
S!R114!R0402_4K7_1%_0.063W_200PPM!SFP_6!!!!!!!!1%!4.7k!0402!RSMD0402_1/16W!RSMD0402!RSMD0402_1/16W-4.7K,1%!RSMD0402!R0402_4K7_1%_0.063W_200PPM!
S!R117!R0402_4K7_1%_0.063W_200PPM!SFP_5!!!!!!!!1%!4.7k!0402!RSMD0402_1/16W!RSMD0402!RSMD0402_1/16W-4.7K,1%!RSMD0402!R0402_4K7_1%_0.063W_200PPM!
S!R118!R0402_4K7_1%_0.063W_200PPM!SFP_5!!!!!!!!1%!4.7k!0402!RSMD0402_1/16W!RSMD0402!RSMD0402_1/16W-4.7K,1%!RSMD0402!R0402_4K7_1%_0.063W_200PPM!
S!R119!R0402_4K7_1%_0.063W_200PPM!SFP_5!!!!!!!!1%!4.7k!0402!RSMD0402_1/16W!RSMD0402!RSMD0402_1/16W-4.7K,1%!RSMD0402!R0402_4K7_1%_0.063W_200PPM!
S!R120!R0402_4K7_1%_0.063W_200PPM!SFP_5!!!!!!!!1%!4.7k!0402!RSMD0402_1/16W!RSMD0402!RSMD0402_1/16W-4.7K,1%!RSMD0402!R0402_4K7_1%_0.063W_200PPM!
S!R121!R0402_4K7_1%_0.063W_200PPM!SFP_5!!!!!!!!1%!4.7k!0402!RSMD0402_1/16W!RSMD0402!RSMD0402_1/16W-4.7K,1%!RSMD0402!R0402_4K7_1%_0.063W_200PPM!
S!R122!R0402_4K7_1%_0.063W_200PPM!SFP_5!!!!!!!!1%!4.7k!0402!RSMD0402_1/16W!RSMD0402!RSMD0402_1/16W-4.7K,1%!RSMD0402!R0402_4K7_1%_0.063W_200PPM!
S!R125!R0402_4K7_1%_0.063W_200PPM!SFP_4!!!!!!!!1%!4.7k!0402!RSMD0402_1/16W!RSMD0402!RSMD0402_1/16W-4.7K,1%!RSMD0402!R0402_4K7_1%_0.063W_200PPM!
S!R126!R0402_4K7_1%_0.063W_200PPM!SFP_4!!!!!!!!1%!4.7k!0402!RSMD0402_1/16W!RSMD0402!RSMD0402_1/16W-4.7K,1%!RSMD0402!R0402_4K7_1%_0.063W_200PPM!
S!R127!R0402_4K7_1%_0.063W_200PPM!SFP_4!!!!!!!!1%!4.7k!0402!RSMD0402_1/16W!RSMD0402!RSMD0402_1/16W-4.7K,1%!RSMD0402!R0402_4K7_1%_0.063W_200PPM!
S!R128!R0402_4K7_1%_0.063W_200PPM!SFP_4!!!!!!!!1%!4.7k!0402!RSMD0402_1/16W!RSMD0402!RSMD0402_1/16W-4.7K,1%!RSMD0402!R0402_4K7_1%_0.063W_200PPM!
S!R129!R0402_4K7_1%_0.063W_200PPM!SFP_4!!!!!!!!1%!4.7k!0402!RSMD0402_1/16W!RSMD0402!RSMD0402_1/16W-4.7K,1%!RSMD0402!R0402_4K7_1%_0.063W_200PPM!
S!R130!R0402_4K7_1%_0.063W_200PPM!SFP_4!!!!!!!!1%!4.7k!0402!RSMD0402_1/16W!RSMD0402!RSMD0402_1/16W-4.7K,1%!RSMD0402!R0402_4K7_1%_0.063W_200PPM!
S!R36!R0402_4K7_1%_0.063W_200PPM!SFP_1!!!!!!!!1%!4.7k!0402!RSMD0402_1/16W!RSMD0402!RSMD0402_1/16W-4.7K,1%!RSMD0402!R0402_4K7_1%_0.063W_200PPM!
S!R37!R0402_4K7_1%_0.063W_200PPM!SFP_1!!!!!!!!1%!4.7k!0402!RSMD0402_1/16W!RSMD0402!RSMD0402_1/16W-4.7K,1%!RSMD0402!R0402_4K7_1%_0.063W_200PPM!
S!R38!R0402_4K7_1%_0.063W_200PPM!SFP_1!!!!!!!!1%!4.7k!0402!RSMD0402_1/16W!RSMD0402!RSMD0402_1/16W-4.7K,1%!RSMD0402!R0402_4K7_1%_0.063W_200PPM!
S!R39!R0402_4K7_1%_0.063W_200PPM!SFP_1!!!!!!!!1%!4.7k!0402!RSMD0402_1/16W!RSMD0402!RSMD0402_1/16W-4.7K,1%!RSMD0402!R0402_4K7_1%_0.063W_200PPM!
S!R40!R0402_4K7_1%_0.063W_200PPM!SFP_1!!!!!!!!1%!4.7k!0402!RSMD0402_1/16W!RSMD0402!RSMD0402_1/16W-4.7K,1%!RSMD0402!R0402_4K7_1%_0.063W_200PPM!
S!R41!R0402_4K7_1%_0.063W_200PPM!SFP_1!!!!!!!!1%!4.7k!0402!RSMD0402_1/16W!RSMD0402!RSMD0402_1/16W-4.7K,1%!RSMD0402!R0402_4K7_1%_0.063W_200PPM!
S!R44!R0402_4K7_1%_0.063W_200PPM!SFP_2!!!!!!!!1%!4.7k!0402!RSMD0402_1/16W!RSMD0402!RSMD0402_1/16W-4.7K,1%!RSMD0402!R0402_4K7_1%_0.063W_200PPM!
S!R45!R0402_4K7_1%_0.063W_200PPM!SFP_2!!!!!!!!1%!4.7k!0402!RSMD0402_1/16W!RSMD0402!RSMD0402_1/16W-4.7K,1%!RSMD0402!R0402_4K7_1%_0.063W_200PPM!
S!R46!R0402_4K7_1%_0.063W_200PPM!SFP_2!!!!!!!!1%!4.7k!0402!RSMD0402_1/16W!RSMD0402!RSMD0402_1/16W-4.7K,1%!RSMD0402!R0402_4K7_1%_0.063W_200PPM!
S!R47!R0402_4K7_1%_0.063W_200PPM!SFP_2!!!!!!!!1%!4.7k!0402!RSMD0402_1/16W!RSMD0402!RSMD0402_1/16W-4.7K,1%!RSMD0402!R0402_4K7_1%_0.063W_200PPM!
S!R48!R0402_4K7_1%_0.063W_200PPM!SFP_2!!!!!!!!1%!4.7k!0402!RSMD0402_1/16W!RSMD0402!RSMD0402_1/16W-4.7K,1%!RSMD0402!R0402_4K7_1%_0.063W_200PPM!
S!R49!R0402_4K7_1%_0.063W_200PPM!SFP_2!!!!!!!!1%!4.7k!0402!RSMD0402_1/16W!RSMD0402!RSMD0402_1/16W-4.7K,1%!RSMD0402!R0402_4K7_1%_0.063W_200PPM!
S!R52!R0402_4K7_1%_0.063W_200PPM!SFP_3!!!!!!!!1%!4.7k!0402!RSMD0402_1/16W!RSMD0402!RSMD0402_1/16W-4.7K,1%!RSMD0402!R0402_4K7_1%_0.063W_200PPM!
S!R53!R0402_4K7_1%_0.063W_200PPM!SFP_3!!!!!!!!1%!4.7k!0402!RSMD0402_1/16W!RSMD0402!RSMD0402_1/16W-4.7K,1%!RSMD0402!R0402_4K7_1%_0.063W_200PPM!
S!R54!R0402_4K7_1%_0.063W_200PPM!SFP_3!!!!!!!!1%!4.7k!0402!RSMD0402_1/16W!RSMD0402!RSMD0402_1/16W-4.7K,1%!RSMD0402!R0402_4K7_1%_0.063W_200PPM!
S!R55!R0402_4K7_1%_0.063W_200PPM!SFP_3!!!!!!!!1%!4.7k!0402!RSMD0402_1/16W!RSMD0402!RSMD0402_1/16W-4.7K,1%!RSMD0402!R0402_4K7_1%_0.063W_200PPM!
S!R56!R0402_4K7_1%_0.063W_200PPM!SFP_3!!!!!!!!1%!4.7k!0402!RSMD0402_1/16W!RSMD0402!RSMD0402_1/16W-4.7K,1%!RSMD0402!R0402_4K7_1%_0.063W_200PPM!
S!R57!R0402_4K7_1%_0.063W_200PPM!SFP_3!!!!!!!!1%!4.7k!0402!RSMD0402_1/16W!RSMD0402!RSMD0402_1/16W-4.7K,1%!RSMD0402!R0402_4K7_1%_0.063W_200PPM!
S!R101!R0402_4K7_1%_0.063W_200PPM!SFP_7!!!!!!!!1%!4.7k!0402!RSMD0402_1/16W!RSMD0402!RSMD0402_1/16W-4.7K,1%!RSMD0402!R0402_4K7_1%_0.063W_200PPM!
S!R102!R0402_4K7_1%_0.063W_200PPM!SFP_7!!!!!!!!1%!4.7k!0402!RSMD0402_1/16W!RSMD0402!RSMD0402_1/16W-4.7K,1%!RSMD0402!R0402_4K7_1%_0.063W_200PPM!
S!R103!R0402_4K7_1%_0.063W_200PPM!SFP_7!!!!!!!!1%!4.7k!0402!RSMD0402_1/16W!RSMD0402!RSMD0402_1/16W-4.7K,1%!RSMD0402!R0402_4K7_1%_0.063W_200PPM!
S!R104!R0402_4K7_1%_0.063W_200PPM!SFP_7!!!!!!!!1%!4.7k!0402!RSMD0402_1/16W!RSMD0402!RSMD0402_1/16W-4.7K,1%!RSMD0402!R0402_4K7_1%_0.063W_200PPM!
S!R105!R0402_4K7_1%_0.063W_200PPM!SFP_7!!!!!!!!1%!4.7k!0402!RSMD0402_1/16W!RSMD0402!RSMD0402_1/16W-4.7K,1%!RSMD0402!R0402_4K7_1%_0.063W_200PPM!
S!R3!R0402_4K7_1%_0.063W_200PPM!CLOCK_MODULE!12!!!!!!!1%!4.7k!0402!RSMD0402_1/16W!RSMD0402!RSMD0402_1/16W-4.7K,1%!RSMD0402!R0402_4K7_1%_0.063W_200PPM!
S!R6!R0402_4K7_1%_0.063W_200PPM!CLOCK_MODULE!48!!!!!!!1%!4.7k!0402!RSMD0402_1/16W!RSMD0402!RSMD0402_1/16W-4.7K,1%!RSMD0402!R0402_4K7_1%_0.063W_200PPM!
S!R9!R0402_4K7_1%_0.063W_200PPM!CLOCK_MODULE!21!!!!!!!1%!4.7k!0402!RSMD0402_1/16W!RSMD0402!RSMD0402_1/16W-4.7K,1%!RSMD0402!R0402_4K7_1%_0.063W_200PPM!
S!R11!R0402_4K7_1%_0.063W_200PPM!!40!!!!!!!1%!4.7k!0402!RSMD0402_1/16W!RSMD0402!RSMD0402_1/16W-4.7K,1%!RSMD0402!R0402_4K7_1%_0.063W_200PPM!
S!R24!R0402_4K7_1%_0.063W_200PPM!!19!!!!!!!1%!4.7k!0402!RSMD0402_1/16W!RSMD0402!RSMD0402_1/16W-4.7K,1%!RSMD0402!R0402_4K7_1%_0.063W_200PPM!
S!R25!R0402_4K7_1%_0.063W_200PPM!!12!!!!!!!1%!4.7k!0402!RSMD0402_1/16W!RSMD0402!RSMD0402_1/16W-4.7K,1%!RSMD0402!R0402_4K7_1%_0.063W_200PPM!
S!R26!R0402_4K7_1%_0.063W_200PPM!!22!!!!!!!1%!4.7k!0402!RSMD0402_1/16W!RSMD0402!RSMD0402_1/16W-4.7K,1%!RSMD0402!R0402_4K7_1%_0.063W_200PPM!
S!R27!R0402_4K7_1%_0.063W_200PPM!!20!!!!!!!1%!4.7k!0402!RSMD0402_1/16W!RSMD0402!RSMD0402_1/16W-4.7K,1%!RSMD0402!R0402_4K7_1%_0.063W_200PPM!
S!R28!R0402_4K7_1%_0.063W_200PPM!!21!!!!!!!1%!4.7k!0402!RSMD0402_1/16W!RSMD0402!RSMD0402_1/16W-4.7K,1%!RSMD0402!R0402_4K7_1%_0.063W_200PPM!
S!R29!R0402_4K7_1%_0.063W_200PPM!!13!!!!!!!1%!4.7k!0402!RSMD0402_1/16W!RSMD0402!RSMD0402_1/16W-4.7K,1%!RSMD0402!R0402_4K7_1%_0.063W_200PPM!
S!R100!R0402_51R_1%_0.063W_200PPM!SFP_7!!!!!!!!1%!51!0402!RSMD0402_1/16W!RSMD0402!RSMD0402_1/16W-51,1%!RSMD0402!R0402_51R_1%_0.063W_200PPM!
S!R107!R0402_51R_1%_0.063W_200PPM!SFP_6!!!!!!!!1%!51!0402!RSMD0402_1/16W!RSMD0402!RSMD0402_1/16W-51,1%!RSMD0402!R0402_51R_1%_0.063W_200PPM!
S!R108!R0402_51R_1%_0.063W_200PPM!SFP_6!!!!!!!!1%!51!0402!RSMD0402_1/16W!RSMD0402!RSMD0402_1/16W-51,1%!RSMD0402!R0402_51R_1%_0.063W_200PPM!
S!R115!R0402_51R_1%_0.063W_200PPM!SFP_5!!!!!!!!1%!51!0402!RSMD0402_1/16W!RSMD0402!RSMD0402_1/16W-51,1%!RSMD0402!R0402_51R_1%_0.063W_200PPM!
S!R116!R0402_51R_1%_0.063W_200PPM!SFP_5!!!!!!!!1%!51!0402!RSMD0402_1/16W!RSMD0402!RSMD0402_1/16W-51,1%!RSMD0402!R0402_51R_1%_0.063W_200PPM!
S!R123!R0402_51R_1%_0.063W_200PPM!SFP_4!!!!!!!!1%!51!0402!RSMD0402_1/16W!RSMD0402!RSMD0402_1/16W-51,1%!RSMD0402!R0402_51R_1%_0.063W_200PPM!
S!R124!R0402_51R_1%_0.063W_200PPM!SFP_4!!!!!!!!1%!51!0402!RSMD0402_1/16W!RSMD0402!RSMD0402_1/16W-51,1%!RSMD0402!R0402_51R_1%_0.063W_200PPM!
S!R34!R0402_51R_1%_0.063W_200PPM!SFP_1!!!!!!!!1%!51!0402!RSMD0402_1/16W!RSMD0402!RSMD0402_1/16W-51,1%!RSMD0402!R0402_51R_1%_0.063W_200PPM!
S!R35!R0402_51R_1%_0.063W_200PPM!SFP_1!!!!!!!!1%!51!0402!RSMD0402_1/16W!RSMD0402!RSMD0402_1/16W-51,1%!RSMD0402!R0402_51R_1%_0.063W_200PPM!
S!R42!R0402_51R_1%_0.063W_200PPM!SFP_2!!!!!!!!1%!51!0402!RSMD0402_1/16W!RSMD0402!RSMD0402_1/16W-51,1%!RSMD0402!R0402_51R_1%_0.063W_200PPM!
S!R43!R0402_51R_1%_0.063W_200PPM!SFP_2!!!!!!!!1%!51!0402!RSMD0402_1/16W!RSMD0402!RSMD0402_1/16W-51,1%!RSMD0402!R0402_51R_1%_0.063W_200PPM!
S!R50!R0402_51R_1%_0.063W_200PPM!SFP_3!!!!!!!!1%!51!0402!RSMD0402_1/16W!RSMD0402!RSMD0402_1/16W-51,1%!RSMD0402!R0402_51R_1%_0.063W_200PPM!
S!R51!R0402_51R_1%_0.063W_200PPM!SFP_3!!!!!!!!1%!51!0402!RSMD0402_1/16W!RSMD0402!RSMD0402_1/16W-51,1%!RSMD0402!R0402_51R_1%_0.063W_200PPM!
S!R99!R0402_51R_1%_0.063W_200PPM!SFP_7!!!!!!!!1%!51!0402!RSMD0402_1/16W!RSMD0402!RSMD0402_1/16W-51,1%!RSMD0402!R0402_51R_1%_0.063W_200PPM!
S!R22!R0402_51R_1%_0.063W_200PPM!!15!!!!!!!1%!51!0402!RSMD0402_1/16W!RSMD0402!RSMD0402_1/16W-51,1%!RSMD0402!R0402_51R_1%_0.063W_200PPM!
S!R23!R0402_51R_1%_0.063W_200PPM!!16!!!!!!!1%!51!0402!RSMD0402_1/16W!RSMD0402!RSMD0402_1/16W-51,1%!RSMD0402!R0402_51R_1%_0.063W_200PPM!
S!TP10!TP_HOLE_0.8mm!!!!!!!!!!!_!TP_HOLE!TP!TP_HOLE-0.8MM!TP!TP_HOLE_0.8mm!
S!SFP2!2007132-1!!!!!!!!!!!4SFP_CAGE!SFP_CAGE_X4!SFP_CAGE_X4!TYCO_2007132!SFP_CAGE_X4!2007132-1!
S!SFP1!2007132-1!!4!!!!!!!!!4SFP_CAGE!SFP_CAGE_X4!SFP_CAGE_X4!TYCO_2007132!SFP_CAGE_X4!2007132-1!
