(---------------------------------------------------------------------)
(                                                                     )
(    Refresh Padstack                                                 )
(                                                                     )
(    Drawing          : pc065c_fibv2_toplevel_28.brd                  )
(    Software Version : 17.4S011                                      )
(    Date/Time        : Mon Jun  3 10:56:48 2024                      )
(                                                                     )
(---------------------------------------------------------------------)


Mon Jun  3 10:56:48 2024				Page     1


------ Pad Stack Refresh Options ------

Input design  = '//ppfs6.physics.ox.ac.uk/CEG/Central Electronics/Projects/Hastingsp/DUNE/uob-hep-pc065/design_files/worklib/pc065~
b_fibv2_toplevel/physical/pc065c_fibv2_toplevel_28.brd'
Output design = ''
Reset symbol text and size locations   = 'NO'


------ Library Paths ------
PSMPATH =  //ppfs6.physics.ox.ac.uk/CEG/Central Electronics/Projects/Hastingsp/mu3e/dev/worklib/top/physical 
           . 
           .. 
           Y:/Users/CEG/Central Electronics/Projects/Hastingsp/SLHC/Potting Wirebond Tests/footprints/ 
           Y:/Users/CEG/Central Electronics/Projects/Hastingsp/SLHC/130nm Double Sided Tape Designs Jan 2018/footprints/ 
           Y:/users/CEG/CEG_Software/Cadence/Shared_Libraries/V16_5/symbols/ 
           Y:/users/CEG/CEG_Software/Cadence/Shared_Libraries/V16_5/formats/ 

PADPATH =  . 
           .. 
           //ppfs6.physics.ox.ac.uk/CEG/Central Electronics/Projects/Hastingsp/mu3e/dev/worklib/top/physical 
           //ppfs6.physics.ox.ac.uk/CEG/CEG_Software/Cadence/Shared_Libraries/V16_5/pads 
           Y:/Users/CEG/Central Electronics/Projects/Hastingsp/SLHC/130nm Double Sided Tape Designs Jan 2018/footprints/ 
           Y:/users/CEG/CEG_Software/Cadence/Shared_Libraries/V16_5/pads/ 


------ Pad Stack Refresh Messages ------

'VIA22RD0-3D_OPEN'  pad stack refresh starting.

     'VIA22RD0-3D_OPEN'  pad stack refreshed successfully.
     
'V1020020008P0200'  pad stack refresh starting.

     'V1020020008P0200'  pad stack refreshed successfully.
     
'V1020020008P0300'  pad stack refresh starting.

     'V1020020008P0300'  pad stack refreshed successfully.
     
'R1081159000P0240'  pad stack refresh starting.

     'R1081159000P0240'  pad stack refreshed successfully.
     
'O1009024000P0204'  pad stack refresh starting.

     'O1009024000P0204'  pad stack refreshed successfully.
     
'PAD4_5RD2-7DN'  pad stack refresh starting.

     'PAD4_5RD2-7DN'  pad stack refreshed successfully.
     
'SQUARE_0_6MM'  pad stack refresh starting.

     'SQUARE_0_6MM'  pad stack refreshed successfully.
     
'RECT_0_5X0_4MM'  pad stack refresh starting.

     'RECT_0_5X0_4MM'  pad stack refreshed successfully.
     
'RX28Y9D0T'  pad stack refresh starting.

     'RX28Y9D0T'  pad stack refreshed successfully.
     
'R120_90'  pad stack refresh starting.

     'R120_90'  pad stack refreshed successfully.
     
'RT_15X75'  pad stack refresh starting.

     'RT_15X75'  pad stack refreshed successfully.
     
'RT_75X15'  pad stack refresh starting.

     'RT_75X15'  pad stack refreshed successfully.
     
'C64P89'  pad stack refresh starting.

     'C64P89'  pad stack refreshed successfully.
     
'VIA22RD0-3D'  pad stack refresh starting.

     'VIA22RD0-3D'  pad stack refreshed successfully.
     
'VIA'  pad stack refresh starting.

     'VIA'  pad stack refreshed successfully.
     
'MTG270'  pad stack refresh starting.

     'MTG270'  pad stack refreshed successfully.
     
'C170H100'  pad stack refresh starting.

     'C170H100'  pad stack refreshed successfully.
     
'C100HN155'  pad stack refresh starting.

     'C100HN155'  pad stack refreshed successfully.
     
'C175H105_PF'  pad stack refresh starting.

     'C175H105_PF'  pad stack refreshed successfully.
     
'C165H95_PF'  pad stack refresh starting.

     'C165H95_PF'  pad stack refreshed successfully.
     
'T_N95_145_M145'  pad stack refresh starting.

     'T_N95_145_M145'  pad stack refreshed successfully.
     
'T_Q105_157_M157'  pad stack refresh starting.

     'T_Q105_157_M157'  pad stack refreshed successfully.
     
'M180'  pad stack refresh starting.

     'M180'  pad stack refreshed successfully.
     
'PAD64RD0-9D'  pad stack refresh starting.

     'PAD64RD0-9D'  pad stack refreshed successfully.
     
'VIA26RD0-3D'  pad stack refresh starting.
Mon Jun  3 10:56:48 2024				Page     2



     WARNING(SPMHGE-126): Cannot load padstack: 'VIA26RD0-3D'.
     
'VIA23RD0-3D'  pad stack refresh starting.

     'VIA23RD0-3D'  pad stack refreshed successfully.
     
'VIA40RD0-5D'  pad stack refresh starting.

     'VIA40RD0-5D'  pad stack refreshed successfully.
     
'VIA36RD0-4D'  pad stack refresh starting.

     'VIA36RD0-4D'  pad stack refreshed successfully.
     
'HOBL126X62'  pad stack refresh starting.

     'HOBL126X62'  pad stack refreshed successfully.
     
'HOBL144X62'  pad stack refresh starting.

     'HOBL144X62'  pad stack refreshed successfully.
     
'HOBL210X90'  pad stack refresh starting.

     'HOBL210X90'  pad stack refreshed successfully.
     
'HOBL270X90'  pad stack refresh starting.

     'HOBL270X90'  pad stack refreshed successfully.
     
'C160H90'  pad stack refresh starting.

     'C160H90'  pad stack refreshed successfully.
     
'C100HN325'  pad stack refresh starting.

     'C100HN325'  pad stack refreshed successfully.
     
'HOLE3-0N'  pad stack refresh starting.

     'HOLE3-0N'  pad stack refreshed successfully.
     
'HOLE2-5N'  pad stack refresh starting.

     'HOLE2-5N'  pad stack refreshed successfully.
     
'HOLE2-0N'  pad stack refresh starting.

     'HOLE2-0N'  pad stack refreshed successfully.
     
'PAD80RD1-3D'  pad stack refresh starting.

     'PAD80RD1-3D'  pad stack refreshed successfully.
     
'P60_XOFF'  pad stack refresh starting.

     'P60_XOFF'  pad stack refreshed successfully.
     
'P80'  pad stack refresh starting.

     'P80'  pad stack refreshed successfully.
     
'PAD250'  pad stack refresh starting.

     'PAD250'  pad stack refreshed successfully.
     
'PAD64SQ0-9D'  pad stack refresh starting.

     'PAD64SQ0-9D'  pad stack refreshed successfully.
     
'PAD68SQ1-0D'  pad stack refresh starting.

     'PAD68SQ1-0D'  pad stack refreshed successfully.
     
'PAD68RD1-0D'  pad stack refresh starting.

     'PAD68RD1-0D'  pad stack refreshed successfully.
     
'PAD84SQ1-4D'  pad stack refresh starting.

     'PAD84SQ1-4D'  pad stack refreshed successfully.
     
'C50HN100'  pad stack refresh starting.

     'C50HN100'  pad stack refreshed successfully.
     
'C100HN130'  pad stack refresh starting.

     'C100HN130'  pad stack refreshed successfully.
     
'PAD72RD1-1D'  pad stack refresh starting.

     'PAD72RD1-1D'  pad stack refreshed successfully.
     
'PAD72SQ1-1D'  pad stack refresh starting.

     'PAD72SQ1-1D'  pad stack refreshed successfully.
     
'PGA_SQ'  pad stack refresh starting.

     'PGA_SQ'  pad stack refreshed successfully.
     
'PGA'  pad stack refresh starting.

     'PGA'  pad stack refreshed successfully.
     
'P90'  pad stack refresh starting.

     'P90'  pad stack refreshed successfully.
     Mon Jun  3 10:56:48 2024				Page     3


     
'C230H160'  pad stack refresh starting.

     'C230H160'  pad stack refreshed successfully.
     
'R100_50'  pad stack refresh starting.

     'R100_50'  pad stack refreshed successfully.
     
'R100_80'  pad stack refresh starting.

     'R100_80'  pad stack refreshed successfully.
     
'R220_105'  pad stack refresh starting.

     'R220_105'  pad stack refreshed successfully.
     
'R105_100'  pad stack refresh starting.

     'R105_100'  pad stack refreshed successfully.
     
'SMD1800UX2500U'  pad stack refresh starting.

     'SMD1800UX2500U'  pad stack refreshed successfully.
     
'SMD13X30'  pad stack refresh starting.

     'SMD13X30'  pad stack refreshed successfully.
     
'20X60UM_ROUNDED'  pad stack refresh starting.

     '20X60UM_ROUNDED'  pad stack refreshed successfully.
     
'20X70UM_ROUNDED'  pad stack refresh starting.

     '20X70UM_ROUNDED'  pad stack refreshed successfully.
     
'S225'  pad stack refresh starting.

     'S225'  pad stack refreshed successfully.
     
'S325'  pad stack refresh starting.

     'S325'  pad stack refreshed successfully.
     
'R80_25'  pad stack refresh starting.

     'R80_25'  pad stack refreshed successfully.
     
'S160'  pad stack refresh starting.

     'S160'  pad stack refreshed successfully.
     
'R85_25'  pad stack refresh starting.

     'R85_25'  pad stack refreshed successfully.
     
'R145_120'  pad stack refresh starting.

     'R145_120'  pad stack refreshed successfully.
     
'RT_26X14'  pad stack refresh starting.

     'RT_26X14'  pad stack refreshed successfully.
     
'R200_50'  pad stack refresh starting.

     'R200_50'  pad stack refreshed successfully.
     
'R200_180'  pad stack refresh starting.

     'R200_180'  pad stack refreshed successfully.
     
'SMD2100UX1600U'  pad stack refresh starting.

     'SMD2100UX1600U'  pad stack refreshed successfully.
     
'SMD600UX350U'  pad stack refresh starting.

     'SMD600UX350U'  pad stack refreshed successfully.
     
'S530_NOSM'  pad stack refresh starting.

     'S530_NOSM'  pad stack refreshed successfully.
     
'S320'  pad stack refresh starting.

     'S320'  pad stack refreshed successfully.
     
'R80_30'  pad stack refresh starting.

     'R80_30'  pad stack refreshed successfully.
     
'C216'  pad stack refresh starting.

     'C216'  pad stack refreshed successfully.
     
'S530'  pad stack refresh starting.

     'S530'  pad stack refreshed successfully.
     
'R85_30'  pad stack refresh starting.

     'R85_30'  pad stack refreshed successfully.
     
'S185'  pad stack refresh starting.

     'S185'  pad stack refreshed successfully.
     
'R75_30'  pad stack refresh starting.
Mon Jun  3 10:56:48 2024				Page     4



     'R75_30'  pad stack refreshed successfully.
     
'NULL'  pad stack refresh starting.

     'NULL'  pad stack refreshed successfully.
     
'C65'  pad stack refresh starting.

     'C65'  pad stack refreshed successfully.
     
'C50'  pad stack refresh starting.

     'C50'  pad stack refreshed successfully.
     
'RTM_27X12'  pad stack refresh starting.

     'RTM_27X12'  pad stack refreshed successfully.
     
'SMD25X20'  pad stack refresh starting.

     'SMD25X20'  pad stack refreshed successfully.
     
'SQM_10'  pad stack refresh starting.

     'SQM_10'  pad stack refreshed successfully.
     
'RTM_20X10'  pad stack refresh starting.

     'RTM_20X10'  pad stack refreshed successfully.
     
'RT_50X125'  pad stack refresh starting.

     'RT_50X125'  pad stack refreshed successfully.
     
'RT_45X75'  pad stack refresh starting.

     'RT_45X75'  pad stack refreshed successfully.
     
'SMD130X60'  pad stack refresh starting.

     'SMD130X60'  pad stack refreshed successfully.
     
'SMD40X60'  pad stack refresh starting.

     'SMD40X60'  pad stack refreshed successfully.
     
'R240_160'  pad stack refresh starting.

     'R240_160'  pad stack refreshed successfully.
     
'R90_30'  pad stack refresh starting.

     'R90_30'  pad stack refreshed successfully.
     
'R190_185'  pad stack refresh starting.

     'R190_185'  pad stack refreshed successfully.
     
'R180_120'  pad stack refresh starting.

     'R180_120'  pad stack refreshed successfully.
     
'R100_70'  pad stack refresh starting.

     'R100_70'  pad stack refreshed successfully.
     
'R115_60'  pad stack refresh starting.

     'R115_60'  pad stack refreshed successfully.
     
'SMD25X30'  pad stack refresh starting.

     'SMD25X30'  pad stack refreshed successfully.
     
'R85_45'  pad stack refresh starting.

     'R85_45'  pad stack refreshed successfully.
     
'SMD1000UX200U'  pad stack refresh starting.

     'SMD1000UX200U'  pad stack refreshed successfully.
     
'R150_45'  pad stack refresh starting.

     'R150_45'  pad stack refreshed successfully.
     
'R205_24'  pad stack refresh starting.

     'R205_24'  pad stack refreshed successfully.
     
'RTM_14X12'  pad stack refresh starting.

     'RTM_14X12'  pad stack refreshed successfully.
     
'S60X160'  pad stack refresh starting.

     'S60X160'  pad stack refreshed successfully.
     
'S60X200'  pad stack refresh starting.

     'S60X200'  pad stack refreshed successfully.
     
'R235_28'  pad stack refresh starting.

     'R235_28'  pad stack refreshed successfully.
     
'R105_70'  pad stack refresh starting.

     'R105_70'  pad stack refreshed successfully.
     Mon Jun  3 10:56:48 2024				Page     5


     
'RTM_20X13'  pad stack refresh starting.

     'RTM_20X13'  pad stack refreshed successfully.
     
'R165_65'  pad stack refresh starting.

     'R165_65'  pad stack refreshed successfully.
     
'RTM_220X60'  pad stack refresh starting.

     'RTM_220X60'  pad stack refreshed successfully.
     
'OBL_09X03'  pad stack refresh starting.

     'OBL_09X03'  pad stack refreshed successfully.
     
'SQM_06'  pad stack refresh starting.

     'SQM_06'  pad stack refreshed successfully.
     
'R160_60'  pad stack refresh starting.

     'R160_60'  pad stack refreshed successfully.
     
'RT_15X70'  pad stack refresh starting.

     'RT_15X70'  pad stack refreshed successfully.
     
'RTM_10X09'  pad stack refresh starting.

     'RTM_10X09'  pad stack refreshed successfully.
     
'RT_25X75'  pad stack refresh starting.

     'RT_25X75'  pad stack refreshed successfully.
     
'SMD10X40'  pad stack refresh starting.

     'SMD10X40'  pad stack refreshed successfully.
     
'SMD115X90'  pad stack refresh starting.

     'SMD115X90'  pad stack refreshed successfully.
     
'SMD20X75'  pad stack refresh starting.

     'SMD20X75'  pad stack refreshed successfully.
     
'SQ_45X45'  pad stack refresh starting.

     'SQ_45X45'  pad stack refreshed successfully.
     
'RT_45X105'  pad stack refresh starting.

     'RT_45X105'  pad stack refreshed successfully.
     
'RTM_50X30'  pad stack refresh starting.

     'RTM_50X30'  pad stack refreshed successfully.
     
'R470_65'  pad stack refresh starting.

     'R470_65'  pad stack refreshed successfully.
     
'R255_65'  pad stack refresh starting.

     'R255_65'  pad stack refreshed successfully.
     
'R145_45'  pad stack refresh starting.

     'R145_45'  pad stack refreshed successfully.
     
'C64'  pad stack refresh starting.

     'C64'  pad stack refreshed successfully.
     
'R145_30'  pad stack refresh starting.

     'R145_30'  pad stack refreshed successfully.
     
'RT_80X220'  pad stack refresh starting.

     'RT_80X220'  pad stack refreshed successfully.
     
'S170X340'  pad stack refresh starting.

     'S170X340'  pad stack refreshed successfully.
     
'RT_50X115'  pad stack refresh starting.

     'RT_50X115'  pad stack refreshed successfully.
     
'SMD40X70'  pad stack refresh starting.

     'SMD40X70'  pad stack refreshed successfully.
     
'RTM_30X10'  pad stack refresh starting.

     'RTM_30X10'  pad stack refreshed successfully.
     
'RT_39X12'  pad stack refresh starting.

     'RT_39X12'  pad stack refreshed successfully.
     
'R1700_1300'  pad stack refresh starting.

     'R1700_1300'  pad stack refreshed successfully.
     
'SMD32X40'  pad stack refresh starting.
Mon Jun  3 10:56:48 2024				Page     6



     'SMD32X40'  pad stack refreshed successfully.
     
'RT_35X65'  pad stack refresh starting.

     'RT_35X65'  pad stack refreshed successfully.
     
WARNING(SPMHNI-286): Completed refreshing all pad stacks successfully. Warnings detected.
