Wed Mar 13 13:50:03 2024				Page     1


 
Update Symbols/Modules Logfile
	Wed Mar 13 13:50:03 2024

------ Module Refresh Messages ------

SUMMARY:    Updated 0 out of 0 modules

------ End Module Messages     ------



(---------------------------------------------------------------------)
(                                                                     )
(    Refresh Symbol                                                   )
(                                                                     )
(    Drawing          : pc065c_fibv2_toplevel_09.brd                  )
(    Software Version : 17.4S011                                      )
(    Date/Time        : Wed Mar 13 13:50:04 2024                      )
(                                                                     )
(---------------------------------------------------------------------)


Wed Mar 13 13:50:04 2024				Page     1


------ Symbol Refresh Directives ------

Input design  = '//ppfs6.physics.ox.ac.uk/CEG/Central Electronics/Projects/Hastingsp/DUNE/uob-hep-pc065/design_files/worklib/pc065~
b_fibv2_toplevel/physical/pc065c_fibv2_toplevel_09.brd'
Output design = ''

Update mechanical symbols              = 'NO'
Update format symbols                  = 'NO'
Update package symbols                 = 'NO'
Update shape/flash symbols             = 'NO'
Update symbol padstacks                = 'YES'
Preserve padstacks replaced on pins    = 'NO'
Reset symbol text and size locations   = 'NO'
Reset Pin Escapes (fanouts)            = 'NO'
Ripup Etch                             = 'NO'
Reset custom drill data                = 'NO'
Symbol list file                       = 'C:/Users/HASTIN~1/AppData/Local/Temp/#Taaaabr02224.tmp'


------ Library Paths ------
PSMPATH =  //ppfs6.physics.ox.ac.uk/CEG/Central Electronics/Projects/Hastingsp/mu3e/dev/worklib/top/physical 
           . 
           .. 
           Y:/Users/CEG/Central Electronics/Projects/Hastingsp/SLHC/Potting Wirebond Tests/footprints/ 
           Y:/Users/CEG/Central Electronics/Projects/Hastingsp/SLHC/130nm Double Sided Tape Designs Jan 2018/footprints/ 
           Y:/users/CEG/CEG_Software/Cadence/Shared_Libraries/V16_5/symbols/ 
           Y:/users/CEG/CEG_Software/Cadence/Shared_Libraries/V16_5/formats/ 

PADPATH =  . 
           .. 
           //ppfs6.physics.ox.ac.uk/CEG/Central Electronics/Projects/Hastingsp/mu3e/dev/worklib/top/physical 
           //ppfs6.physics.ox.ac.uk/CEG/CEG_Software/Cadence/Shared_Libraries/V16_5/pads 
           Y:/Users/CEG/Central Electronics/Projects/Hastingsp/SLHC/130nm Double Sided Tape Designs Jan 2018/footprints/ 
           Y:/users/CEG/CEG_Software/Cadence/Shared_Libraries/V16_5/pads/ 


------ Symbol Refresh Messages ------

'155060YS73200'  symbol refreshed successfully.


------ Pad Stack Refresh Messages ------

'RECT_0_5X0_4MM'  pad stack refreshed successfully.
'SQUARE_0_6MM'  pad stack refreshed successfully.


----- Symbol Update Summary ----

Updated symbols: 1 out 1
    Design updated.

