INFO: Loaded existing interconnect file 'C:\Users\phdgc\Downloads\uob-hep-pc065\design_files\worklib\pc065b_fibv2_toplevel\physical\interconn.iml'
INFO: Loaded existing interconnect file 'C:\Cadence\SPB_17.4\share\pcb\signal\cds_interconn.iml'
INFO: Finished loading SigNoise interconnect libraries
INFO: Field Solver bem2d for STL_1S_1R_470
INFO: Executing command: bem2d 0 "C:/Users/phdgc/AppData/Local/Temp/#Taaaaaq42440.in" 0.00127
INFO: Field Solver bem2d for STL_2S_1R_471
INFO: Executing command: bem2d 0 "C:/Users/phdgc/AppData/Local/Temp/#Taaaaar42440.in" 0.00127
INFO: Field Solver bem2d for STL_1S_1R_472
INFO: Executing command: bem2d 0 "C:/Users/phdgc/AppData/Local/Temp/#Taaaaas42440.in" 0.00127
INFO: Field Solver bem2d for STL_2S_1R_473
INFO: Executing command: bem2d 0 "C:/Users/phdgc/AppData/Local/Temp/#Taaaaat42440.in" 0.00127
INFO: Field Solver bem2d for STL_1S_1R_474
INFO: Executing command: bem2d 0 "C:/Users/phdgc/AppData/Local/Temp/#Taaaaau42440.in" 0.00127
INFO: Field Solver bem2d for STL_1S_1R_475
INFO: Executing command: bem2d 0 "C:/Users/phdgc/AppData/Local/Temp/#Taaaaav42440.in" 0.00127
INFO: Field Solver bem2d for STL_1S_1R_476
INFO: Executing command: bem2d 0 "C:/Users/phdgc/AppData/Local/Temp/#Taaaaaw42440.in" 0.00127
INFO: Field Solver bem2d for STL_1S_1R_477
INFO: Executing command: bem2d 0 "C:/Users/phdgc/AppData/Local/Temp/#Taaaaax42440.in" 0.00127
INFO: Field Solver bem2d for STL_1S_1R_478
INFO: Executing command: bem2d 0 "C:/Users/phdgc/AppData/Local/Temp/#Taaaaay42440.in" 0.00127
INFO: Field Solver bem2d for STL_1S_1R_479
INFO: Executing command: bem2d 0 "C:/Users/phdgc/AppData/Local/Temp/#Taaaaaz42440.in" 0.00127
