	(Comment
		(Time 05/17/11,17:33:10)
		(User couturie)
		(MsgId ECO_021)
		(Text "Package CON20P_SFP_PLUS_1 added to cell")
		(Param1 CON20P_SFP_PLUS_1)
	)
	(Comment
		(Time 05/17/11,17:44:04)
		(User couturie)
		(MsgId ECO_081)
		(Text "Symbol sym_2 added to cell")
		(Param1 sym_2)
	)
	(Comment
		(Time 05/18/11,09:46:24)
		(User couturie)
		(MsgId ECO_213)
		(Text "PTF file con20p_sfp_plus.ptf renamed to part.ptf")
		(Param1 con20p_sfp_plus.ptf)
		(Param2 part.ptf)
	)
	(Comment
		(Time 05/18/11,09:47:20)
		(User couturie)
		(MsgId ECO_211)
		(Text "PTF file part_1.ptf added")
		(Param1 part_1.ptf)
	)
	(Comment
		(Time 05/18/11,09:47:51)
		(User couturie)
		(MsgId ECO_213)
		(Text "PTF file part.ptf renamed to con20p_sfp_plus.ptf")
		(Param1 part.ptf)
		(Param2 con20p_sfp_plus.ptf)
	)
	(Comment
		(Time 05/18/11,09:48:27)
		(User couturie)
		(MsgId ECO_213)
		(Text "PTF file part_1.ptf renamed to edge_sfp_plus_pcb.ptf")
		(Param1 part_1.ptf)
		(Param2 edge_sfp_plus_pcb.ptf)
	)
	(Comment
		(Time 05/18/11,09:48:38)
		(User couturie)
		(MsgId ECO_213)
		(Text "PTF file edge_sfp_plus_pcb.ptf renamed to edge_sfp_plus.ptf")
		(Param1 edge_sfp_plus_pcb.ptf)
		(Param2 edge_sfp_plus.ptf)
	)
	(Comment
		(Time 05/18/11,10:16:26)
		(User couturie)
		(MsgId ECO_212)
		(Text "PTF file edge_sfp_plus.ptf deleted")
		(Param1 edge_sfp_plus.ptf)
	)
	(Comment
		(Time 05/18/11,10:37:24)
		(User couturie)
		(MsgId ECO_213)
		(Text "PTF file con20p_sfp_plus.ptf renamed to part.ptf")
		(Param1 con20p_sfp_plus.ptf)
		(Param2 part.ptf)
	)
