temp/xxnedtmp/event.log NEWFILE1
temp/xxnedtmp/text.log NEWFILE2
temp/xxnedtmp/environ.log NEWFILE3
c:\cadence\spb_17.4\share\cdssetup/concept/concepthdl.scr FILE4
\\ppfs6.physics.ox.ac.uk\CEG\Central Electronics\Projects\Hastingsp\DUNE\uob-hep-pc065\design_files\cds.lib FILE5
\\ppfs6.physics.ox.ac.uk\CEG\Central Electronics\Projects\Hastingsp\DUNE\uob-hep-pc065\design_files\worklib\pc065b_fibv2_toplevel\sch_1\page1.csb FILE6
\\ppfs6.physics.ox.ac.uk\CEG\Central Electronics\Projects\Hastingsp\DUNE\uob-hep-pc065\design_files\worklib\pc065b_fibv2_toplevel\sch_1\page_map.lck NEWFILE7
\\ppfs6.physics.ox.ac.uk\CEG\Central Electronics\Projects\Hastingsp\DUNE\uob-hep-pc065\design_files\worklib\pc065b_fibv2_toplevel\sch_1\page1_csb.lck NEWFILE8
temp/xxnedtmp/undo1.log NEWFILE9
\\ppfs6.physics.ox.ac.uk\CEG\Central Electronics\Projects\Hastingsp\DUNE\library\standard\toc\sym_1\symbol.css FILE10
\\ppfs6.physics.ox.ac.uk\CEG\Central Electronics\Projects\Hastingsp\DUNE\library\cds_standard\bris_std_a3\sym_1\symbol.css FILE11
\\ppfs6.physics.ox.ac.uk\CEG\Central Electronics\Projects\Hastingsp\DUNE\uob-hep-pc065\design_files\worklib\pc065b_fibv2_toplevel\sch_1\page1_csa.lck NEWFILE12
//ppfs6.physics.ox.ac.uk/CEG/Central Electronics/Projects/Hastingsp/DUNE/uob-hep-pc065/design_files/worklib/pc065b_fibv2_toplevel/sch_1/pc065b_fibv2_toplevel.xcon FILE13
//ppfs6.physics.ox.ac.uk/CEG/Central Electronics/Projects/Hastingsp/DUNE/uob-hep-pc065/design_files/worklib/pc065b_fibv2_toplevel/sch_1/pc065b_fibv2_toplevel.dcf FILE14
\\ppfs6.physics.ox.ac.uk\CEG\Central Electronics\Projects\Hastingsp\DUNE\uob-hep-pc065\design_files\worklib\pc065b_fibv2_toplevel\sch_1\page8.csb FILE15
\\ppfs6.physics.ox.ac.uk\CEG\Central Electronics\Projects\Hastingsp\DUNE\uob-hep-pc065\design_files\worklib\pc065b_fibv2_toplevel\sch_1\page8_csb.lck NEWFILE16
\\ppfs6.physics.ox.ac.uk\CEG\Central Electronics\Projects\Hastingsp\DUNE\uob-hep-pc065\design_files\worklib\pc065b_fibv2_toplevel\sch_1\page9.csb FILE17
\\ppfs6.physics.ox.ac.uk\CEG\Central Electronics\Projects\Hastingsp\DUNE\uob-hep-pc065\design_files\worklib\pc065b_fibv2_toplevel\sch_1\page9_csb.lck NEWFILE18
\\ppfs6.physics.ox.ac.uk\CEG\Central Electronics\Projects\Hastingsp\DUNE\uob-hep-pc065\design_files\worklib\pc065b_fibv2_toplevel\sch_1\page8_csa.lck NEWFILE19
\\ppfs6.physics.ox.ac.uk\CEG\Central Electronics\Projects\Hastingsp\DUNE\library\standard\tap\sym_6\symbol.css FILE20
\\ppfs6.physics.ox.ac.uk\CEG\Central Electronics\Projects\Hastingsp\DUNE\library\standard\ioport\sym_1\symbol.css FILE21
\\ppfs6.physics.ox.ac.uk\CEG\Central Electronics\Projects\Hastingsp\DUNE\library\standard\outport\sym_1\symbol.css FILE22
\\ppfs6.physics.ox.ac.uk\CEG\Central Electronics\Projects\Hastingsp\DUNE\library\standard\inport\sym_1\symbol.css FILE23
\\ppfs6.physics.ox.ac.uk\CEG\Central Electronics\Projects\Hastingsp\DUNE\uob-hep-pc065\design_files\worklib\i2c_level_translate\sym_1\symbol.css FILE24
\\ppfs6.physics.ox.ac.uk\CEG\Central Electronics\Projects\Hastingsp\DUNE\uob-hep-pc065\design_files\worklib\pc065b_fibv2_toplevel\sch_1\page10.csb FILE25
\\ppfs6.physics.ox.ac.uk\CEG\Central Electronics\Projects\Hastingsp\DUNE\uob-hep-pc065\design_files\worklib\pc065b_fibv2_toplevel\sch_1\page10_csb.lck NEWFILE26
\\ppfs6.physics.ox.ac.uk\CEG\Central Electronics\Projects\Hastingsp\DUNE\uob-hep-pc065\design_files\worklib\pc065b_fibv2_toplevel\sch_1\page9_csa.lck NEWFILE27
\\ppfs6.physics.ox.ac.uk\CEG\Central Electronics\Projects\Hastingsp\DUNE\library\cnpassive\rsmd0402\sym_2\symbol.css FILE28
\\ppfs6.physics.ox.ac.uk\CEG\Central Electronics\Projects\Hastingsp\DUNE\library\cnpower\gnd\sym_1\symbol.css FILE29
\\ppfs6.physics.ox.ac.uk\CEG\Central Electronics\Projects\Hastingsp\DUNE\library\cnpower\p3v3\sym_1\symbol.css FILE30
\\ppfs6.physics.ox.ac.uk\CEG\Central Electronics\Projects\Hastingsp\DUNE\library\cnpassive\capcersmdcl2\sym_1\symbol.css FILE31
\\ppfs6.physics.ox.ac.uk\CEG\Central Electronics\Projects\Hastingsp\DUNE\library\cds_special\tca9539\sym_1\symbol.css FILE32
\\ppfs6.physics.ox.ac.uk\CEG\Central Electronics\Projects\Hastingsp\DUNE\library\cds_discrete\wurth_155060ys73200\sym_1\symbol.css FILE33
\\ppfs6.physics.ox.ac.uk\CEG\Central Electronics\Projects\Hastingsp\DUNE\library\cds_discrete\wurth_155060ys73200\sym_1\symbol_css.lck NEWFILE34
temp/xxnedtmp/undo2.log NEWFILE35
\\ppfs6.physics.ox.ac.uk\CEG\Central Electronics\Projects\Hastingsp\DUNE\library\standard\origin\sym_1\symbol.css FILE36
C:/Users/HASTIN~1/AppData/Local/Temp/conEF23.tmp FILE37
temp/xxnedtmp/concept.mkr NEWFILE38
temp/xxnedtmp/csnetlister.mkr NEWFILE39
c:/cadence/spb_17.4/tools/language/config.dat FILE40
c:/cadence/spb_17.4/tools/language/pack_type_rename.dat NEWFILE41
temp/xxnedtmp/../bris_std_a3.mkr NEWFILE42
temp/xxnedtmp/../capcersmdcl2.mkr NEWFILE43
temp/xxnedtmp/../tca9539.mkr NEWFILE44
temp/xxnedtmp/../tap.mkr NEWFILE45
temp/xxnedtmp/../rsmd0402.mkr NEWFILE46
temp/xxnedtmp/../gnd.mkr NEWFILE47
temp/xxnedtmp/../p3v3.mkr NEWFILE48
temp/xxnedtmp/../inport.mkr NEWFILE49
temp/xxnedtmp/../ioport.mkr NEWFILE50
temp/xxnedtmp/../outport.mkr NEWFILE51
//ppfs6.physics.ox.ac.uk/CEG/Central Electronics/Projects/Hastingsp/DUNE/uob-hep-pc065/design_files/worklib/pc065b_fibv2_toplevel/sch_1/pc065b_fibv2_toplevel_xcon.lck NEWFILE52
//ppfs6.physics.ox.ac.uk/CEG/Central Electronics/Projects/Hastingsp/DUNE/uob-hep-pc065/design_files/worklib/pc065b_fibv2_toplevel/sch_1/pc065b_fibv2_toplevel_dcf.lck NEWFILE53
\\ppfs6.physics.ox.ac.uk\CEG\Central Electronics\Projects\Hastingsp\DUNE\uob-hep-pc065\design_files\worklib\pc065b_fibv2_toplevel\sch_1\page10.csa FILE54
\\ppfs6.physics.ox.ac.uk\CEG\Central Electronics\Projects\Hastingsp\DUNE\uob-hep-pc065\design_files\worklib\pc065b_fibv2_toplevel\sch_1\page10.csv FILE55
C:/Users/HASTIN~1/AppData/Local/Temp/conFC9D.tmp FILE56
\\ppfs6.physics.ox.ac.uk\CEG\Central Electronics\Projects\Hastingsp\DUNE\library\cnpassive\rsmd0603\sym_1\symbol.css FILE57
\\ppfs6.physics.ox.ac.uk\CEG\Central Electronics\Projects\Hastingsp\DUNE\library\cnpassive\rsmd0603\sym_2\symbol.css FILE58
C:/Users/HASTIN~1/AppData/Local/Temp/conFE21.tmp FILE59
C:/Users/HASTIN~1/AppData/Local/Temp/con6AB7.tmp FILE60
C:/Users/HASTIN~1/AppData/Local/Temp/conA35C.tmp FILE61
C:/Users/HASTIN~1/AppData/Local/Temp/conA89C.tmp FILE62
C:/Users/HASTIN~1/AppData/Local/Temp/conAFB2.tmp FILE63
C:/Users/HASTIN~1/AppData/Local/Temp/conB512.tmp FILE64
C:/Users/HASTIN~1/AppData/Local/Temp/conBC08.tmp FILE65
C:/Users/HASTIN~1/AppData/Local/Temp/conC187.tmp FILE66
temp/xxnedtmp/../rsmd0603.mkr NEWFILE67
temp/xxnedtmp/../wurth_155060ys73200.mkr NEWFILE68
\\ppfs6.physics.ox.ac.uk\CEG\Central Electronics\Projects\Hastingsp\DUNE\uob-hep-pc065\design_files\worklib\pc065b_fibv2_toplevel\sch_1\pc.db FILE69
\\ppfs6.physics.ox.ac.uk\CEG\Central Electronics\Projects\Hastingsp\DUNE\uob-hep-pc065\design_files\worklib\pc065b_fibv2_toplevel\sch_1\page10_csa.lck NEWFILE70
