Allegro Design Entry HDL 17.4-2019 S011 (3890763) 9/18/2020
Copyright 2011 Cadence Design Systems, Inc

WARNING(SPCOCN-1474): You must specify a window that contains a drawing.
WARNING(SPCOCN-1474): You must specify a window that contains a drawing.
WARNING(SPCOCN-1474): You must specify a window that contains a drawing.
WARNING(SPCOCN-1474): You must specify a window that contains a drawing.
WARNING(SPCOCN-1474): You must specify a window that contains a drawing.
WARNING(SPCOCN-1474): You must specify a window that contains a drawing.
WARNING(SPCOCN-1474): You must specify a window that contains a drawing.
WARNING(SPCOCN-2065): The PLOT_DPI directive defines the Dots Per Inch setting used by the printer for printing. Ensure that you specify a positive integer value for the directive.
INFO(SPCOCN-2012): The Page Name property has changed. To display the page names in the Hierarchy Viewer, 
choose File - Save Hierarchy.
WARNING(SPCOCN-1474): You must specify a window that contains a drawing.
WARNING(SPCOCN-1474): You must specify a window that contains a drawing.
WARNING(SPCOCN-1474): You must specify a window that contains a drawing.
WARNING(SPCOCN-1474): You must specify a window that contains a drawing.
WARNING(SPCOCN-1474): You must specify a window that contains a drawing.
WARNING(SPCOCN-1474): You must specify a window that contains a drawing.
WARNING(SPCOCN-1474): You must specify a window that contains a drawing.
WARNING(SPCOCN-1474): You must specify a window that contains a drawing.
WARNING(SPCOCN-1474): You must specify a window that contains a drawing.
WARNING(SPCOCN-1474): You must specify a window that contains a drawing.
WARNING(SPCOCN-1474): You must specify a window that contains a drawing.
WARNING(SPCOCN-1474): You must specify a window that contains a drawing.
WARNING(SPCOCN-1474): You must specify a window that contains a drawing.
INFO(SPCOCN-1737): Reading \\ppfs6.physics.ox.ac.uk\CEG\Central Electronics\Projects\Hastingsp\DUNE\uob-hep-pc065\design_files\cds.lib file.
WARNING(SPCOCN-1474): You must specify a window that contains a drawing.
INFO(SPCOCN-1445): Reading PC065B_FIBV2_TOPLEVEL.SCH.1.1 into drawing #1.
INFO(SPCOCN-195): The following file will be used to identify the list of modules to be excluded: 'c:\cadence\spb_17.4\share\cdssetup\xmodules.dat'.
INFO(SPCOCN-1445): Reading PC065B_FIBV2_TOPLEVEL.SCH.1.1 into drawing #1.
INFO(SPCOCN-1445): Reading PC065B_FIBV2_TOPLEVEL.SCH.1.8 into drawing #1.
INFO(SPCOCN-1445): Reading PC065B_FIBV2_TOPLEVEL.SCH.1.9 into drawing #1.
INFO(SPCOCN-1445): Reading PC065B_FIBV2_TOPLEVEL.SCH.1.10 into drawing #1.
zoom 
; 
INFO(SPCOCN-1507): Adding version 1 of part WURTH_155060YS73200 from library bris_cds_discrete
INFO(SPCOCN-1001): Component: I64 selected.
INFO(SPCOCN-1001): Component: I64 selected.
INFO(SPCOCN-1854): The drawing PC065B_FIBV2_TOPLEVEL.SCH.1.13
INFO(SPCOCN-578): will be retained as drawing #1.
INFO(SPCOCN-1445): Reading WURTH_155060YS73200.SYM.1.1 into drawing #2.
WARNING(SPCOCN-1200): Using group A
INFO(SPCOCN-1195): Group "A" contains:   0 bodies   0 properties   0 notes   3 wires   0 dots   0 images
INFO(SPCOCN-1070): Checking drawing...
INFO(SPCOCN-1028): writing <bris_cds_discrete>WURTH_155060YS73200.SYM.1.1:
INFO(SPCOCN-1051): writing body file...
INFO(SPCOCN-1054): ...written

Invoking Verilog Analyzer on bris_cds_discrete.wurth_155060ys73200(entity)

No netlisting errors found. 

INFO(SPCOCN-1640): writing occurrence data...
INFO(SPCOCN-1054): ...written
WARNING(SPCOCN-1589): The first window that Design Entry HDL opened cannot be closed.
INFO(SPCOCN-1443): PC065B_FIBV2_TOPLEVEL.SCH.1.10 has been previously edited as drawing #1.
INFO(SPCOCN-1070): Checking drawing...
INFO(SPCOCN-1028): writing <uob_hep_pc065a_lib>PC065B_FIBV2_TOPLEVEL.SCH.1.10:
INFO(SPCOCN-1044): writing binary file...
INFO(SPCOCN-1049): Writing ASCII file...
INFO(SPCOCN-1727): Appending master.tag page1.csa with page10.csa
INFO(SPCOCN-1053): writing connectivity file...
INFO(SPCOCN-1054): ...written

CSDirect 17.4-2019 S011 (3890763)

Netlisting block pc065b_fibv2_toplevel

Processing page 10

No netlisting errors found. 

INFO(SPCOCN-1640): writing occurrence data...
INFO(SPCOCN-1054): ...written
INFO(SPCOCN-1019): Save All completed.
INFO(SPCOCN-1507): Adding version 1 of part WURTH_155060YS73200 from library bris_cds_discrete
INFO(SPCOCN-1507): Adding version 1 of part WURTH_155060YS73200 from library bris_cds_discrete
INFO(SPCOCN-1507): Adding version 1 of part WURTH_155060YS73200 from library bris_cds_discrete
INFO(SPCOCN-1507): Adding version 1 of part WURTH_155060YS73200 from library bris_cds_discrete
INFO(SPCOCN-1507): Adding version 1 of part WURTH_155060YS73200 from library bris_cds_discrete
INFO(SPCOCN-1507): Adding version 1 of part WURTH_155060YS73200 from library bris_cds_discrete
WARNING(SPCOCN-1200): Using group A
INFO(SPCOCN-1195): Group "A" contains:   6 bodies   6 properties   0 notes   0 wires   0 dots   0 images
WARNING(SPCOCN-982): The operation could not be performed because no object on the drawing was selected.
INFO(SPCOCN-1507): Adding version 1 of part RSMD0603 from library cnpassive
INFO(SPCOCN-1507): Adding version 2 of part RSMD0603 from library cnpassive
INFO(SPCOCN-1507): Adding version 2 of part RSMD0603 from library cnpassive
INFO(SPCOCN-1507): Adding version 2 of part RSMD0603 from library cnpassive
WARNING(SPCOCN-503): The specified stroke shape '9525' is not recognized. Ensure that you specify a known shape.
WARNING(SPCOCN-503): The specified stroke shape '9641' is not recognized. Ensure that you specify a known shape.
zoom 
; 
WARNING(SPCOCN-1200): Using group A
INFO(SPCOCN-1195): Group "A" contains:   1 bodies   2 properties   0 notes   1 wires   0 dots   0 images
zoom 
; 
zoom fit; 
INFO(SPCOCN-1070): Checking drawing...
INFO(SPCOCN-1028): writing <uob_hep_pc065a_lib>PC065B_FIBV2_TOPLEVEL.SCH.1.10:
INFO(SPCOCN-1044): writing binary file...
INFO(SPCOCN-1049): Writing ASCII file...
INFO(SPCOCN-1727): Appending master.tag page1.csa with page10.csa
INFO(SPCOCN-1053): writing connectivity file...
INFO(SPCOCN-1054): ...written

CSDirect 17.4-2019 S011 (3890763)

Netlisting block pc065b_fibv2_toplevel

Processing page 10

No netlisting errors found. 

INFO(SPCOCN-1640): writing occurrence data...
INFO(SPCOCN-1054): ...written
INFO(SPCOCN-1019): Save All completed.
