
	(Comment
		(Time 03/06/05,17:17:09)
		(User sureshg)
		(MsgId ECO_332)
		(Text "Revision for symbol sym_8 has been updated to 1.0.0")
		(Param1 sym_8)
		(Param2 1.0.0)
	)
	(Comment
		(Time 03/06/05,17:17:09)
		(User sureshg)
		(MsgId ECO_332)
		(Text "Revision for symbol sym_7 has been updated to 1.0.0")
		(Param1 sym_7)
		(Param2 1.0.0)
	)
	(Comment
		(Time 03/06/05,17:17:09)
		(User sureshg)
		(MsgId ECO_332)
		(Text "Revision for symbol sym_6 has been updated to 1.0.0")
		(Param1 sym_6)
		(Param2 1.0.0)
	)
	(Comment
		(Time 03/06/05,17:17:09)
		(User sureshg)
		(MsgId ECO_332)
		(Text "Revision for symbol sym_5 has been updated to 1.0.0")
		(Param1 sym_5)
		(Param2 1.0.0)
	)
	(Comment
		(Time 03/06/05,17:17:09)
		(User sureshg)
		(MsgId ECO_332)
		(Text "Revision for symbol sym_4 has been updated to 1.0.0")
		(Param1 sym_4)
		(Param2 1.0.0)
	)
	(Comment
		(Time 03/06/05,17:17:09)
		(User sureshg)
		(MsgId ECO_332)
		(Text "Revision for symbol sym_3 has been updated to 1.0.0")
		(Param1 sym_3)
		(Param2 1.0.0)
	)
	(Comment
		(Time 03/06/05,17:17:09)
		(User sureshg)
		(MsgId ECO_332)
		(Text "Revision for symbol sym_2 has been updated to 1.0.0")
		(Param1 sym_2)
		(Param2 1.0.0)
	)
	(Comment
		(Time 03/06/05,17:17:09)
		(User sureshg)
		(MsgId ECO_332)
		(Text "Revision for symbol sym_1 has been updated to 1.0.0")
		(Param1 sym_1)
		(Param2 1.0.0)
	)
	(Comment
		(Time 03/06/05,17:17:09)
		(User sureshg)
		(MsgId ECO_331)
		(Text "Revision for cell tap has been updated to 1.0.0")
		(Param1 tap)
		(Param2 1.0.0)
	)
