(Cell	toc

	(RevisionInfoBlock	

		(Baselined	1)

		(Revision	1.0.0)

		(ModificationStatus	NULL)

		(Status	Baselined)

		(ErrorStatus	0)

		(CreateInfo	

			(Time	09/25/08,23:17:12)

			(User	sureshg)

			(Path	standard.toc)

		)

	)

	(Views	

		(View	Symbol

			(Symbols	1

				(Symbol	sym_1

					(Symbol_Type	Normal)

					(Max_Size	0)

					(Checksum	00000000eda85afb)

					(RevisionInfoBlock	

						(Baselined	1)

						(Revision	1.0.0)

						(ModificationStatus	NULL)

						(Status	Baselined)

						(ErrorStatus	0)

						(CreateInfo	

							(Time	09/25/08,23:17:12)

							(User	sureshg)

							(Path	standard.toc)

						)

					)

				)

			)

			(Checksum	000000001f370441)

		)

		(Checksum	000000001b5c034b)

	)

	(VersionInfoBlock	

		(ToolName	PDV)

		(Version	16.2-B10 (v16-2-56A))

		(License	PCB_librarian_expert)

	)

	(Checksum	000000001c5603a5)

)


