FILE_TYPE=LIBRARY_PARTS;
primitive 'CDCLVD110_LQFP';
  pin
    'CK':
      PIN_NUMBER='(1)';
      SIGNAL_DESCRIPTION='CONTROL REGISTER INPUT CLOCK, FEATURES A 120-K. PULLUP RESISTOR';
      INPUT_LOAD='(-0.01,0.01)';
    'SI':
      PIN_NUMBER='(2)';
      SIGNAL_DESCRIPTION='CONTROL REGISTER SERIAL INPUT/CLK SELECT, FEATURES A 120-K. PULLDOWN RESISTOR';
      INPUT_LOAD='(-0.01,0.01)';
    'CLK0':
      PIN_NUMBER='(3)';
      SIGNAL_DESCRIPTION='TRUE DIFFERENTIAL INPUT, LVDS';
      INPUT_LOAD='(-0.01,0.01)';
    '-CLK0':
      PIN_NUMBER='(4)';
      SIGNAL_DESCRIPTION='COMPLEMENTARY DIFFERENTIAL INPUT, LVDS';
      INPUT_LOAD='(-0.01,0.01)';
    'VBB':
      PIN_NUMBER='(5)';
      SIGNAL_DESCRIPTION='REFERENCE VOLTAGE OUTPUT';
      OUTPUT_LOAD='(1.0,-1.0)';
    'CLK1':
      PIN_NUMBER='(6)';
      SIGNAL_DESCRIPTION='TRUE DIFFERENTIAL INPUT, LVDS';
      INPUT_LOAD='(-0.01,0.01)';
    '-CLK1':
      PIN_NUMBER='(7)';
      SIGNAL_DESCRIPTION='COMPLEMENTARY DIFFERENTIAL INPUT, LVDS';
      INPUT_LOAD='(-0.01,0.01)';
    'EN':
      PIN_NUMBER='(8)';
      SIGNAL_DESCRIPTION='CONTROL ENABLE (FOR PROGRAMMABILITY), FEATURES A 120-K. PULLDOWN RESISTOR, INPUT';
      INPUT_LOAD='(-0.01,0.01)';
    'VSS0':
      PIN_NUMBER='(9)';
      PIN_TYPE='ANALOG';
      NO_LOAD_CHECK='Both';
      NO_IO_CHECK='Both';
      NO_ASSERT_CHECK='TRUE';
      NO_DIR_CHECK='TRUE';
      ALLOW_CONNECT='TRUE';
    'VSS1':
      PIN_NUMBER='(25)';
      PIN_TYPE='ANALOG';
      NO_LOAD_CHECK='Both';
      NO_IO_CHECK='Both';
      NO_ASSERT_CHECK='TRUE';
      NO_DIR_CHECK='TRUE';
      ALLOW_CONNECT='TRUE';
    'VDD0':
      PIN_NUMBER='(16)';
      PIN_TYPE='ANALOG';
      NO_LOAD_CHECK='Both';
      NO_IO_CHECK='Both';
      NO_ASSERT_CHECK='TRUE';
      NO_DIR_CHECK='TRUE';
      ALLOW_CONNECT='TRUE';
    'VDD1':
      PIN_NUMBER='(32)';
      PIN_TYPE='ANALOG';
      NO_LOAD_CHECK='Both';
      NO_IO_CHECK='Both';
      NO_ASSERT_CHECK='TRUE';
      NO_DIR_CHECK='TRUE';
      ALLOW_CONNECT='TRUE';
    'Q'<9>:
      PIN_NUMBER='(11)';
      SIGNAL_DESCRIPTION='CLOCK OUTPUTS, THESE OUTPUTS PROVIDE LOW-SKEW COPIES OF CLKIN';
      OUTPUT_LOAD='(1.0,-1.0)';
    'Q'<8>:
      PIN_NUMBER='(13)';
      SIGNAL_DESCRIPTION='CLOCK OUTPUTS, THESE OUTPUTS PROVIDE LOW-SKEW COPIES OF CLKIN';
      OUTPUT_LOAD='(1.0,-1.0)';
    'Q'<7>:
      PIN_NUMBER='(15)';
      SIGNAL_DESCRIPTION='CLOCK OUTPUTS, THESE OUTPUTS PROVIDE LOW-SKEW COPIES OF CLKIN';
      OUTPUT_LOAD='(1.0,-1.0)';
    'Q'<6>:
      PIN_NUMBER='(18)';
      SIGNAL_DESCRIPTION='CLOCK OUTPUTS, THESE OUTPUTS PROVIDE LOW-SKEW COPIES OF CLKIN';
      OUTPUT_LOAD='(1.0,-1.0)';
    'Q'<5>:
      PIN_NUMBER='(20)';
      SIGNAL_DESCRIPTION='CLOCK OUTPUTS, THESE OUTPUTS PROVIDE LOW-SKEW COPIES OF CLKIN';
      OUTPUT_LOAD='(1.0,-1.0)';
    'Q'<4>:
      PIN_NUMBER='(22)';
      SIGNAL_DESCRIPTION='CLOCK OUTPUTS, THESE OUTPUTS PROVIDE LOW-SKEW COPIES OF CLKIN';
      OUTPUT_LOAD='(1.0,-1.0)';
    'Q'<3>:
      PIN_NUMBER='(24)';
      SIGNAL_DESCRIPTION='CLOCK OUTPUTS, THESE OUTPUTS PROVIDE LOW-SKEW COPIES OF CLKIN';
      OUTPUT_LOAD='(1.0,-1.0)';
    'Q'<2>:
      PIN_NUMBER='(27)';
      SIGNAL_DESCRIPTION='CLOCK OUTPUTS, THESE OUTPUTS PROVIDE LOW-SKEW COPIES OF CLKIN';
      OUTPUT_LOAD='(1.0,-1.0)';
    'Q'<1>:
      PIN_NUMBER='(29)';
      SIGNAL_DESCRIPTION='CLOCK OUTPUTS, THESE OUTPUTS PROVIDE LOW-SKEW COPIES OF CLKIN';
      OUTPUT_LOAD='(1.0,-1.0)';
    'Q'<0>:
      PIN_NUMBER='(31)';
      SIGNAL_DESCRIPTION='CLOCK OUTPUTS, THESE OUTPUTS PROVIDE LOW-SKEW COPIES OF CLKIN';
      OUTPUT_LOAD='(1.0,-1.0)';
    '-Q'<9>:
      PIN_NUMBER='(10)';
      SIGNAL_DESCRIPTION='COMPLEMENTARY CLOCK OUTPUTS, THESE OUTPUTS PROVIDE LOW-SKEW COPIES OF CLKIN';
      OUTPUT_LOAD='(1.0,-1.0)';
    '-Q'<8>:
      PIN_NUMBER='(12)';
      SIGNAL_DESCRIPTION='COMPLEMENTARY CLOCK OUTPUTS, THESE OUTPUTS PROVIDE LOW-SKEW COPIES OF CLKIN';
      OUTPUT_LOAD='(1.0,-1.0)';
    '-Q'<7>:
      PIN_NUMBER='(14)';
      SIGNAL_DESCRIPTION='COMPLEMENTARY CLOCK OUTPUTS, THESE OUTPUTS PROVIDE LOW-SKEW COPIES OF CLKIN';
      OUTPUT_LOAD='(1.0,-1.0)';
    '-Q'<6>:
      PIN_NUMBER='(17)';
      SIGNAL_DESCRIPTION='COMPLEMENTARY CLOCK OUTPUTS, THESE OUTPUTS PROVIDE LOW-SKEW COPIES OF CLKIN';
      OUTPUT_LOAD='(1.0,-1.0)';
    '-Q'<5>:
      PIN_NUMBER='(19)';
      SIGNAL_DESCRIPTION='COMPLEMENTARY CLOCK OUTPUTS, THESE OUTPUTS PROVIDE LOW-SKEW COPIES OF CLKIN';
      OUTPUT_LOAD='(1.0,-1.0)';
    '-Q'<4>:
      PIN_NUMBER='(21)';
      SIGNAL_DESCRIPTION='COMPLEMENTARY CLOCK OUTPUTS, THESE OUTPUTS PROVIDE LOW-SKEW COPIES OF CLKIN';
      OUTPUT_LOAD='(1.0,-1.0)';
    '-Q'<3>:
      PIN_NUMBER='(23)';
      SIGNAL_DESCRIPTION='COMPLEMENTARY CLOCK OUTPUTS, THESE OUTPUTS PROVIDE LOW-SKEW COPIES OF CLKIN';
      OUTPUT_LOAD='(1.0,-1.0)';
    '-Q'<2>:
      PIN_NUMBER='(26)';
      SIGNAL_DESCRIPTION='COMPLEMENTARY CLOCK OUTPUTS, THESE OUTPUTS PROVIDE LOW-SKEW COPIES OF CLKIN';
      OUTPUT_LOAD='(1.0,-1.0)';
    '-Q'<1>:
      PIN_NUMBER='(28)';
      SIGNAL_DESCRIPTION='COMPLEMENTARY CLOCK OUTPUTS, THESE OUTPUTS PROVIDE LOW-SKEW COPIES OF CLKIN';
      OUTPUT_LOAD='(1.0,-1.0)';
    '-Q'<0>:
      PIN_NUMBER='(30)';
      SIGNAL_DESCRIPTION='COMPLEMENTARY CLOCK OUTPUTS, THESE OUTPUTS PROVIDE LOW-SKEW COPIES OF CLKIN';
      OUTPUT_LOAD='(1.0,-1.0)';
  end_pin;
  body
    PART_NAME='CDCLVD110';
    BODY_NAME='CDCLVD110';
    JEDEC_TYPE='lqfp32_080';
    PHYS_DES_PREFIX='U';
    CLASS='IC';
  end_body;
end_primitive;

END.
