

    Cadence Design Systems, Inc.
    Bomhdl 24.1 P001 (4234998) 9/4/2024
    Copyright 2021 Cadence Design Systems, Inc, Cadence Design Systems, Inc.

    Run on Tue Aug  5 09:09:57 2025


*****************************
*  Processing project file  *
*****************************

    DESIGN_LIBRARY 'uob_hep_pc065a_lib'
    DESIGN_NAME 'pc065d_fibv2a_toplevel'
    VIEW_SCHEMATIC 'sch_1'
    VIEW_PACKAGER 'packaged'
    VIEW_VARIANT 'variant'
    VIEW_BOM ''
    VIEW_CONFIG_PHYSICAL 'cfg_package'
    PPT '../../library/cadence_ppt_files/cds_analogue.ptf' '../../library/cadence_ppt_files/cds_connectors.ptf' '../../library/cadence_ppt_files/cds_logic.ptf' '../../library/cadence_ppt_files/cds_pld.ptf' '../../library/cadence_ppt_files/cds_special.ptf' '../../library/cadence_ppt_files/cnconnector.ptf' '../../library/cadence_ppt_files/cndiscrete.ptf' '../../library/cadence_ppt_files/cnpassive.ptf'
    USE_LIBRARY_PPT 'on'
    MERGE_PPT 'OFF'
    INCLUDE_PPT ''
    EXCLUDE_PPT ''
    SPREADSHEET 'OFF'
    LAST_OUTPUT_FILE './worklib/pc065b_toplevel/bom/pc065b_1perline_bom.csv'
    TEMPLATE_FILE 'template.bom'
    PACKAGED_VARIANT_SYNC_CHECK '1'
    LAST_TEMPLATE_FILE '/projects/HEP_Instrumentation/cad/tools/cadence_templates/spreadsheet-format_1per_line.bom'
    LAST_STANDARD_OPTION '1'
    LAST_WHAT_TO_OUTPUT '0'
    LAST_VARIANT_FILE ''
    LAST_SS_DELIMITER 'Colon :'
    USE_FILTERS '0'
    LAST_CALLOUT_FILE ''
    LAST_VARIANT ''
    GEN_HIER_BOM '0'

*********************************
*  End processing project file  *
*********************************

 
Initializing tool communication modules... 

*********************************
*  Loading the design database  *
*********************************

Start loading the design. 
Loading logical design view of pc065d_fibv2a_toplevel 
Setting design view directives...
 
Loading pstX files...
 

Loading... C:\Users\phdgc\Downloads\uob-hep-pc065\design_files\worklib\pc065d_fibv2a_toplevel\packaged\pstchip.dat
 

Loading... C:\Users\phdgc\Downloads\uob-hep-pc065\design_files\worklib\pc065d_fibv2a_toplevel\packaged\pstxprt.dat
 

Loading... C:\Users\phdgc\Downloads\uob-hep-pc065\design_files\worklib\pc065d_fibv2a_toplevel\packaged\pstxnet.dat
 
packaging the design view... 
End loading logical design view of pc065d_fibv2a_toplevel 
Reading cell level PPTs... 
INFO(SPCODD-181): Loading ../../library/cadence_ppt_files/cds_analogue.ptf.
       
INFO(SPCODD-181): Loading ../../library/cadence_ppt_files/cds_connectors.ptf.
       
INFO(SPCODD-181): Loading ../../library/cadence_ppt_files/cds_logic.ptf.
       
INFO(SPCODD-181): Loading ../../library/cadence_ppt_files/cds_pld.ptf.
       
INFO(SPCODD-181): Loading ../../library/cadence_ppt_files/cds_special.ptf.
       
INFO(SPCODD-181): Loading ../../library/cadence_ppt_files/cnconnector.ptf.
       
INFO(SPCODD-181): Loading ../../library/cadence_ppt_files/cndiscrete.ptf.
       
INFO(SPCODD-181): Loading ../../library/cadence_ppt_files/cnpassive.ptf.
       
INFO(SPCODD-181): Loading C:/Users/phdgc/Downloads/library/cnpassive/capcersmdcl2/part_table/capcersmdcl2.ptf.
       
INFO(SPCODD-181): Loading C:/Users/phdgc/Downloads/library/cnconnector/con4p/part_table/con4p.ptf.
       
INFO(SPCODD-181): Loading C:/Users/phdgc/Downloads/library/cnpassive/tp/part_table/tp.ptf.
       
INFO(SPCODD-181): Loading C:/Users/phdgc/Downloads/library/cds_logic/tmp1075ndrlr/part_table/part.ptf.
       
INFO(SPCODD-181): Loading C:/Users/phdgc/Downloads/library/cndiscrete/inductance/part_table/inductance.ptf.
       
INFO(SPCODD-181): Loading C:/Users/phdgc/Downloads/library/cnconnector/pcoax/part_table/pcoax.ptf.
       
INFO(SPCODD-181): Loading C:/Users/phdgc/Downloads/library/cds_discrete/sit5022/part_table/SIT5022.ptf.
       
INFO(SPCODD-181): Loading C:/Users/phdgc/Downloads/library/cnconnector/con20p_sfp/part_table/con20p_sfp.ptf.
       
INFO(SPCODD-181): Loading C:/Users/phdgc/Downloads/library/cds_special/tca9803/part_table/TCA9803.ptf.
       
INFO(SPCODD-181): Loading C:/Users/phdgc/Downloads/library/cnmemory/24aa025e48/part_table/24aa025e48.ptf.
       
INFO(SPCODD-181): Loading C:/Users/phdgc/Downloads/library/cnconnector/con400p_40abcdefghjk_vita571/part_table/con400p_40abcdefghjk_vita571.ptf.
       
INFO(SPCODD-181): Loading C:/Users/phdgc/Downloads/library/cnconnector/con3p/part_table/con3p.ptf.
       
INFO(SPCODD-181): Loading C:/Users/phdgc/Downloads/library/cnmech/sfp_cage_x4/part_table/sfp_cage_x4.ptf.
       
Design loaded successfully. 


******************************************
*  Finished loading the design database  *
******************************************


**********************************
*  Start generating bom reports. *
**********************************

Report generated successfully.

Output file list :
C:\Users\phdgc\Downloads\uob-hep-pc065\design_files\worklib\pc065b_toplevel\bom\pc065d_fibv2a_bom.csv

*********************************
*  End generating bom reports   *
*********************************

    Start time    9:09:57
    End time      9:57:02
    Elapsed time  0:47:05

*********************************
*  BOM-HDL execution done.      *
*********************************

