(---------------------------------------------------------------------)
(                                                                     )
(    NC DRILL Log                                                     )
(                                                                     )
(    Drawing          : pc065a_toplevel_54.brd                        )
(    Software Version : 17.2S063                                      )
(    Date/Time        : Wed Apr 08 15:11:40 2020                      )
(                                                                     )
(---------------------------------------------------------------------)



 Processing NC Parameters file 'nc_param.txt' ...

 NC PARAMETERS
 -------------

 FORMAT   		3.5
 MACHINE-OFFSET		x:0.00000	y:0.00000   (mm)
 FEEDRATE		1
 COORDINATES		ABSOLUTE
 OUTPUT-UNITS		METRIC
 TOOL-ORDER		INCREASING
 REPEAT-CODES		YES
 SUPPRESS-LEAD-ZEROES	YES
 SUPPRESS-TRAIL-ZEROES	NO
 SUPPRESS-EQUAL		NO
 TOOL-SELECT		NO
 HEADER			none
 LEADER			12
 CODE			ASCII
 SEPARATE		NO
 SEPARATE-ROUTING	NO
 OPTIMIZE_DRILLING	NO
 ENHANCED_EXCELLON	NO
 SCALE			1.000000



 Drill files being output to directory 'P:/cad/designs/uob-hep-pc065a/trunk/design_files/worklib/pc065a_toplevel/physical/artwork' ...



     'pc065a_toplevel_54-1-8.drl' created for holes connecting TOP and BOTTOM
     ------------------------------------------------------------------------

           Num     Size      +/- Tolerance     Plating   Quantity

            1.   0.3000    0.0000/  0.0000      PLATED       1070
            2.   0.8128    0.0000/  0.0000      PLATED          2
            3.   0.9500    0.0500/  0.0500      PLATED         40
            4.   1.0000    0.0000/  0.0000      PLATED         13
            5.   1.0500    0.0500/  0.0500      PLATED         52
            6.   2.7000    0.0000/  0.0000      PLATED          5
            7.   1.3005    0.0000/  0.0000  NON_PLATED          2
            8.   1.5500    0.0000/  0.0000  NON_PLATED         16

     ---- Total holes:                                       1200

     ---- Total head travel:              91.56 feet (27.91 meters)

