FILE_TYPE=LIBRARY_PARTS;
primitive '854S058I_TSSOP';
  pin
    'PCLK'<0>:
      PIN_NUMBER='(24,22,16,14,11,9,3,1)';
      INPUT_LOAD='(-0.01,0.01)';
    'NPCLK'<0>:
      PIN_NUMBER='(23,21,15,13,12,10,4,2)';
      INPUT_LOAD='(-0.01,0.01)';
    'NQ':
      PIN_NUMBER='(18*8)';
      OUTPUT_LOAD='(1.0,-1.0)';
    'Q':
      PIN_NUMBER='(19*8)';
      OUTPUT_LOAD='(1.0,-1.0)';
    'SELO':
      PIN_NUMBER='(6*8)';
      INPUT_LOAD='(-0.01,0.01)';
    'SEL1':
      PIN_NUMBER='(7*8)';
      INPUT_LOAD='(-0.01,0.01)';
    'SEL2':
      PIN_NUMBER='(8*8)';
      INPUT_LOAD='(-0.01,0.01)';
  end_pin;
  body
    BODY_NAME='854S058I';
    PART_NAME='854S058I';
    PHYS_DES_PREFIX='IC';
    CLASS='IC';
    GROUND_NETS='GND';
    POWER_PINS='(GND:17)';
    POWER_PINS='(VDD:20,5)';
  end_body;
end_primitive;
END.
