@@(#)$CDS: Archiver version 17.2-2016 S061 (3825862) 10/28/2019
Archiving cellview /projects/HEP_Instrumentation/cad/designs/uob-hep-pc065a/trunk/design_files/worklib/lvds_buf_1_2, from library uob_hep_pc065a_lib

Archiving cellview /projects/HEP_Instrumentation/cad/designs/uob-hep-pc065a/trunk/design_files/worklib/fmc_lpc_generic, from library uob_hep_pc065a_lib

Archiving cellview /projects/HEP_Instrumentation/cad/cern_cdslib/lib_psd16.x/concept_libs/pe16/pe_cern_lib/cnconnector/con160p_40cdgh, from library cnconnector

Archiving cellview /projects/HEP_Instrumentation/cad/cern_cdslib/lib_psd16.x/concept_libs/pe16/pe_cern_lib/cnpassive/rsmd0402, from library cnpassive

Archiving cellview /projects/HEP_Instrumentation/cad/cern_cdslib/lib_psd16.x/concept_libs/pe16/pe_cern_lib/cnpower/p3va, from library cnpower

Archiving cellview /projects/HEP_Instrumentation/cad/cern_cdslib/lib_psd16.x/concept_libs/pe16/pe_cern_lib/cnpower/p3v3, from library cnpower

Archiving cellview /projects/HEP_Instrumentation/cad/cern_cdslib/lib_psd16.x/concept_libs/pe16/pe_cern_lib/cnpower/p12v, from library cnpower

Archiving cellview /software/CAD/Cadence/SPB17.20.061/share/library/standard/origin, from library standard

Archiving cellview /software/CAD/Cadence/SPB17.20.061/share/library/standard/outport, from library standard

Archiving cellview /software/CAD/Cadence/SPB17.20.061/share/library/standard/inport, from library standard

Archiving cellview /projects/HEP_Instrumentation/cad/cern_cdslib/lib_psd16.x/concept_libs/pe16/pe_cern_lib/cnpower/gnd, from library cnpower

Archiving cellview /software/CAD/Cadence/SPB17.20.061/share/library/standard/tap, from library standard

Archiving cellview /software/CAD/Cadence/SPB17.20.061/share/library/standard/ioport, from library standard

Archiving cellview /projects/HEP_Instrumentation/cad/bris_cdslib/lib_psd14.x/cds_standard/bris_std_a3, from library bris_cds_standard

Archiving cellview /projects/HEP_Instrumentation/cad/designs/uob-hep-pc065a/trunk/design_files/worklib/i2c_level_shift, from library uob_hep_pc065a_lib

Archiving cellview /projects/HEP_Instrumentation/cad/cern_cdslib/lib_psd16.x/concept_libs/pe16/pe_cern_lib/cnpassive/capcersmdcl2, from library cnpassive

Archiving cellview /projects/HEP_Instrumentation/cad/bris_cdslib/lib_psd14.x/cds_special/tca9803, from library bris_cds_special

Archiving cellview /projects/HEP_Instrumentation/cad/cern_cdslib/lib_psd16.x/concept_libs/pe16/pe_cern_lib/cnpower/p2v5, from library cnpower

Archiving cellview /projects/HEP_Instrumentation/cad/designs/uob-hep-pc065a/trunk/design_files/worklib/pc065a_toplevel, from library uob_hep_pc065a_lib

Archiving cellview /projects/HEP_Instrumentation/cad/cern_cdslib/lib_psd16.x/concept_libs/pe16/pe_cern_lib/cnconnector/con3p, from library cnconnector

Archiving cellview /projects/HEP_Instrumentation/cad/cern_cdslib/lib_psd16.x/concept_libs/pe16/pe_cern_lib/cnpassive/tp, from library cnpassive

Archiving cellview /projects/HEP_Instrumentation/cad/bris_cdslib/lib_psd14.x/cds_special/mp20075_reg, from library bris_cds_special

Archiving cellview /projects/HEP_Instrumentation/cad/cern_cdslib/lib_psd16.x/concept_libs/pe16/pe_cern_lib/cnconnector/con4p, from library cnconnector

Archiving cellview /projects/HEP_Instrumentation/cad/cern_cdslib/lib_psd16.x/concept_libs/pe16/pe_cern_lib/cnmech/sfp_cage_x4, from library cnmech

Archiving cellview /projects/HEP_Instrumentation/cad/designs/uob-hep-pc065a/trunk/design_files/worklib/sfp_module, from library uob_hep_pc065a_lib

Archiving cellview /projects/HEP_Instrumentation/cad/bris_cdslib/lib_psd14.x/cds_discrete/max9381_umax, from library bris_cds_discrete

Archiving cellview /projects/HEP_Instrumentation/cad/cern_cdslib/lib_psd16.x/concept_libs/pe16/pe_cern_lib/cnconnector/con20p_sfp, from library cnconnector

Archiving cellview /projects/HEP_Instrumentation/cad/cern_cdslib/lib_psd16.x/concept_libs/pe16/pe_cern_lib/cndiscrete/inductance, from library cndiscrete

Archiving cellview /projects/HEP_Instrumentation/cad/cern_cdslib/lib_psd16.x/concept_libs/pe16/pe_cern_lib/cnpower/p1v3, from library cnpower

Archiving cellview /projects/HEP_Instrumentation/cad/designs/uob-hep-pc065a/trunk/design_files/worklib/diff_buff_1to2, from library uob_hep_pc065a_lib

Archiving cellview /projects/HEP_Instrumentation/cad/cern_cdslib/lib_psd16.x/concept_libs/pe16/pe_cern_lib/cninterface/sy58608u, from library cninterface

Archiving cellview /projects/HEP_Instrumentation/cad/bris_cdslib/lib_psd14.x/cds_special/si5395, from library bris_cds_special

Archiving cellview /projects/HEP_Instrumentation/cad/bris_cdslib/lib_psd14.x/cds_analogue/lp38692sd, from library bris_cds_analogue

Archiving cellview /projects/HEP_Instrumentation/cad/bris_cdslib/lib_psd14.x/cds_discrete/dsc1123ci5, from library bris_cds_discrete

Archiving cellview /projects/HEP_Instrumentation/cad/cern_cdslib/lib_psd16.x/concept_libs/pe16/pe_cern_lib/cninterface/854s058i, from library cninterface

Archiving cellview /projects/HEP_Instrumentation/cad/cern_cdslib/lib_psd16.x/concept_libs/pe16/pe_cern_lib/cninterface/adn2814, from library cninterface

Archiving cellview /projects/HEP_Instrumentation/cad/designs/uob-hep-pc065a/trunk/design_files/worklib/i2c_level_translate, from library uob_hep_pc065a_lib

Archiving cellview /projects/HEP_Instrumentation/cad/bris_cdslib/lib_psd14.x/cds_special/tca9539, from library bris_cds_special

Archiving cellview /projects/HEP_Instrumentation/cad/bris_cdslib/lib_psd14.x/cds_special/74avc4t245_bris, from library bris_cds_special

Archiving cellview /projects/HEP_Instrumentation/cad/cern_cdslib/lib_psd16.x/concept_libs/pe16/pe_cern_lib/cnconnector/pcoax, from library cnconnector

Archiving cellview /projects/HEP_Instrumentation/cad/cern_cdslib/lib_psd16.x/concept_libs/pe16/pe_cern_lib/cnmemory/24aa025e48, from library cnmemory

Archiving cellview /projects/HEP_Instrumentation/cad/cern_cdslib/lib_psd16.x/concept_libs/pe16/pe_cern_lib/cnpower/p3v3c, from library cnpower

Archiving cellview /projects/HEP_Instrumentation/cad/cern_cdslib/lib_psd16.x/concept_libs/pe16/pe_cern_lib/cnpower/p3v3b, from library cnpower

Archiving cellview /projects/HEP_Instrumentation/cad/cern_cdslib/lib_psd16.x/concept_libs/pe16/pe_cern_lib/cnpower/p3v3a, from library cnpower

Archiving cellview /projects/HEP_Instrumentation/cad/cern_cdslib/lib_psd16.x/concept_libs/pe16/pe_cern_lib/cnpower/p1v8a, from library cnpower

Archiving cellview /software/CAD/Cadence/SPB17.20.061/share/library/standard/toc, from library standard

Archiving cellview /projects/HEP_Instrumentation/cad/designs/uob-hep-pc065a/trunk/design_files/worklib/rd_buffer, from library uob_hep_pc065a_lib

Archiving cellview /projects/HEP_Instrumentation/cad/designs/uob-hep-pc065a/trunk/design_files/worklib/buffer1_2, from library uob_hep_pc065a_lib

Executing compression command.....
tar -cvf "/projects/HEP_Instrumentation/cad/designs/uob-hep-pc065a/trunk/design_files/pc065a_toplevel_compress" "pc065a_toplevel_archive" 
pc065a_toplevel_archive/
pc065a_toplevel_archive/cref.dat
pc065a_toplevel_archive/pc065a_toplevel_cpm.arch
pc065a_toplevel_archive/archive_libs/
pc065a_toplevel_archive/archive_libs/cds_analogue/
pc065a_toplevel_archive/archive_libs/cds_analogue/lp38692sd/
pc065a_toplevel_archive/archive_libs/cds_analogue/lp38692sd/metadata/
pc065a_toplevel_archive/archive_libs/cds_analogue/lp38692sd/metadata/revision.log
pc065a_toplevel_archive/archive_libs/cds_analogue/lp38692sd/metadata/pdv_validation.txt
pc065a_toplevel_archive/archive_libs/cds_analogue/lp38692sd/metadata/pinlist.txt
pc065a_toplevel_archive/archive_libs/cds_analogue/lp38692sd/metadata/revision.dat
pc065a_toplevel_archive/archive_libs/cds_analogue/lp38692sd/metadata/master.tag
pc065a_toplevel_archive/archive_libs/cds_analogue/lp38692sd/metadata/revHistory.log
pc065a_toplevel_archive/archive_libs/cds_analogue/lp38692sd/sym_1/
pc065a_toplevel_archive/archive_libs/cds_analogue/lp38692sd/sym_1/symbol.css
pc065a_toplevel_archive/archive_libs/cds_analogue/lp38692sd/sym_1/master.tag
pc065a_toplevel_archive/archive_libs/cds_analogue/lp38692sd/chips/
pc065a_toplevel_archive/archive_libs/cds_analogue/lp38692sd/chips/chips.prt
pc065a_toplevel_archive/archive_libs/cds_analogue/lp38692sd/chips/master.tag
pc065a_toplevel_archive/archive_libs/cds_analogue/lp38692sd/entity/
pc065a_toplevel_archive/archive_libs/cds_analogue/lp38692sd/entity/verilog.v
pc065a_toplevel_archive/archive_libs/cds_analogue/lp38692sd/entity/vlog004u.sir
pc065a_toplevel_archive/archive_libs/cds_analogue/lp38692sd/entity/master.tag
pc065a_toplevel_archive/archive_libs/cds_analogue/lp38692sd/entity/vhdl.vhd
pc065a_toplevel_archive/archive_libs/cds_analogue/lp38692sd/entity/pc.db
pc065a_toplevel_archive/archive_libs/cndiscrete/
pc065a_toplevel_archive/archive_libs/cndiscrete/inductance/
pc065a_toplevel_archive/archive_libs/cndiscrete/inductance/sym_2/
pc065a_toplevel_archive/archive_libs/cndiscrete/inductance/sym_2/symbol.css
pc065a_toplevel_archive/archive_libs/cndiscrete/inductance/sym_2/master.tag
pc065a_toplevel_archive/archive_libs/cndiscrete/inductance/sym_1/
pc065a_toplevel_archive/archive_libs/cndiscrete/inductance/sym_1/symbol.css
pc065a_toplevel_archive/archive_libs/cndiscrete/inductance/sym_1/master.tag
pc065a_toplevel_archive/archive_libs/cndiscrete/inductance/part_table/
pc065a_toplevel_archive/archive_libs/cndiscrete/inductance/part_table/master.tag
pc065a_toplevel_archive/archive_libs/cndiscrete/inductance/part_table/inductance.ptf~
pc065a_toplevel_archive/archive_libs/cndiscrete/inductance/part_table/inductance.ptf
pc065a_toplevel_archive/archive_libs/cndiscrete/inductance/chips/
pc065a_toplevel_archive/archive_libs/cndiscrete/inductance/chips/chips.prt
pc065a_toplevel_archive/archive_libs/cndiscrete/inductance/entity/
pc065a_toplevel_archive/archive_libs/cndiscrete/inductance/entity/verilog.v
pc065a_toplevel_archive/archive_libs/cndiscrete/inductance/entity/vlog004u.sir
pc065a_toplevel_archive/archive_libs/cndiscrete/inductance/entity/master.tag
pc065a_toplevel_archive/archive_libs/cndiscrete/inductance/entity/vhdl.vhd
pc065a_toplevel_archive/archive_libs/cndiscrete/inductance/entity/pc.db
pc065a_toplevel_archive/archive_libs/cds_special/
pc065a_toplevel_archive/archive_libs/cds_special/tca9803/
pc065a_toplevel_archive/archive_libs/cds_special/tca9803/metadata/
pc065a_toplevel_archive/archive_libs/cds_special/tca9803/metadata/revision.log
pc065a_toplevel_archive/archive_libs/cds_special/tca9803/metadata/pdv_validation.txt
pc065a_toplevel_archive/archive_libs/cds_special/tca9803/metadata/pinlist.txt
pc065a_toplevel_archive/archive_libs/cds_special/tca9803/metadata/revision.dat
pc065a_toplevel_archive/archive_libs/cds_special/tca9803/metadata/master.tag
pc065a_toplevel_archive/archive_libs/cds_special/tca9803/metadata/revHistory.log
pc065a_toplevel_archive/archive_libs/cds_special/tca9803/sym_1/
pc065a_toplevel_archive/archive_libs/cds_special/tca9803/sym_1/symbol.css
pc065a_toplevel_archive/archive_libs/cds_special/tca9803/sym_1/master.tag
pc065a_toplevel_archive/archive_libs/cds_special/tca9803/part_table/
pc065a_toplevel_archive/archive_libs/cds_special/tca9803/part_table/master.tag
pc065a_toplevel_archive/archive_libs/cds_special/tca9803/part_table/TCA9803.ptf
pc065a_toplevel_archive/archive_libs/cds_special/tca9803/chips/
pc065a_toplevel_archive/archive_libs/cds_special/tca9803/chips/chips.prt
pc065a_toplevel_archive/archive_libs/cds_special/tca9803/chips/master.tag
pc065a_toplevel_archive/archive_libs/cds_special/tca9803/entity/
pc065a_toplevel_archive/archive_libs/cds_special/tca9803/entity/verilog.v
pc065a_toplevel_archive/archive_libs/cds_special/tca9803/entity/vlog004u.sir
pc065a_toplevel_archive/archive_libs/cds_special/tca9803/entity/master.tag
pc065a_toplevel_archive/archive_libs/cds_special/tca9803/entity/vhdl.vhd
pc065a_toplevel_archive/archive_libs/cds_special/tca9803/entity/pc.db
pc065a_toplevel_archive/archive_libs/cds_special/mp20075_reg/
pc065a_toplevel_archive/archive_libs/cds_special/mp20075_reg/metadata/
pc065a_toplevel_archive/archive_libs/cds_special/mp20075_reg/metadata/revision.log
pc065a_toplevel_archive/archive_libs/cds_special/mp20075_reg/metadata/pdv_validation.txt
pc065a_toplevel_archive/archive_libs/cds_special/mp20075_reg/metadata/pinlist.txt
pc065a_toplevel_archive/archive_libs/cds_special/mp20075_reg/metadata/revision.dat
pc065a_toplevel_archive/archive_libs/cds_special/mp20075_reg/metadata/master.tag
pc065a_toplevel_archive/archive_libs/cds_special/mp20075_reg/metadata/revHistory.log
pc065a_toplevel_archive/archive_libs/cds_special/mp20075_reg/sym_1/
pc065a_toplevel_archive/archive_libs/cds_special/mp20075_reg/sym_1/symbol.css
pc065a_toplevel_archive/archive_libs/cds_special/mp20075_reg/sym_1/master.tag
pc065a_toplevel_archive/archive_libs/cds_special/mp20075_reg/chips/
pc065a_toplevel_archive/archive_libs/cds_special/mp20075_reg/chips/chips.prt
pc065a_toplevel_archive/archive_libs/cds_special/mp20075_reg/chips/master.tag
pc065a_toplevel_archive/archive_libs/cds_special/mp20075_reg/entity/
pc065a_toplevel_archive/archive_libs/cds_special/mp20075_reg/entity/verilog.v
pc065a_toplevel_archive/archive_libs/cds_special/mp20075_reg/entity/vlog004u.sir
pc065a_toplevel_archive/archive_libs/cds_special/mp20075_reg/entity/master.tag
pc065a_toplevel_archive/archive_libs/cds_special/mp20075_reg/entity/vhdl.vhd
pc065a_toplevel_archive/archive_libs/cds_special/mp20075_reg/entity/pc.db
pc065a_toplevel_archive/archive_libs/cds_special/74avc4t245_bris/
pc065a_toplevel_archive/archive_libs/cds_special/74avc4t245_bris/sym_2/
pc065a_toplevel_archive/archive_libs/cds_special/74avc4t245_bris/sym_2/symbol.css
pc065a_toplevel_archive/archive_libs/cds_special/74avc4t245_bris/sym_2/master.tag
pc065a_toplevel_archive/archive_libs/cds_special/74avc4t245_bris/metadata/
pc065a_toplevel_archive/archive_libs/cds_special/74avc4t245_bris/metadata/revision.log
pc065a_toplevel_archive/archive_libs/cds_special/74avc4t245_bris/metadata/pdv_validation.txt
pc065a_toplevel_archive/archive_libs/cds_special/74avc4t245_bris/metadata/pinlist.txt
pc065a_toplevel_archive/archive_libs/cds_special/74avc4t245_bris/metadata/revision.dat
pc065a_toplevel_archive/archive_libs/cds_special/74avc4t245_bris/metadata/master.tag
pc065a_toplevel_archive/archive_libs/cds_special/74avc4t245_bris/metadata/revHistory.log
pc065a_toplevel_archive/archive_libs/cds_special/74avc4t245_bris/sym_1/
pc065a_toplevel_archive/archive_libs/cds_special/74avc4t245_bris/sym_1/symbol.css
pc065a_toplevel_archive/archive_libs/cds_special/74avc4t245_bris/sym_1/master.tag
pc065a_toplevel_archive/archive_libs/cds_special/74avc4t245_bris/part_table/
pc065a_toplevel_archive/archive_libs/cds_special/74avc4t245_bris/part_table/master.tag
pc065a_toplevel_archive/archive_libs/cds_special/74avc4t245_bris/part_table/74AVC4T245_BRIS.ptf
pc065a_toplevel_archive/archive_libs/cds_special/74avc4t245_bris/chips/
pc065a_toplevel_archive/archive_libs/cds_special/74avc4t245_bris/chips/chips.bkp
pc065a_toplevel_archive/archive_libs/cds_special/74avc4t245_bris/chips/chips.prt
pc065a_toplevel_archive/archive_libs/cds_special/74avc4t245_bris/chips/master.tag
pc065a_toplevel_archive/archive_libs/cds_special/74avc4t245_bris/entity/
pc065a_toplevel_archive/archive_libs/cds_special/74avc4t245_bris/entity/verilog.v
pc065a_toplevel_archive/archive_libs/cds_special/74avc4t245_bris/entity/vlog004u.sir
pc065a_toplevel_archive/archive_libs/cds_special/74avc4t245_bris/entity/master.tag
pc065a_toplevel_archive/archive_libs/cds_special/74avc4t245_bris/entity/vhdl.vhd
pc065a_toplevel_archive/archive_libs/cds_special/74avc4t245_bris/entity/pc.db
pc065a_toplevel_archive/archive_libs/cds_special/si5395/
pc065a_toplevel_archive/archive_libs/cds_special/si5395/metadata/
pc065a_toplevel_archive/archive_libs/cds_special/si5395/metadata/revision.log
pc065a_toplevel_archive/archive_libs/cds_special/si5395/metadata/pdv_validation.txt
pc065a_toplevel_archive/archive_libs/cds_special/si5395/metadata/pinlist.txt
pc065a_toplevel_archive/archive_libs/cds_special/si5395/metadata/revision.dat
pc065a_toplevel_archive/archive_libs/cds_special/si5395/metadata/master.tag
pc065a_toplevel_archive/archive_libs/cds_special/si5395/metadata/revHistory.log
pc065a_toplevel_archive/archive_libs/cds_special/si5395/sym_1/
pc065a_toplevel_archive/archive_libs/cds_special/si5395/sym_1/symbol.css
pc065a_toplevel_archive/archive_libs/cds_special/si5395/sym_1/master.tag
pc065a_toplevel_archive/archive_libs/cds_special/si5395/part_table/
pc065a_toplevel_archive/archive_libs/cds_special/si5395/part_table/SI5395.ptf
pc065a_toplevel_archive/archive_libs/cds_special/si5395/part_table/master.tag
pc065a_toplevel_archive/archive_libs/cds_special/si5395/chips/
pc065a_toplevel_archive/archive_libs/cds_special/si5395/chips/chips.prt
pc065a_toplevel_archive/archive_libs/cds_special/si5395/chips/master.tag
pc065a_toplevel_archive/archive_libs/cds_special/si5395/entity/
pc065a_toplevel_archive/archive_libs/cds_special/si5395/entity/verilog.v
pc065a_toplevel_archive/archive_libs/cds_special/si5395/entity/master.tag
pc065a_toplevel_archive/archive_libs/cds_special/si5395/entity/vhdl.vhd
pc065a_toplevel_archive/archive_libs/cds_special/tca9539/
pc065a_toplevel_archive/archive_libs/cds_special/tca9539/metadata/
pc065a_toplevel_archive/archive_libs/cds_special/tca9539/metadata/revision.log
pc065a_toplevel_archive/archive_libs/cds_special/tca9539/metadata/pdv_validation.txt
pc065a_toplevel_archive/archive_libs/cds_special/tca9539/metadata/pinlist.txt
pc065a_toplevel_archive/archive_libs/cds_special/tca9539/metadata/revision.dat
pc065a_toplevel_archive/archive_libs/cds_special/tca9539/metadata/master.tag
pc065a_toplevel_archive/archive_libs/cds_special/tca9539/metadata/revHistory.log
pc065a_toplevel_archive/archive_libs/cds_special/tca9539/sym_1/
pc065a_toplevel_archive/archive_libs/cds_special/tca9539/sym_1/symbol.css
pc065a_toplevel_archive/archive_libs/cds_special/tca9539/sym_1/master.tag
pc065a_toplevel_archive/archive_libs/cds_special/tca9539/part_table/
pc065a_toplevel_archive/archive_libs/cds_special/tca9539/part_table/master.tag
pc065a_toplevel_archive/archive_libs/cds_special/tca9539/part_table/TCA9539.ptf
pc065a_toplevel_archive/archive_libs/cds_special/tca9539/chips/
pc065a_toplevel_archive/archive_libs/cds_special/tca9539/chips/chips.prt
pc065a_toplevel_archive/archive_libs/cds_special/tca9539/chips/master.tag
pc065a_toplevel_archive/archive_libs/cds_special/tca9539/entity/
pc065a_toplevel_archive/archive_libs/cds_special/tca9539/entity/verilog.v
pc065a_toplevel_archive/archive_libs/cds_special/tca9539/entity/vlog004u.sir
pc065a_toplevel_archive/archive_libs/cds_special/tca9539/entity/master.tag
pc065a_toplevel_archive/archive_libs/cds_special/tca9539/entity/vhdl.vhd
pc065a_toplevel_archive/archive_libs/cds_special/tca9539/entity/pc.db
pc065a_toplevel_archive/archive_libs/cnpassive/
pc065a_toplevel_archive/archive_libs/cnpassive/tp/
pc065a_toplevel_archive/archive_libs/cnpassive/tp/sym_2/
pc065a_toplevel_archive/archive_libs/cnpassive/tp/sym_2/symbol.css
pc065a_toplevel_archive/archive_libs/cnpassive/tp/sym_2/master.tag
pc065a_toplevel_archive/archive_libs/cnpassive/tp/metadata/
pc065a_toplevel_archive/archive_libs/cnpassive/tp/metadata/revision.log
pc065a_toplevel_archive/archive_libs/cnpassive/tp/metadata/pdv_validation.txt
pc065a_toplevel_archive/archive_libs/cnpassive/tp/metadata/pinlist.txt
pc065a_toplevel_archive/archive_libs/cnpassive/tp/metadata/revision.dat
pc065a_toplevel_archive/archive_libs/cnpassive/tp/metadata/master.tag
pc065a_toplevel_archive/archive_libs/cnpassive/tp/metadata/revHistory.log
pc065a_toplevel_archive/archive_libs/cnpassive/tp/sym_1/
pc065a_toplevel_archive/archive_libs/cnpassive/tp/sym_1/symbol.css
pc065a_toplevel_archive/archive_libs/cnpassive/tp/sym_1/master.tag
pc065a_toplevel_archive/archive_libs/cnpassive/tp/part_table/
pc065a_toplevel_archive/archive_libs/cnpassive/tp/part_table/master.tag
pc065a_toplevel_archive/archive_libs/cnpassive/tp/part_table/tp.ptf
pc065a_toplevel_archive/archive_libs/cnpassive/tp/swift_model/
pc065a_toplevel_archive/archive_libs/cnpassive/tp/swift_model/verilog.v
pc065a_toplevel_archive/archive_libs/cnpassive/tp/swift_model/master.tag
pc065a_toplevel_archive/archive_libs/cnpassive/tp/psp_sim_1/
pc065a_toplevel_archive/archive_libs/cnpassive/tp/psp_sim_1/TP.ver
pc065a_toplevel_archive/archive_libs/cnpassive/tp/sym_4/
pc065a_toplevel_archive/archive_libs/cnpassive/tp/sym_4/symbol.css
pc065a_toplevel_archive/archive_libs/cnpassive/tp/sym_4/master.tag
pc065a_toplevel_archive/archive_libs/cnpassive/tp/sym_3/
pc065a_toplevel_archive/archive_libs/cnpassive/tp/sym_3/symbol.css
pc065a_toplevel_archive/archive_libs/cnpassive/tp/sym_3/master.tag
pc065a_toplevel_archive/archive_libs/cnpassive/tp/chips/
pc065a_toplevel_archive/archive_libs/cnpassive/tp/chips/chips.prt
pc065a_toplevel_archive/archive_libs/cnpassive/tp/chips/master.tag
pc065a_toplevel_archive/archive_libs/cnpassive/tp/vlog_model/
pc065a_toplevel_archive/archive_libs/cnpassive/tp/vlog_model/verilog.v
pc065a_toplevel_archive/archive_libs/cnpassive/tp/vlog_model/master.tag
pc065a_toplevel_archive/archive_libs/cnpassive/tp/entity/
pc065a_toplevel_archive/archive_libs/cnpassive/tp/entity/verilog.v
pc065a_toplevel_archive/archive_libs/cnpassive/tp/entity/vlog004u.sir
pc065a_toplevel_archive/archive_libs/cnpassive/tp/entity/master.tag
pc065a_toplevel_archive/archive_libs/cnpassive/tp/entity/vhdl.vhd
pc065a_toplevel_archive/archive_libs/cnpassive/tp/entity/pc.db
pc065a_toplevel_archive/archive_libs/cnpassive/capcersmdcl2/
pc065a_toplevel_archive/archive_libs/cnpassive/capcersmdcl2/sym_2/
pc065a_toplevel_archive/archive_libs/cnpassive/capcersmdcl2/sym_2/symbol.css
pc065a_toplevel_archive/archive_libs/cnpassive/capcersmdcl2/sym_2/master.tag
pc065a_toplevel_archive/archive_libs/cnpassive/capcersmdcl2/sym_1/
pc065a_toplevel_archive/archive_libs/cnpassive/capcersmdcl2/sym_1/symbol.css
pc065a_toplevel_archive/archive_libs/cnpassive/capcersmdcl2/sym_1/master.tag
pc065a_toplevel_archive/archive_libs/cnpassive/capcersmdcl2/part_table/
pc065a_toplevel_archive/archive_libs/cnpassive/capcersmdcl2/part_table/master.tag
pc065a_toplevel_archive/archive_libs/cnpassive/capcersmdcl2/part_table/capcersmdcl2.ptf
pc065a_toplevel_archive/archive_libs/cnpassive/capcersmdcl2/part_table/capcersmdcl2.ptf~
pc065a_toplevel_archive/archive_libs/cnpassive/capcersmdcl2/chips/
pc065a_toplevel_archive/archive_libs/cnpassive/capcersmdcl2/chips/chips.prt
pc065a_toplevel_archive/archive_libs/cnpassive/capcersmdcl2/chips/master.tag
pc065a_toplevel_archive/archive_libs/cnpassive/capcersmdcl2/vlog_model/
pc065a_toplevel_archive/archive_libs/cnpassive/capcersmdcl2/vlog_model/verilog.v
pc065a_toplevel_archive/archive_libs/cnpassive/capcersmdcl2/vlog_model/master.tag
pc065a_toplevel_archive/archive_libs/cnpassive/capcersmdcl2/entity/
pc065a_toplevel_archive/archive_libs/cnpassive/capcersmdcl2/entity/verilog.v
pc065a_toplevel_archive/archive_libs/cnpassive/capcersmdcl2/entity/vlog004u.sir
pc065a_toplevel_archive/archive_libs/cnpassive/capcersmdcl2/entity/master.tag
pc065a_toplevel_archive/archive_libs/cnpassive/capcersmdcl2/entity/vhdl.vhd
pc065a_toplevel_archive/archive_libs/cnpassive/capcersmdcl2/entity/pc.db
pc065a_toplevel_archive/archive_libs/cnpassive/rsmd0402/
pc065a_toplevel_archive/archive_libs/cnpassive/rsmd0402/sym_2/
pc065a_toplevel_archive/archive_libs/cnpassive/rsmd0402/sym_2/symbol.css
pc065a_toplevel_archive/archive_libs/cnpassive/rsmd0402/sym_2/master.tag
pc065a_toplevel_archive/archive_libs/cnpassive/rsmd0402/sym_1/
pc065a_toplevel_archive/archive_libs/cnpassive/rsmd0402/sym_1/symbol.css
pc065a_toplevel_archive/archive_libs/cnpassive/rsmd0402/sym_1/master.tag
pc065a_toplevel_archive/archive_libs/cnpassive/rsmd0402/sym_3/
pc065a_toplevel_archive/archive_libs/cnpassive/rsmd0402/sym_3/symbol.css
pc065a_toplevel_archive/archive_libs/cnpassive/rsmd0402/sym_3/master.tag
pc065a_toplevel_archive/archive_libs/cnpassive/rsmd0402/chips/
pc065a_toplevel_archive/archive_libs/cnpassive/rsmd0402/chips/chips.prt
pc065a_toplevel_archive/archive_libs/cnpassive/rsmd0402/chips/master.tag
pc065a_toplevel_archive/archive_libs/cnpassive/rsmd0402/vlog_model/
pc065a_toplevel_archive/archive_libs/cnpassive/rsmd0402/vlog_model/verilog.v
pc065a_toplevel_archive/archive_libs/cnpassive/rsmd0402/vlog_model/master.tag
pc065a_toplevel_archive/archive_libs/cnpassive/rsmd0402/entity/
pc065a_toplevel_archive/archive_libs/cnpassive/rsmd0402/entity/verilog.v
pc065a_toplevel_archive/archive_libs/cnpassive/rsmd0402/entity/vlog004u.sir
pc065a_toplevel_archive/archive_libs/cnpassive/rsmd0402/entity/master.tag
pc065a_toplevel_archive/archive_libs/cnpassive/rsmd0402/entity/vhdl.vhd
pc065a_toplevel_archive/archive_libs/cnpassive/rsmd0402/entity/pc.db
pc065a_toplevel_archive/archive_libs/cds_standard/
pc065a_toplevel_archive/archive_libs/cds_standard/bris_std_a3/
pc065a_toplevel_archive/archive_libs/cds_standard/bris_std_a3/sym_2/
pc065a_toplevel_archive/archive_libs/cds_standard/bris_std_a3/sym_2/symbol.css
pc065a_toplevel_archive/archive_libs/cds_standard/bris_std_a3/sym_2/master.tag
pc065a_toplevel_archive/archive_libs/cds_standard/bris_std_a3/metadata/
pc065a_toplevel_archive/archive_libs/cds_standard/bris_std_a3/metadata/revision.log
pc065a_toplevel_archive/archive_libs/cds_standard/bris_std_a3/metadata/pdv_validation.txt
pc065a_toplevel_archive/archive_libs/cds_standard/bris_std_a3/metadata/pinlist.txt
pc065a_toplevel_archive/archive_libs/cds_standard/bris_std_a3/metadata/revision.dat
pc065a_toplevel_archive/archive_libs/cds_standard/bris_std_a3/metadata/master.tag
pc065a_toplevel_archive/archive_libs/cds_standard/bris_std_a3/metadata/revHistory.log
pc065a_toplevel_archive/archive_libs/cds_standard/bris_std_a3/sym_1/
pc065a_toplevel_archive/archive_libs/cds_standard/bris_std_a3/sym_1/symbol.css.baseline
pc065a_toplevel_archive/archive_libs/cds_standard/bris_std_a3/sym_1/symbol.css,1
pc065a_toplevel_archive/archive_libs/cds_standard/bris_std_a3/sym_1/bris_std_a3##sym_1.style
pc065a_toplevel_archive/archive_libs/cds_standard/bris_std_a3/sym_1/symbol.css
pc065a_toplevel_archive/archive_libs/cds_standard/bris_std_a3/sym_1/master.tag
pc065a_toplevel_archive/archive_libs/cds_standard/bris_std_a3/sym_1/bris_std_a3##sym_1.ascii
pc065a_toplevel_archive/archive_libs/cds_standard/bris_std_a3/sym_1/module_order.dat
pc065a_toplevel_archive/archive_libs/cnmemory/
pc065a_toplevel_archive/archive_libs/cnmemory/24aa025e48/
pc065a_toplevel_archive/archive_libs/cnmemory/24aa025e48/metadata/
pc065a_toplevel_archive/archive_libs/cnmemory/24aa025e48/metadata/revision.log
pc065a_toplevel_archive/archive_libs/cnmemory/24aa025e48/metadata/pdv_validation.txt
pc065a_toplevel_archive/archive_libs/cnmemory/24aa025e48/metadata/pinlist.txt
pc065a_toplevel_archive/archive_libs/cnmemory/24aa025e48/metadata/revision.dat
pc065a_toplevel_archive/archive_libs/cnmemory/24aa025e48/metadata/master.tag
pc065a_toplevel_archive/archive_libs/cnmemory/24aa025e48/metadata/revHistory.log
pc065a_toplevel_archive/archive_libs/cnmemory/24aa025e48/sym_1/
pc065a_toplevel_archive/archive_libs/cnmemory/24aa025e48/sym_1/symbol.css
pc065a_toplevel_archive/archive_libs/cnmemory/24aa025e48/sym_1/master.tag
pc065a_toplevel_archive/archive_libs/cnmemory/24aa025e48/part_table/
pc065a_toplevel_archive/archive_libs/cnmemory/24aa025e48/part_table/24aa025e48.ptf
pc065a_toplevel_archive/archive_libs/cnmemory/24aa025e48/part_table/master.tag
pc065a_toplevel_archive/archive_libs/cnmemory/24aa025e48/chips/
pc065a_toplevel_archive/archive_libs/cnmemory/24aa025e48/chips/chips.prt.baselined
pc065a_toplevel_archive/archive_libs/cnmemory/24aa025e48/chips/chips.prt
pc065a_toplevel_archive/archive_libs/cnmemory/24aa025e48/chips/master.tag
pc065a_toplevel_archive/archive_libs/cnmemory/24aa025e48/entity/
pc065a_toplevel_archive/archive_libs/cnmemory/24aa025e48/entity/verilog.v
pc065a_toplevel_archive/archive_libs/cnmemory/24aa025e48/entity/vlog004u.sir
pc065a_toplevel_archive/archive_libs/cnmemory/24aa025e48/entity/master.tag
pc065a_toplevel_archive/archive_libs/cnmemory/24aa025e48/entity/vhdl.vhd
pc065a_toplevel_archive/archive_libs/cnmemory/24aa025e48/entity/pc.db
pc065a_toplevel_archive/archive_libs/cnmech/
pc065a_toplevel_archive/archive_libs/cnmech/sfp_cage_x4/
pc065a_toplevel_archive/archive_libs/cnmech/sfp_cage_x4/sym_2/
pc065a_toplevel_archive/archive_libs/cnmech/sfp_cage_x4/sym_2/symbol.css
pc065a_toplevel_archive/archive_libs/cnmech/sfp_cage_x4/sym_2/master.tag
pc065a_toplevel_archive/archive_libs/cnmech/sfp_cage_x4/sym_1/
pc065a_toplevel_archive/archive_libs/cnmech/sfp_cage_x4/sym_1/symbol.css
pc065a_toplevel_archive/archive_libs/cnmech/sfp_cage_x4/sym_1/master.tag
pc065a_toplevel_archive/archive_libs/cnmech/sfp_cage_x4/part_table/
pc065a_toplevel_archive/archive_libs/cnmech/sfp_cage_x4/part_table/master.tag
pc065a_toplevel_archive/archive_libs/cnmech/sfp_cage_x4/part_table/sfp_cage_x4.ptf
pc065a_toplevel_archive/archive_libs/cnmech/sfp_cage_x4/chips/
pc065a_toplevel_archive/archive_libs/cnmech/sfp_cage_x4/chips/chips.prt
pc065a_toplevel_archive/archive_libs/cnmech/sfp_cage_x4/chips/master.tag
pc065a_toplevel_archive/archive_libs/cnmech/sfp_cage_x4/entity/
pc065a_toplevel_archive/archive_libs/cnmech/sfp_cage_x4/entity/verilog.v
pc065a_toplevel_archive/archive_libs/cnmech/sfp_cage_x4/entity/vlog004u.sir
pc065a_toplevel_archive/archive_libs/cnmech/sfp_cage_x4/entity/master.tag
pc065a_toplevel_archive/archive_libs/cnmech/sfp_cage_x4/entity/vhdl.vhd
pc065a_toplevel_archive/archive_libs/cninterface/
pc065a_toplevel_archive/archive_libs/cninterface/854s058i/
pc065a_toplevel_archive/archive_libs/cninterface/854s058i/metadata/
pc065a_toplevel_archive/archive_libs/cninterface/854s058i/metadata/revision.log
pc065a_toplevel_archive/archive_libs/cninterface/854s058i/metadata/pdv_validation.txt
pc065a_toplevel_archive/archive_libs/cninterface/854s058i/metadata/pinlist.txt
pc065a_toplevel_archive/archive_libs/cninterface/854s058i/metadata/revision.dat
pc065a_toplevel_archive/archive_libs/cninterface/854s058i/metadata/master.tag
pc065a_toplevel_archive/archive_libs/cninterface/854s058i/metadata/revHistory.log
pc065a_toplevel_archive/archive_libs/cninterface/854s058i/sym_1/
pc065a_toplevel_archive/archive_libs/cninterface/854s058i/sym_1/symbol.css
pc065a_toplevel_archive/archive_libs/cninterface/854s058i/sym_1/master.tag
pc065a_toplevel_archive/archive_libs/cninterface/854s058i/part_table/
pc065a_toplevel_archive/archive_libs/cninterface/854s058i/part_table/854s058i.ptf
pc065a_toplevel_archive/archive_libs/cninterface/854s058i/part_table/master.tag
pc065a_toplevel_archive/archive_libs/cninterface/854s058i/chips/
pc065a_toplevel_archive/archive_libs/cninterface/854s058i/chips/chips.prt
pc065a_toplevel_archive/archive_libs/cninterface/854s058i/chips/master.tag
pc065a_toplevel_archive/archive_libs/cninterface/854s058i/entity/
pc065a_toplevel_archive/archive_libs/cninterface/854s058i/entity/verilog.v
pc065a_toplevel_archive/archive_libs/cninterface/854s058i/entity/vlog004u.sir
pc065a_toplevel_archive/archive_libs/cninterface/854s058i/entity/master.tag
pc065a_toplevel_archive/archive_libs/cninterface/854s058i/entity/vhdl.vhd
pc065a_toplevel_archive/archive_libs/cninterface/854s058i/entity/pc.db
pc065a_toplevel_archive/archive_libs/cninterface/sy58608u/
pc065a_toplevel_archive/archive_libs/cninterface/sy58608u/sym_1/
pc065a_toplevel_archive/archive_libs/cninterface/sy58608u/sym_1/symbol.css
pc065a_toplevel_archive/archive_libs/cninterface/sy58608u/sym_1/master.tag
pc065a_toplevel_archive/archive_libs/cninterface/sy58608u/part_table/
pc065a_toplevel_archive/archive_libs/cninterface/sy58608u/part_table/sy58608u.ptf
pc065a_toplevel_archive/archive_libs/cninterface/sy58608u/part_table/master.tag
pc065a_toplevel_archive/archive_libs/cninterface/sy58608u/chips/
pc065a_toplevel_archive/archive_libs/cninterface/sy58608u/chips/chips.prt
pc065a_toplevel_archive/archive_libs/cninterface/sy58608u/entity/
pc065a_toplevel_archive/archive_libs/cninterface/sy58608u/entity/verilog.v
pc065a_toplevel_archive/archive_libs/cninterface/sy58608u/entity/vlog004u.sir
pc065a_toplevel_archive/archive_libs/cninterface/sy58608u/entity/master.tag
pc065a_toplevel_archive/archive_libs/cninterface/sy58608u/entity/vhdl.vhd
pc065a_toplevel_archive/archive_libs/cninterface/adn2814/
pc065a_toplevel_archive/archive_libs/cninterface/adn2814/metadata/
pc065a_toplevel_archive/archive_libs/cninterface/adn2814/metadata/revision.log
pc065a_toplevel_archive/archive_libs/cninterface/adn2814/metadata/pdv_validation.txt
pc065a_toplevel_archive/archive_libs/cninterface/adn2814/metadata/pinlist.txt
pc065a_toplevel_archive/archive_libs/cninterface/adn2814/metadata/revision.dat
pc065a_toplevel_archive/archive_libs/cninterface/adn2814/metadata/master.tag
pc065a_toplevel_archive/archive_libs/cninterface/adn2814/metadata/revHistory.log
pc065a_toplevel_archive/archive_libs/cninterface/adn2814/sym_1/
pc065a_toplevel_archive/archive_libs/cninterface/adn2814/sym_1/symbol.css
pc065a_toplevel_archive/archive_libs/cninterface/adn2814/sym_1/master.tag
pc065a_toplevel_archive/archive_libs/cninterface/adn2814/part_table/
pc065a_toplevel_archive/archive_libs/cninterface/adn2814/part_table/master.tag
pc065a_toplevel_archive/archive_libs/cninterface/adn2814/part_table/adn2814.ptf
pc065a_toplevel_archive/archive_libs/cninterface/adn2814/chips/
pc065a_toplevel_archive/archive_libs/cninterface/adn2814/chips/chips.prt
pc065a_toplevel_archive/archive_libs/cninterface/adn2814/chips/master.tag
pc065a_toplevel_archive/archive_libs/cninterface/adn2814/entity/
pc065a_toplevel_archive/archive_libs/cninterface/adn2814/entity/verilog.v
pc065a_toplevel_archive/archive_libs/cninterface/adn2814/entity/vlog004u.sir
pc065a_toplevel_archive/archive_libs/cninterface/adn2814/entity/master.tag
pc065a_toplevel_archive/archive_libs/cninterface/adn2814/entity/vhdl.vhd
pc065a_toplevel_archive/archive_libs/cninterface/adn2814/entity/pc.db
pc065a_toplevel_archive/archive_libs/cds_discrete/
pc065a_toplevel_archive/archive_libs/cds_discrete/max9381_umax/
pc065a_toplevel_archive/archive_libs/cds_discrete/max9381_umax/metadata/
pc065a_toplevel_archive/archive_libs/cds_discrete/max9381_umax/metadata/revision.log
pc065a_toplevel_archive/archive_libs/cds_discrete/max9381_umax/metadata/pdv_validation.txt
pc065a_toplevel_archive/archive_libs/cds_discrete/max9381_umax/metadata/pinlist.txt
pc065a_toplevel_archive/archive_libs/cds_discrete/max9381_umax/metadata/revision.dat
pc065a_toplevel_archive/archive_libs/cds_discrete/max9381_umax/metadata/master.tag
pc065a_toplevel_archive/archive_libs/cds_discrete/max9381_umax/metadata/revHistory.log
pc065a_toplevel_archive/archive_libs/cds_discrete/max9381_umax/sym_1/
pc065a_toplevel_archive/archive_libs/cds_discrete/max9381_umax/sym_1/symbol.css.baseline
pc065a_toplevel_archive/archive_libs/cds_discrete/max9381_umax/sym_1/symbol.css,1
pc065a_toplevel_archive/archive_libs/cds_discrete/max9381_umax/sym_1/symbol.css
pc065a_toplevel_archive/archive_libs/cds_discrete/max9381_umax/sym_1/master.tag
pc065a_toplevel_archive/archive_libs/cds_discrete/max9381_umax/chips/
pc065a_toplevel_archive/archive_libs/cds_discrete/max9381_umax/chips/chips.prt
pc065a_toplevel_archive/archive_libs/cds_discrete/max9381_umax/chips/master.tag
pc065a_toplevel_archive/archive_libs/cds_discrete/max9381_umax/entity/
pc065a_toplevel_archive/archive_libs/cds_discrete/max9381_umax/entity/verilog.v
pc065a_toplevel_archive/archive_libs/cds_discrete/max9381_umax/entity/vlog004u.sir
pc065a_toplevel_archive/archive_libs/cds_discrete/max9381_umax/entity/master.tag
pc065a_toplevel_archive/archive_libs/cds_discrete/max9381_umax/entity/vhdl.vhd
pc065a_toplevel_archive/archive_libs/cds_discrete/max9381_umax/entity/pc.db
pc065a_toplevel_archive/archive_libs/cds_discrete/dsc1123ci5/
pc065a_toplevel_archive/archive_libs/cds_discrete/dsc1123ci5/metadata/
pc065a_toplevel_archive/archive_libs/cds_discrete/dsc1123ci5/metadata/revision.log
pc065a_toplevel_archive/archive_libs/cds_discrete/dsc1123ci5/metadata/pdv_validation.txt
pc065a_toplevel_archive/archive_libs/cds_discrete/dsc1123ci5/metadata/pinlist.txt
pc065a_toplevel_archive/archive_libs/cds_discrete/dsc1123ci5/metadata/revision.dat
pc065a_toplevel_archive/archive_libs/cds_discrete/dsc1123ci5/metadata/master.tag
pc065a_toplevel_archive/archive_libs/cds_discrete/dsc1123ci5/metadata/revHistory.log
pc065a_toplevel_archive/archive_libs/cds_discrete/dsc1123ci5/sym_1/
pc065a_toplevel_archive/archive_libs/cds_discrete/dsc1123ci5/sym_1/symbol.css
pc065a_toplevel_archive/archive_libs/cds_discrete/dsc1123ci5/sym_1/master.tag
pc065a_toplevel_archive/archive_libs/cds_discrete/dsc1123ci5/part_table/
pc065a_toplevel_archive/archive_libs/cds_discrete/dsc1123ci5/part_table/master.tag
pc065a_toplevel_archive/archive_libs/cds_discrete/dsc1123ci5/part_table/DSC1123CI5.ptf
pc065a_toplevel_archive/archive_libs/cds_discrete/dsc1123ci5/chips/
pc065a_toplevel_archive/archive_libs/cds_discrete/dsc1123ci5/chips/chips.prt
pc065a_toplevel_archive/archive_libs/cds_discrete/dsc1123ci5/chips/master.tag
pc065a_toplevel_archive/archive_libs/cds_discrete/dsc1123ci5/entity/
pc065a_toplevel_archive/archive_libs/cds_discrete/dsc1123ci5/entity/verilog.v
pc065a_toplevel_archive/archive_libs/cds_discrete/dsc1123ci5/entity/vlog004u.sir
pc065a_toplevel_archive/archive_libs/cds_discrete/dsc1123ci5/entity/master.tag
pc065a_toplevel_archive/archive_libs/cds_discrete/dsc1123ci5/entity/vhdl.vhd
pc065a_toplevel_archive/archive_libs/cds_discrete/dsc1123ci5/entity/pc.db
pc065a_toplevel_archive/archive_libs/cnconnector/
pc065a_toplevel_archive/archive_libs/cnconnector/con3p/
pc065a_toplevel_archive/archive_libs/cnconnector/con3p/sym_2/
pc065a_toplevel_archive/archive_libs/cnconnector/con3p/sym_2/symbol.css
pc065a_toplevel_archive/archive_libs/cnconnector/con3p/sym_2/master.tag
pc065a_toplevel_archive/archive_libs/cnconnector/con3p/sym_1/
pc065a_toplevel_archive/archive_libs/cnconnector/con3p/sym_1/symbol.css
pc065a_toplevel_archive/archive_libs/cnconnector/con3p/sym_1/master.tag
pc065a_toplevel_archive/archive_libs/cnconnector/con3p/sym_5/
pc065a_toplevel_archive/archive_libs/cnconnector/con3p/sym_5/symbol.css
pc065a_toplevel_archive/archive_libs/cnconnector/con3p/sym_5/master.tag
pc065a_toplevel_archive/archive_libs/cnconnector/con3p/part_table/
pc065a_toplevel_archive/archive_libs/cnconnector/con3p/part_table/master.tag
pc065a_toplevel_archive/archive_libs/cnconnector/con3p/part_table/con3p.ptf
pc065a_toplevel_archive/archive_libs/cnconnector/con3p/sym_4/
pc065a_toplevel_archive/archive_libs/cnconnector/con3p/sym_4/symbol.css
pc065a_toplevel_archive/archive_libs/cnconnector/con3p/sym_4/master.tag
pc065a_toplevel_archive/archive_libs/cnconnector/con3p/sym_3/
pc065a_toplevel_archive/archive_libs/cnconnector/con3p/sym_3/symbol.css
pc065a_toplevel_archive/archive_libs/cnconnector/con3p/sym_3/master.tag
pc065a_toplevel_archive/archive_libs/cnconnector/con3p/chips/
pc065a_toplevel_archive/archive_libs/cnconnector/con3p/chips/chips.prt
pc065a_toplevel_archive/archive_libs/cnconnector/con3p/entity/
pc065a_toplevel_archive/archive_libs/cnconnector/con3p/entity/verilog.v
pc065a_toplevel_archive/archive_libs/cnconnector/con3p/entity/vlog004u.sir
pc065a_toplevel_archive/archive_libs/cnconnector/con3p/entity/master.tag
pc065a_toplevel_archive/archive_libs/cnconnector/con3p/entity/vhdl.vhd
pc065a_toplevel_archive/archive_libs/cnconnector/con3p/entity/pc.db
pc065a_toplevel_archive/archive_libs/cnconnector/con4p/
pc065a_toplevel_archive/archive_libs/cnconnector/con4p/sym_2/
pc065a_toplevel_archive/archive_libs/cnconnector/con4p/sym_2/symbol.css
pc065a_toplevel_archive/archive_libs/cnconnector/con4p/sym_2/master.tag
pc065a_toplevel_archive/archive_libs/cnconnector/con4p/sym_1/
pc065a_toplevel_archive/archive_libs/cnconnector/con4p/sym_1/symbol.css
pc065a_toplevel_archive/archive_libs/cnconnector/con4p/sym_1/master.tag
pc065a_toplevel_archive/archive_libs/cnconnector/con4p/part_table/
pc065a_toplevel_archive/archive_libs/cnconnector/con4p/part_table/master.tag
pc065a_toplevel_archive/archive_libs/cnconnector/con4p/part_table/con4p.ptf
pc065a_toplevel_archive/archive_libs/cnconnector/con4p/sym_3/
pc065a_toplevel_archive/archive_libs/cnconnector/con4p/sym_3/symbol.css
pc065a_toplevel_archive/archive_libs/cnconnector/con4p/sym_3/master.tag
pc065a_toplevel_archive/archive_libs/cnconnector/con4p/chips/
pc065a_toplevel_archive/archive_libs/cnconnector/con4p/chips/chips.prt
pc065a_toplevel_archive/archive_libs/cnconnector/con4p/chips/master.tag
pc065a_toplevel_archive/archive_libs/cnconnector/con4p/entity/
pc065a_toplevel_archive/archive_libs/cnconnector/con4p/entity/verilog.v
pc065a_toplevel_archive/archive_libs/cnconnector/con4p/entity/vlog004u.sir
pc065a_toplevel_archive/archive_libs/cnconnector/con4p/entity/master.tag
pc065a_toplevel_archive/archive_libs/cnconnector/con4p/entity/vhdl.vhd
pc065a_toplevel_archive/archive_libs/cnconnector/con4p/entity/pc.db
pc065a_toplevel_archive/archive_libs/cnconnector/con20p_sfp/
pc065a_toplevel_archive/archive_libs/cnconnector/con20p_sfp/sym_2/
pc065a_toplevel_archive/archive_libs/cnconnector/con20p_sfp/sym_2/symbol.css.baselined
pc065a_toplevel_archive/archive_libs/cnconnector/con20p_sfp/sym_2/symbol.css
pc065a_toplevel_archive/archive_libs/cnconnector/con20p_sfp/sym_2/master.tag
pc065a_toplevel_archive/archive_libs/cnconnector/con20p_sfp/metadata/
pc065a_toplevel_archive/archive_libs/cnconnector/con20p_sfp/metadata/revision.log
pc065a_toplevel_archive/archive_libs/cnconnector/con20p_sfp/metadata/pdv_validation.txt
pc065a_toplevel_archive/archive_libs/cnconnector/con20p_sfp/metadata/pinlist.txt
pc065a_toplevel_archive/archive_libs/cnconnector/con20p_sfp/metadata/revision.dat
pc065a_toplevel_archive/archive_libs/cnconnector/con20p_sfp/metadata/master.tag
pc065a_toplevel_archive/archive_libs/cnconnector/con20p_sfp/metadata/revHistory.log
pc065a_toplevel_archive/archive_libs/cnconnector/con20p_sfp/sym_1/
pc065a_toplevel_archive/archive_libs/cnconnector/con20p_sfp/sym_1/symbol.css
pc065a_toplevel_archive/archive_libs/cnconnector/con20p_sfp/sym_1/master.tag
pc065a_toplevel_archive/archive_libs/cnconnector/con20p_sfp/part_table/
pc065a_toplevel_archive/archive_libs/cnconnector/con20p_sfp/part_table/con20p_sfp.ptf
pc065a_toplevel_archive/archive_libs/cnconnector/con20p_sfp/part_table/master.tag
pc065a_toplevel_archive/archive_libs/cnconnector/con20p_sfp/sym_4/
pc065a_toplevel_archive/archive_libs/cnconnector/con20p_sfp/sym_4/symbol.css
pc065a_toplevel_archive/archive_libs/cnconnector/con20p_sfp/sym_4/master.tag
pc065a_toplevel_archive/archive_libs/cnconnector/con20p_sfp/sym_3/
pc065a_toplevel_archive/archive_libs/cnconnector/con20p_sfp/sym_3/symbol.css.baselined
pc065a_toplevel_archive/archive_libs/cnconnector/con20p_sfp/sym_3/symbol.css
pc065a_toplevel_archive/archive_libs/cnconnector/con20p_sfp/sym_3/master.tag
pc065a_toplevel_archive/archive_libs/cnconnector/con20p_sfp/chips/
pc065a_toplevel_archive/archive_libs/cnconnector/con20p_sfp/chips/chips.prt.baselined
pc065a_toplevel_archive/archive_libs/cnconnector/con20p_sfp/chips/chips.prt
pc065a_toplevel_archive/archive_libs/cnconnector/con20p_sfp/chips/master.tag
pc065a_toplevel_archive/archive_libs/cnconnector/con20p_sfp/entity/
pc065a_toplevel_archive/archive_libs/cnconnector/con20p_sfp/entity/verilog.v
pc065a_toplevel_archive/archive_libs/cnconnector/con20p_sfp/entity/vlog004u.sir
pc065a_toplevel_archive/archive_libs/cnconnector/con20p_sfp/entity/master.tag
pc065a_toplevel_archive/archive_libs/cnconnector/con20p_sfp/entity/vhdl.vhd
pc065a_toplevel_archive/archive_libs/cnconnector/con20p_sfp/entity/pc.db
pc065a_toplevel_archive/archive_libs/cnconnector/con160p_40cdgh/
pc065a_toplevel_archive/archive_libs/cnconnector/con160p_40cdgh/sym_2/
pc065a_toplevel_archive/archive_libs/cnconnector/con160p_40cdgh/sym_2/symbol.css.baselined
pc065a_toplevel_archive/archive_libs/cnconnector/con160p_40cdgh/sym_2/symbol.css
pc065a_toplevel_archive/archive_libs/cnconnector/con160p_40cdgh/sym_2/master.tag
pc065a_toplevel_archive/archive_libs/cnconnector/con160p_40cdgh/metadata/
pc065a_toplevel_archive/archive_libs/cnconnector/con160p_40cdgh/metadata/revision.log
pc065a_toplevel_archive/archive_libs/cnconnector/con160p_40cdgh/metadata/pdv_validation.txt
pc065a_toplevel_archive/archive_libs/cnconnector/con160p_40cdgh/metadata/pinlist.txt
pc065a_toplevel_archive/archive_libs/cnconnector/con160p_40cdgh/metadata/revision.dat
pc065a_toplevel_archive/archive_libs/cnconnector/con160p_40cdgh/metadata/master.tag
pc065a_toplevel_archive/archive_libs/cnconnector/con160p_40cdgh/metadata/revHistory.log
pc065a_toplevel_archive/archive_libs/cnconnector/con160p_40cdgh/sym_1/
pc065a_toplevel_archive/archive_libs/cnconnector/con160p_40cdgh/sym_1/symbol.css.baselined
pc065a_toplevel_archive/archive_libs/cnconnector/con160p_40cdgh/sym_1/symbol.css
pc065a_toplevel_archive/archive_libs/cnconnector/con160p_40cdgh/sym_1/master.tag
pc065a_toplevel_archive/archive_libs/cnconnector/con160p_40cdgh/part_table/
pc065a_toplevel_archive/archive_libs/cnconnector/con160p_40cdgh/part_table/master.tag
pc065a_toplevel_archive/archive_libs/cnconnector/con160p_40cdgh/part_table/con160p_40cdgh.ptf
pc065a_toplevel_archive/archive_libs/cnconnector/con160p_40cdgh/chips/
pc065a_toplevel_archive/archive_libs/cnconnector/con160p_40cdgh/chips/chips.prt.baselined
pc065a_toplevel_archive/archive_libs/cnconnector/con160p_40cdgh/chips/chips.prt
pc065a_toplevel_archive/archive_libs/cnconnector/con160p_40cdgh/chips/master.tag
pc065a_toplevel_archive/archive_libs/cnconnector/con160p_40cdgh/entity/
pc065a_toplevel_archive/archive_libs/cnconnector/con160p_40cdgh/entity/verilog.v
pc065a_toplevel_archive/archive_libs/cnconnector/con160p_40cdgh/entity/vlog004u.sir
pc065a_toplevel_archive/archive_libs/cnconnector/con160p_40cdgh/entity/master.tag
pc065a_toplevel_archive/archive_libs/cnconnector/con160p_40cdgh/entity/vhdl.vhd
pc065a_toplevel_archive/archive_libs/cnconnector/con160p_40cdgh/entity/pc.db
pc065a_toplevel_archive/archive_libs/cnconnector/pcoax/
pc065a_toplevel_archive/archive_libs/cnconnector/pcoax/sym_2/
pc065a_toplevel_archive/archive_libs/cnconnector/pcoax/sym_2/symbol.css
pc065a_toplevel_archive/archive_libs/cnconnector/pcoax/sym_2/master.tag
pc065a_toplevel_archive/archive_libs/cnconnector/pcoax/sym_1/
pc065a_toplevel_archive/archive_libs/cnconnector/pcoax/sym_1/symbol.css
pc065a_toplevel_archive/archive_libs/cnconnector/pcoax/sym_1/master.tag
pc065a_toplevel_archive/archive_libs/cnconnector/pcoax/part_table/
pc065a_toplevel_archive/archive_libs/cnconnector/pcoax/part_table/master.tag
pc065a_toplevel_archive/archive_libs/cnconnector/pcoax/part_table/pcoax.ptf
pc065a_toplevel_archive/archive_libs/cnconnector/pcoax/chips/
pc065a_toplevel_archive/archive_libs/cnconnector/pcoax/chips/chips.prt
pc065a_toplevel_archive/archive_libs/cnconnector/pcoax/chips/master.tag
pc065a_toplevel_archive/archive_libs/cnconnector/pcoax/entity/
pc065a_toplevel_archive/archive_libs/cnconnector/pcoax/entity/verilog.v
pc065a_toplevel_archive/archive_libs/cnconnector/pcoax/entity/vlog004u.sir
pc065a_toplevel_archive/archive_libs/cnconnector/pcoax/entity/master.tag
pc065a_toplevel_archive/archive_libs/cnconnector/pcoax/entity/vhdl.vhd
pc065a_toplevel_archive/archive_libs/cnconnector/pcoax/entity/pc.db
pc065a_toplevel_archive/archive_libs/standard/
pc065a_toplevel_archive/archive_libs/standard/origin/
pc065a_toplevel_archive/archive_libs/standard/origin/metadata/
pc065a_toplevel_archive/archive_libs/standard/origin/metadata/revision.log
pc065a_toplevel_archive/archive_libs/standard/origin/metadata/pdv_validation.txt
pc065a_toplevel_archive/archive_libs/standard/origin/metadata/pinlist.txt
pc065a_toplevel_archive/archive_libs/standard/origin/metadata/revision.dat
pc065a_toplevel_archive/archive_libs/standard/origin/metadata/master.tag
pc065a_toplevel_archive/archive_libs/standard/origin/metadata/revHistory.log
pc065a_toplevel_archive/archive_libs/standard/origin/sym_1/
pc065a_toplevel_archive/archive_libs/standard/origin/sym_1/symbol.css
pc065a_toplevel_archive/archive_libs/standard/origin/sym_1/master.tag
pc065a_toplevel_archive/archive_libs/standard/outport/
pc065a_toplevel_archive/archive_libs/standard/outport/metadata/
pc065a_toplevel_archive/archive_libs/standard/outport/metadata/revision.log
pc065a_toplevel_archive/archive_libs/standard/outport/metadata/pdv_validation.txt
pc065a_toplevel_archive/archive_libs/standard/outport/metadata/pinlist.txt
pc065a_toplevel_archive/archive_libs/standard/outport/metadata/revision.dat
pc065a_toplevel_archive/archive_libs/standard/outport/metadata/master.tag
pc065a_toplevel_archive/archive_libs/standard/outport/metadata/revHistory.log
pc065a_toplevel_archive/archive_libs/standard/outport/sym_1/
pc065a_toplevel_archive/archive_libs/standard/outport/sym_1/symbol.css
pc065a_toplevel_archive/archive_libs/standard/outport/sym_1/master.tag
pc065a_toplevel_archive/archive_libs/standard/ioport/
pc065a_toplevel_archive/archive_libs/standard/ioport/metadata/
pc065a_toplevel_archive/archive_libs/standard/ioport/metadata/revision.log
pc065a_toplevel_archive/archive_libs/standard/ioport/metadata/pdv_validation.txt
pc065a_toplevel_archive/archive_libs/standard/ioport/metadata/pinlist.txt
pc065a_toplevel_archive/archive_libs/standard/ioport/metadata/revision.dat
pc065a_toplevel_archive/archive_libs/standard/ioport/metadata/master.tag
pc065a_toplevel_archive/archive_libs/standard/ioport/metadata/revHistory.log
pc065a_toplevel_archive/archive_libs/standard/ioport/sym_1/
pc065a_toplevel_archive/archive_libs/standard/ioport/sym_1/symbol.css
pc065a_toplevel_archive/archive_libs/standard/ioport/sym_1/master.tag
pc065a_toplevel_archive/archive_libs/standard/ioport/entity/
pc065a_toplevel_archive/archive_libs/standard/ioport/entity/verilog.v
pc065a_toplevel_archive/archive_libs/standard/ioport/entity/vlog004u.sir
pc065a_toplevel_archive/archive_libs/standard/ioport/entity/master.tag
pc065a_toplevel_archive/archive_libs/standard/ioport/entity/vhdl.vhd
pc065a_toplevel_archive/archive_libs/standard/toc/
pc065a_toplevel_archive/archive_libs/standard/toc/metadata/
pc065a_toplevel_archive/archive_libs/standard/toc/metadata/revision.log
pc065a_toplevel_archive/archive_libs/standard/toc/metadata/pdv_validation.txt
pc065a_toplevel_archive/archive_libs/standard/toc/metadata/pinlist.txt
pc065a_toplevel_archive/archive_libs/standard/toc/metadata/revision.dat
pc065a_toplevel_archive/archive_libs/standard/toc/metadata/master.tag
pc065a_toplevel_archive/archive_libs/standard/toc/metadata/revHistory.log
pc065a_toplevel_archive/archive_libs/standard/toc/sym_1/
pc065a_toplevel_archive/archive_libs/standard/toc/sym_1/symbol.css
pc065a_toplevel_archive/archive_libs/standard/toc/sym_1/master.tag
pc065a_toplevel_archive/archive_libs/standard/tap/
pc065a_toplevel_archive/archive_libs/standard/tap/sym_2/
pc065a_toplevel_archive/archive_libs/standard/tap/sym_2/symbol.css
pc065a_toplevel_archive/archive_libs/standard/tap/sym_2/master.tag
pc065a_toplevel_archive/archive_libs/standard/tap/metadata/
pc065a_toplevel_archive/archive_libs/standard/tap/metadata/revision.log
pc065a_toplevel_archive/archive_libs/standard/tap/metadata/pdv_validation.txt
pc065a_toplevel_archive/archive_libs/standard/tap/metadata/pinlist.txt
pc065a_toplevel_archive/archive_libs/standard/tap/metadata/revision.dat
pc065a_toplevel_archive/archive_libs/standard/tap/metadata/master.tag
pc065a_toplevel_archive/archive_libs/standard/tap/metadata/revHistory.log
pc065a_toplevel_archive/archive_libs/standard/tap/sym_1/
pc065a_toplevel_archive/archive_libs/standard/tap/sym_1/symbol.css
pc065a_toplevel_archive/archive_libs/standard/tap/sym_1/master.tag
pc065a_toplevel_archive/archive_libs/standard/tap/sym_5/
pc065a_toplevel_archive/archive_libs/standard/tap/sym_5/symbol.css
pc065a_toplevel_archive/archive_libs/standard/tap/sym_5/master.tag
pc065a_toplevel_archive/archive_libs/standard/tap/sym_8/
pc065a_toplevel_archive/archive_libs/standard/tap/sym_8/symbol.css
pc065a_toplevel_archive/archive_libs/standard/tap/sym_8/master.tag
pc065a_toplevel_archive/archive_libs/standard/tap/sym_4/
pc065a_toplevel_archive/archive_libs/standard/tap/sym_4/symbol.css
pc065a_toplevel_archive/archive_libs/standard/tap/sym_4/master.tag
pc065a_toplevel_archive/archive_libs/standard/tap/sym_3/
pc065a_toplevel_archive/archive_libs/standard/tap/sym_3/symbol.css
pc065a_toplevel_archive/archive_libs/standard/tap/sym_3/master.tag
pc065a_toplevel_archive/archive_libs/standard/tap/sym_7/
pc065a_toplevel_archive/archive_libs/standard/tap/sym_7/symbol.css
pc065a_toplevel_archive/archive_libs/standard/tap/sym_7/master.tag
pc065a_toplevel_archive/archive_libs/standard/tap/sym_6/
pc065a_toplevel_archive/archive_libs/standard/tap/sym_6/symbol.css
pc065a_toplevel_archive/archive_libs/standard/tap/sym_6/master.tag
pc065a_toplevel_archive/archive_libs/standard/inport/
pc065a_toplevel_archive/archive_libs/standard/inport/metadata/
pc065a_toplevel_archive/archive_libs/standard/inport/metadata/revision.log
pc065a_toplevel_archive/archive_libs/standard/inport/metadata/pdv_validation.txt
pc065a_toplevel_archive/archive_libs/standard/inport/metadata/pinlist.txt
pc065a_toplevel_archive/archive_libs/standard/inport/metadata/revision.dat
pc065a_toplevel_archive/archive_libs/standard/inport/metadata/master.tag
pc065a_toplevel_archive/archive_libs/standard/inport/metadata/revHistory.log
pc065a_toplevel_archive/archive_libs/standard/inport/sym_1/
pc065a_toplevel_archive/archive_libs/standard/inport/sym_1/symbol.css
pc065a_toplevel_archive/archive_libs/standard/inport/sym_1/master.tag
pc065a_toplevel_archive/archive_libs/cnpower/
pc065a_toplevel_archive/archive_libs/cnpower/p3v3c/
pc065a_toplevel_archive/archive_libs/cnpower/p3v3c/sym_2/
pc065a_toplevel_archive/archive_libs/cnpower/p3v3c/sym_2/symbol.css
pc065a_toplevel_archive/archive_libs/cnpower/p3v3c/sym_2/master.tag
pc065a_toplevel_archive/archive_libs/cnpower/p3v3c/sym_1/
pc065a_toplevel_archive/archive_libs/cnpower/p3v3c/sym_1/symbol.css
pc065a_toplevel_archive/archive_libs/cnpower/p3v3c/sym_1/master.tag
pc065a_toplevel_archive/archive_libs/cnpower/p3v3c/entity/
pc065a_toplevel_archive/archive_libs/cnpower/p3v3c/entity/verilog.v
pc065a_toplevel_archive/archive_libs/cnpower/p3v3c/entity/vlog004u.sir
pc065a_toplevel_archive/archive_libs/cnpower/p3v3c/entity/master.tag
pc065a_toplevel_archive/archive_libs/cnpower/p3v3c/entity/vhdl.vhd
pc065a_toplevel_archive/archive_libs/cnpower/p3v3c/entity/pc.db
pc065a_toplevel_archive/archive_libs/cnpower/p3v3/
pc065a_toplevel_archive/archive_libs/cnpower/p3v3/sym_2/
pc065a_toplevel_archive/archive_libs/cnpower/p3v3/sym_2/symbol.css
pc065a_toplevel_archive/archive_libs/cnpower/p3v3/sym_2/master.tag
pc065a_toplevel_archive/archive_libs/cnpower/p3v3/sym_1/
pc065a_toplevel_archive/archive_libs/cnpower/p3v3/sym_1/symbol.css
pc065a_toplevel_archive/archive_libs/cnpower/p3v3/sym_1/master.tag
pc065a_toplevel_archive/archive_libs/cnpower/p3v3/entity/
pc065a_toplevel_archive/archive_libs/cnpower/p3v3/entity/master.tag
pc065a_toplevel_archive/archive_libs/cnpower/p1v8a/
pc065a_toplevel_archive/archive_libs/cnpower/p1v8a/sym_2/
pc065a_toplevel_archive/archive_libs/cnpower/p1v8a/sym_2/symbol.css
pc065a_toplevel_archive/archive_libs/cnpower/p1v8a/sym_2/master.tag
pc065a_toplevel_archive/archive_libs/cnpower/p1v8a/sym_1/
pc065a_toplevel_archive/archive_libs/cnpower/p1v8a/sym_1/symbol.css
pc065a_toplevel_archive/archive_libs/cnpower/p1v8a/sym_1/master.tag
pc065a_toplevel_archive/archive_libs/cnpower/p2v5/
pc065a_toplevel_archive/archive_libs/cnpower/p2v5/sym_2/
pc065a_toplevel_archive/archive_libs/cnpower/p2v5/sym_2/symbol.css
pc065a_toplevel_archive/archive_libs/cnpower/p2v5/sym_2/master.tag
pc065a_toplevel_archive/archive_libs/cnpower/p2v5/sym_1/
pc065a_toplevel_archive/archive_libs/cnpower/p2v5/sym_1/symbol.css
pc065a_toplevel_archive/archive_libs/cnpower/p2v5/sym_1/master.tag
pc065a_toplevel_archive/archive_libs/cnpower/p2v5/entity/
pc065a_toplevel_archive/archive_libs/cnpower/p2v5/entity/verilog.v
pc065a_toplevel_archive/archive_libs/cnpower/p2v5/entity/vlog004u.sir
pc065a_toplevel_archive/archive_libs/cnpower/p2v5/entity/master.tag
pc065a_toplevel_archive/archive_libs/cnpower/p2v5/entity/vhdl.vhd
pc065a_toplevel_archive/archive_libs/cnpower/p2v5/entity/pc.db
pc065a_toplevel_archive/archive_libs/cnpower/gnd/
pc065a_toplevel_archive/archive_libs/cnpower/gnd/sym_2/
pc065a_toplevel_archive/archive_libs/cnpower/gnd/sym_2/symbol.css
pc065a_toplevel_archive/archive_libs/cnpower/gnd/sym_2/master.tag
pc065a_toplevel_archive/archive_libs/cnpower/gnd/sym_1/
pc065a_toplevel_archive/archive_libs/cnpower/gnd/sym_1/symbol.css
pc065a_toplevel_archive/archive_libs/cnpower/gnd/sym_1/master.tag
pc065a_toplevel_archive/archive_libs/cnpower/gnd/entity/
pc065a_toplevel_archive/archive_libs/cnpower/gnd/entity/verilog.v
pc065a_toplevel_archive/archive_libs/cnpower/gnd/entity/vlog004u.sir
pc065a_toplevel_archive/archive_libs/cnpower/gnd/entity/master.tag
pc065a_toplevel_archive/archive_libs/cnpower/gnd/entity/vhdl.vhd
pc065a_toplevel_archive/archive_libs/cnpower/gnd/entity/pc.db
pc065a_toplevel_archive/archive_libs/cnpower/p12v/
pc065a_toplevel_archive/archive_libs/cnpower/p12v/sym_2/
pc065a_toplevel_archive/archive_libs/cnpower/p12v/sym_2/symbol.css
pc065a_toplevel_archive/archive_libs/cnpower/p12v/sym_2/master.tag
pc065a_toplevel_archive/archive_libs/cnpower/p12v/sym_1/
pc065a_toplevel_archive/archive_libs/cnpower/p12v/sym_1/symbol.css
pc065a_toplevel_archive/archive_libs/cnpower/p12v/sym_1/master.tag
pc065a_toplevel_archive/archive_libs/cnpower/p12v/entity/
pc065a_toplevel_archive/archive_libs/cnpower/p12v/entity/verilog.v
pc065a_toplevel_archive/archive_libs/cnpower/p12v/entity/vlog004u.sir
pc065a_toplevel_archive/archive_libs/cnpower/p12v/entity/master.tag
pc065a_toplevel_archive/archive_libs/cnpower/p12v/entity/vhdl.vhd
pc065a_toplevel_archive/archive_libs/cnpower/p12v/entity/pc.db
pc065a_toplevel_archive/archive_libs/cnpower/p1v3/
pc065a_toplevel_archive/archive_libs/cnpower/p1v3/sym_2/
pc065a_toplevel_archive/archive_libs/cnpower/p1v3/sym_2/symbol.css
pc065a_toplevel_archive/archive_libs/cnpower/p1v3/sym_2/master.tag
pc065a_toplevel_archive/archive_libs/cnpower/p1v3/sym_1/
pc065a_toplevel_archive/archive_libs/cnpower/p1v3/sym_1/symbol.css
pc065a_toplevel_archive/archive_libs/cnpower/p1v3/sym_1/master.tag
pc065a_toplevel_archive/archive_libs/cnpower/p3va/
pc065a_toplevel_archive/archive_libs/cnpower/p3va/sym_2/
pc065a_toplevel_archive/archive_libs/cnpower/p3va/sym_2/symbol.css
pc065a_toplevel_archive/archive_libs/cnpower/p3va/sym_2/master.tag
pc065a_toplevel_archive/archive_libs/cnpower/p3va/sym_1/
pc065a_toplevel_archive/archive_libs/cnpower/p3va/sym_1/symbol.css
pc065a_toplevel_archive/archive_libs/cnpower/p3va/sym_1/master.tag
pc065a_toplevel_archive/archive_libs/cnpower/p3v3a/
pc065a_toplevel_archive/archive_libs/cnpower/p3v3a/sym_2/
pc065a_toplevel_archive/archive_libs/cnpower/p3v3a/sym_2/symbol.css
pc065a_toplevel_archive/archive_libs/cnpower/p3v3a/sym_2/master.tag
pc065a_toplevel_archive/archive_libs/cnpower/p3v3a/sym_1/
pc065a_toplevel_archive/archive_libs/cnpower/p3v3a/sym_1/symbol.css
pc065a_toplevel_archive/archive_libs/cnpower/p3v3a/sym_1/master.tag
pc065a_toplevel_archive/archive_libs/cnpower/p3v3a/entity/
pc065a_toplevel_archive/archive_libs/cnpower/p3v3a/entity/verilog.v
pc065a_toplevel_archive/archive_libs/cnpower/p3v3a/entity/vlog004u.sir
pc065a_toplevel_archive/archive_libs/cnpower/p3v3a/entity/master.tag
pc065a_toplevel_archive/archive_libs/cnpower/p3v3a/entity/vhdl.vhd
pc065a_toplevel_archive/archive_libs/cnpower/p3v3a/entity/pc.db
pc065a_toplevel_archive/archive_libs/cnpower/p3v3b/
pc065a_toplevel_archive/archive_libs/cnpower/p3v3b/sym_2/
pc065a_toplevel_archive/archive_libs/cnpower/p3v3b/sym_2/symbol.css
pc065a_toplevel_archive/archive_libs/cnpower/p3v3b/sym_2/master.tag
pc065a_toplevel_archive/archive_libs/cnpower/p3v3b/sym_1/
pc065a_toplevel_archive/archive_libs/cnpower/p3v3b/sym_1/symbol.css
pc065a_toplevel_archive/archive_libs/cnpower/p3v3b/sym_1/master.tag
pc065a_toplevel_archive/archive_libs/cnpower/p3v3b/entity/
pc065a_toplevel_archive/archive_libs/cnpower/p3v3b/entity/verilog.v
pc065a_toplevel_archive/archive_libs/cnpower/p3v3b/entity/vlog004u.sir
pc065a_toplevel_archive/archive_libs/cnpower/p3v3b/entity/master.tag
pc065a_toplevel_archive/archive_libs/cnpower/p3v3b/entity/vhdl.vhd
pc065a_toplevel_archive/archive_libs/cnpower/p3v3b/entity/pc.db
pc065a_toplevel_archive/temp/
pc065a_toplevel_archive/worklib/
pc065a_toplevel_archive/worklib/sfp_module/
pc065a_toplevel_archive/worklib/sfp_module/sym_1/
pc065a_toplevel_archive/worklib/sfp_module/sym_1/symbol.css
pc065a_toplevel_archive/worklib/sfp_module/sym_1/master.tag
pc065a_toplevel_archive/worklib/sfp_module/sch_1/
pc065a_toplevel_archive/worklib/sfp_module/sch_1/sfp_module.xcon
pc065a_toplevel_archive/worklib/sfp_module/sch_1/page1.csb
pc065a_toplevel_archive/worklib/sfp_module/sch_1/sfp_module.dcf,2
pc065a_toplevel_archive/worklib/sfp_module/sch_1/sfp_module.xcon,3
pc065a_toplevel_archive/worklib/sfp_module/sch_1/master.tag
pc065a_toplevel_archive/worklib/sfp_module/sch_1/sfp_module.dcf,3
pc065a_toplevel_archive/worklib/sfp_module/sch_1/page1.csa
pc065a_toplevel_archive/worklib/sfp_module/sch_1/sfp_module.dcf,1
pc065a_toplevel_archive/worklib/sfp_module/sch_1/sfp_module.dcf
pc065a_toplevel_archive/worklib/sfp_module/sch_1/page1.csv
pc065a_toplevel_archive/worklib/sfp_module/sch_1/page.map
pc065a_toplevel_archive/worklib/sfp_module/sch_1/sfp_module.xcon,1
pc065a_toplevel_archive/worklib/sfp_module/sch_1/pc.db
pc065a_toplevel_archive/worklib/sfp_module/sch_1/sfp_module.xcon,2
pc065a_toplevel_archive/worklib/sfp_module/sch_1/page1.cpc
pc065a_toplevel_archive/worklib/sfp_module/entity/
pc065a_toplevel_archive/worklib/sfp_module/entity/verilog.v
pc065a_toplevel_archive/worklib/sfp_module/entity/vlog004u.sir
pc065a_toplevel_archive/worklib/sfp_module/entity/master.tag
pc065a_toplevel_archive/worklib/sfp_module/entity/vhdl.vhd
pc065a_toplevel_archive/worklib/i2c_level_translate/
pc065a_toplevel_archive/worklib/i2c_level_translate/sym_1/
pc065a_toplevel_archive/worklib/i2c_level_translate/sym_1/symbol.css
pc065a_toplevel_archive/worklib/i2c_level_translate/sym_1/master.tag
pc065a_toplevel_archive/worklib/i2c_level_translate/sch_1/
pc065a_toplevel_archive/worklib/i2c_level_translate/sch_1/page1.csb
pc065a_toplevel_archive/worklib/i2c_level_translate/sch_1/i2c_level_translate.dcf
pc065a_toplevel_archive/worklib/i2c_level_translate/sch_1/i2c_level_translate.xcon
pc065a_toplevel_archive/worklib/i2c_level_translate/sch_1/master.tag
pc065a_toplevel_archive/worklib/i2c_level_translate/sch_1/i2c_level_translate.dcf,1
pc065a_toplevel_archive/worklib/i2c_level_translate/sch_1/page1.csa
pc065a_toplevel_archive/worklib/i2c_level_translate/sch_1/page1.csv
pc065a_toplevel_archive/worklib/i2c_level_translate/sch_1/i2c_level_translate.xcon,1
pc065a_toplevel_archive/worklib/i2c_level_translate/sch_1/i2c_level_translate.xcon,2
pc065a_toplevel_archive/worklib/i2c_level_translate/sch_1/page.map
pc065a_toplevel_archive/worklib/i2c_level_translate/sch_1/i2c_level_translate.xcon,3
pc065a_toplevel_archive/worklib/i2c_level_translate/sch_1/pc.db
pc065a_toplevel_archive/worklib/i2c_level_translate/sch_1/i2c_level_translate.dcf,2
pc065a_toplevel_archive/worklib/i2c_level_translate/sch_1/page1.cpc
pc065a_toplevel_archive/worklib/i2c_level_translate/entity/
pc065a_toplevel_archive/worklib/i2c_level_translate/entity/verilog.v
pc065a_toplevel_archive/worklib/i2c_level_translate/entity/vlog004u.sir
pc065a_toplevel_archive/worklib/i2c_level_translate/entity/master.tag
pc065a_toplevel_archive/worklib/i2c_level_translate/entity/vhdl.vhd
pc065a_toplevel_archive/worklib/buffer1_2/
pc065a_toplevel_archive/worklib/buffer1_2/sym_1/
pc065a_toplevel_archive/worklib/buffer1_2/sym_1/symbol.css
pc065a_toplevel_archive/worklib/buffer1_2/sym_1/master.tag
pc065a_toplevel_archive/worklib/buffer1_2/sch_1/
pc065a_toplevel_archive/worklib/buffer1_2/sch_1/page1.csb
pc065a_toplevel_archive/worklib/buffer1_2/sch_1/buffer1_2.xcon,1
pc065a_toplevel_archive/worklib/buffer1_2/sch_1/buffer1_2.dcf,1
pc065a_toplevel_archive/worklib/buffer1_2/sch_1/buffer1_2.xcon,2
pc065a_toplevel_archive/worklib/buffer1_2/sch_1/master.tag
pc065a_toplevel_archive/worklib/buffer1_2/sch_1/buffer1_2.dcf,2
pc065a_toplevel_archive/worklib/buffer1_2/sch_1/buffer1_2.dcf
pc065a_toplevel_archive/worklib/buffer1_2/sch_1/page1.csa
pc065a_toplevel_archive/worklib/buffer1_2/sch_1/page1.csv
pc065a_toplevel_archive/worklib/buffer1_2/sch_1/page.map
pc065a_toplevel_archive/worklib/buffer1_2/sch_1/buffer1_2.xcon
pc065a_toplevel_archive/worklib/buffer1_2/sch_1/pc.db
pc065a_toplevel_archive/worklib/buffer1_2/sch_1/page1.cpc
pc065a_toplevel_archive/worklib/buffer1_2/entity/
pc065a_toplevel_archive/worklib/buffer1_2/entity/verilog.v
pc065a_toplevel_archive/worklib/buffer1_2/entity/vlog004u.sir
pc065a_toplevel_archive/worklib/buffer1_2/entity/master.tag
pc065a_toplevel_archive/worklib/buffer1_2/entity/vhdl.vhd
pc065a_toplevel_archive/worklib/diff_buff_1to2/
pc065a_toplevel_archive/worklib/diff_buff_1to2/sym_1/
pc065a_toplevel_archive/worklib/diff_buff_1to2/sym_1/symbol.css
pc065a_toplevel_archive/worklib/diff_buff_1to2/sym_1/master.tag
pc065a_toplevel_archive/worklib/diff_buff_1to2/sch_1/
pc065a_toplevel_archive/worklib/diff_buff_1to2/sch_1/page1.csb
pc065a_toplevel_archive/worklib/diff_buff_1to2/sch_1/diff_buff_1to2.dcf,1
pc065a_toplevel_archive/worklib/diff_buff_1to2/sch_1/diff_buff_1to2.dcf
pc065a_toplevel_archive/worklib/diff_buff_1to2/sch_1/diff_buff_1to2.dcf,2
pc065a_toplevel_archive/worklib/diff_buff_1to2/sch_1/diff_buff_1to2.xcon,3
pc065a_toplevel_archive/worklib/diff_buff_1to2/sch_1/master.tag
pc065a_toplevel_archive/worklib/diff_buff_1to2/sch_1/page1.csa
pc065a_toplevel_archive/worklib/diff_buff_1to2/sch_1/diff_buff_1to2.xcon,1
pc065a_toplevel_archive/worklib/diff_buff_1to2/sch_1/diff_buff_1to2.dcf,3
pc065a_toplevel_archive/worklib/diff_buff_1to2/sch_1/page1.csv
pc065a_toplevel_archive/worklib/diff_buff_1to2/sch_1/diff_buff_1to2.xcon,2
pc065a_toplevel_archive/worklib/diff_buff_1to2/sch_1/page.map
pc065a_toplevel_archive/worklib/diff_buff_1to2/sch_1/diff_buff_1to2.xcon
pc065a_toplevel_archive/worklib/diff_buff_1to2/sch_1/pc.db
pc065a_toplevel_archive/worklib/diff_buff_1to2/sch_1/page1.cpc
pc065a_toplevel_archive/worklib/diff_buff_1to2/packaged/
pc065a_toplevel_archive/worklib/diff_buff_1to2/entity/
pc065a_toplevel_archive/worklib/diff_buff_1to2/entity/verilog.v
pc065a_toplevel_archive/worklib/diff_buff_1to2/entity/vlog004u.sir
pc065a_toplevel_archive/worklib/diff_buff_1to2/entity/master.tag
pc065a_toplevel_archive/worklib/diff_buff_1to2/entity/vhdl.vhd
pc065a_toplevel_archive/worklib/rd_buffer/
pc065a_toplevel_archive/worklib/rd_buffer/sym_1/
pc065a_toplevel_archive/worklib/rd_buffer/sym_1/symbol.css
pc065a_toplevel_archive/worklib/rd_buffer/sym_1/master.tag
pc065a_toplevel_archive/worklib/rd_buffer/sch_1/
pc065a_toplevel_archive/worklib/rd_buffer/sch_1/page1.csb
pc065a_toplevel_archive/worklib/rd_buffer/sch_1/rd_buffer.xcon
pc065a_toplevel_archive/worklib/rd_buffer/sch_1/rd_buffer.dcf,1
pc065a_toplevel_archive/worklib/rd_buffer/sch_1/master.tag
pc065a_toplevel_archive/worklib/rd_buffer/sch_1/page1.csa
pc065a_toplevel_archive/worklib/rd_buffer/sch_1/rd_buffer.dcf
pc065a_toplevel_archive/worklib/rd_buffer/sch_1/page1.csv
pc065a_toplevel_archive/worklib/rd_buffer/sch_1/page.map
pc065a_toplevel_archive/worklib/rd_buffer/sch_1/rd_buffer.xcon,1
pc065a_toplevel_archive/worklib/rd_buffer/sch_1/pc.db
pc065a_toplevel_archive/worklib/rd_buffer/sch_1/page1.cpc
pc065a_toplevel_archive/worklib/rd_buffer/entity/
pc065a_toplevel_archive/worklib/rd_buffer/entity/verilog.v
pc065a_toplevel_archive/worklib/rd_buffer/entity/vlog004u.sir
pc065a_toplevel_archive/worklib/rd_buffer/entity/master.tag
pc065a_toplevel_archive/worklib/rd_buffer/entity/vhdl.vhd
pc065a_toplevel_archive/worklib/pc065a_toplevel/
pc065a_toplevel_archive/worklib/pc065a_toplevel/cfg_vhdl/
pc065a_toplevel_archive/worklib/pc065a_toplevel/cfg_vhdl/master.tag
pc065a_toplevel_archive/worklib/pc065a_toplevel/cfg_vhdl/expand.cfg
pc065a_toplevel_archive/worklib/pc065a_toplevel/cfg_pic/
pc065a_toplevel_archive/worklib/pc065a_toplevel/cfg_pic/master.tag
pc065a_toplevel_archive/worklib/pc065a_toplevel/cfg_pic/expand.cfg
pc065a_toplevel_archive/worklib/pc065a_toplevel/physical/
pc065a_toplevel_archive/worklib/pc065a_toplevel/physical/t_q105_157_m157.pad
pc065a_toplevel_archive/worklib/pc065a_toplevel/physical/3dmodel/
pc065a_toplevel_archive/worklib/pc065a_toplevel/physical/3dmodel/pc065a_toplevel_01.stp
pc065a_toplevel_archive/worklib/pc065a_toplevel/physical/signoise.run/
pc065a_toplevel_archive/worklib/pc065a_toplevel/physical/signoise.run/cases.cfg,1
pc065a_toplevel_archive/worklib/pc065a_toplevel/physical/signoise.run/case1/
pc065a_toplevel_archive/worklib/pc065a_toplevel/physical/signoise.run/cases.cfg
pc065a_toplevel_archive/worklib/pc065a_toplevel/physical/te_2007132-1.log,3
pc065a_toplevel_archive/worklib/pc065a_toplevel/physical/pc065a_toplevel_02.brd
pc065a_toplevel_archive/worklib/pc065a_toplevel/physical/eco.txt
pc065a_toplevel_archive/worklib/pc065a_toplevel/physical/pc065a_toplevel_55.brd
pc065a_toplevel_archive/worklib/pc065a_toplevel/physical/te_2007132-1.log,1
pc065a_toplevel_archive/worklib/pc065a_toplevel/physical/pc065a_toplevel_21.brd
pc065a_toplevel_archive/worklib/pc065a_toplevel/physical/artwork/
pc065a_toplevel_archive/worklib/pc065a_toplevel/physical/artwork/art_pc065a_L01P.ger
pc065a_toplevel_archive/worklib/pc065a_toplevel/physical/artwork/pc065a_toplevel_54-1-8.drl
pc065a_toplevel_archive/worklib/pc065a_toplevel/physical/artwork/art_pc065a_ASSEMBLY_BOTTOM.ger
pc065a_toplevel_archive/worklib/pc065a_toplevel/physical/artwork/art_pc065a_L06P.ger
pc065a_toplevel_archive/worklib/pc065a_toplevel/physical/artwork/art_param.txt,1
pc065a_toplevel_archive/worklib/pc065a_toplevel/physical/artwork/art_pc065a_LSM2.ger
pc065a_toplevel_archive/worklib/pc065a_toplevel/physical/artwork/art_pc065a_OUTLINE.ger
pc065a_toplevel_archive/worklib/pc065a_toplevel/physical/artwork/art_pc065a_L03P.ger
pc065a_toplevel_archive/worklib/pc065a_toplevel/physical/artwork/artwork.zip
pc065a_toplevel_archive/worklib/pc065a_toplevel/physical/artwork/art_pc065a_POS2.ger
pc065a_toplevel_archive/worklib/pc065a_toplevel/physical/artwork/art_pc065a_SMD2.ger
pc065a_toplevel_archive/worklib/pc065a_toplevel/physical/artwork/art_pc065a_POS1.ger
pc065a_toplevel_archive/worklib/pc065a_toplevel/physical/artwork/art_pc065a_L07P.ger
pc065a_toplevel_archive/worklib/pc065a_toplevel/physical/artwork/nc_param.txt
pc065a_toplevel_archive/worklib/pc065a_toplevel/physical/artwork/art_pc065a_L02P.ger
pc065a_toplevel_archive/worklib/pc065a_toplevel/physical/artwork/art_pc065a_BOHR.ger
pc065a_toplevel_archive/worklib/pc065a_toplevel/physical/artwork/art_pc065a_SMD1.ger
pc065a_toplevel_archive/worklib/pc065a_toplevel/physical/artwork/nc_param.txt,1
pc065a_toplevel_archive/worklib/pc065a_toplevel/physical/artwork/art_param.txt
pc065a_toplevel_archive/worklib/pc065a_toplevel/physical/artwork/art_pc065a_LSM1.ger
pc065a_toplevel_archive/worklib/pc065a_toplevel/physical/artwork/art_pc065a_ASSEMBLY_TOP.ger
pc065a_toplevel_archive/worklib/pc065a_toplevel/physical/artwork/art_pc065a_L05P.ger
pc065a_toplevel_archive/worklib/pc065a_toplevel/physical/artwork/art_pc065a_L08P.ger
pc065a_toplevel_archive/worklib/pc065a_toplevel/physical/artwork/art_pc065a_L04P.ger
pc065a_toplevel_archive/worklib/pc065a_toplevel/physical/eco.txt,1
pc065a_toplevel_archive/worklib/pc065a_toplevel/physical/ncdrill.log,1
pc065a_toplevel_archive/worklib/pc065a_toplevel/physical/ncdrill.log,2
pc065a_toplevel_archive/worklib/pc065a_toplevel/physical/pc065a_toplevel_06.brd
pc065a_toplevel_archive/worklib/pc065a_toplevel/physical/pc065a_toplevel_10.brd
pc065a_toplevel_archive/worklib/pc065a_toplevel/physical/pc065a_toplevel_51_silk.brd
pc065a_toplevel_archive/worklib/pc065a_toplevel/physical/pc065a_toplevel_32.brd
pc065a_toplevel_archive/worklib/pc065a_toplevel/physical/csetApply.log
pc065a_toplevel_archive/worklib/pc065a_toplevel/physical/convert_pins.log,1
pc065a_toplevel_archive/worklib/pc065a_toplevel/physical/shape_state.rpt,1
pc065a_toplevel_archive/worklib/pc065a_toplevel/physical/pc065a_toplevel_45_8layers.brd
pc065a_toplevel_archive/worklib/pc065a_toplevel/physical/buff.mdd
pc065a_toplevel_archive/worklib/pc065a_toplevel/physical/aperture.log
pc065a_toplevel_archive/worklib/pc065a_toplevel/physical/dbdoctor.log,1
pc065a_toplevel_archive/worklib/pc065a_toplevel/physical/StepOutConfiguration.txt
pc065a_toplevel_archive/worklib/pc065a_toplevel/physical/pc065a_toplevel_53.brd
pc065a_toplevel_archive/worklib/pc065a_toplevel/physical/pc065a_toplevel_25.brd
pc065a_toplevel_archive/worklib/pc065a_toplevel/physical/stepFacetFiles4Map.zip
pc065a_toplevel_archive/worklib/pc065a_toplevel/physical/pc065a_toplevel_26.brd
pc065a_toplevel_archive/worklib/pc065a_toplevel/physical/pc065a_toplevel_46.brd
pc065a_toplevel_archive/worklib/pc065a_toplevel/physical/pc065a_toplevel_38.brd
pc065a_toplevel_archive/worklib/pc065a_toplevel/physical/pc065a_toplevel_11.brd
pc065a_toplevel_archive/worklib/pc065a_toplevel/physical/photoplot.log,1
pc065a_toplevel_archive/worklib/pc065a_toplevel/physical/signoise.log,3
pc065a_toplevel_archive/worklib/pc065a_toplevel/physical/pc065a_toplevel_09.brd
pc065a_toplevel_archive/worklib/pc065a_toplevel/physical/pc065a_toplevel_24.brd
pc065a_toplevel_archive/worklib/pc065a_toplevel/physical/TE_2007132-1.dra
pc065a_toplevel_archive/worklib/pc065a_toplevel/physical/dbdoctor.log,2
pc065a_toplevel_archive/worklib/pc065a_toplevel/physical/pc065a_toplevel_37.brd
pc065a_toplevel_archive/worklib/pc065a_toplevel/physical/pc065a_toplevel_35.brd
pc065a_toplevel_archive/worklib/pc065a_toplevel/physical/pc065a_toplevel_52.brd
pc065a_toplevel_archive/worklib/pc065a_toplevel/physical/pc065a_toplevel_54.brd
pc065a_toplevel_archive/worklib/pc065a_toplevel/physical/pc065a_toplevel_49.brd
pc065a_toplevel_archive/worklib/pc065a_toplevel/physical/pc065a_toplevel_08.brd
pc065a_toplevel_archive/worklib/pc065a_toplevel/physical/pc065a_toplevel_16_allplaced.brd
pc065a_toplevel_archive/worklib/pc065a_toplevel/physical/pc065a_toplevel_20.brd
pc065a_toplevel_archive/worklib/pc065a_toplevel/physical/pc065a_toplevel_49_modvia.brd
pc065a_toplevel_archive/worklib/pc065a_toplevel/physical/pc065a_toplevel_27.brd
pc065a_toplevel_archive/worklib/pc065a_toplevel/physical/master.tag
pc065a_toplevel_archive/worklib/pc065a_toplevel/physical/pc065a_toplevel_57.brd
pc065a_toplevel_archive/worklib/pc065a_toplevel/physical/pc065a_toplevel_28.brd
pc065a_toplevel_archive/worklib/pc065a_toplevel/physical/photoplot.log
pc065a_toplevel_archive/worklib/pc065a_toplevel/physical/pc065a_toplevel_01.brd
pc065a_toplevel_archive/worklib/pc065a_toplevel/physical/signoise.log,2
pc065a_toplevel_archive/worklib/pc065a_toplevel/physical/shape_islands.rpt,1
pc065a_toplevel_archive/worklib/pc065a_toplevel/physical/quickplace.log
pc065a_toplevel_archive/worklib/pc065a_toplevel/physical/i2c_tra.mdd
pc065a_toplevel_archive/worklib/pc065a_toplevel/physical/interconn.iml,1
pc065a_toplevel_archive/worklib/pc065a_toplevel/physical/signoise.log
pc065a_toplevel_archive/worklib/pc065a_toplevel/physical/signoise.log,1
pc065a_toplevel_archive/worklib/pc065a_toplevel/physical/p1v3.mdd
pc065a_toplevel_archive/worklib/pc065a_toplevel/physical/ncroute.log
pc065a_toplevel_archive/worklib/pc065a_toplevel/physical/pc065a_toplevel_39.brd
pc065a_toplevel_archive/worklib/pc065a_toplevel/physical/test.map
pc065a_toplevel_archive/worklib/pc065a_toplevel/physical/te_2007132-1.psm
pc065a_toplevel_archive/worklib/pc065a_toplevel/physical/convert_gerber.log
pc065a_toplevel_archive/worklib/pc065a_toplevel/physical/batch_drc.log,3
pc065a_toplevel_archive/worklib/pc065a_toplevel/physical/netrev.lst
pc065a_toplevel_archive/worklib/pc065a_toplevel/physical/pc065a_toplevel_58.brd
pc065a_toplevel_archive/worklib/pc065a_toplevel/physical/2007132-1.edf
pc065a_toplevel_archive/worklib/pc065a_toplevel/physical/8layer.color
pc065a_toplevel_archive/worklib/pc065a_toplevel/physical/allegro.jrl
pc065a_toplevel_archive/worklib/pc065a_toplevel/physical/constraints_difference_preview.xml
pc065a_toplevel_archive/worklib/pc065a_toplevel/physical/batch_drc.log,2
pc065a_toplevel_archive/worklib/pc065a_toplevel/physical/pc065a_toplevel_29.brd
pc065a_toplevel_archive/worklib/pc065a_toplevel/physical/pc065a_toplevel_17.brd
pc065a_toplevel_archive/worklib/pc065a_toplevel/physical/pc065a_toplevel_48.brd
pc065a_toplevel_archive/worklib/pc065a_toplevel/physical/pc065a_toplevel_43_allrouted.brd
pc065a_toplevel_archive/worklib/pc065a_toplevel/physical/temp/
pc065a_toplevel_archive/worklib/pc065a_toplevel/physical/step_out.log
pc065a_toplevel_archive/worklib/pc065a_toplevel/physical/pc065a_toplevel_36.brd
pc065a_toplevel_archive/worklib/pc065a_toplevel/physical/dbdoctor.log,3
pc065a_toplevel_archive/worklib/pc065a_toplevel/physical/te_2007132-1.log
pc065a_toplevel_archive/worklib/pc065a_toplevel/physical/pc065a_toplevel_47.brd
pc065a_toplevel_archive/worklib/pc065a_toplevel/physical/shape_state.rpt
pc065a_toplevel_archive/worklib/pc065a_toplevel/physical/pc065a_toplevel_40.brd
pc065a_toplevel_archive/worklib/pc065a_toplevel/physical/dbdoctor.log
pc065a_toplevel_archive/worklib/pc065a_toplevel/physical/test.map,1
pc065a_toplevel_archive/worklib/pc065a_toplevel/physical/pc065a_toplevel_33.brd
pc065a_toplevel_archive/worklib/pc065a_toplevel/physical/pc065a_toplevel_23.brd
pc065a_toplevel_archive/worklib/pc065a_toplevel/physical/pc065a_toplevel_56.brd
pc065a_toplevel_archive/worklib/pc065a_toplevel/physical/convert_gerber.log,3
pc065a_toplevel_archive/worklib/pc065a_toplevel/physical/pc065a_toplevel_45.brd
pc065a_toplevel_archive/worklib/pc065a_toplevel/physical/devices.dml
pc065a_toplevel_archive/worklib/pc065a_toplevel/physical/pc065a_toplevel_18.brd
pc065a_toplevel_archive/worklib/pc065a_toplevel/physical/convert_pins.log
pc065a_toplevel_archive/worklib/pc065a_toplevel/physical/pc065a_toplevel_44.brd
pc065a_toplevel_archive/worklib/pc065a_toplevel/physical/convert_pins.log,2
pc065a_toplevel_archive/worklib/pc065a_toplevel/physical/ncroute.log,1
pc065a_toplevel_archive/worklib/pc065a_toplevel/physical/pc065a_toplevel_19.brd
pc065a_toplevel_archive/worklib/pc065a_toplevel/physical/pc065a_toplevel_16.brd
pc065a_toplevel_archive/worklib/pc065a_toplevel/physical/pc065a_toplevel_34.brd
pc065a_toplevel_archive/worklib/pc065a_toplevel/physical/pc065a_toplevel_22.brd
pc065a_toplevel_archive/worklib/pc065a_toplevel/physical/convert_pins.log,3
pc065a_toplevel_archive/worklib/pc065a_toplevel/physical/allegro.jrl,1
pc065a_toplevel_archive/worklib/pc065a_toplevel/physical/photoplot.log,2
pc065a_toplevel_archive/worklib/pc065a_toplevel/physical/pc065a_toplevel_07.brd
pc065a_toplevel_archive/worklib/pc065a_toplevel/physical/pc065a_toplevel_14.brd
pc065a_toplevel_archive/worklib/pc065a_toplevel/physical/pc065a_toplevel_05.brd
pc065a_toplevel_archive/worklib/pc065a_toplevel/physical/pc065a_toplevel_31.brd
pc065a_toplevel_archive/worklib/pc065a_toplevel/physical/batch_drc.log
pc065a_toplevel_archive/worklib/pc065a_toplevel/physical/OpenGLInfo.log
pc065a_toplevel_archive/worklib/pc065a_toplevel/physical/pc065a_toplevel_12.brd
pc065a_toplevel_archive/worklib/pc065a_toplevel/physical/EDI2CAP.CFG
pc065a_toplevel_archive/worklib/pc065a_toplevel/physical/pc065a_toplevel_04.brd
pc065a_toplevel_archive/worklib/pc065a_toplevel/physical/pc065a_toplevel_50.brd
pc065a_toplevel_archive/worklib/pc065a_toplevel/physical/pc065a_toplevel_05_remove_notch.brd
pc065a_toplevel_archive/worklib/pc065a_toplevel/physical/ncdrill.log
pc065a_toplevel_archive/worklib/pc065a_toplevel/physical/interconn.iml
pc065a_toplevel_archive/worklib/pc065a_toplevel/physical/padstack_editor.jrl
pc065a_toplevel_archive/worklib/pc065a_toplevel/physical/ncdrill.log,3
pc065a_toplevel_archive/worklib/pc065a_toplevel/physical/pc065a_toplevel_42.brd
pc065a_toplevel_archive/worklib/pc065a_toplevel/physical/double_width_fmc.brd
pc065a_toplevel_archive/worklib/pc065a_toplevel/physical/pc065a_toplevel_41.brd
pc065a_toplevel_archive/worklib/pc065a_toplevel/physical/t_n95_145_m145.pad
pc065a_toplevel_archive/worklib/pc065a_toplevel/physical/pc065a_toplevel_15.brd
pc065a_toplevel_archive/worklib/pc065a_toplevel/physical/convert_gerber.log,1
pc065a_toplevel_archive/worklib/pc065a_toplevel/physical/stepFacetFiles4Map/
pc065a_toplevel_archive/worklib/pc065a_toplevel/physical/stepFacetFiles4Map/QFN24_4x4x0_75_p0_5.xml
pc065a_toplevel_archive/worklib/pc065a_toplevel/physical/stepFacetFiles4Map/stepFileInfo.txt
pc065a_toplevel_archive/worklib/pc065a_toplevel/physical/stepFacetFiles4Map/INDC-0402.xml
pc065a_toplevel_archive/worklib/pc065a_toplevel/physical/stepFacetFiles4Map/MTLW-103-07-L-S-250.xml
pc065a_toplevel_archive/worklib/pc065a_toplevel/physical/stepFacetFiles4Map/sfpcage-2007132-1.xml
pc065a_toplevel_archive/worklib/pc065a_toplevel/physical/stepFacetFiles4Map/U.FL-R-SMT-1.xml
pc065a_toplevel_archive/worklib/pc065a_toplevel/physical/stepFacetFiles4Map/MSOP8.xml
pc065a_toplevel_archive/worklib/pc065a_toplevel/physical/stepFacetFiles4Map/TSSOP-24.xml
pc065a_toplevel_archive/worklib/pc065a_toplevel/physical/stepFacetFiles4Map/459704305.xml
pc065a_toplevel_archive/worklib/pc065a_toplevel/physical/stepFacetFiles4Map/User Library-RESC1608X05N.xml
pc065a_toplevel_archive/worklib/pc065a_toplevel/physical/stepFacetFiles4Map/User Library-QFN32-1.xml
pc065a_toplevel_archive/worklib/pc065a_toplevel/physical/stepFacetFiles4Map/INDC-0805-T1.05.xml
pc065a_toplevel_archive/worklib/pc065a_toplevel/physical/stepFacetFiles4Map/MTLW-104-07-G-D-250.xml
pc065a_toplevel_archive/worklib/pc065a_toplevel/physical/stepFacetFiles4Map/INDC-0805-T1.45.xml
pc065a_toplevel_archive/worklib/pc065a_toplevel/physical/stepFacetFiles4Map/User Library-smd_qfn-44.xml
pc065a_toplevel_archive/worklib/pc065a_toplevel/physical/stepFacetFiles4Map/FXG_M2-7.xml
pc065a_toplevel_archive/worklib/pc065a_toplevel/physical/stepFacetFiles4Map/User Library-RES_1005-0402.xml
pc065a_toplevel_archive/worklib/pc065a_toplevel/physical/stepFacetFiles4Map/User Library-DFN-6 3_2x2_5.xml
pc065a_toplevel_archive/worklib/pc065a_toplevel/physical/stepFacetFiles4Map/MTLW-104-07-L-S-250.xml
pc065a_toplevel_archive/worklib/pc065a_toplevel/physical/stepFacetFiles4Map/QFN64_90_90_9.xml
pc065a_toplevel_archive/worklib/pc065a_toplevel/physical/stepFacetFiles4Map/c-1888247-1-e-3d.xml
pc065a_toplevel_archive/worklib/pc065a_toplevel/physical/stepFacetFiles4Map/UQFN-16.xml
pc065a_toplevel_archive/worklib/pc065a_toplevel/physical/stepFacetFiles4Map/User Library-QFN-16.xml
pc065a_toplevel_archive/worklib/pc065a_toplevel/physical/stepFacetFiles4Map/WSON-6.xml
pc065a_toplevel_archive/worklib/pc065a_toplevel/physical/stepFacetFiles4Map/CircuitWorks-CAPACITOR 0805.xml
pc065a_toplevel_archive/worklib/pc065a_toplevel/physical/stepFacetFiles4Map/stepFileInfo.txt,1
pc065a_toplevel_archive/worklib/pc065a_toplevel/physical/sfp.mdd
pc065a_toplevel_archive/worklib/pc065a_toplevel/physical/shape_islands.rpt
pc065a_toplevel_archive/worklib/pc065a_toplevel/physical/batch_drc.log,1
pc065a_toplevel_archive/worklib/pc065a_toplevel/physical/clock.mdd
pc065a_toplevel_archive/worklib/pc065a_toplevel/physical/pc065a_toplevel_30.brd
pc065a_toplevel_archive/worklib/pc065a_toplevel/physical/how-to-import.htm
pc065a_toplevel_archive/worklib/pc065a_toplevel/physical/te_2007132-1.log,2
pc065a_toplevel_archive/worklib/pc065a_toplevel/physical/convert_gerber.log,2
pc065a_toplevel_archive/worklib/pc065a_toplevel/physical/pc065a_toplevel_03.brd
pc065a_toplevel_archive/worklib/pc065a_toplevel/physical/photoplot.log,3
pc065a_toplevel_archive/worklib/pc065a_toplevel/physical/pc065a_toplevel_13.brd
pc065a_toplevel_archive/worklib/pc065a_toplevel/sch_1/
pc065a_toplevel_archive/worklib/pc065a_toplevel/sch_1/page1.csb
pc065a_toplevel_archive/worklib/pc065a_toplevel/sch_1/page6.cpc
pc065a_toplevel_archive/worklib/pc065a_toplevel/sch_1/page11.cpc
pc065a_toplevel_archive/worklib/pc065a_toplevel/sch_1/page9.csb
pc065a_toplevel_archive/worklib/pc065a_toplevel/sch_1/page2.csb
pc065a_toplevel_archive/worklib/pc065a_toplevel/sch_1/page11.csv
pc065a_toplevel_archive/worklib/pc065a_toplevel/sch_1/page11.csa
pc065a_toplevel_archive/worklib/pc065a_toplevel/sch_1/page5.csa
pc065a_toplevel_archive/worklib/pc065a_toplevel/sch_1/page2.csv
pc065a_toplevel_archive/worklib/pc065a_toplevel/sch_1/page7.csb
pc065a_toplevel_archive/worklib/pc065a_toplevel/sch_1/pc065a_toplevel.dcf,3
pc065a_toplevel_archive/worklib/pc065a_toplevel/sch_1/page6.csv
pc065a_toplevel_archive/worklib/pc065a_toplevel/sch_1/page4.csb
pc065a_toplevel_archive/worklib/pc065a_toplevel/sch_1/page7.csv
pc065a_toplevel_archive/worklib/pc065a_toplevel/sch_1/page9.csa
pc065a_toplevel_archive/worklib/pc065a_toplevel/sch_1/page8.csa
pc065a_toplevel_archive/worklib/pc065a_toplevel/sch_1/pc065a_toplevel.dcf
pc065a_toplevel_archive/worklib/pc065a_toplevel/sch_1/page9.csv
pc065a_toplevel_archive/worklib/pc065a_toplevel/sch_1/page8.csb
pc065a_toplevel_archive/worklib/pc065a_toplevel/sch_1/pc065a_toplevel.dcf,1
pc065a_toplevel_archive/worklib/pc065a_toplevel/sch_1/master.tag
pc065a_toplevel_archive/worklib/pc065a_toplevel/sch_1/page12.csb
pc065a_toplevel_archive/worklib/pc065a_toplevel/sch_1/page10.csb
pc065a_toplevel_archive/worklib/pc065a_toplevel/sch_1/pc065a_toplevel.xcon
pc065a_toplevel_archive/worklib/pc065a_toplevel/sch_1/page4.csa
pc065a_toplevel_archive/worklib/pc065a_toplevel/sch_1/page5.csb
pc065a_toplevel_archive/worklib/pc065a_toplevel/sch_1/page12.csv
pc065a_toplevel_archive/worklib/pc065a_toplevel/sch_1/page4.cpc
pc065a_toplevel_archive/worklib/pc065a_toplevel/sch_1/page10.csv
pc065a_toplevel_archive/worklib/pc065a_toplevel/sch_1/page6.csa
pc065a_toplevel_archive/worklib/pc065a_toplevel/sch_1/page12.cpc
pc065a_toplevel_archive/worklib/pc065a_toplevel/sch_1/page5.cpc
pc065a_toplevel_archive/worklib/pc065a_toplevel/sch_1/page1.csa
pc065a_toplevel_archive/worklib/pc065a_toplevel/sch_1/page4.csv
pc065a_toplevel_archive/worklib/pc065a_toplevel/sch_1/page2.cpc
pc065a_toplevel_archive/worklib/pc065a_toplevel/sch_1/page10.csa
pc065a_toplevel_archive/worklib/pc065a_toplevel/sch_1/page1.csv
pc065a_toplevel_archive/worklib/pc065a_toplevel/sch_1/page3.cpc
pc065a_toplevel_archive/worklib/pc065a_toplevel/sch_1/page7.cpc
pc065a_toplevel_archive/worklib/pc065a_toplevel/sch_1/pc065a_toplevel.xcon,3
pc065a_toplevel_archive/worklib/pc065a_toplevel/sch_1/page5.csv
pc065a_toplevel_archive/worklib/pc065a_toplevel/sch_1/page10.cpc
pc065a_toplevel_archive/worklib/pc065a_toplevel/sch_1/page2.csa
pc065a_toplevel_archive/worklib/pc065a_toplevel/sch_1/page11.csb
pc065a_toplevel_archive/worklib/pc065a_toplevel/sch_1/page8.cpc
pc065a_toplevel_archive/worklib/pc065a_toplevel/sch_1/page9.cpc
pc065a_toplevel_archive/worklib/pc065a_toplevel/sch_1/page.map
pc065a_toplevel_archive/worklib/pc065a_toplevel/sch_1/page8.csv
pc065a_toplevel_archive/worklib/pc065a_toplevel/sch_1/pc065a_toplevel.xcon,2
pc065a_toplevel_archive/worklib/pc065a_toplevel/sch_1/pc065a_toplevel.dcf,2
pc065a_toplevel_archive/worklib/pc065a_toplevel/sch_1/page3.csa
pc065a_toplevel_archive/worklib/pc065a_toplevel/sch_1/page3.csb
pc065a_toplevel_archive/worklib/pc065a_toplevel/sch_1/page12.csa
pc065a_toplevel_archive/worklib/pc065a_toplevel/sch_1/page7.csa
pc065a_toplevel_archive/worklib/pc065a_toplevel/sch_1/pc065a_toplevel.xcon,1
pc065a_toplevel_archive/worklib/pc065a_toplevel/sch_1/page3.csv
pc065a_toplevel_archive/worklib/pc065a_toplevel/sch_1/module_order.dat
pc065a_toplevel_archive/worklib/pc065a_toplevel/sch_1/pc.db
pc065a_toplevel_archive/worklib/pc065a_toplevel/sch_1/page6.csb
pc065a_toplevel_archive/worklib/pc065a_toplevel/sch_1/page1.cpc
pc065a_toplevel_archive/worklib/pc065a_toplevel/packaged/
pc065a_toplevel_archive/worklib/pc065a_toplevel/packaged/pxl.log
pc065a_toplevel_archive/worklib/pc065a_toplevel/packaged/pxl.state,2
pc065a_toplevel_archive/worklib/pc065a_toplevel/packaged/pstxnet.dat,3
pc065a_toplevel_archive/worklib/pc065a_toplevel/packaged/pstback.dat,3
pc065a_toplevel_archive/worklib/pc065a_toplevel/packaged/pstxnet.dat
pc065a_toplevel_archive/worklib/pc065a_toplevel/packaged/pxl.dbg
pc065a_toplevel_archive/worklib/pc065a_toplevel/packaged/pstchip.dat
pc065a_toplevel_archive/worklib/pc065a_toplevel/packaged/pstback.dat,1
pc065a_toplevel_archive/worklib/pc065a_toplevel/packaged/pstxref.dat,2
pc065a_toplevel_archive/worklib/pc065a_toplevel/packaged/pstcmdb.dat
pc065a_toplevel_archive/worklib/pc065a_toplevel/packaged/pstprop.dat.old
pc065a_toplevel_archive/worklib/pc065a_toplevel/packaged/pstrprt.dat,1
pc065a_toplevel_archive/worklib/pc065a_toplevel/packaged/pxl.state,1
pc065a_toplevel_archive/worklib/pc065a_toplevel/packaged/pstxnet.dat,1
pc065a_toplevel_archive/worklib/pc065a_toplevel/packaged/pstxprt.dat,1
pc065a_toplevel_archive/worklib/pc065a_toplevel/packaged/pstchip.dat,1
pc065a_toplevel_archive/worklib/pc065a_toplevel/packaged/master.tag
pc065a_toplevel_archive/worklib/pc065a_toplevel/packaged/pstpin.dat,3
pc065a_toplevel_archive/worklib/pc065a_toplevel/packaged/pstrprt.dat,2
pc065a_toplevel_archive/worklib/pc065a_toplevel/packaged/pxl.dbg.old
pc065a_toplevel_archive/worklib/pc065a_toplevel/packaged/pxl.chg
pc065a_toplevel_archive/worklib/pc065a_toplevel/packaged/pstchip.dat,2
pc065a_toplevel_archive/worklib/pc065a_toplevel/packaged/pxl.chg,3
pc065a_toplevel_archive/worklib/pc065a_toplevel/packaged/pstprop.dat
pc065a_toplevel_archive/worklib/pc065a_toplevel/packaged/pxl.mkr.old
pc065a_toplevel_archive/worklib/pc065a_toplevel/packaged/pstchip.dat,3
pc065a_toplevel_archive/worklib/pc065a_toplevel/packaged/pstback.dat
pc065a_toplevel_archive/worklib/pc065a_toplevel/packaged/pstxprt.dat,3
pc065a_toplevel_archive/worklib/pc065a_toplevel/packaged/pxl.chg,1
pc065a_toplevel_archive/worklib/pc065a_toplevel/packaged/pstxprt.dat
pc065a_toplevel_archive/worklib/pc065a_toplevel/packaged/last_import_time.txt
pc065a_toplevel_archive/worklib/pc065a_toplevel/packaged/pstxprt.dat,2
pc065a_toplevel_archive/worklib/pc065a_toplevel/packaged/pxl.state,3
pc065a_toplevel_archive/worklib/pc065a_toplevel/packaged/pstxref.dat,1
pc065a_toplevel_archive/worklib/pc065a_toplevel/packaged/pstpin.dat,2
pc065a_toplevel_archive/worklib/pc065a_toplevel/packaged/pstpin.dat,1
pc065a_toplevel_archive/worklib/pc065a_toplevel/packaged/pxl.chg,2
pc065a_toplevel_archive/worklib/pc065a_toplevel/packaged/pstpin.dat
pc065a_toplevel_archive/worklib/pc065a_toplevel/packaged/pxl.mkr
pc065a_toplevel_archive/worklib/pc065a_toplevel/packaged/pstrprt.dat
pc065a_toplevel_archive/worklib/pc065a_toplevel/packaged/pxl.state
pc065a_toplevel_archive/worklib/pc065a_toplevel/packaged/pstback.dat,2
pc065a_toplevel_archive/worklib/pc065a_toplevel/packaged/pstrprt.dat,3
pc065a_toplevel_archive/worklib/pc065a_toplevel/packaged/pstxref.dat
pc065a_toplevel_archive/worklib/pc065a_toplevel/packaged/pstxref.dat,3
pc065a_toplevel_archive/worklib/pc065a_toplevel/packaged/pstxnet.dat,2
pc065a_toplevel_archive/worklib/pc065a_toplevel/cfg_verilog/
pc065a_toplevel_archive/worklib/pc065a_toplevel/cfg_verilog/master.tag
pc065a_toplevel_archive/worklib/pc065a_toplevel/cfg_verilog/expand.cfg
pc065a_toplevel_archive/worklib/pc065a_toplevel/cfg_package/
pc065a_toplevel_archive/worklib/pc065a_toplevel/cfg_package/master.tag
pc065a_toplevel_archive/worklib/pc065a_toplevel/cfg_package/expand.cfg
pc065a_toplevel_archive/worklib/i2c_level_shift/
pc065a_toplevel_archive/worklib/i2c_level_shift/sym_1/
pc065a_toplevel_archive/worklib/i2c_level_shift/sym_1/symbol.css
pc065a_toplevel_archive/worklib/i2c_level_shift/sym_1/master.tag
pc065a_toplevel_archive/worklib/i2c_level_shift/sch_1/
pc065a_toplevel_archive/worklib/i2c_level_shift/sch_1/page1.csb
pc065a_toplevel_archive/worklib/i2c_level_shift/sch_1/i2c_level_shift.xcon
pc065a_toplevel_archive/worklib/i2c_level_shift/sch_1/master.tag
pc065a_toplevel_archive/worklib/i2c_level_shift/sch_1/i2c_level_shift.dcf,2
pc065a_toplevel_archive/worklib/i2c_level_shift/sch_1/page1.csa
pc065a_toplevel_archive/worklib/i2c_level_shift/sch_1/i2c_level_shift.dcf,1
pc065a_toplevel_archive/worklib/i2c_level_shift/sch_1/page1.csv
pc065a_toplevel_archive/worklib/i2c_level_shift/sch_1/i2c_level_shift.xcon,2
pc065a_toplevel_archive/worklib/i2c_level_shift/sch_1/i2c_level_shift.xcon,1
pc065a_toplevel_archive/worklib/i2c_level_shift/sch_1/page.map
pc065a_toplevel_archive/worklib/i2c_level_shift/sch_1/i2c_level_shift.dcf
pc065a_toplevel_archive/worklib/i2c_level_shift/sch_1/pc.db
pc065a_toplevel_archive/worklib/i2c_level_shift/sch_1/page1.cpc
pc065a_toplevel_archive/worklib/i2c_level_shift/entity/
pc065a_toplevel_archive/worklib/i2c_level_shift/entity/verilog.v
pc065a_toplevel_archive/worklib/i2c_level_shift/entity/vlog004u.sir
pc065a_toplevel_archive/worklib/i2c_level_shift/entity/master.tag
pc065a_toplevel_archive/worklib/i2c_level_shift/entity/vhdl.vhd
pc065a_toplevel_archive/worklib/fmc_lpc_generic/
pc065a_toplevel_archive/worklib/fmc_lpc_generic/sym_1/
pc065a_toplevel_archive/worklib/fmc_lpc_generic/sym_1/symbol.css
pc065a_toplevel_archive/worklib/fmc_lpc_generic/sym_1/master.tag
pc065a_toplevel_archive/worklib/fmc_lpc_generic/sch_1/
pc065a_toplevel_archive/worklib/fmc_lpc_generic/sch_1/page1.csb
pc065a_toplevel_archive/worklib/fmc_lpc_generic/sch_1/fmc_lpc_generic.xcon,1
pc065a_toplevel_archive/worklib/fmc_lpc_generic/sch_1/fmc_lpc_generic.dcf,2
pc065a_toplevel_archive/worklib/fmc_lpc_generic/sch_1/fmc_lpc_generic.dcf,3
pc065a_toplevel_archive/worklib/fmc_lpc_generic/sch_1/master.tag
pc065a_toplevel_archive/worklib/fmc_lpc_generic/sch_1/fmc_lpc_generic.dcf,1
pc065a_toplevel_archive/worklib/fmc_lpc_generic/sch_1/page1.csa
pc065a_toplevel_archive/worklib/fmc_lpc_generic/sch_1/fmc_lpc_generic.xcon
pc065a_toplevel_archive/worklib/fmc_lpc_generic/sch_1/page1.csv
pc065a_toplevel_archive/worklib/fmc_lpc_generic/sch_1/fmc_lpc_generic.xcon,3
pc065a_toplevel_archive/worklib/fmc_lpc_generic/sch_1/page.map
pc065a_toplevel_archive/worklib/fmc_lpc_generic/sch_1/fmc_lpc_generic.xcon,2
pc065a_toplevel_archive/worklib/fmc_lpc_generic/sch_1/fmc_lpc_generic.dcf
pc065a_toplevel_archive/worklib/fmc_lpc_generic/sch_1/pc.db
pc065a_toplevel_archive/worklib/fmc_lpc_generic/sch_1/page1.cpc
pc065a_toplevel_archive/worklib/fmc_lpc_generic/entity/
pc065a_toplevel_archive/worklib/fmc_lpc_generic/entity/verilog.v
pc065a_toplevel_archive/worklib/fmc_lpc_generic/entity/vlog004u.sir
pc065a_toplevel_archive/worklib/fmc_lpc_generic/entity/master.tag
pc065a_toplevel_archive/worklib/fmc_lpc_generic/entity/vhdl.vhd
pc065a_toplevel_archive/worklib/lvds_buf_1_2/
pc065a_toplevel_archive/worklib/lvds_buf_1_2/sym_1/
pc065a_toplevel_archive/worklib/lvds_buf_1_2/sym_1/symbol.css
pc065a_toplevel_archive/worklib/lvds_buf_1_2/sym_1/master.tag
pc065a_toplevel_archive/worklib/lvds_buf_1_2/sch_1/
pc065a_toplevel_archive/worklib/lvds_buf_1_2/sch_1/page1.csb
pc065a_toplevel_archive/worklib/lvds_buf_1_2/sch_1/lvds_buf_1_2.xcon,1
pc065a_toplevel_archive/worklib/lvds_buf_1_2/sch_1/lvds_buf_1_2.dcf,1
pc065a_toplevel_archive/worklib/lvds_buf_1_2/sch_1/master.tag
pc065a_toplevel_archive/worklib/lvds_buf_1_2/sch_1/lvds_buf_1_2.dcf
pc065a_toplevel_archive/worklib/lvds_buf_1_2/sch_1/page1.csa
pc065a_toplevel_archive/worklib/lvds_buf_1_2/sch_1/page1.csv
pc065a_toplevel_archive/worklib/lvds_buf_1_2/sch_1/page.map
pc065a_toplevel_archive/worklib/lvds_buf_1_2/sch_1/lvds_buf_1_2.xcon
pc065a_toplevel_archive/worklib/lvds_buf_1_2/sch_1/pc.db
pc065a_toplevel_archive/worklib/lvds_buf_1_2/sch_1/page1.cpc
pc065a_toplevel_archive/worklib/lvds_buf_1_2/entity/
pc065a_toplevel_archive/worklib/lvds_buf_1_2/entity/verilog.v
pc065a_toplevel_archive/worklib/lvds_buf_1_2/entity/vlog004u.sir
pc065a_toplevel_archive/worklib/lvds_buf_1_2/entity/master.tag
pc065a_toplevel_archive/worklib/lvds_buf_1_2/entity/vhdl.vhd
pc065a_toplevel_archive/pc065a_toplevel.cpm
pc065a_toplevel_archive/archiver.log
pc065a_toplevel_archive/pc065a_toplevel_ptf/
pc065a_toplevel_archive/pc065a_toplevel_ptf/cds_pld.ptf
pc065a_toplevel_archive/pc065a_toplevel_ptf/cndiscrete.ptf
pc065a_toplevel_archive/pc065a_toplevel_ptf/cds_logic.ptf
pc065a_toplevel_archive/pc065a_toplevel_ptf/cds_connectors.ptf
pc065a_toplevel_archive/pc065a_toplevel_ptf/cds_analogue.ptf
pc065a_toplevel_archive/pc065a_toplevel_ptf/cnconnector.ptf
pc065a_toplevel_archive/pc065a_toplevel_ptf/cnpassive.ptf
pc065a_toplevel_archive/pc065a_toplevel_ptf/cds_special.ptf
pc065a_toplevel_archive/cds.lib
Compression command executed successfully.
Executing Log File compression command.....
Log File compression command executed successfully.
Completed archiving the design...
For more information, please look at the file /projects/HEP_Instrumentation/cad/designs/uob-hep-pc065a/trunk/design_files/pc065a_toplevel_archive/archiver.log
