temp/xxnedtmp2/event.log NEWFILE1
temp/xxnedtmp2/text.log NEWFILE2
temp/xxnedtmp2/environ.log NEWFILE3
c:\cadence\spb_17.4\share\cdssetup/concept/concepthdl.scr FILE4
\\ppfs6.physics.ox.ac.uk\CEG\Central Electronics\Projects\Hastingsp\DUNE\uob-hep-pc065\design_files\cds.lib FILE5
\\ppfs6.physics.ox.ac.uk\CEG\Central Electronics\Projects\Hastingsp\DUNE\uob-hep-pc065\design_files\worklib\pc065b_fibv2_toplevel\sch_1\page1.csb FILE6
\\ppfs6.physics.ox.ac.uk\CEG\Central Electronics\Projects\Hastingsp\DUNE\uob-hep-pc065\design_files\worklib\pc065b_fibv2_toplevel\sch_1\page_map.lck NEWFILE7
\\ppfs6.physics.ox.ac.uk\CEG\Central Electronics\Projects\Hastingsp\DUNE\uob-hep-pc065\design_files\worklib\pc065b_fibv2_toplevel\sch_1\page1_csb.lck NEWFILE8
temp/xxnedtmp2/undo1.log NEWFILE9
\\ppfs6.physics.ox.ac.uk\CEG\Central Electronics\Projects\Hastingsp\DUNE\library\cds_standard\bris_std_a3\sym_1\symbol.css FILE10
\\ppfs6.physics.ox.ac.uk\CEG\Central Electronics\Projects\Hastingsp\DUNE\library\standard\toc\sym_1\symbol.css FILE11
\\ppfs6.physics.ox.ac.uk\CEG\Central Electronics\Projects\Hastingsp\DUNE\uob-hep-pc065\design_files\worklib\pc065b_fibv2_toplevel\sch_1\page1_csa.lck NEWFILE12
//ppfs6.physics.ox.ac.uk/CEG/Central Electronics/Projects/Hastingsp/DUNE/uob-hep-pc065/design_files/worklib/pc065b_fibv2_toplevel/sch_1/pc065b_fibv2_toplevel.xcon FILE13
//ppfs6.physics.ox.ac.uk/CEG/Central Electronics/Projects/Hastingsp/DUNE/uob-hep-pc065/design_files/worklib/pc065b_fibv2_toplevel/sch_1/pc065b_fibv2_toplevel.dcf FILE14
\\ppfs6.physics.ox.ac.uk\CEG\Central Electronics\Projects\Hastingsp\DUNE\uob-hep-pc065\design_files\worklib\pc065b_fibv2_toplevel\sch_1\page3.csb FILE15
\\ppfs6.physics.ox.ac.uk\CEG\Central Electronics\Projects\Hastingsp\DUNE\uob-hep-pc065\design_files\worklib\pc065b_fibv2_toplevel\sch_1\page3_csb.lck NEWFILE16
\\ppfs6.physics.ox.ac.uk\CEG\Central Electronics\Projects\Hastingsp\DUNE\library\standard\tap\sym_6\symbol.css FILE17
\\ppfs6.physics.ox.ac.uk\CEG\Central Electronics\Projects\Hastingsp\DUNE\library\standard\outport\sym_1\symbol.css FILE18
\\ppfs6.physics.ox.ac.uk\CEG\Central Electronics\Projects\Hastingsp\DUNE\library\cnpower\gnd\sym_1\symbol.css FILE19
\\ppfs6.physics.ox.ac.uk\CEG\Central Electronics\Projects\Hastingsp\DUNE\library\cnpassive\rsmd0402\sym_2\symbol.css FILE20
\\ppfs6.physics.ox.ac.uk\CEG\Central Electronics\Projects\Hastingsp\DUNE\uob-hep-pc065\design_files\worklib\fmc_hpc_generic\sym_1\symbol.css FILE21
\\ppfs6.physics.ox.ac.uk\CEG\Central Electronics\Projects\Hastingsp\DUNE\library\standard\inport\sym_1\symbol.css FILE22
\\ppfs6.physics.ox.ac.uk\CEG\Central Electronics\Projects\Hastingsp\DUNE\library\cnpower\p3v3\sym_1\symbol.css FILE23
\\ppfs6.physics.ox.ac.uk\CEG\Central Electronics\Projects\Hastingsp\DUNE\library\cnpassive\rsmd0603\sym_2\symbol.css FILE24
\\ppfs6.physics.ox.ac.uk\CEG\Central Electronics\Projects\Hastingsp\DUNE\library\standard\tap\sym_2\symbol.css FILE25
\\ppfs6.physics.ox.ac.uk\CEG\Central Electronics\Projects\Hastingsp\DUNE\library\standard\ioport\sym_1\symbol.css FILE26
temp/xxnedtmp2/concept.mkr NEWFILE27
c:/cadence/spb_17.4/tools/language/config.dat FILE28
c:/cadence/spb_17.4/tools/language/pack_type_rename.dat NEWFILE29
temp/xxnedtmp2/../bris_std_a3.mkr NEWFILE30
temp/xxnedtmp2/../inport.mkr NEWFILE31
temp/xxnedtmp2/../tap.mkr NEWFILE32
temp/xxnedtmp2/../ioport.mkr NEWFILE33
temp/xxnedtmp2/../outport.mkr NEWFILE34
temp/xxnedtmp2/../gnd.mkr NEWFILE35
temp/xxnedtmp2/../rsmd0402.mkr NEWFILE36
temp/xxnedtmp2/../fmc_hpc_generic.mkr NEWFILE37
temp/xxnedtmp2/../p3v3.mkr NEWFILE38
temp/xxnedtmp2/../rsmd0603.mkr NEWFILE39
//ppfs6.physics.ox.ac.uk/CEG/Central Electronics/Projects/Hastingsp/DUNE/uob-hep-pc065/design_files/worklib/pc065b_fibv2_toplevel/sch_1/pc065b_fibv2_toplevel_xcon.lck NEWFILE40
//ppfs6.physics.ox.ac.uk/CEG/Central Electronics/Projects/Hastingsp/DUNE/uob-hep-pc065/design_files/worklib/pc065b_fibv2_toplevel/sch_1/pc065b_fibv2_toplevel_dcf.lck NEWFILE41
\\ppfs6.physics.ox.ac.uk\CEG\Central Electronics\Projects\Hastingsp\DUNE\uob-hep-pc065\design_files\worklib\pc065b_fibv2_toplevel\sch_1\page3.csa FILE42
\\ppfs6.physics.ox.ac.uk\CEG\Central Electronics\Projects\Hastingsp\DUNE\uob-hep-pc065\design_files\worklib\pc065b_fibv2_toplevel\sch_1\page3.csv FILE43
temp/xxnedtmp2/csnetlister.mkr NEWFILE44
\\ppfs6.physics.ox.ac.uk\CEG\Central Electronics\Projects\Hastingsp\DUNE\uob-hep-pc065\design_files\worklib\pc065b_fibv2_toplevel\sch_1\page3_csa.lck NEWFILE45
C:/Users/HASTIN~1/AppData/Local/Temp/con761A.tmp FILE46
C:/Users/HASTIN~1/AppData/Local/Temp/con7FDF.tmp FILE47
C:/Users/HASTIN~1/AppData/Local/Temp/con956B.tmp FILE48
