

    Cadence Design Systems, Inc.
    Bomhdl 17.2-2016 S061 (3825862) 10/28/2019
    Copyright 2011 Cadence Design Systems, Inc, Cadence Design Systems, Inc.

    Run on Tue Jun  2 09:08:30 2020


*****************************
*  Processing project file  *
*****************************

    DESIGN_LIBRARY 'uob_hep_pc065a_lib'
    DESIGN_NAME 'pc065b_toplevel'
    VIEW_SCHEMATIC 'sch_1'
    VIEW_PACKAGER 'packaged'
    VIEW_VARIANT 'variant'
    VIEW_BOM ''
    VIEW_CONFIG_PHYSICAL 'cfg_package'
    PPT '/projects/HEP_Instrumentation/cad/bris_cdslib/lib_psd14.x/cds_analogue/cds_analogue.ptf' '/projects/HEP_Instrumentation/cad/bris_cdslib/lib_psd14.x/cds_connectors/cds_connectors.ptf' '/projects/HEP_Instrumentation/cad/bris_cdslib/lib_psd14.x/cds_logic/cds_logic.ptf' '/projects/HEP_Instrumentation/cad/bris_cdslib/lib_psd14.x/cds_pld/cds_pld.ptf' '/projects/HEP_Instrumentation/cad/bris_cdslib/lib_psd14.x/cds_special/cds_special.ptf' '/projects/HEP_Instrumentation/cad/cern_cdslib/lib_psd16.x/concept_libs/pe16/pe_cern_lib/parttables/cnconnector.ptf' '/projects/HEP_Instrumentation/cad/cern_cdslib/lib_psd16.x/concept_libs/pe16/pe_cern_lib/parttables/cndiscrete.ptf' '/projects/HEP_Instrumentation/cad/cern_cdslib/lib_psd16.x/concept_libs/pe16/pe_cern_lib/parttables/cnpassive.ptf'
    USE_LIBRARY_PPT 'on'
    MERGE_PPT 'OFF'
    INCLUDE_PPT ''
    EXCLUDE_PPT ''
    SPREADSHEET 'OFF'
    LAST_OUTPUT_FILE '/projects/HEP_Instrumentation/cad/designs/uob_hep_pc065a/trunk/design_files/worklib/pc065a_toplevel/bom/pc065a_toplevel.csv'
    TEMPLATE_FILE 'template.bom'
    PACKAGED_VARIANT_SYNC_CHECK '1'
    LAST_TEMPLATE_FILE '/projects/HEP_Instrumentation/cad/tools/cadence_templates/spreadsheet-format.bom'
    LAST_STANDARD_OPTION '1'
    LAST_WHAT_TO_OUTPUT '0'
    LAST_VARIANT_FILE ''
    LAST_SS_DELIMITER 'Colon :'
    USE_FILTERS '0'
    LAST_CALLOUT_FILE ''
    LAST_VARIANT ''

*********************************
*  End processing project file  *
*********************************

 
Initializing tool communication modules... 

*********************************
*  Loading the design database  *
*********************************

Start loading the design. 
Loading logical design view of pc065b_toplevel 
Setting design view directives...
 
Loading pstX files...
 

Loading... /projects/HEP_Instrumentation/cad/designs/uob-hep-pc065a/trunk/design_files/worklib/pc065b_toplevel/packaged/pstchip.dat
 

Loading... /projects/HEP_Instrumentation/cad/designs/uob-hep-pc065a/trunk/design_files/worklib/pc065b_toplevel/packaged/pstchip.dat
 

Loading... /projects/HEP_Instrumentation/cad/designs/uob-hep-pc065a/trunk/design_files/worklib/pc065b_toplevel/packaged/pstxnet.dat
 
packaging the design view... 
End loading logical design view of pc065b_toplevel 
Reading cell level PPTs... 
INFO(SPCODD-181): Loading /projects/HEP_Instrumentation/cad/bris_cdslib/lib_psd14.x/cds_analogue/cds_analogue.ptf.
       
INFO(SPCODD-181): Loading /projects/HEP_Instrumentation/cad/bris_cdslib/lib_psd14.x/cds_connectors/cds_connectors.ptf.
       
INFO(SPCODD-181): Loading /projects/HEP_Instrumentation/cad/bris_cdslib/lib_psd14.x/cds_logic/cds_logic.ptf.
       
INFO(SPCODD-181): Loading /projects/HEP_Instrumentation/cad/bris_cdslib/lib_psd14.x/cds_pld/cds_pld.ptf.
       
INFO(SPCODD-181): Loading /projects/HEP_Instrumentation/cad/bris_cdslib/lib_psd14.x/cds_special/cds_special.ptf.
       
INFO(SPCODD-181): Loading /projects/HEP_Instrumentation/cad/cern_cdslib/lib_psd16.x/concept_libs/pe16/pe_cern_lib/parttables/cnconnector.ptf.
       
INFO(SPCODD-181): Loading /projects/HEP_Instrumentation/cad/cern_cdslib/lib_psd16.x/concept_libs/pe16/pe_cern_lib/parttables/cndiscrete.ptf.
       
INFO(SPCODD-181): Loading /projects/HEP_Instrumentation/cad/cern_cdslib/lib_psd16.x/concept_libs/pe16/pe_cern_lib/parttables/cnpassive.ptf.
       
INFO(SPCODD-181): Loading /projects/HEP_Instrumentation/cad/cern_cdslib/lib_psd16.x/concept_libs/pe16/pe_cern_lib/cnpassive/capcersmdcl2/part_table/capcersmdcl2.ptf.
       
INFO(SPCODD-181): Loading /projects/HEP_Instrumentation/cad/cern_cdslib/lib_psd16.x/concept_libs/pe16/pe_cern_lib/cnconnector/con3p/part_table/con3p.ptf.
       
INFO(SPCODD-181): Loading /projects/HEP_Instrumentation/cad/cern_cdslib/lib_psd16.x/concept_libs/pe16/pe_cern_lib/cnconnector/con4p/part_table/con4p.ptf.
       
INFO(SPCODD-181): Loading /projects/HEP_Instrumentation/cad/cern_cdslib/lib_psd16.x/concept_libs/pe16/pe_cern_lib/cnpassive/tp/part_table/tp.ptf.
       
INFO(SPCODD-181): Loading /projects/HEP_Instrumentation/cad/bris_cdslib/lib_psd14.x/cds_special/si5395/part_table/SI5395.ptf.
       
INFO(SPCODD-181): Loading /projects/HEP_Instrumentation/cad/cern_cdslib/lib_psd16.x/concept_libs/pe16/pe_cern_lib/cndiscrete/inductance/part_table/inductance.ptf.
       
INFO(SPCODD-181): Loading /projects/HEP_Instrumentation/cad/bris_cdslib/lib_psd14.x/cds_discrete/dsc1123ci5/part_table/DSC1123CI5.ptf.
       
INFO(SPCODD-181): Loading /projects/HEP_Instrumentation/cad/cern_cdslib/lib_psd16.x/concept_libs/pe16/pe_cern_lib/cnconnector/con20p_sfp/part_table/con20p_sfp.ptf.
       
INFO(SPCODD-181): Loading /projects/HEP_Instrumentation/cad/cern_cdslib/lib_psd16.x/concept_libs/pe16/pe_cern_lib/cninterface/sy58608u/part_table/sy58608u.ptf.
       
INFO(SPCODD-181): Loading /projects/HEP_Instrumentation/cad/cern_cdslib/lib_psd16.x/concept_libs/pe16/pe_cern_lib/cninterface/854s058i/part_table/854s058i.ptf.
       
INFO(SPCODD-181): Loading /projects/HEP_Instrumentation/cad/cern_cdslib/lib_psd16.x/concept_libs/pe16/pe_cern_lib/cninterface/adn2814/part_table/adn2814.ptf.
       
INFO(SPCODD-181): Loading /projects/HEP_Instrumentation/cad/bris_cdslib/lib_psd14.x/cds_special/tca9803/part_table/TCA9803.ptf.
       
INFO(SPCODD-181): Loading /projects/HEP_Instrumentation/cad/bris_cdslib/lib_psd14.x/cds_special/tca9539/part_table/TCA9539.ptf.
       
INFO(SPCODD-181): Loading /projects/HEP_Instrumentation/cad/bris_cdslib/lib_psd14.x/cds_special/74avc4t245_bris/part_table/74AVC4T245_BRIS.ptf.
       
INFO(SPCODD-181): Loading /projects/HEP_Instrumentation/cad/cern_cdslib/lib_psd16.x/concept_libs/pe16/pe_cern_lib/cnmemory/24aa025e48/part_table/24aa025e48.ptf.
       
INFO(SPCODD-181): Loading /projects/HEP_Instrumentation/cad/cern_cdslib/lib_psd16.x/concept_libs/pe16/pe_cern_lib/cnconnector/pcoax/part_table/pcoax.ptf.
       
INFO(SPCODD-181): Loading /projects/HEP_Instrumentation/cad/cern_cdslib/lib_psd16.x/concept_libs/pe16/pe_cern_lib/cnconnector/con400p_40abcdefghjk_vita571/part_table/con400p_40abcdefghjk_vita571.ptf.
       
INFO(SPCODD-181): Loading /projects/HEP_Instrumentation/cad/cern_cdslib/lib_psd16.x/concept_libs/pe16/pe_cern_lib/cnmech/sfp_cage_x4/part_table/sfp_cage_x4.ptf.
       
Design loaded successfully. 


******************************************
*  Finished loading the design database  *
******************************************


**********************************
*  Start generating bom reports. *
**********************************

Report generated successfully.

Output file list :
/projects/HEP_Instrumentation/cad/designs/uob-hep-pc065a/trunk/design_files/worklib/pc065b_toplevel/bom/pc065b_bom.csv

*********************************
*  End generating bom reports   *
*********************************


**********************************
*  Start generating bom reports. *
**********************************

Report generated successfully.

Output file list :
/projects/HEP_Instrumentation/cad/designs/uob-hep-pc065a/trunk/design_files/worklib/pc065b_toplevel/bom/pc065b_1perline_bom.csv

*********************************
*  End generating bom reports   *
*********************************

    Start time    9:08:30
    End time     13:08:07
    Elapsed time  3:59:37

*********************************
*  BOM-HDL execution done.      *
*********************************

