FILE_TYPE=LIBRARY_PARTS;
primitive 'CON400P_40ABCDEFGHJK_VITA571';
  pin
    'A'<40>:
      PIN_NUMBER='(A40,0,0,0,0,0,0,0,0,0)';
      BIDIRECTIONAL='TRUE';
      INPUT_LOAD='(-0.01,0.01)';
      OUTPUT_LOAD='(1.0,-1.0)';
    'A'<39>:
      PIN_NUMBER='(A39,0,0,0,0,0,0,0,0,0)';
      BIDIRECTIONAL='TRUE';
      INPUT_LOAD='(-0.01,0.01)';
      OUTPUT_LOAD='(1.0,-1.0)';
    'A'<38>:
      PIN_NUMBER='(A38,0,0,0,0,0,0,0,0,0)';
      BIDIRECTIONAL='TRUE';
      INPUT_LOAD='(-0.01,0.01)';
      OUTPUT_LOAD='(1.0,-1.0)';
    'A'<37>:
      PIN_NUMBER='(A37,0,0,0,0,0,0,0,0,0)';
      BIDIRECTIONAL='TRUE';
      INPUT_LOAD='(-0.01,0.01)';
      OUTPUT_LOAD='(1.0,-1.0)';
    'A'<36>:
      PIN_NUMBER='(A36,0,0,0,0,0,0,0,0,0)';
      BIDIRECTIONAL='TRUE';
      INPUT_LOAD='(-0.01,0.01)';
      OUTPUT_LOAD='(1.0,-1.0)';
    'A'<35>:
      PIN_NUMBER='(A35,0,0,0,0,0,0,0,0,0)';
      BIDIRECTIONAL='TRUE';
      INPUT_LOAD='(-0.01,0.01)';
      OUTPUT_LOAD='(1.0,-1.0)';
    'A'<33>:
      PIN_NUMBER='(A33,0,0,0,0,0,0,0,0,0)';
      BIDIRECTIONAL='TRUE';
      INPUT_LOAD='(-0.01,0.01)';
      OUTPUT_LOAD='(1.0,-1.0)';
    'A'<32>:
      PIN_NUMBER='(A32,0,0,0,0,0,0,0,0,0)';
      BIDIRECTIONAL='TRUE';
      INPUT_LOAD='(-0.01,0.01)';
      OUTPUT_LOAD='(1.0,-1.0)';
    'A'<34>:
      PIN_NUMBER='(A34,0,0,0,0,0,0,0,0,0)';
      BIDIRECTIONAL='TRUE';
      INPUT_LOAD='(-0.01,0.01)';
      OUTPUT_LOAD='(1.0,-1.0)';
    'A'<30>:
      PIN_NUMBER='(A30,0,0,0,0,0,0,0,0,0)';
      BIDIRECTIONAL='TRUE';
      INPUT_LOAD='(-0.01,0.01)';
      OUTPUT_LOAD='(1.0,-1.0)';
    'A'<31>:
      PIN_NUMBER='(A31,0,0,0,0,0,0,0,0,0)';
      BIDIRECTIONAL='TRUE';
      INPUT_LOAD='(-0.01,0.01)';
      OUTPUT_LOAD='(1.0,-1.0)';
    'A'<29>:
      PIN_NUMBER='(A29,0,0,0,0,0,0,0,0,0)';
      BIDIRECTIONAL='TRUE';
      INPUT_LOAD='(-0.01,0.01)';
      OUTPUT_LOAD='(1.0,-1.0)';
    'A'<27>:
      PIN_NUMBER='(A27,0,0,0,0,0,0,0,0,0)';
      BIDIRECTIONAL='TRUE';
      INPUT_LOAD='(-0.01,0.01)';
      OUTPUT_LOAD='(1.0,-1.0)';
    'A'<28>:
      PIN_NUMBER='(A28,0,0,0,0,0,0,0,0,0)';
      BIDIRECTIONAL='TRUE';
      INPUT_LOAD='(-0.01,0.01)';
      OUTPUT_LOAD='(1.0,-1.0)';
    'A'<25>:
      PIN_NUMBER='(A25,0,0,0,0,0,0,0,0,0)';
      BIDIRECTIONAL='TRUE';
      INPUT_LOAD='(-0.01,0.01)';
      OUTPUT_LOAD='(1.0,-1.0)';
    'A'<26>:
      PIN_NUMBER='(A26,0,0,0,0,0,0,0,0,0)';
      BIDIRECTIONAL='TRUE';
      INPUT_LOAD='(-0.01,0.01)';
      OUTPUT_LOAD='(1.0,-1.0)';
    'A'<24>:
      PIN_NUMBER='(A24,0,0,0,0,0,0,0,0,0)';
      BIDIRECTIONAL='TRUE';
      INPUT_LOAD='(-0.01,0.01)';
      OUTPUT_LOAD='(1.0,-1.0)';
    'A'<23>:
      PIN_NUMBER='(A23,0,0,0,0,0,0,0,0,0)';
      BIDIRECTIONAL='TRUE';
      INPUT_LOAD='(-0.01,0.01)';
      OUTPUT_LOAD='(1.0,-1.0)';
    'A'<22>:
      PIN_NUMBER='(A22,0,0,0,0,0,0,0,0,0)';
      BIDIRECTIONAL='TRUE';
      INPUT_LOAD='(-0.01,0.01)';
      OUTPUT_LOAD='(1.0,-1.0)';
    'A'<21>:
      PIN_NUMBER='(A21,0,0,0,0,0,0,0,0,0)';
      BIDIRECTIONAL='TRUE';
      INPUT_LOAD='(-0.01,0.01)';
      OUTPUT_LOAD='(1.0,-1.0)';
    'A'<19>:
      PIN_NUMBER='(A19,0,0,0,0,0,0,0,0,0)';
      BIDIRECTIONAL='TRUE';
      INPUT_LOAD='(-0.01,0.01)';
      OUTPUT_LOAD='(1.0,-1.0)';
    'A'<20>:
      PIN_NUMBER='(A20,0,0,0,0,0,0,0,0,0)';
      BIDIRECTIONAL='TRUE';
      INPUT_LOAD='(-0.01,0.01)';
      OUTPUT_LOAD='(1.0,-1.0)';
    'A'<18>:
      PIN_NUMBER='(A18,0,0,0,0,0,0,0,0,0)';
      BIDIRECTIONAL='TRUE';
      INPUT_LOAD='(-0.01,0.01)';
      OUTPUT_LOAD='(1.0,-1.0)';
    'A'<17>:
      PIN_NUMBER='(A17,0,0,0,0,0,0,0,0,0)';
      BIDIRECTIONAL='TRUE';
      INPUT_LOAD='(-0.01,0.01)';
      OUTPUT_LOAD='(1.0,-1.0)';
    'A'<14>:
      PIN_NUMBER='(A14,0,0,0,0,0,0,0,0,0)';
      BIDIRECTIONAL='TRUE';
      INPUT_LOAD='(-0.01,0.01)';
      OUTPUT_LOAD='(1.0,-1.0)';
    'A'<15>:
      PIN_NUMBER='(A15,0,0,0,0,0,0,0,0,0)';
      BIDIRECTIONAL='TRUE';
      INPUT_LOAD='(-0.01,0.01)';
      OUTPUT_LOAD='(1.0,-1.0)';
    'A'<16>:
      PIN_NUMBER='(A16,0,0,0,0,0,0,0,0,0)';
      BIDIRECTIONAL='TRUE';
      INPUT_LOAD='(-0.01,0.01)';
      OUTPUT_LOAD='(1.0,-1.0)';
    'A'<13>:
      PIN_NUMBER='(A13,0,0,0,0,0,0,0,0,0)';
      BIDIRECTIONAL='TRUE';
      INPUT_LOAD='(-0.01,0.01)';
      OUTPUT_LOAD='(1.0,-1.0)';
    'A'<12>:
      PIN_NUMBER='(A12,0,0,0,0,0,0,0,0,0)';
      BIDIRECTIONAL='TRUE';
      INPUT_LOAD='(-0.01,0.01)';
      OUTPUT_LOAD='(1.0,-1.0)';
    'A'<11>:
      PIN_NUMBER='(A11,0,0,0,0,0,0,0,0,0)';
      BIDIRECTIONAL='TRUE';
      INPUT_LOAD='(-0.01,0.01)';
      OUTPUT_LOAD='(1.0,-1.0)';
    'A'<9>:
      PIN_NUMBER='(A9,0,0,0,0,0,0,0,0,0)';
      BIDIRECTIONAL='TRUE';
      INPUT_LOAD='(-0.01,0.01)';
      OUTPUT_LOAD='(1.0,-1.0)';
    'A'<10>:
      PIN_NUMBER='(A10,0,0,0,0,0,0,0,0,0)';
      BIDIRECTIONAL='TRUE';
      INPUT_LOAD='(-0.01,0.01)';
      OUTPUT_LOAD='(1.0,-1.0)';
    'A'<8>:
      PIN_NUMBER='(A8,0,0,0,0,0,0,0,0,0)';
      BIDIRECTIONAL='TRUE';
      INPUT_LOAD='(-0.01,0.01)';
      OUTPUT_LOAD='(1.0,-1.0)';
    'A'<7>:
      PIN_NUMBER='(A7,0,0,0,0,0,0,0,0,0)';
      BIDIRECTIONAL='TRUE';
      INPUT_LOAD='(-0.01,0.01)';
      OUTPUT_LOAD='(1.0,-1.0)';
    'A'<6>:
      PIN_NUMBER='(A6,0,0,0,0,0,0,0,0,0)';
      BIDIRECTIONAL='TRUE';
      INPUT_LOAD='(-0.01,0.01)';
      OUTPUT_LOAD='(1.0,-1.0)';
    'A'<5>:
      PIN_NUMBER='(A5,0,0,0,0,0,0,0,0,0)';
      BIDIRECTIONAL='TRUE';
      INPUT_LOAD='(-0.01,0.01)';
      OUTPUT_LOAD='(1.0,-1.0)';
    'A'<4>:
      PIN_NUMBER='(A4,0,0,0,0,0,0,0,0,0)';
      BIDIRECTIONAL='TRUE';
      INPUT_LOAD='(-0.01,0.01)';
      OUTPUT_LOAD='(1.0,-1.0)';
    'A'<3>:
      PIN_NUMBER='(A3,0,0,0,0,0,0,0,0,0)';
      BIDIRECTIONAL='TRUE';
      INPUT_LOAD='(-0.01,0.01)';
      OUTPUT_LOAD='(1.0,-1.0)';
    'A'<2>:
      PIN_NUMBER='(A2,0,0,0,0,0,0,0,0,0)';
      BIDIRECTIONAL='TRUE';
      INPUT_LOAD='(-0.01,0.01)';
      OUTPUT_LOAD='(1.0,-1.0)';
    'A'<1>:
      PIN_NUMBER='(A1,0,0,0,0,0,0,0,0,0)';
      BIDIRECTIONAL='TRUE';
      INPUT_LOAD='(-0.01,0.01)';
      OUTPUT_LOAD='(1.0,-1.0)';
    'B'<1>:
      PIN_NUMBER='(0,B1,0,0,0,0,0,0,0,0)';
      BIDIRECTIONAL='TRUE';
      INPUT_LOAD='(-0.01,0.01)';
      OUTPUT_LOAD='(1.0,-1.0)';
    'B'<2>:
      PIN_NUMBER='(0,B2,0,0,0,0,0,0,0,0)';
      BIDIRECTIONAL='TRUE';
      INPUT_LOAD='(-0.01,0.01)';
      OUTPUT_LOAD='(1.0,-1.0)';
    'B'<3>:
      PIN_NUMBER='(0,B3,0,0,0,0,0,0,0,0)';
      BIDIRECTIONAL='TRUE';
      INPUT_LOAD='(-0.01,0.01)';
      OUTPUT_LOAD='(1.0,-1.0)';
    'B'<5>:
      PIN_NUMBER='(0,B5,0,0,0,0,0,0,0,0)';
      BIDIRECTIONAL='TRUE';
      INPUT_LOAD='(-0.01,0.01)';
      OUTPUT_LOAD='(1.0,-1.0)';
    'B'<4>:
      PIN_NUMBER='(0,B4,0,0,0,0,0,0,0,0)';
      BIDIRECTIONAL='TRUE';
      INPUT_LOAD='(-0.01,0.01)';
      OUTPUT_LOAD='(1.0,-1.0)';
    'B'<6>:
      PIN_NUMBER='(0,B6,0,0,0,0,0,0,0,0)';
      BIDIRECTIONAL='TRUE';
      INPUT_LOAD='(-0.01,0.01)';
      OUTPUT_LOAD='(1.0,-1.0)';
    'B'<7>:
      PIN_NUMBER='(0,B7,0,0,0,0,0,0,0,0)';
      BIDIRECTIONAL='TRUE';
      INPUT_LOAD='(-0.01,0.01)';
      OUTPUT_LOAD='(1.0,-1.0)';
    'B'<8>:
      PIN_NUMBER='(0,B8,0,0,0,0,0,0,0,0)';
      BIDIRECTIONAL='TRUE';
      INPUT_LOAD='(-0.01,0.01)';
      OUTPUT_LOAD='(1.0,-1.0)';
    'B'<9>:
      PIN_NUMBER='(0,B9,0,0,0,0,0,0,0,0)';
      BIDIRECTIONAL='TRUE';
      INPUT_LOAD='(-0.01,0.01)';
      OUTPUT_LOAD='(1.0,-1.0)';
    'B'<10>:
      PIN_NUMBER='(0,B10,0,0,0,0,0,0,0,0)';
      BIDIRECTIONAL='TRUE';
      INPUT_LOAD='(-0.01,0.01)';
      OUTPUT_LOAD='(1.0,-1.0)';
    'B'<11>:
      PIN_NUMBER='(0,B11,0,0,0,0,0,0,0,0)';
      BIDIRECTIONAL='TRUE';
      INPUT_LOAD='(-0.01,0.01)';
      OUTPUT_LOAD='(1.0,-1.0)';
    'B'<12>:
      PIN_NUMBER='(0,B12,0,0,0,0,0,0,0,0)';
      BIDIRECTIONAL='TRUE';
      INPUT_LOAD='(-0.01,0.01)';
      OUTPUT_LOAD='(1.0,-1.0)';
    'B'<13>:
      PIN_NUMBER='(0,B13,0,0,0,0,0,0,0,0)';
      BIDIRECTIONAL='TRUE';
      INPUT_LOAD='(-0.01,0.01)';
      OUTPUT_LOAD='(1.0,-1.0)';
    'B'<16>:
      PIN_NUMBER='(0,B16,0,0,0,0,0,0,0,0)';
      BIDIRECTIONAL='TRUE';
      INPUT_LOAD='(-0.01,0.01)';
      OUTPUT_LOAD='(1.0,-1.0)';
    'B'<15>:
      PIN_NUMBER='(0,B15,0,0,0,0,0,0,0,0)';
      BIDIRECTIONAL='TRUE';
      INPUT_LOAD='(-0.01,0.01)';
      OUTPUT_LOAD='(1.0,-1.0)';
    'B'<14>:
      PIN_NUMBER='(0,B14,0,0,0,0,0,0,0,0)';
      BIDIRECTIONAL='TRUE';
      INPUT_LOAD='(-0.01,0.01)';
      OUTPUT_LOAD='(1.0,-1.0)';
    'B'<18>:
      PIN_NUMBER='(0,B18,0,0,0,0,0,0,0,0)';
      BIDIRECTIONAL='TRUE';
      INPUT_LOAD='(-0.01,0.01)';
      OUTPUT_LOAD='(1.0,-1.0)';
    'B'<17>:
      PIN_NUMBER='(0,B17,0,0,0,0,0,0,0,0)';
      BIDIRECTIONAL='TRUE';
      INPUT_LOAD='(-0.01,0.01)';
      OUTPUT_LOAD='(1.0,-1.0)';
    'B'<20>:
      PIN_NUMBER='(0,B20,0,0,0,0,0,0,0,0)';
      BIDIRECTIONAL='TRUE';
      INPUT_LOAD='(-0.01,0.01)';
      OUTPUT_LOAD='(1.0,-1.0)';
    'B'<19>:
      PIN_NUMBER='(0,B19,0,0,0,0,0,0,0,0)';
      BIDIRECTIONAL='TRUE';
      INPUT_LOAD='(-0.01,0.01)';
      OUTPUT_LOAD='(1.0,-1.0)';
    'B'<21>:
      PIN_NUMBER='(0,B21,0,0,0,0,0,0,0,0)';
      BIDIRECTIONAL='TRUE';
      INPUT_LOAD='(-0.01,0.01)';
      OUTPUT_LOAD='(1.0,-1.0)';
    'B'<23>:
      PIN_NUMBER='(0,B23,0,0,0,0,0,0,0,0)';
      BIDIRECTIONAL='TRUE';
      INPUT_LOAD='(-0.01,0.01)';
      OUTPUT_LOAD='(1.0,-1.0)';
    'B'<22>:
      PIN_NUMBER='(0,B22,0,0,0,0,0,0,0,0)';
      BIDIRECTIONAL='TRUE';
      INPUT_LOAD='(-0.01,0.01)';
      OUTPUT_LOAD='(1.0,-1.0)';
    'B'<24>:
      PIN_NUMBER='(0,B24,0,0,0,0,0,0,0,0)';
      BIDIRECTIONAL='TRUE';
      INPUT_LOAD='(-0.01,0.01)';
      OUTPUT_LOAD='(1.0,-1.0)';
    'B'<25>:
      PIN_NUMBER='(0,B25,0,0,0,0,0,0,0,0)';
      BIDIRECTIONAL='TRUE';
      INPUT_LOAD='(-0.01,0.01)';
      OUTPUT_LOAD='(1.0,-1.0)';
    'B'<26>:
      PIN_NUMBER='(0,B26,0,0,0,0,0,0,0,0)';
      BIDIRECTIONAL='TRUE';
      INPUT_LOAD='(-0.01,0.01)';
      OUTPUT_LOAD='(1.0,-1.0)';
    'B'<27>:
      PIN_NUMBER='(0,B27,0,0,0,0,0,0,0,0)';
      BIDIRECTIONAL='TRUE';
      INPUT_LOAD='(-0.01,0.01)';
      OUTPUT_LOAD='(1.0,-1.0)';
    'B'<28>:
      PIN_NUMBER='(0,B28,0,0,0,0,0,0,0,0)';
      BIDIRECTIONAL='TRUE';
      INPUT_LOAD='(-0.01,0.01)';
      OUTPUT_LOAD='(1.0,-1.0)';
    'B'<29>:
      PIN_NUMBER='(0,B29,0,0,0,0,0,0,0,0)';
      BIDIRECTIONAL='TRUE';
      INPUT_LOAD='(-0.01,0.01)';
      OUTPUT_LOAD='(1.0,-1.0)';
    'B'<31>:
      PIN_NUMBER='(0,B31,0,0,0,0,0,0,0,0)';
      BIDIRECTIONAL='TRUE';
      INPUT_LOAD='(-0.01,0.01)';
      OUTPUT_LOAD='(1.0,-1.0)';
    'B'<30>:
      PIN_NUMBER='(0,B30,0,0,0,0,0,0,0,0)';
      BIDIRECTIONAL='TRUE';
      INPUT_LOAD='(-0.01,0.01)';
      OUTPUT_LOAD='(1.0,-1.0)';
    'B'<34>:
      PIN_NUMBER='(0,B34,0,0,0,0,0,0,0,0)';
      BIDIRECTIONAL='TRUE';
      INPUT_LOAD='(-0.01,0.01)';
      OUTPUT_LOAD='(1.0,-1.0)';
    'B'<33>:
      PIN_NUMBER='(0,B33,0,0,0,0,0,0,0,0)';
      BIDIRECTIONAL='TRUE';
      INPUT_LOAD='(-0.01,0.01)';
      OUTPUT_LOAD='(1.0,-1.0)';
    'B'<32>:
      PIN_NUMBER='(0,B32,0,0,0,0,0,0,0,0)';
      BIDIRECTIONAL='TRUE';
      INPUT_LOAD='(-0.01,0.01)';
      OUTPUT_LOAD='(1.0,-1.0)';
    'B'<36>:
      PIN_NUMBER='(0,B36,0,0,0,0,0,0,0,0)';
      BIDIRECTIONAL='TRUE';
      INPUT_LOAD='(-0.01,0.01)';
      OUTPUT_LOAD='(1.0,-1.0)';
    'B'<35>:
      PIN_NUMBER='(0,B35,0,0,0,0,0,0,0,0)';
      BIDIRECTIONAL='TRUE';
      INPUT_LOAD='(-0.01,0.01)';
      OUTPUT_LOAD='(1.0,-1.0)';
    'B'<37>:
      PIN_NUMBER='(0,B37,0,0,0,0,0,0,0,0)';
      BIDIRECTIONAL='TRUE';
      INPUT_LOAD='(-0.01,0.01)';
      OUTPUT_LOAD='(1.0,-1.0)';
    'B'<38>:
      PIN_NUMBER='(0,B38,0,0,0,0,0,0,0,0)';
      BIDIRECTIONAL='TRUE';
      INPUT_LOAD='(-0.01,0.01)';
      OUTPUT_LOAD='(1.0,-1.0)';
    'B'<39>:
      PIN_NUMBER='(0,B39,0,0,0,0,0,0,0,0)';
      BIDIRECTIONAL='TRUE';
      INPUT_LOAD='(-0.01,0.01)';
      OUTPUT_LOAD='(1.0,-1.0)';
    'B'<40>:
      PIN_NUMBER='(0,B40,0,0,0,0,0,0,0,0)';
      BIDIRECTIONAL='TRUE';
      INPUT_LOAD='(-0.01,0.01)';
      OUTPUT_LOAD='(1.0,-1.0)';
    'C'<1>:
      PIN_NUMBER='(0,0,C1,0,0,0,0,0,0,0)';
      BIDIRECTIONAL='TRUE';
      INPUT_LOAD='(-0.01,0.01)';
      OUTPUT_LOAD='(1.0,-1.0)';
    'C'<2>:
      PIN_NUMBER='(0,0,C2,0,0,0,0,0,0,0)';
      BIDIRECTIONAL='TRUE';
      INPUT_LOAD='(-0.01,0.01)';
      OUTPUT_LOAD='(1.0,-1.0)';
    'C'<3>:
      PIN_NUMBER='(0,0,C3,0,0,0,0,0,0,0)';
      BIDIRECTIONAL='TRUE';
      INPUT_LOAD='(-0.01,0.01)';
      OUTPUT_LOAD='(1.0,-1.0)';
    'C'<4>:
      PIN_NUMBER='(0,0,C4,0,0,0,0,0,0,0)';
      BIDIRECTIONAL='TRUE';
      INPUT_LOAD='(-0.01,0.01)';
      OUTPUT_LOAD='(1.0,-1.0)';
    'C'<5>:
      PIN_NUMBER='(0,0,C5,0,0,0,0,0,0,0)';
      BIDIRECTIONAL='TRUE';
      INPUT_LOAD='(-0.01,0.01)';
      OUTPUT_LOAD='(1.0,-1.0)';
    'C'<6>:
      PIN_NUMBER='(0,0,C6,0,0,0,0,0,0,0)';
      BIDIRECTIONAL='TRUE';
      INPUT_LOAD='(-0.01,0.01)';
      OUTPUT_LOAD='(1.0,-1.0)';
    'C'<7>:
      PIN_NUMBER='(0,0,C7,0,0,0,0,0,0,0)';
      BIDIRECTIONAL='TRUE';
      INPUT_LOAD='(-0.01,0.01)';
      OUTPUT_LOAD='(1.0,-1.0)';
    'C'<8>:
      PIN_NUMBER='(0,0,C8,0,0,0,0,0,0,0)';
      BIDIRECTIONAL='TRUE';
      INPUT_LOAD='(-0.01,0.01)';
      OUTPUT_LOAD='(1.0,-1.0)';
    'C'<9>:
      PIN_NUMBER='(0,0,C9,0,0,0,0,0,0,0)';
      BIDIRECTIONAL='TRUE';
      INPUT_LOAD='(-0.01,0.01)';
      OUTPUT_LOAD='(1.0,-1.0)';
    'C'<10>:
      PIN_NUMBER='(0,0,C10,0,0,0,0,0,0,0)';
      BIDIRECTIONAL='TRUE';
      INPUT_LOAD='(-0.01,0.01)';
      OUTPUT_LOAD='(1.0,-1.0)';
    'C'<11>:
      PIN_NUMBER='(0,0,C11,0,0,0,0,0,0,0)';
      BIDIRECTIONAL='TRUE';
      INPUT_LOAD='(-0.01,0.01)';
      OUTPUT_LOAD='(1.0,-1.0)';
    'C'<12>:
      PIN_NUMBER='(0,0,C12,0,0,0,0,0,0,0)';
      BIDIRECTIONAL='TRUE';
      INPUT_LOAD='(-0.01,0.01)';
      OUTPUT_LOAD='(1.0,-1.0)';
    'C'<13>:
      PIN_NUMBER='(0,0,C13,0,0,0,0,0,0,0)';
      BIDIRECTIONAL='TRUE';
      INPUT_LOAD='(-0.01,0.01)';
      OUTPUT_LOAD='(1.0,-1.0)';
    'C'<14>:
      PIN_NUMBER='(0,0,C14,0,0,0,0,0,0,0)';
      BIDIRECTIONAL='TRUE';
      INPUT_LOAD='(-0.01,0.01)';
      OUTPUT_LOAD='(1.0,-1.0)';
    'C'<15>:
      PIN_NUMBER='(0,0,C15,0,0,0,0,0,0,0)';
      BIDIRECTIONAL='TRUE';
      INPUT_LOAD='(-0.01,0.01)';
      OUTPUT_LOAD='(1.0,-1.0)';
    'C'<16>:
      PIN_NUMBER='(0,0,C16,0,0,0,0,0,0,0)';
      BIDIRECTIONAL='TRUE';
      INPUT_LOAD='(-0.01,0.01)';
      OUTPUT_LOAD='(1.0,-1.0)';
    'C'<17>:
      PIN_NUMBER='(0,0,C17,0,0,0,0,0,0,0)';
      BIDIRECTIONAL='TRUE';
      INPUT_LOAD='(-0.01,0.01)';
      OUTPUT_LOAD='(1.0,-1.0)';
    'C'<18>:
      PIN_NUMBER='(0,0,C18,0,0,0,0,0,0,0)';
      BIDIRECTIONAL='TRUE';
      INPUT_LOAD='(-0.01,0.01)';
      OUTPUT_LOAD='(1.0,-1.0)';
    'C'<19>:
      PIN_NUMBER='(0,0,C19,0,0,0,0,0,0,0)';
      BIDIRECTIONAL='TRUE';
      INPUT_LOAD='(-0.01,0.01)';
      OUTPUT_LOAD='(1.0,-1.0)';
    'C'<20>:
      PIN_NUMBER='(0,0,C20,0,0,0,0,0,0,0)';
      BIDIRECTIONAL='TRUE';
      INPUT_LOAD='(-0.01,0.01)';
      OUTPUT_LOAD='(1.0,-1.0)';
    'C'<21>:
      PIN_NUMBER='(0,0,C21,0,0,0,0,0,0,0)';
      BIDIRECTIONAL='TRUE';
      INPUT_LOAD='(-0.01,0.01)';
      OUTPUT_LOAD='(1.0,-1.0)';
    'C'<22>:
      PIN_NUMBER='(0,0,C22,0,0,0,0,0,0,0)';
      BIDIRECTIONAL='TRUE';
      INPUT_LOAD='(-0.01,0.01)';
      OUTPUT_LOAD='(1.0,-1.0)';
    'C'<23>:
      PIN_NUMBER='(0,0,C23,0,0,0,0,0,0,0)';
      BIDIRECTIONAL='TRUE';
      INPUT_LOAD='(-0.01,0.01)';
      OUTPUT_LOAD='(1.0,-1.0)';
    'C'<24>:
      PIN_NUMBER='(0,0,C24,0,0,0,0,0,0,0)';
      BIDIRECTIONAL='TRUE';
      INPUT_LOAD='(-0.01,0.01)';
      OUTPUT_LOAD='(1.0,-1.0)';
    'C'<25>:
      PIN_NUMBER='(0,0,C25,0,0,0,0,0,0,0)';
      BIDIRECTIONAL='TRUE';
      INPUT_LOAD='(-0.01,0.01)';
      OUTPUT_LOAD='(1.0,-1.0)';
    'C'<26>:
      PIN_NUMBER='(0,0,C26,0,0,0,0,0,0,0)';
      BIDIRECTIONAL='TRUE';
      INPUT_LOAD='(-0.01,0.01)';
      OUTPUT_LOAD='(1.0,-1.0)';
    'C'<27>:
      PIN_NUMBER='(0,0,C27,0,0,0,0,0,0,0)';
      BIDIRECTIONAL='TRUE';
      INPUT_LOAD='(-0.01,0.01)';
      OUTPUT_LOAD='(1.0,-1.0)';
    'C'<28>:
      PIN_NUMBER='(0,0,C28,0,0,0,0,0,0,0)';
      BIDIRECTIONAL='TRUE';
      INPUT_LOAD='(-0.01,0.01)';
      OUTPUT_LOAD='(1.0,-1.0)';
    'C'<29>:
      PIN_NUMBER='(0,0,C29,0,0,0,0,0,0,0)';
      BIDIRECTIONAL='TRUE';
      INPUT_LOAD='(-0.01,0.01)';
      OUTPUT_LOAD='(1.0,-1.0)';
    'C'<30>:
      PIN_NUMBER='(0,0,C30,0,0,0,0,0,0,0)';
      BIDIRECTIONAL='TRUE';
      INPUT_LOAD='(-0.01,0.01)';
      OUTPUT_LOAD='(1.0,-1.0)';
    'C'<31>:
      PIN_NUMBER='(0,0,C31,0,0,0,0,0,0,0)';
      BIDIRECTIONAL='TRUE';
      INPUT_LOAD='(-0.01,0.01)';
      OUTPUT_LOAD='(1.0,-1.0)';
    'C'<32>:
      PIN_NUMBER='(0,0,C32,0,0,0,0,0,0,0)';
      BIDIRECTIONAL='TRUE';
      INPUT_LOAD='(-0.01,0.01)';
      OUTPUT_LOAD='(1.0,-1.0)';
    'C'<33>:
      PIN_NUMBER='(0,0,C33,0,0,0,0,0,0,0)';
      BIDIRECTIONAL='TRUE';
      INPUT_LOAD='(-0.01,0.01)';
      OUTPUT_LOAD='(1.0,-1.0)';
    'C'<34>:
      PIN_NUMBER='(0,0,C34,0,0,0,0,0,0,0)';
      BIDIRECTIONAL='TRUE';
      INPUT_LOAD='(-0.01,0.01)';
      OUTPUT_LOAD='(1.0,-1.0)';
    'C'<35>:
      PIN_NUMBER='(0,0,C35,0,0,0,0,0,0,0)';
      BIDIRECTIONAL='TRUE';
      INPUT_LOAD='(-0.01,0.01)';
      OUTPUT_LOAD='(1.0,-1.0)';
    'C'<36>:
      PIN_NUMBER='(0,0,C36,0,0,0,0,0,0,0)';
      BIDIRECTIONAL='TRUE';
      INPUT_LOAD='(-0.01,0.01)';
      OUTPUT_LOAD='(1.0,-1.0)';
    'C'<37>:
      PIN_NUMBER='(0,0,C37,0,0,0,0,0,0,0)';
      BIDIRECTIONAL='TRUE';
      INPUT_LOAD='(-0.01,0.01)';
      OUTPUT_LOAD='(1.0,-1.0)';
    'C'<38>:
      PIN_NUMBER='(0,0,C38,0,0,0,0,0,0,0)';
      BIDIRECTIONAL='TRUE';
      INPUT_LOAD='(-0.01,0.01)';
      OUTPUT_LOAD='(1.0,-1.0)';
    'C'<39>:
      PIN_NUMBER='(0,0,C39,0,0,0,0,0,0,0)';
      BIDIRECTIONAL='TRUE';
      INPUT_LOAD='(-0.01,0.01)';
      OUTPUT_LOAD='(1.0,-1.0)';
    'C'<40>:
      PIN_NUMBER='(0,0,C40,0,0,0,0,0,0,0)';
      BIDIRECTIONAL='TRUE';
      INPUT_LOAD='(-0.01,0.01)';
      OUTPUT_LOAD='(1.0,-1.0)';
    'D'<1>:
      PIN_NUMBER='(0,0,0,D1,0,0,0,0,0,0)';
      BIDIRECTIONAL='TRUE';
      INPUT_LOAD='(-0.01,0.01)';
      OUTPUT_LOAD='(1.0,-1.0)';
    'D'<2>:
      PIN_NUMBER='(0,0,0,D2,0,0,0,0,0,0)';
      BIDIRECTIONAL='TRUE';
      INPUT_LOAD='(-0.01,0.01)';
      OUTPUT_LOAD='(1.0,-1.0)';
    'D'<3>:
      PIN_NUMBER='(0,0,0,D3,0,0,0,0,0,0)';
      BIDIRECTIONAL='TRUE';
      INPUT_LOAD='(-0.01,0.01)';
      OUTPUT_LOAD='(1.0,-1.0)';
    'D'<4>:
      PIN_NUMBER='(0,0,0,D4,0,0,0,0,0,0)';
      BIDIRECTIONAL='TRUE';
      INPUT_LOAD='(-0.01,0.01)';
      OUTPUT_LOAD='(1.0,-1.0)';
    'D'<5>:
      PIN_NUMBER='(0,0,0,D5,0,0,0,0,0,0)';
      BIDIRECTIONAL='TRUE';
      INPUT_LOAD='(-0.01,0.01)';
      OUTPUT_LOAD='(1.0,-1.0)';
    'D'<6>:
      PIN_NUMBER='(0,0,0,D6,0,0,0,0,0,0)';
      BIDIRECTIONAL='TRUE';
      INPUT_LOAD='(-0.01,0.01)';
      OUTPUT_LOAD='(1.0,-1.0)';
    'D'<7>:
      PIN_NUMBER='(0,0,0,D7,0,0,0,0,0,0)';
      BIDIRECTIONAL='TRUE';
      INPUT_LOAD='(-0.01,0.01)';
      OUTPUT_LOAD='(1.0,-1.0)';
    'D'<8>:
      PIN_NUMBER='(0,0,0,D8,0,0,0,0,0,0)';
      BIDIRECTIONAL='TRUE';
      INPUT_LOAD='(-0.01,0.01)';
      OUTPUT_LOAD='(1.0,-1.0)';
    'D'<9>:
      PIN_NUMBER='(0,0,0,D9,0,0,0,0,0,0)';
      BIDIRECTIONAL='TRUE';
      INPUT_LOAD='(-0.01,0.01)';
      OUTPUT_LOAD='(1.0,-1.0)';
    'D'<10>:
      PIN_NUMBER='(0,0,0,D10,0,0,0,0,0,0)';
      BIDIRECTIONAL='TRUE';
      INPUT_LOAD='(-0.01,0.01)';
      OUTPUT_LOAD='(1.0,-1.0)';
    'D'<11>:
      PIN_NUMBER='(0,0,0,D11,0,0,0,0,0,0)';
      BIDIRECTIONAL='TRUE';
      INPUT_LOAD='(-0.01,0.01)';
      OUTPUT_LOAD='(1.0,-1.0)';
    'D'<12>:
      PIN_NUMBER='(0,0,0,D12,0,0,0,0,0,0)';
      BIDIRECTIONAL='TRUE';
      INPUT_LOAD='(-0.01,0.01)';
      OUTPUT_LOAD='(1.0,-1.0)';
    'D'<13>:
      PIN_NUMBER='(0,0,0,D13,0,0,0,0,0,0)';
      BIDIRECTIONAL='TRUE';
      INPUT_LOAD='(-0.01,0.01)';
      OUTPUT_LOAD='(1.0,-1.0)';
    'D'<14>:
      PIN_NUMBER='(0,0,0,D14,0,0,0,0,0,0)';
      BIDIRECTIONAL='TRUE';
      INPUT_LOAD='(-0.01,0.01)';
      OUTPUT_LOAD='(1.0,-1.0)';
    'D'<15>:
      PIN_NUMBER='(0,0,0,D15,0,0,0,0,0,0)';
      BIDIRECTIONAL='TRUE';
      INPUT_LOAD='(-0.01,0.01)';
      OUTPUT_LOAD='(1.0,-1.0)';
    'D'<16>:
      PIN_NUMBER='(0,0,0,D16,0,0,0,0,0,0)';
      BIDIRECTIONAL='TRUE';
      INPUT_LOAD='(-0.01,0.01)';
      OUTPUT_LOAD='(1.0,-1.0)';
    'D'<17>:
      PIN_NUMBER='(0,0,0,D17,0,0,0,0,0,0)';
      BIDIRECTIONAL='TRUE';
      INPUT_LOAD='(-0.01,0.01)';
      OUTPUT_LOAD='(1.0,-1.0)';
    'D'<18>:
      PIN_NUMBER='(0,0,0,D18,0,0,0,0,0,0)';
      BIDIRECTIONAL='TRUE';
      INPUT_LOAD='(-0.01,0.01)';
      OUTPUT_LOAD='(1.0,-1.0)';
    'D'<19>:
      PIN_NUMBER='(0,0,0,D19,0,0,0,0,0,0)';
      BIDIRECTIONAL='TRUE';
      INPUT_LOAD='(-0.01,0.01)';
      OUTPUT_LOAD='(1.0,-1.0)';
    'D'<20>:
      PIN_NUMBER='(0,0,0,D20,0,0,0,0,0,0)';
      BIDIRECTIONAL='TRUE';
      INPUT_LOAD='(-0.01,0.01)';
      OUTPUT_LOAD='(1.0,-1.0)';
    'D'<21>:
      PIN_NUMBER='(0,0,0,D21,0,0,0,0,0,0)';
      BIDIRECTIONAL='TRUE';
      INPUT_LOAD='(-0.01,0.01)';
      OUTPUT_LOAD='(1.0,-1.0)';
    'D'<22>:
      PIN_NUMBER='(0,0,0,D22,0,0,0,0,0,0)';
      BIDIRECTIONAL='TRUE';
      INPUT_LOAD='(-0.01,0.01)';
      OUTPUT_LOAD='(1.0,-1.0)';
    'D'<23>:
      PIN_NUMBER='(0,0,0,D23,0,0,0,0,0,0)';
      BIDIRECTIONAL='TRUE';
      INPUT_LOAD='(-0.01,0.01)';
      OUTPUT_LOAD='(1.0,-1.0)';
    'D'<24>:
      PIN_NUMBER='(0,0,0,D24,0,0,0,0,0,0)';
      BIDIRECTIONAL='TRUE';
      INPUT_LOAD='(-0.01,0.01)';
      OUTPUT_LOAD='(1.0,-1.0)';
    'D'<25>:
      PIN_NUMBER='(0,0,0,D25,0,0,0,0,0,0)';
      BIDIRECTIONAL='TRUE';
      INPUT_LOAD='(-0.01,0.01)';
      OUTPUT_LOAD='(1.0,-1.0)';
    'D'<26>:
      PIN_NUMBER='(0,0,0,D26,0,0,0,0,0,0)';
      BIDIRECTIONAL='TRUE';
      INPUT_LOAD='(-0.01,0.01)';
      OUTPUT_LOAD='(1.0,-1.0)';
    'D'<27>:
      PIN_NUMBER='(0,0,0,D27,0,0,0,0,0,0)';
      BIDIRECTIONAL='TRUE';
      INPUT_LOAD='(-0.01,0.01)';
      OUTPUT_LOAD='(1.0,-1.0)';
    'D'<28>:
      PIN_NUMBER='(0,0,0,D28,0,0,0,0,0,0)';
      BIDIRECTIONAL='TRUE';
      INPUT_LOAD='(-0.01,0.01)';
      OUTPUT_LOAD='(1.0,-1.0)';
    'D'<29>:
      PIN_NUMBER='(0,0,0,D29,0,0,0,0,0,0)';
      BIDIRECTIONAL='TRUE';
      INPUT_LOAD='(-0.01,0.01)';
      OUTPUT_LOAD='(1.0,-1.0)';
    'D'<30>:
      PIN_NUMBER='(0,0,0,D30,0,0,0,0,0,0)';
      BIDIRECTIONAL='TRUE';
      INPUT_LOAD='(-0.01,0.01)';
      OUTPUT_LOAD='(1.0,-1.0)';
    'D'<31>:
      PIN_NUMBER='(0,0,0,D31,0,0,0,0,0,0)';
      BIDIRECTIONAL='TRUE';
      INPUT_LOAD='(-0.01,0.01)';
      OUTPUT_LOAD='(1.0,-1.0)';
    'D'<32>:
      PIN_NUMBER='(0,0,0,D32,0,0,0,0,0,0)';
      BIDIRECTIONAL='TRUE';
      INPUT_LOAD='(-0.01,0.01)';
      OUTPUT_LOAD='(1.0,-1.0)';
    'D'<33>:
      PIN_NUMBER='(0,0,0,D33,0,0,0,0,0,0)';
      BIDIRECTIONAL='TRUE';
      INPUT_LOAD='(-0.01,0.01)';
      OUTPUT_LOAD='(1.0,-1.0)';
    'D'<34>:
      PIN_NUMBER='(0,0,0,D34,0,0,0,0,0,0)';
      BIDIRECTIONAL='TRUE';
      INPUT_LOAD='(-0.01,0.01)';
      OUTPUT_LOAD='(1.0,-1.0)';
    'D'<35>:
      PIN_NUMBER='(0,0,0,D35,0,0,0,0,0,0)';
      BIDIRECTIONAL='TRUE';
      INPUT_LOAD='(-0.01,0.01)';
      OUTPUT_LOAD='(1.0,-1.0)';
    'D'<36>:
      PIN_NUMBER='(0,0,0,D36,0,0,0,0,0,0)';
      BIDIRECTIONAL='TRUE';
      INPUT_LOAD='(-0.01,0.01)';
      OUTPUT_LOAD='(1.0,-1.0)';
    'D'<37>:
      PIN_NUMBER='(0,0,0,D37,0,0,0,0,0,0)';
      BIDIRECTIONAL='TRUE';
      INPUT_LOAD='(-0.01,0.01)';
      OUTPUT_LOAD='(1.0,-1.0)';
    'D'<38>:
      PIN_NUMBER='(0,0,0,D38,0,0,0,0,0,0)';
      BIDIRECTIONAL='TRUE';
      INPUT_LOAD='(-0.01,0.01)';
      OUTPUT_LOAD='(1.0,-1.0)';
    'D'<39>:
      PIN_NUMBER='(0,0,0,D39,0,0,0,0,0,0)';
      BIDIRECTIONAL='TRUE';
      INPUT_LOAD='(-0.01,0.01)';
      OUTPUT_LOAD='(1.0,-1.0)';
    'D'<40>:
      PIN_NUMBER='(0,0,0,D40,0,0,0,0,0,0)';
      BIDIRECTIONAL='TRUE';
      INPUT_LOAD='(-0.01,0.01)';
      OUTPUT_LOAD='(1.0,-1.0)';
    'E'<1>:
      PIN_NUMBER='(0,0,0,0,E1,0,0,0,0,0)';
      BIDIRECTIONAL='TRUE';
      INPUT_LOAD='(-0.01,0.01)';
      OUTPUT_LOAD='(1.0,-1.0)';
    'E'<2>:
      PIN_NUMBER='(0,0,0,0,E2,0,0,0,0,0)';
      BIDIRECTIONAL='TRUE';
      INPUT_LOAD='(-0.01,0.01)';
      OUTPUT_LOAD='(1.0,-1.0)';
    'E'<3>:
      PIN_NUMBER='(0,0,0,0,E3,0,0,0,0,0)';
      BIDIRECTIONAL='TRUE';
      INPUT_LOAD='(-0.01,0.01)';
      OUTPUT_LOAD='(1.0,-1.0)';
    'E'<4>:
      PIN_NUMBER='(0,0,0,0,E4,0,0,0,0,0)';
      BIDIRECTIONAL='TRUE';
      INPUT_LOAD='(-0.01,0.01)';
      OUTPUT_LOAD='(1.0,-1.0)';
    'E'<5>:
      PIN_NUMBER='(0,0,0,0,E5,0,0,0,0,0)';
      BIDIRECTIONAL='TRUE';
      INPUT_LOAD='(-0.01,0.01)';
      OUTPUT_LOAD='(1.0,-1.0)';
    'E'<6>:
      PIN_NUMBER='(0,0,0,0,E6,0,0,0,0,0)';
      BIDIRECTIONAL='TRUE';
      INPUT_LOAD='(-0.01,0.01)';
      OUTPUT_LOAD='(1.0,-1.0)';
    'E'<7>:
      PIN_NUMBER='(0,0,0,0,E7,0,0,0,0,0)';
      BIDIRECTIONAL='TRUE';
      INPUT_LOAD='(-0.01,0.01)';
      OUTPUT_LOAD='(1.0,-1.0)';
    'E'<8>:
      PIN_NUMBER='(0,0,0,0,E8,0,0,0,0,0)';
      BIDIRECTIONAL='TRUE';
      INPUT_LOAD='(-0.01,0.01)';
      OUTPUT_LOAD='(1.0,-1.0)';
    'E'<9>:
      PIN_NUMBER='(0,0,0,0,E9,0,0,0,0,0)';
      BIDIRECTIONAL='TRUE';
      INPUT_LOAD='(-0.01,0.01)';
      OUTPUT_LOAD='(1.0,-1.0)';
    'E'<10>:
      PIN_NUMBER='(0,0,0,0,E10,0,0,0,0,0)';
      BIDIRECTIONAL='TRUE';
      INPUT_LOAD='(-0.01,0.01)';
      OUTPUT_LOAD='(1.0,-1.0)';
    'E'<11>:
      PIN_NUMBER='(0,0,0,0,E11,0,0,0,0,0)';
      BIDIRECTIONAL='TRUE';
      INPUT_LOAD='(-0.01,0.01)';
      OUTPUT_LOAD='(1.0,-1.0)';
    'E'<12>:
      PIN_NUMBER='(0,0,0,0,E12,0,0,0,0,0)';
      BIDIRECTIONAL='TRUE';
      INPUT_LOAD='(-0.01,0.01)';
      OUTPUT_LOAD='(1.0,-1.0)';
    'E'<13>:
      PIN_NUMBER='(0,0,0,0,E13,0,0,0,0,0)';
      BIDIRECTIONAL='TRUE';
      INPUT_LOAD='(-0.01,0.01)';
      OUTPUT_LOAD='(1.0,-1.0)';
    'E'<14>:
      PIN_NUMBER='(0,0,0,0,E14,0,0,0,0,0)';
      BIDIRECTIONAL='TRUE';
      INPUT_LOAD='(-0.01,0.01)';
      OUTPUT_LOAD='(1.0,-1.0)';
    'E'<15>:
      PIN_NUMBER='(0,0,0,0,E15,0,0,0,0,0)';
      BIDIRECTIONAL='TRUE';
      INPUT_LOAD='(-0.01,0.01)';
      OUTPUT_LOAD='(1.0,-1.0)';
    'E'<16>:
      PIN_NUMBER='(0,0,0,0,E16,0,0,0,0,0)';
      BIDIRECTIONAL='TRUE';
      INPUT_LOAD='(-0.01,0.01)';
      OUTPUT_LOAD='(1.0,-1.0)';
    'E'<17>:
      PIN_NUMBER='(0,0,0,0,E17,0,0,0,0,0)';
      BIDIRECTIONAL='TRUE';
      INPUT_LOAD='(-0.01,0.01)';
      OUTPUT_LOAD='(1.0,-1.0)';
    'E'<18>:
      PIN_NUMBER='(0,0,0,0,E18,0,0,0,0,0)';
      BIDIRECTIONAL='TRUE';
      INPUT_LOAD='(-0.01,0.01)';
      OUTPUT_LOAD='(1.0,-1.0)';
    'E'<19>:
      PIN_NUMBER='(0,0,0,0,E19,0,0,0,0,0)';
      BIDIRECTIONAL='TRUE';
      INPUT_LOAD='(-0.01,0.01)';
      OUTPUT_LOAD='(1.0,-1.0)';
    'E'<20>:
      PIN_NUMBER='(0,0,0,0,E20,0,0,0,0,0)';
      BIDIRECTIONAL='TRUE';
      INPUT_LOAD='(-0.01,0.01)';
      OUTPUT_LOAD='(1.0,-1.0)';
    'E'<21>:
      PIN_NUMBER='(0,0,0,0,E21,0,0,0,0,0)';
      BIDIRECTIONAL='TRUE';
      INPUT_LOAD='(-0.01,0.01)';
      OUTPUT_LOAD='(1.0,-1.0)';
    'E'<22>:
      PIN_NUMBER='(0,0,0,0,E22,0,0,0,0,0)';
      BIDIRECTIONAL='TRUE';
      INPUT_LOAD='(-0.01,0.01)';
      OUTPUT_LOAD='(1.0,-1.0)';
    'E'<23>:
      PIN_NUMBER='(0,0,0,0,E23,0,0,0,0,0)';
      BIDIRECTIONAL='TRUE';
      INPUT_LOAD='(-0.01,0.01)';
      OUTPUT_LOAD='(1.0,-1.0)';
    'E'<24>:
      PIN_NUMBER='(0,0,0,0,E24,0,0,0,0,0)';
      BIDIRECTIONAL='TRUE';
      INPUT_LOAD='(-0.01,0.01)';
      OUTPUT_LOAD='(1.0,-1.0)';
    'E'<25>:
      PIN_NUMBER='(0,0,0,0,E25,0,0,0,0,0)';
      BIDIRECTIONAL='TRUE';
      INPUT_LOAD='(-0.01,0.01)';
      OUTPUT_LOAD='(1.0,-1.0)';
    'E'<26>:
      PIN_NUMBER='(0,0,0,0,E26,0,0,0,0,0)';
      BIDIRECTIONAL='TRUE';
      INPUT_LOAD='(-0.01,0.01)';
      OUTPUT_LOAD='(1.0,-1.0)';
    'E'<27>:
      PIN_NUMBER='(0,0,0,0,E27,0,0,0,0,0)';
      BIDIRECTIONAL='TRUE';
      INPUT_LOAD='(-0.01,0.01)';
      OUTPUT_LOAD='(1.0,-1.0)';
    'E'<28>:
      PIN_NUMBER='(0,0,0,0,E28,0,0,0,0,0)';
      BIDIRECTIONAL='TRUE';
      INPUT_LOAD='(-0.01,0.01)';
      OUTPUT_LOAD='(1.0,-1.0)';
    'E'<29>:
      PIN_NUMBER='(0,0,0,0,E29,0,0,0,0,0)';
      BIDIRECTIONAL='TRUE';
      INPUT_LOAD='(-0.01,0.01)';
      OUTPUT_LOAD='(1.0,-1.0)';
    'E'<30>:
      PIN_NUMBER='(0,0,0,0,E30,0,0,0,0,0)';
      BIDIRECTIONAL='TRUE';
      INPUT_LOAD='(-0.01,0.01)';
      OUTPUT_LOAD='(1.0,-1.0)';
    'E'<31>:
      PIN_NUMBER='(0,0,0,0,E31,0,0,0,0,0)';
      BIDIRECTIONAL='TRUE';
      INPUT_LOAD='(-0.01,0.01)';
      OUTPUT_LOAD='(1.0,-1.0)';
    'E'<32>:
      PIN_NUMBER='(0,0,0,0,E32,0,0,0,0,0)';
      BIDIRECTIONAL='TRUE';
      INPUT_LOAD='(-0.01,0.01)';
      OUTPUT_LOAD='(1.0,-1.0)';
    'E'<33>:
      PIN_NUMBER='(0,0,0,0,E33,0,0,0,0,0)';
      BIDIRECTIONAL='TRUE';
      INPUT_LOAD='(-0.01,0.01)';
      OUTPUT_LOAD='(1.0,-1.0)';
    'E'<34>:
      PIN_NUMBER='(0,0,0,0,E34,0,0,0,0,0)';
      BIDIRECTIONAL='TRUE';
      INPUT_LOAD='(-0.01,0.01)';
      OUTPUT_LOAD='(1.0,-1.0)';
    'E'<35>:
      PIN_NUMBER='(0,0,0,0,E35,0,0,0,0,0)';
      BIDIRECTIONAL='TRUE';
      INPUT_LOAD='(-0.01,0.01)';
      OUTPUT_LOAD='(1.0,-1.0)';
    'E'<36>:
      PIN_NUMBER='(0,0,0,0,E36,0,0,0,0,0)';
      BIDIRECTIONAL='TRUE';
      INPUT_LOAD='(-0.01,0.01)';
      OUTPUT_LOAD='(1.0,-1.0)';
    'E'<37>:
      PIN_NUMBER='(0,0,0,0,E37,0,0,0,0,0)';
      BIDIRECTIONAL='TRUE';
      INPUT_LOAD='(-0.01,0.01)';
      OUTPUT_LOAD='(1.0,-1.0)';
    'E'<38>:
      PIN_NUMBER='(0,0,0,0,E38,0,0,0,0,0)';
      BIDIRECTIONAL='TRUE';
      INPUT_LOAD='(-0.01,0.01)';
      OUTPUT_LOAD='(1.0,-1.0)';
    'E'<39>:
      PIN_NUMBER='(0,0,0,0,E39,0,0,0,0,0)';
      BIDIRECTIONAL='TRUE';
      INPUT_LOAD='(-0.01,0.01)';
      OUTPUT_LOAD='(1.0,-1.0)';
    'E'<40>:
      PIN_NUMBER='(0,0,0,0,E40,0,0,0,0,0)';
      BIDIRECTIONAL='TRUE';
      INPUT_LOAD='(-0.01,0.01)';
      OUTPUT_LOAD='(1.0,-1.0)';
    'F'<1>:
      PIN_NUMBER='(0,0,0,0,0,F1,0,0,0,0)';
      BIDIRECTIONAL='TRUE';
      INPUT_LOAD='(-0.01,0.01)';
      OUTPUT_LOAD='(1.0,-1.0)';
    'F'<2>:
      PIN_NUMBER='(0,0,0,0,0,F2,0,0,0,0)';
      BIDIRECTIONAL='TRUE';
      INPUT_LOAD='(-0.01,0.01)';
      OUTPUT_LOAD='(1.0,-1.0)';
    'F'<3>:
      PIN_NUMBER='(0,0,0,0,0,F3,0,0,0,0)';
      BIDIRECTIONAL='TRUE';
      INPUT_LOAD='(-0.01,0.01)';
      OUTPUT_LOAD='(1.0,-1.0)';
    'F'<4>:
      PIN_NUMBER='(0,0,0,0,0,F4,0,0,0,0)';
      BIDIRECTIONAL='TRUE';
      INPUT_LOAD='(-0.01,0.01)';
      OUTPUT_LOAD='(1.0,-1.0)';
    'F'<5>:
      PIN_NUMBER='(0,0,0,0,0,F5,0,0,0,0)';
      BIDIRECTIONAL='TRUE';
      INPUT_LOAD='(-0.01,0.01)';
      OUTPUT_LOAD='(1.0,-1.0)';
    'F'<6>:
      PIN_NUMBER='(0,0,0,0,0,F6,0,0,0,0)';
      BIDIRECTIONAL='TRUE';
      INPUT_LOAD='(-0.01,0.01)';
      OUTPUT_LOAD='(1.0,-1.0)';
    'F'<7>:
      PIN_NUMBER='(0,0,0,0,0,F7,0,0,0,0)';
      BIDIRECTIONAL='TRUE';
      INPUT_LOAD='(-0.01,0.01)';
      OUTPUT_LOAD='(1.0,-1.0)';
    'F'<8>:
      PIN_NUMBER='(0,0,0,0,0,F8,0,0,0,0)';
      BIDIRECTIONAL='TRUE';
      INPUT_LOAD='(-0.01,0.01)';
      OUTPUT_LOAD='(1.0,-1.0)';
    'F'<9>:
      PIN_NUMBER='(0,0,0,0,0,F9,0,0,0,0)';
      BIDIRECTIONAL='TRUE';
      INPUT_LOAD='(-0.01,0.01)';
      OUTPUT_LOAD='(1.0,-1.0)';
    'F'<10>:
      PIN_NUMBER='(0,0,0,0,0,F10,0,0,0,0)';
      BIDIRECTIONAL='TRUE';
      INPUT_LOAD='(-0.01,0.01)';
      OUTPUT_LOAD='(1.0,-1.0)';
    'F'<11>:
      PIN_NUMBER='(0,0,0,0,0,F11,0,0,0,0)';
      BIDIRECTIONAL='TRUE';
      INPUT_LOAD='(-0.01,0.01)';
      OUTPUT_LOAD='(1.0,-1.0)';
    'F'<12>:
      PIN_NUMBER='(0,0,0,0,0,F12,0,0,0,0)';
      BIDIRECTIONAL='TRUE';
      INPUT_LOAD='(-0.01,0.01)';
      OUTPUT_LOAD='(1.0,-1.0)';
    'F'<13>:
      PIN_NUMBER='(0,0,0,0,0,F13,0,0,0,0)';
      BIDIRECTIONAL='TRUE';
      INPUT_LOAD='(-0.01,0.01)';
      OUTPUT_LOAD='(1.0,-1.0)';
    'F'<14>:
      PIN_NUMBER='(0,0,0,0,0,F14,0,0,0,0)';
      BIDIRECTIONAL='TRUE';
      INPUT_LOAD='(-0.01,0.01)';
      OUTPUT_LOAD='(1.0,-1.0)';
    'F'<15>:
      PIN_NUMBER='(0,0,0,0,0,F15,0,0,0,0)';
      BIDIRECTIONAL='TRUE';
      INPUT_LOAD='(-0.01,0.01)';
      OUTPUT_LOAD='(1.0,-1.0)';
    'F'<16>:
      PIN_NUMBER='(0,0,0,0,0,F16,0,0,0,0)';
      BIDIRECTIONAL='TRUE';
      INPUT_LOAD='(-0.01,0.01)';
      OUTPUT_LOAD='(1.0,-1.0)';
    'F'<17>:
      PIN_NUMBER='(0,0,0,0,0,F17,0,0,0,0)';
      BIDIRECTIONAL='TRUE';
      INPUT_LOAD='(-0.01,0.01)';
      OUTPUT_LOAD='(1.0,-1.0)';
    'F'<18>:
      PIN_NUMBER='(0,0,0,0,0,F18,0,0,0,0)';
      BIDIRECTIONAL='TRUE';
      INPUT_LOAD='(-0.01,0.01)';
      OUTPUT_LOAD='(1.0,-1.0)';
    'F'<19>:
      PIN_NUMBER='(0,0,0,0,0,F19,0,0,0,0)';
      BIDIRECTIONAL='TRUE';
      INPUT_LOAD='(-0.01,0.01)';
      OUTPUT_LOAD='(1.0,-1.0)';
    'F'<20>:
      PIN_NUMBER='(0,0,0,0,0,F20,0,0,0,0)';
      BIDIRECTIONAL='TRUE';
      INPUT_LOAD='(-0.01,0.01)';
      OUTPUT_LOAD='(1.0,-1.0)';
    'F'<21>:
      PIN_NUMBER='(0,0,0,0,0,F21,0,0,0,0)';
      BIDIRECTIONAL='TRUE';
      INPUT_LOAD='(-0.01,0.01)';
      OUTPUT_LOAD='(1.0,-1.0)';
    'F'<22>:
      PIN_NUMBER='(0,0,0,0,0,F22,0,0,0,0)';
      BIDIRECTIONAL='TRUE';
      INPUT_LOAD='(-0.01,0.01)';
      OUTPUT_LOAD='(1.0,-1.0)';
    'F'<23>:
      PIN_NUMBER='(0,0,0,0,0,F23,0,0,0,0)';
      BIDIRECTIONAL='TRUE';
      INPUT_LOAD='(-0.01,0.01)';
      OUTPUT_LOAD='(1.0,-1.0)';
    'F'<24>:
      PIN_NUMBER='(0,0,0,0,0,F24,0,0,0,0)';
      BIDIRECTIONAL='TRUE';
      INPUT_LOAD='(-0.01,0.01)';
      OUTPUT_LOAD='(1.0,-1.0)';
    'F'<25>:
      PIN_NUMBER='(0,0,0,0,0,F25,0,0,0,0)';
      BIDIRECTIONAL='TRUE';
      INPUT_LOAD='(-0.01,0.01)';
      OUTPUT_LOAD='(1.0,-1.0)';
    'F'<26>:
      PIN_NUMBER='(0,0,0,0,0,F26,0,0,0,0)';
      BIDIRECTIONAL='TRUE';
      INPUT_LOAD='(-0.01,0.01)';
      OUTPUT_LOAD='(1.0,-1.0)';
    'F'<27>:
      PIN_NUMBER='(0,0,0,0,0,F27,0,0,0,0)';
      BIDIRECTIONAL='TRUE';
      INPUT_LOAD='(-0.01,0.01)';
      OUTPUT_LOAD='(1.0,-1.0)';
    'F'<28>:
      PIN_NUMBER='(0,0,0,0,0,F28,0,0,0,0)';
      BIDIRECTIONAL='TRUE';
      INPUT_LOAD='(-0.01,0.01)';
      OUTPUT_LOAD='(1.0,-1.0)';
    'F'<29>:
      PIN_NUMBER='(0,0,0,0,0,F29,0,0,0,0)';
      BIDIRECTIONAL='TRUE';
      INPUT_LOAD='(-0.01,0.01)';
      OUTPUT_LOAD='(1.0,-1.0)';
    'F'<30>:
      PIN_NUMBER='(0,0,0,0,0,F30,0,0,0,0)';
      BIDIRECTIONAL='TRUE';
      INPUT_LOAD='(-0.01,0.01)';
      OUTPUT_LOAD='(1.0,-1.0)';
    'F'<31>:
      PIN_NUMBER='(0,0,0,0,0,F31,0,0,0,0)';
      BIDIRECTIONAL='TRUE';
      INPUT_LOAD='(-0.01,0.01)';
      OUTPUT_LOAD='(1.0,-1.0)';
    'F'<32>:
      PIN_NUMBER='(0,0,0,0,0,F32,0,0,0,0)';
      BIDIRECTIONAL='TRUE';
      INPUT_LOAD='(-0.01,0.01)';
      OUTPUT_LOAD='(1.0,-1.0)';
    'F'<33>:
      PIN_NUMBER='(0,0,0,0,0,F33,0,0,0,0)';
      BIDIRECTIONAL='TRUE';
      INPUT_LOAD='(-0.01,0.01)';
      OUTPUT_LOAD='(1.0,-1.0)';
    'F'<34>:
      PIN_NUMBER='(0,0,0,0,0,F34,0,0,0,0)';
      BIDIRECTIONAL='TRUE';
      INPUT_LOAD='(-0.01,0.01)';
      OUTPUT_LOAD='(1.0,-1.0)';
    'F'<35>:
      PIN_NUMBER='(0,0,0,0,0,F35,0,0,0,0)';
      BIDIRECTIONAL='TRUE';
      INPUT_LOAD='(-0.01,0.01)';
      OUTPUT_LOAD='(1.0,-1.0)';
    'F'<36>:
      PIN_NUMBER='(0,0,0,0,0,F36,0,0,0,0)';
      BIDIRECTIONAL='TRUE';
      INPUT_LOAD='(-0.01,0.01)';
      OUTPUT_LOAD='(1.0,-1.0)';
    'F'<37>:
      PIN_NUMBER='(0,0,0,0,0,F37,0,0,0,0)';
      BIDIRECTIONAL='TRUE';
      INPUT_LOAD='(-0.01,0.01)';
      OUTPUT_LOAD='(1.0,-1.0)';
    'F'<38>:
      PIN_NUMBER='(0,0,0,0,0,F38,0,0,0,0)';
      BIDIRECTIONAL='TRUE';
      INPUT_LOAD='(-0.01,0.01)';
      OUTPUT_LOAD='(1.0,-1.0)';
    'F'<39>:
      PIN_NUMBER='(0,0,0,0,0,F39,0,0,0,0)';
      BIDIRECTIONAL='TRUE';
      INPUT_LOAD='(-0.01,0.01)';
      OUTPUT_LOAD='(1.0,-1.0)';
    'F'<40>:
      PIN_NUMBER='(0,0,0,0,0,F40,0,0,0,0)';
      BIDIRECTIONAL='TRUE';
      INPUT_LOAD='(-0.01,0.01)';
      OUTPUT_LOAD='(1.0,-1.0)';
    'G'<1>:
      PIN_NUMBER='(0,0,0,0,0,0,G1,0,0,0)';
      BIDIRECTIONAL='TRUE';
      INPUT_LOAD='(-0.01,0.01)';
      OUTPUT_LOAD='(1.0,-1.0)';
    'G'<2>:
      PIN_NUMBER='(0,0,0,0,0,0,G2,0,0,0)';
      BIDIRECTIONAL='TRUE';
      INPUT_LOAD='(-0.01,0.01)';
      OUTPUT_LOAD='(1.0,-1.0)';
    'G'<3>:
      PIN_NUMBER='(0,0,0,0,0,0,G3,0,0,0)';
      BIDIRECTIONAL='TRUE';
      INPUT_LOAD='(-0.01,0.01)';
      OUTPUT_LOAD='(1.0,-1.0)';
    'G'<4>:
      PIN_NUMBER='(0,0,0,0,0,0,G4,0,0,0)';
      BIDIRECTIONAL='TRUE';
      INPUT_LOAD='(-0.01,0.01)';
      OUTPUT_LOAD='(1.0,-1.0)';
    'G'<5>:
      PIN_NUMBER='(0,0,0,0,0,0,G5,0,0,0)';
      BIDIRECTIONAL='TRUE';
      INPUT_LOAD='(-0.01,0.01)';
      OUTPUT_LOAD='(1.0,-1.0)';
    'G'<6>:
      PIN_NUMBER='(0,0,0,0,0,0,G6,0,0,0)';
      BIDIRECTIONAL='TRUE';
      INPUT_LOAD='(-0.01,0.01)';
      OUTPUT_LOAD='(1.0,-1.0)';
    'G'<7>:
      PIN_NUMBER='(0,0,0,0,0,0,G7,0,0,0)';
      BIDIRECTIONAL='TRUE';
      INPUT_LOAD='(-0.01,0.01)';
      OUTPUT_LOAD='(1.0,-1.0)';
    'G'<8>:
      PIN_NUMBER='(0,0,0,0,0,0,G8,0,0,0)';
      BIDIRECTIONAL='TRUE';
      INPUT_LOAD='(-0.01,0.01)';
      OUTPUT_LOAD='(1.0,-1.0)';
    'G'<9>:
      PIN_NUMBER='(0,0,0,0,0,0,G9,0,0,0)';
      BIDIRECTIONAL='TRUE';
      INPUT_LOAD='(-0.01,0.01)';
      OUTPUT_LOAD='(1.0,-1.0)';
    'G'<10>:
      PIN_NUMBER='(0,0,0,0,0,0,G10,0,0,0)';
      BIDIRECTIONAL='TRUE';
      INPUT_LOAD='(-0.01,0.01)';
      OUTPUT_LOAD='(1.0,-1.0)';
    'G'<11>:
      PIN_NUMBER='(0,0,0,0,0,0,G11,0,0,0)';
      BIDIRECTIONAL='TRUE';
      INPUT_LOAD='(-0.01,0.01)';
      OUTPUT_LOAD='(1.0,-1.0)';
    'G'<12>:
      PIN_NUMBER='(0,0,0,0,0,0,G12,0,0,0)';
      BIDIRECTIONAL='TRUE';
      INPUT_LOAD='(-0.01,0.01)';
      OUTPUT_LOAD='(1.0,-1.0)';
    'G'<13>:
      PIN_NUMBER='(0,0,0,0,0,0,G13,0,0,0)';
      BIDIRECTIONAL='TRUE';
      INPUT_LOAD='(-0.01,0.01)';
      OUTPUT_LOAD='(1.0,-1.0)';
    'G'<14>:
      PIN_NUMBER='(0,0,0,0,0,0,G14,0,0,0)';
      BIDIRECTIONAL='TRUE';
      INPUT_LOAD='(-0.01,0.01)';
      OUTPUT_LOAD='(1.0,-1.0)';
    'G'<15>:
      PIN_NUMBER='(0,0,0,0,0,0,G15,0,0,0)';
      BIDIRECTIONAL='TRUE';
      INPUT_LOAD='(-0.01,0.01)';
      OUTPUT_LOAD='(1.0,-1.0)';
    'G'<16>:
      PIN_NUMBER='(0,0,0,0,0,0,G16,0,0,0)';
      BIDIRECTIONAL='TRUE';
      INPUT_LOAD='(-0.01,0.01)';
      OUTPUT_LOAD='(1.0,-1.0)';
    'G'<17>:
      PIN_NUMBER='(0,0,0,0,0,0,G17,0,0,0)';
      BIDIRECTIONAL='TRUE';
      INPUT_LOAD='(-0.01,0.01)';
      OUTPUT_LOAD='(1.0,-1.0)';
    'G'<18>:
      PIN_NUMBER='(0,0,0,0,0,0,G18,0,0,0)';
      BIDIRECTIONAL='TRUE';
      INPUT_LOAD='(-0.01,0.01)';
      OUTPUT_LOAD='(1.0,-1.0)';
    'G'<19>:
      PIN_NUMBER='(0,0,0,0,0,0,G19,0,0,0)';
      BIDIRECTIONAL='TRUE';
      INPUT_LOAD='(-0.01,0.01)';
      OUTPUT_LOAD='(1.0,-1.0)';
    'G'<20>:
      PIN_NUMBER='(0,0,0,0,0,0,G20,0,0,0)';
      BIDIRECTIONAL='TRUE';
      INPUT_LOAD='(-0.01,0.01)';
      OUTPUT_LOAD='(1.0,-1.0)';
    'G'<21>:
      PIN_NUMBER='(0,0,0,0,0,0,G21,0,0,0)';
      BIDIRECTIONAL='TRUE';
      INPUT_LOAD='(-0.01,0.01)';
      OUTPUT_LOAD='(1.0,-1.0)';
    'G'<22>:
      PIN_NUMBER='(0,0,0,0,0,0,G22,0,0,0)';
      BIDIRECTIONAL='TRUE';
      INPUT_LOAD='(-0.01,0.01)';
      OUTPUT_LOAD='(1.0,-1.0)';
    'G'<23>:
      PIN_NUMBER='(0,0,0,0,0,0,G23,0,0,0)';
      BIDIRECTIONAL='TRUE';
      INPUT_LOAD='(-0.01,0.01)';
      OUTPUT_LOAD='(1.0,-1.0)';
    'G'<24>:
      PIN_NUMBER='(0,0,0,0,0,0,G24,0,0,0)';
      BIDIRECTIONAL='TRUE';
      INPUT_LOAD='(-0.01,0.01)';
      OUTPUT_LOAD='(1.0,-1.0)';
    'G'<25>:
      PIN_NUMBER='(0,0,0,0,0,0,G25,0,0,0)';
      BIDIRECTIONAL='TRUE';
      INPUT_LOAD='(-0.01,0.01)';
      OUTPUT_LOAD='(1.0,-1.0)';
    'G'<26>:
      PIN_NUMBER='(0,0,0,0,0,0,G26,0,0,0)';
      BIDIRECTIONAL='TRUE';
      INPUT_LOAD='(-0.01,0.01)';
      OUTPUT_LOAD='(1.0,-1.0)';
    'G'<27>:
      PIN_NUMBER='(0,0,0,0,0,0,G27,0,0,0)';
      BIDIRECTIONAL='TRUE';
      INPUT_LOAD='(-0.01,0.01)';
      OUTPUT_LOAD='(1.0,-1.0)';
    'G'<28>:
      PIN_NUMBER='(0,0,0,0,0,0,G28,0,0,0)';
      BIDIRECTIONAL='TRUE';
      INPUT_LOAD='(-0.01,0.01)';
      OUTPUT_LOAD='(1.0,-1.0)';
    'G'<29>:
      PIN_NUMBER='(0,0,0,0,0,0,G29,0,0,0)';
      BIDIRECTIONAL='TRUE';
      INPUT_LOAD='(-0.01,0.01)';
      OUTPUT_LOAD='(1.0,-1.0)';
    'G'<30>:
      PIN_NUMBER='(0,0,0,0,0,0,G30,0,0,0)';
      BIDIRECTIONAL='TRUE';
      INPUT_LOAD='(-0.01,0.01)';
      OUTPUT_LOAD='(1.0,-1.0)';
    'G'<31>:
      PIN_NUMBER='(0,0,0,0,0,0,G31,0,0,0)';
      BIDIRECTIONAL='TRUE';
      INPUT_LOAD='(-0.01,0.01)';
      OUTPUT_LOAD='(1.0,-1.0)';
    'G'<32>:
      PIN_NUMBER='(0,0,0,0,0,0,G32,0,0,0)';
      BIDIRECTIONAL='TRUE';
      INPUT_LOAD='(-0.01,0.01)';
      OUTPUT_LOAD='(1.0,-1.0)';
    'G'<33>:
      PIN_NUMBER='(0,0,0,0,0,0,G33,0,0,0)';
      BIDIRECTIONAL='TRUE';
      INPUT_LOAD='(-0.01,0.01)';
      OUTPUT_LOAD='(1.0,-1.0)';
    'G'<34>:
      PIN_NUMBER='(0,0,0,0,0,0,G34,0,0,0)';
      BIDIRECTIONAL='TRUE';
      INPUT_LOAD='(-0.01,0.01)';
      OUTPUT_LOAD='(1.0,-1.0)';
    'G'<35>:
      PIN_NUMBER='(0,0,0,0,0,0,G35,0,0,0)';
      BIDIRECTIONAL='TRUE';
      INPUT_LOAD='(-0.01,0.01)';
      OUTPUT_LOAD='(1.0,-1.0)';
    'G'<36>:
      PIN_NUMBER='(0,0,0,0,0,0,G36,0,0,0)';
      BIDIRECTIONAL='TRUE';
      INPUT_LOAD='(-0.01,0.01)';
      OUTPUT_LOAD='(1.0,-1.0)';
    'G'<37>:
      PIN_NUMBER='(0,0,0,0,0,0,G37,0,0,0)';
      BIDIRECTIONAL='TRUE';
      INPUT_LOAD='(-0.01,0.01)';
      OUTPUT_LOAD='(1.0,-1.0)';
    'G'<38>:
      PIN_NUMBER='(0,0,0,0,0,0,G38,0,0,0)';
      BIDIRECTIONAL='TRUE';
      INPUT_LOAD='(-0.01,0.01)';
      OUTPUT_LOAD='(1.0,-1.0)';
    'G'<39>:
      PIN_NUMBER='(0,0,0,0,0,0,G39,0,0,0)';
      BIDIRECTIONAL='TRUE';
      INPUT_LOAD='(-0.01,0.01)';
      OUTPUT_LOAD='(1.0,-1.0)';
    'G'<40>:
      PIN_NUMBER='(0,0,0,0,0,0,G40,0,0,0)';
      BIDIRECTIONAL='TRUE';
      INPUT_LOAD='(-0.01,0.01)';
      OUTPUT_LOAD='(1.0,-1.0)';
    'H'<1>:
      PIN_NUMBER='(0,0,0,0,0,0,0,H1,0,0)';
      BIDIRECTIONAL='TRUE';
      INPUT_LOAD='(-0.01,0.01)';
      OUTPUT_LOAD='(1.0,-1.0)';
    'H'<2>:
      PIN_NUMBER='(0,0,0,0,0,0,0,H2,0,0)';
      BIDIRECTIONAL='TRUE';
      INPUT_LOAD='(-0.01,0.01)';
      OUTPUT_LOAD='(1.0,-1.0)';
    'H'<3>:
      PIN_NUMBER='(0,0,0,0,0,0,0,H3,0,0)';
      BIDIRECTIONAL='TRUE';
      INPUT_LOAD='(-0.01,0.01)';
      OUTPUT_LOAD='(1.0,-1.0)';
    'H'<4>:
      PIN_NUMBER='(0,0,0,0,0,0,0,H4,0,0)';
      BIDIRECTIONAL='TRUE';
      INPUT_LOAD='(-0.01,0.01)';
      OUTPUT_LOAD='(1.0,-1.0)';
    'H'<5>:
      PIN_NUMBER='(0,0,0,0,0,0,0,H5,0,0)';
      BIDIRECTIONAL='TRUE';
      INPUT_LOAD='(-0.01,0.01)';
      OUTPUT_LOAD='(1.0,-1.0)';
    'H'<6>:
      PIN_NUMBER='(0,0,0,0,0,0,0,H6,0,0)';
      BIDIRECTIONAL='TRUE';
      INPUT_LOAD='(-0.01,0.01)';
      OUTPUT_LOAD='(1.0,-1.0)';
    'H'<7>:
      PIN_NUMBER='(0,0,0,0,0,0,0,H7,0,0)';
      BIDIRECTIONAL='TRUE';
      INPUT_LOAD='(-0.01,0.01)';
      OUTPUT_LOAD='(1.0,-1.0)';
    'H'<8>:
      PIN_NUMBER='(0,0,0,0,0,0,0,H8,0,0)';
      BIDIRECTIONAL='TRUE';
      INPUT_LOAD='(-0.01,0.01)';
      OUTPUT_LOAD='(1.0,-1.0)';
    'H'<9>:
      PIN_NUMBER='(0,0,0,0,0,0,0,H9,0,0)';
      BIDIRECTIONAL='TRUE';
      INPUT_LOAD='(-0.01,0.01)';
      OUTPUT_LOAD='(1.0,-1.0)';
    'H'<10>:
      PIN_NUMBER='(0,0,0,0,0,0,0,H10,0,0)';
      BIDIRECTIONAL='TRUE';
      INPUT_LOAD='(-0.01,0.01)';
      OUTPUT_LOAD='(1.0,-1.0)';
    'H'<11>:
      PIN_NUMBER='(0,0,0,0,0,0,0,H11,0,0)';
      BIDIRECTIONAL='TRUE';
      INPUT_LOAD='(-0.01,0.01)';
      OUTPUT_LOAD='(1.0,-1.0)';
    'H'<12>:
      PIN_NUMBER='(0,0,0,0,0,0,0,H12,0,0)';
      BIDIRECTIONAL='TRUE';
      INPUT_LOAD='(-0.01,0.01)';
      OUTPUT_LOAD='(1.0,-1.0)';
    'H'<13>:
      PIN_NUMBER='(0,0,0,0,0,0,0,H13,0,0)';
      BIDIRECTIONAL='TRUE';
      INPUT_LOAD='(-0.01,0.01)';
      OUTPUT_LOAD='(1.0,-1.0)';
    'H'<14>:
      PIN_NUMBER='(0,0,0,0,0,0,0,H14,0,0)';
      BIDIRECTIONAL='TRUE';
      INPUT_LOAD='(-0.01,0.01)';
      OUTPUT_LOAD='(1.0,-1.0)';
    'H'<15>:
      PIN_NUMBER='(0,0,0,0,0,0,0,H15,0,0)';
      BIDIRECTIONAL='TRUE';
      INPUT_LOAD='(-0.01,0.01)';
      OUTPUT_LOAD='(1.0,-1.0)';
    'H'<16>:
      PIN_NUMBER='(0,0,0,0,0,0,0,H16,0,0)';
      BIDIRECTIONAL='TRUE';
      INPUT_LOAD='(-0.01,0.01)';
      OUTPUT_LOAD='(1.0,-1.0)';
    'H'<17>:
      PIN_NUMBER='(0,0,0,0,0,0,0,H17,0,0)';
      BIDIRECTIONAL='TRUE';
      INPUT_LOAD='(-0.01,0.01)';
      OUTPUT_LOAD='(1.0,-1.0)';
    'H'<18>:
      PIN_NUMBER='(0,0,0,0,0,0,0,H18,0,0)';
      BIDIRECTIONAL='TRUE';
      INPUT_LOAD='(-0.01,0.01)';
      OUTPUT_LOAD='(1.0,-1.0)';
    'H'<19>:
      PIN_NUMBER='(0,0,0,0,0,0,0,H19,0,0)';
      BIDIRECTIONAL='TRUE';
      INPUT_LOAD='(-0.01,0.01)';
      OUTPUT_LOAD='(1.0,-1.0)';
    'H'<20>:
      PIN_NUMBER='(0,0,0,0,0,0,0,H20,0,0)';
      BIDIRECTIONAL='TRUE';
      INPUT_LOAD='(-0.01,0.01)';
      OUTPUT_LOAD='(1.0,-1.0)';
    'H'<21>:
      PIN_NUMBER='(0,0,0,0,0,0,0,H21,0,0)';
      BIDIRECTIONAL='TRUE';
      INPUT_LOAD='(-0.01,0.01)';
      OUTPUT_LOAD='(1.0,-1.0)';
    'H'<22>:
      PIN_NUMBER='(0,0,0,0,0,0,0,H22,0,0)';
      BIDIRECTIONAL='TRUE';
      INPUT_LOAD='(-0.01,0.01)';
      OUTPUT_LOAD='(1.0,-1.0)';
    'H'<23>:
      PIN_NUMBER='(0,0,0,0,0,0,0,H23,0,0)';
      BIDIRECTIONAL='TRUE';
      INPUT_LOAD='(-0.01,0.01)';
      OUTPUT_LOAD='(1.0,-1.0)';
    'H'<24>:
      PIN_NUMBER='(0,0,0,0,0,0,0,H24,0,0)';
      BIDIRECTIONAL='TRUE';
      INPUT_LOAD='(-0.01,0.01)';
      OUTPUT_LOAD='(1.0,-1.0)';
    'H'<25>:
      PIN_NUMBER='(0,0,0,0,0,0,0,H25,0,0)';
      BIDIRECTIONAL='TRUE';
      INPUT_LOAD='(-0.01,0.01)';
      OUTPUT_LOAD='(1.0,-1.0)';
    'H'<26>:
      PIN_NUMBER='(0,0,0,0,0,0,0,H26,0,0)';
      BIDIRECTIONAL='TRUE';
      INPUT_LOAD='(-0.01,0.01)';
      OUTPUT_LOAD='(1.0,-1.0)';
    'H'<27>:
      PIN_NUMBER='(0,0,0,0,0,0,0,H27,0,0)';
      BIDIRECTIONAL='TRUE';
      INPUT_LOAD='(-0.01,0.01)';
      OUTPUT_LOAD='(1.0,-1.0)';
    'H'<28>:
      PIN_NUMBER='(0,0,0,0,0,0,0,H28,0,0)';
      BIDIRECTIONAL='TRUE';
      INPUT_LOAD='(-0.01,0.01)';
      OUTPUT_LOAD='(1.0,-1.0)';
    'H'<29>:
      PIN_NUMBER='(0,0,0,0,0,0,0,H29,0,0)';
      BIDIRECTIONAL='TRUE';
      INPUT_LOAD='(-0.01,0.01)';
      OUTPUT_LOAD='(1.0,-1.0)';
    'H'<30>:
      PIN_NUMBER='(0,0,0,0,0,0,0,H30,0,0)';
      BIDIRECTIONAL='TRUE';
      INPUT_LOAD='(-0.01,0.01)';
      OUTPUT_LOAD='(1.0,-1.0)';
    'H'<31>:
      PIN_NUMBER='(0,0,0,0,0,0,0,H31,0,0)';
      BIDIRECTIONAL='TRUE';
      INPUT_LOAD='(-0.01,0.01)';
      OUTPUT_LOAD='(1.0,-1.0)';
    'H'<32>:
      PIN_NUMBER='(0,0,0,0,0,0,0,H32,0,0)';
      BIDIRECTIONAL='TRUE';
      INPUT_LOAD='(-0.01,0.01)';
      OUTPUT_LOAD='(1.0,-1.0)';
    'H'<33>:
      PIN_NUMBER='(0,0,0,0,0,0,0,H33,0,0)';
      BIDIRECTIONAL='TRUE';
      INPUT_LOAD='(-0.01,0.01)';
      OUTPUT_LOAD='(1.0,-1.0)';
    'H'<34>:
      PIN_NUMBER='(0,0,0,0,0,0,0,H34,0,0)';
      BIDIRECTIONAL='TRUE';
      INPUT_LOAD='(-0.01,0.01)';
      OUTPUT_LOAD='(1.0,-1.0)';
    'H'<35>:
      PIN_NUMBER='(0,0,0,0,0,0,0,H35,0,0)';
      BIDIRECTIONAL='TRUE';
      INPUT_LOAD='(-0.01,0.01)';
      OUTPUT_LOAD='(1.0,-1.0)';
    'H'<36>:
      PIN_NUMBER='(0,0,0,0,0,0,0,H36,0,0)';
      BIDIRECTIONAL='TRUE';
      INPUT_LOAD='(-0.01,0.01)';
      OUTPUT_LOAD='(1.0,-1.0)';
    'H'<37>:
      PIN_NUMBER='(0,0,0,0,0,0,0,H37,0,0)';
      BIDIRECTIONAL='TRUE';
      INPUT_LOAD='(-0.01,0.01)';
      OUTPUT_LOAD='(1.0,-1.0)';
    'H'<38>:
      PIN_NUMBER='(0,0,0,0,0,0,0,H38,0,0)';
      BIDIRECTIONAL='TRUE';
      INPUT_LOAD='(-0.01,0.01)';
      OUTPUT_LOAD='(1.0,-1.0)';
    'H'<39>:
      PIN_NUMBER='(0,0,0,0,0,0,0,H39,0,0)';
      BIDIRECTIONAL='TRUE';
      INPUT_LOAD='(-0.01,0.01)';
      OUTPUT_LOAD='(1.0,-1.0)';
    'H'<40>:
      PIN_NUMBER='(0,0,0,0,0,0,0,H40,0,0)';
      BIDIRECTIONAL='TRUE';
      INPUT_LOAD='(-0.01,0.01)';
      OUTPUT_LOAD='(1.0,-1.0)';
    'J'<1>:
      PIN_NUMBER='(0,0,0,0,0,0,0,0,J1,0)';
      BIDIRECTIONAL='TRUE';
      INPUT_LOAD='(-0.01,0.01)';
      OUTPUT_LOAD='(1.0,-1.0)';
    'J'<2>:
      PIN_NUMBER='(0,0,0,0,0,0,0,0,J2,0)';
      BIDIRECTIONAL='TRUE';
      INPUT_LOAD='(-0.01,0.01)';
      OUTPUT_LOAD='(1.0,-1.0)';
    'J'<3>:
      PIN_NUMBER='(0,0,0,0,0,0,0,0,J3,0)';
      BIDIRECTIONAL='TRUE';
      INPUT_LOAD='(-0.01,0.01)';
      OUTPUT_LOAD='(1.0,-1.0)';
    'J'<4>:
      PIN_NUMBER='(0,0,0,0,0,0,0,0,J4,0)';
      BIDIRECTIONAL='TRUE';
      INPUT_LOAD='(-0.01,0.01)';
      OUTPUT_LOAD='(1.0,-1.0)';
    'J'<5>:
      PIN_NUMBER='(0,0,0,0,0,0,0,0,J5,0)';
      BIDIRECTIONAL='TRUE';
      INPUT_LOAD='(-0.01,0.01)';
      OUTPUT_LOAD='(1.0,-1.0)';
    'J'<6>:
      PIN_NUMBER='(0,0,0,0,0,0,0,0,J6,0)';
      BIDIRECTIONAL='TRUE';
      INPUT_LOAD='(-0.01,0.01)';
      OUTPUT_LOAD='(1.0,-1.0)';
    'J'<7>:
      PIN_NUMBER='(0,0,0,0,0,0,0,0,J7,0)';
      BIDIRECTIONAL='TRUE';
      INPUT_LOAD='(-0.01,0.01)';
      OUTPUT_LOAD='(1.0,-1.0)';
    'J'<8>:
      PIN_NUMBER='(0,0,0,0,0,0,0,0,J8,0)';
      BIDIRECTIONAL='TRUE';
      INPUT_LOAD='(-0.01,0.01)';
      OUTPUT_LOAD='(1.0,-1.0)';
    'J'<9>:
      PIN_NUMBER='(0,0,0,0,0,0,0,0,J9,0)';
      BIDIRECTIONAL='TRUE';
      INPUT_LOAD='(-0.01,0.01)';
      OUTPUT_LOAD='(1.0,-1.0)';
    'J'<10>:
      PIN_NUMBER='(0,0,0,0,0,0,0,0,J10,0)';
      BIDIRECTIONAL='TRUE';
      INPUT_LOAD='(-0.01,0.01)';
      OUTPUT_LOAD='(1.0,-1.0)';
    'J'<11>:
      PIN_NUMBER='(0,0,0,0,0,0,0,0,J11,0)';
      BIDIRECTIONAL='TRUE';
      INPUT_LOAD='(-0.01,0.01)';
      OUTPUT_LOAD='(1.0,-1.0)';
    'J'<12>:
      PIN_NUMBER='(0,0,0,0,0,0,0,0,J12,0)';
      BIDIRECTIONAL='TRUE';
      INPUT_LOAD='(-0.01,0.01)';
      OUTPUT_LOAD='(1.0,-1.0)';
    'J'<13>:
      PIN_NUMBER='(0,0,0,0,0,0,0,0,J13,0)';
      BIDIRECTIONAL='TRUE';
      INPUT_LOAD='(-0.01,0.01)';
      OUTPUT_LOAD='(1.0,-1.0)';
    'J'<14>:
      PIN_NUMBER='(0,0,0,0,0,0,0,0,J14,0)';
      BIDIRECTIONAL='TRUE';
      INPUT_LOAD='(-0.01,0.01)';
      OUTPUT_LOAD='(1.0,-1.0)';
    'J'<15>:
      PIN_NUMBER='(0,0,0,0,0,0,0,0,J15,0)';
      BIDIRECTIONAL='TRUE';
      INPUT_LOAD='(-0.01,0.01)';
      OUTPUT_LOAD='(1.0,-1.0)';
    'J'<16>:
      PIN_NUMBER='(0,0,0,0,0,0,0,0,J16,0)';
      BIDIRECTIONAL='TRUE';
      INPUT_LOAD='(-0.01,0.01)';
      OUTPUT_LOAD='(1.0,-1.0)';
    'J'<17>:
      PIN_NUMBER='(0,0,0,0,0,0,0,0,J17,0)';
      BIDIRECTIONAL='TRUE';
      INPUT_LOAD='(-0.01,0.01)';
      OUTPUT_LOAD='(1.0,-1.0)';
    'J'<18>:
      PIN_NUMBER='(0,0,0,0,0,0,0,0,J18,0)';
      BIDIRECTIONAL='TRUE';
      INPUT_LOAD='(-0.01,0.01)';
      OUTPUT_LOAD='(1.0,-1.0)';
    'J'<19>:
      PIN_NUMBER='(0,0,0,0,0,0,0,0,J19,0)';
      BIDIRECTIONAL='TRUE';
      INPUT_LOAD='(-0.01,0.01)';
      OUTPUT_LOAD='(1.0,-1.0)';
    'J'<20>:
      PIN_NUMBER='(0,0,0,0,0,0,0,0,J20,0)';
      BIDIRECTIONAL='TRUE';
      INPUT_LOAD='(-0.01,0.01)';
      OUTPUT_LOAD='(1.0,-1.0)';
    'J'<21>:
      PIN_NUMBER='(0,0,0,0,0,0,0,0,J21,0)';
      BIDIRECTIONAL='TRUE';
      INPUT_LOAD='(-0.01,0.01)';
      OUTPUT_LOAD='(1.0,-1.0)';
    'J'<22>:
      PIN_NUMBER='(0,0,0,0,0,0,0,0,J22,0)';
      BIDIRECTIONAL='TRUE';
      INPUT_LOAD='(-0.01,0.01)';
      OUTPUT_LOAD='(1.0,-1.0)';
    'J'<23>:
      PIN_NUMBER='(0,0,0,0,0,0,0,0,J23,0)';
      BIDIRECTIONAL='TRUE';
      INPUT_LOAD='(-0.01,0.01)';
      OUTPUT_LOAD='(1.0,-1.0)';
    'J'<24>:
      PIN_NUMBER='(0,0,0,0,0,0,0,0,J24,0)';
      BIDIRECTIONAL='TRUE';
      INPUT_LOAD='(-0.01,0.01)';
      OUTPUT_LOAD='(1.0,-1.0)';
    'J'<25>:
      PIN_NUMBER='(0,0,0,0,0,0,0,0,J25,0)';
      BIDIRECTIONAL='TRUE';
      INPUT_LOAD='(-0.01,0.01)';
      OUTPUT_LOAD='(1.0,-1.0)';
    'J'<26>:
      PIN_NUMBER='(0,0,0,0,0,0,0,0,J26,0)';
      BIDIRECTIONAL='TRUE';
      INPUT_LOAD='(-0.01,0.01)';
      OUTPUT_LOAD='(1.0,-1.0)';
    'J'<27>:
      PIN_NUMBER='(0,0,0,0,0,0,0,0,J27,0)';
      BIDIRECTIONAL='TRUE';
      INPUT_LOAD='(-0.01,0.01)';
      OUTPUT_LOAD='(1.0,-1.0)';
    'J'<28>:
      PIN_NUMBER='(0,0,0,0,0,0,0,0,J28,0)';
      BIDIRECTIONAL='TRUE';
      INPUT_LOAD='(-0.01,0.01)';
      OUTPUT_LOAD='(1.0,-1.0)';
    'J'<29>:
      PIN_NUMBER='(0,0,0,0,0,0,0,0,J29,0)';
      BIDIRECTIONAL='TRUE';
      INPUT_LOAD='(-0.01,0.01)';
      OUTPUT_LOAD='(1.0,-1.0)';
    'J'<30>:
      PIN_NUMBER='(0,0,0,0,0,0,0,0,J30,0)';
      BIDIRECTIONAL='TRUE';
      INPUT_LOAD='(-0.01,0.01)';
      OUTPUT_LOAD='(1.0,-1.0)';
    'J'<31>:
      PIN_NUMBER='(0,0,0,0,0,0,0,0,J31,0)';
      BIDIRECTIONAL='TRUE';
      INPUT_LOAD='(-0.01,0.01)';
      OUTPUT_LOAD='(1.0,-1.0)';
    'J'<32>:
      PIN_NUMBER='(0,0,0,0,0,0,0,0,J32,0)';
      BIDIRECTIONAL='TRUE';
      INPUT_LOAD='(-0.01,0.01)';
      OUTPUT_LOAD='(1.0,-1.0)';
    'J'<33>:
      PIN_NUMBER='(0,0,0,0,0,0,0,0,J33,0)';
      BIDIRECTIONAL='TRUE';
      INPUT_LOAD='(-0.01,0.01)';
      OUTPUT_LOAD='(1.0,-1.0)';
    'J'<34>:
      PIN_NUMBER='(0,0,0,0,0,0,0,0,J34,0)';
      BIDIRECTIONAL='TRUE';
      INPUT_LOAD='(-0.01,0.01)';
      OUTPUT_LOAD='(1.0,-1.0)';
    'J'<35>:
      PIN_NUMBER='(0,0,0,0,0,0,0,0,J35,0)';
      BIDIRECTIONAL='TRUE';
      INPUT_LOAD='(-0.01,0.01)';
      OUTPUT_LOAD='(1.0,-1.0)';
    'J'<36>:
      PIN_NUMBER='(0,0,0,0,0,0,0,0,J36,0)';
      BIDIRECTIONAL='TRUE';
      INPUT_LOAD='(-0.01,0.01)';
      OUTPUT_LOAD='(1.0,-1.0)';
    'J'<37>:
      PIN_NUMBER='(0,0,0,0,0,0,0,0,J37,0)';
      BIDIRECTIONAL='TRUE';
      INPUT_LOAD='(-0.01,0.01)';
      OUTPUT_LOAD='(1.0,-1.0)';
    'J'<38>:
      PIN_NUMBER='(0,0,0,0,0,0,0,0,J38,0)';
      BIDIRECTIONAL='TRUE';
      INPUT_LOAD='(-0.01,0.01)';
      OUTPUT_LOAD='(1.0,-1.0)';
    'J'<39>:
      PIN_NUMBER='(0,0,0,0,0,0,0,0,J39,0)';
      BIDIRECTIONAL='TRUE';
      INPUT_LOAD='(-0.01,0.01)';
      OUTPUT_LOAD='(1.0,-1.0)';
    'J'<40>:
      PIN_NUMBER='(0,0,0,0,0,0,0,0,J40,0)';
      BIDIRECTIONAL='TRUE';
      INPUT_LOAD='(-0.01,0.01)';
      OUTPUT_LOAD='(1.0,-1.0)';
    'K'<1>:
      PIN_NUMBER='(0,0,0,0,0,0,0,0,0,K1)';
      BIDIRECTIONAL='TRUE';
      INPUT_LOAD='(-0.01,0.01)';
      OUTPUT_LOAD='(1.0,-1.0)';
    'K'<2>:
      PIN_NUMBER='(0,0,0,0,0,0,0,0,0,K2)';
      BIDIRECTIONAL='TRUE';
      INPUT_LOAD='(-0.01,0.01)';
      OUTPUT_LOAD='(1.0,-1.0)';
    'K'<3>:
      PIN_NUMBER='(0,0,0,0,0,0,0,0,0,K3)';
      BIDIRECTIONAL='TRUE';
      INPUT_LOAD='(-0.01,0.01)';
      OUTPUT_LOAD='(1.0,-1.0)';
    'K'<4>:
      PIN_NUMBER='(0,0,0,0,0,0,0,0,0,K4)';
      BIDIRECTIONAL='TRUE';
      INPUT_LOAD='(-0.01,0.01)';
      OUTPUT_LOAD='(1.0,-1.0)';
    'K'<5>:
      PIN_NUMBER='(0,0,0,0,0,0,0,0,0,K5)';
      BIDIRECTIONAL='TRUE';
      INPUT_LOAD='(-0.01,0.01)';
      OUTPUT_LOAD='(1.0,-1.0)';
    'K'<6>:
      PIN_NUMBER='(0,0,0,0,0,0,0,0,0,K6)';
      BIDIRECTIONAL='TRUE';
      INPUT_LOAD='(-0.01,0.01)';
      OUTPUT_LOAD='(1.0,-1.0)';
    'K'<7>:
      PIN_NUMBER='(0,0,0,0,0,0,0,0,0,K7)';
      BIDIRECTIONAL='TRUE';
      INPUT_LOAD='(-0.01,0.01)';
      OUTPUT_LOAD='(1.0,-1.0)';
    'K'<8>:
      PIN_NUMBER='(0,0,0,0,0,0,0,0,0,K8)';
      BIDIRECTIONAL='TRUE';
      INPUT_LOAD='(-0.01,0.01)';
      OUTPUT_LOAD='(1.0,-1.0)';
    'K'<9>:
      PIN_NUMBER='(0,0,0,0,0,0,0,0,0,K9)';
      BIDIRECTIONAL='TRUE';
      INPUT_LOAD='(-0.01,0.01)';
      OUTPUT_LOAD='(1.0,-1.0)';
    'K'<10>:
      PIN_NUMBER='(0,0,0,0,0,0,0,0,0,K10)';
      BIDIRECTIONAL='TRUE';
      INPUT_LOAD='(-0.01,0.01)';
      OUTPUT_LOAD='(1.0,-1.0)';
    'K'<11>:
      PIN_NUMBER='(0,0,0,0,0,0,0,0,0,K11)';
      BIDIRECTIONAL='TRUE';
      INPUT_LOAD='(-0.01,0.01)';
      OUTPUT_LOAD='(1.0,-1.0)';
    'K'<12>:
      PIN_NUMBER='(0,0,0,0,0,0,0,0,0,K12)';
      BIDIRECTIONAL='TRUE';
      INPUT_LOAD='(-0.01,0.01)';
      OUTPUT_LOAD='(1.0,-1.0)';
    'K'<13>:
      PIN_NUMBER='(0,0,0,0,0,0,0,0,0,K13)';
      BIDIRECTIONAL='TRUE';
      INPUT_LOAD='(-0.01,0.01)';
      OUTPUT_LOAD='(1.0,-1.0)';
    'K'<14>:
      PIN_NUMBER='(0,0,0,0,0,0,0,0,0,K14)';
      BIDIRECTIONAL='TRUE';
      INPUT_LOAD='(-0.01,0.01)';
      OUTPUT_LOAD='(1.0,-1.0)';
    'K'<15>:
      PIN_NUMBER='(0,0,0,0,0,0,0,0,0,K15)';
      BIDIRECTIONAL='TRUE';
      INPUT_LOAD='(-0.01,0.01)';
      OUTPUT_LOAD='(1.0,-1.0)';
    'K'<16>:
      PIN_NUMBER='(0,0,0,0,0,0,0,0,0,K16)';
      BIDIRECTIONAL='TRUE';
      INPUT_LOAD='(-0.01,0.01)';
      OUTPUT_LOAD='(1.0,-1.0)';
    'K'<17>:
      PIN_NUMBER='(0,0,0,0,0,0,0,0,0,K17)';
      BIDIRECTIONAL='TRUE';
      INPUT_LOAD='(-0.01,0.01)';
      OUTPUT_LOAD='(1.0,-1.0)';
    'K'<18>:
      PIN_NUMBER='(0,0,0,0,0,0,0,0,0,K18)';
      BIDIRECTIONAL='TRUE';
      INPUT_LOAD='(-0.01,0.01)';
      OUTPUT_LOAD='(1.0,-1.0)';
    'K'<19>:
      PIN_NUMBER='(0,0,0,0,0,0,0,0,0,K19)';
      BIDIRECTIONAL='TRUE';
      INPUT_LOAD='(-0.01,0.01)';
      OUTPUT_LOAD='(1.0,-1.0)';
    'K'<20>:
      PIN_NUMBER='(0,0,0,0,0,0,0,0,0,K20)';
      BIDIRECTIONAL='TRUE';
      INPUT_LOAD='(-0.01,0.01)';
      OUTPUT_LOAD='(1.0,-1.0)';
    'K'<21>:
      PIN_NUMBER='(0,0,0,0,0,0,0,0,0,K21)';
      BIDIRECTIONAL='TRUE';
      INPUT_LOAD='(-0.01,0.01)';
      OUTPUT_LOAD='(1.0,-1.0)';
    'K'<22>:
      PIN_NUMBER='(0,0,0,0,0,0,0,0,0,K22)';
      BIDIRECTIONAL='TRUE';
      INPUT_LOAD='(-0.01,0.01)';
      OUTPUT_LOAD='(1.0,-1.0)';
    'K'<23>:
      PIN_NUMBER='(0,0,0,0,0,0,0,0,0,K23)';
      BIDIRECTIONAL='TRUE';
      INPUT_LOAD='(-0.01,0.01)';
      OUTPUT_LOAD='(1.0,-1.0)';
    'K'<24>:
      PIN_NUMBER='(0,0,0,0,0,0,0,0,0,K24)';
      BIDIRECTIONAL='TRUE';
      INPUT_LOAD='(-0.01,0.01)';
      OUTPUT_LOAD='(1.0,-1.0)';
    'K'<25>:
      PIN_NUMBER='(0,0,0,0,0,0,0,0,0,K25)';
      BIDIRECTIONAL='TRUE';
      INPUT_LOAD='(-0.01,0.01)';
      OUTPUT_LOAD='(1.0,-1.0)';
    'K'<26>:
      PIN_NUMBER='(0,0,0,0,0,0,0,0,0,K26)';
      BIDIRECTIONAL='TRUE';
      INPUT_LOAD='(-0.01,0.01)';
      OUTPUT_LOAD='(1.0,-1.0)';
    'K'<27>:
      PIN_NUMBER='(0,0,0,0,0,0,0,0,0,K27)';
      BIDIRECTIONAL='TRUE';
      INPUT_LOAD='(-0.01,0.01)';
      OUTPUT_LOAD='(1.0,-1.0)';
    'K'<28>:
      PIN_NUMBER='(0,0,0,0,0,0,0,0,0,K28)';
      BIDIRECTIONAL='TRUE';
      INPUT_LOAD='(-0.01,0.01)';
      OUTPUT_LOAD='(1.0,-1.0)';
    'K'<29>:
      PIN_NUMBER='(0,0,0,0,0,0,0,0,0,K29)';
      BIDIRECTIONAL='TRUE';
      INPUT_LOAD='(-0.01,0.01)';
      OUTPUT_LOAD='(1.0,-1.0)';
    'K'<30>:
      PIN_NUMBER='(0,0,0,0,0,0,0,0,0,K30)';
      BIDIRECTIONAL='TRUE';
      INPUT_LOAD='(-0.01,0.01)';
      OUTPUT_LOAD='(1.0,-1.0)';
    'K'<31>:
      PIN_NUMBER='(0,0,0,0,0,0,0,0,0,K31)';
      BIDIRECTIONAL='TRUE';
      INPUT_LOAD='(-0.01,0.01)';
      OUTPUT_LOAD='(1.0,-1.0)';
    'K'<32>:
      PIN_NUMBER='(0,0,0,0,0,0,0,0,0,K32)';
      BIDIRECTIONAL='TRUE';
      INPUT_LOAD='(-0.01,0.01)';
      OUTPUT_LOAD='(1.0,-1.0)';
    'K'<33>:
      PIN_NUMBER='(0,0,0,0,0,0,0,0,0,K33)';
      BIDIRECTIONAL='TRUE';
      INPUT_LOAD='(-0.01,0.01)';
      OUTPUT_LOAD='(1.0,-1.0)';
    'K'<34>:
      PIN_NUMBER='(0,0,0,0,0,0,0,0,0,K34)';
      BIDIRECTIONAL='TRUE';
      INPUT_LOAD='(-0.01,0.01)';
      OUTPUT_LOAD='(1.0,-1.0)';
    'K'<35>:
      PIN_NUMBER='(0,0,0,0,0,0,0,0,0,K35)';
      BIDIRECTIONAL='TRUE';
      INPUT_LOAD='(-0.01,0.01)';
      OUTPUT_LOAD='(1.0,-1.0)';
    'K'<36>:
      PIN_NUMBER='(0,0,0,0,0,0,0,0,0,K36)';
      BIDIRECTIONAL='TRUE';
      INPUT_LOAD='(-0.01,0.01)';
      OUTPUT_LOAD='(1.0,-1.0)';
    'K'<37>:
      PIN_NUMBER='(0,0,0,0,0,0,0,0,0,K37)';
      BIDIRECTIONAL='TRUE';
      INPUT_LOAD='(-0.01,0.01)';
      OUTPUT_LOAD='(1.0,-1.0)';
    'K'<38>:
      PIN_NUMBER='(0,0,0,0,0,0,0,0,0,K38)';
      BIDIRECTIONAL='TRUE';
      INPUT_LOAD='(-0.01,0.01)';
      OUTPUT_LOAD='(1.0,-1.0)';
    'K'<39>:
      PIN_NUMBER='(0,0,0,0,0,0,0,0,0,K39)';
      BIDIRECTIONAL='TRUE';
      INPUT_LOAD='(-0.01,0.01)';
      OUTPUT_LOAD='(1.0,-1.0)';
    'K'<40>:
      PIN_NUMBER='(0,0,0,0,0,0,0,0,0,K40)';
      BIDIRECTIONAL='TRUE';
      INPUT_LOAD='(-0.01,0.01)';
      OUTPUT_LOAD='(1.0,-1.0)';
  end_pin;
  body
    PART_NAME='CON400P_40ABCDEFGHJK_VITA571';
    BODY_NAME='CON400P_40ABCDEFGHJK_VITA571';
    PHYS_DES_PREFIX='J';
    CLASS='IO';
  end_body;
end_primitive;

END.
