A!FILM_NAME!CLASS!SUBCLASS!ROTATION!OFFSET_X!OFFSET_Y!UNDEFINED_LINE_WIDTH!SHAPE_BOUNDING_BOX!PLOT_MODE!FILM_MIRRORED!FULL_CONTACT_THERMAL_RELIEFS!SUPPRESS_UNCONNECTED_PADS!DRAW_MISSING_PAD_APERTURES!USE_APERTURE_ROTATION!SUPPRESS_SHAPE_FILL!VECTOR_BASED_PAD_BEHAVIOR!
J!Z:/cad/designs/uob-hep-pc065a/trunk/design_files/worklib/pc065b_toplevel/physical/pc065b_toplevel_06.brd!Jun 04 10:02:31 2020!200.0000!-100.0000!300.0000!-100.0000!4!millimeters!!!8!out of date!
S!L01P!ETCH!TOP!0!0.0000!0.0000!0.2000!2.5400!positive!no!no!no!no!no!no!yes!
S!L01P!PIN!TOP!0!0.0000!0.0000!0.2000!2.5400!positive!no!no!no!no!no!no!yes!
S!L01P!VIA CLASS!TOP!0!0.0000!0.0000!0.2000!2.5400!positive!no!no!no!no!no!no!yes!
S!L02P!ETCH!L2_GND!0!0.0000!0.0000!0.2000!2.5400!positive!no!no!no!no!no!no!yes!
S!L02P!PIN!L2_GND!0!0.0000!0.0000!0.2000!2.5400!positive!no!no!no!no!no!no!yes!
S!L02P!VIA CLASS!L2_GND!0!0.0000!0.0000!0.2000!2.5400!positive!no!no!no!no!no!no!yes!
S!L03P!ETCH!L3_SIG!0!0.0000!0.0000!0.2000!2.5400!positive!no!no!no!no!no!no!yes!
S!L03P!PIN!L3_SIG!0!0.0000!0.0000!0.2000!2.5400!positive!no!no!no!no!no!no!yes!
S!L03P!VIA CLASS!L3_SIG!0!0.0000!0.0000!0.2000!2.5400!positive!no!no!no!no!no!no!yes!
S!L04P!VIA CLASS!L4_GND!0!0.0000!0.0000!0.2000!2.5400!positive!no!no!no!no!no!no!yes!
S!L04P!PIN!L4_GND!0!0.0000!0.0000!0.2000!2.5400!positive!no!no!no!no!no!no!yes!
S!L04P!ETCH!L4_GND!0!0.0000!0.0000!0.2000!2.5400!positive!no!no!no!no!no!no!yes!
S!L05P!VIA CLASS!L5_PWR!0!0.0000!0.0000!0.2000!2.5400!positive!no!no!no!no!no!no!yes!
S!L05P!PIN!L5_PWR!0!0.0000!0.0000!0.2000!2.5400!positive!no!no!no!no!no!no!yes!
S!L05P!ETCH!L5_PWR!0!0.0000!0.0000!0.2000!2.5400!positive!no!no!no!no!no!no!yes!
S!L06P!VIA CLASS!L6_SIG!0!0.0000!0.0000!0.2000!2.5400!positive!no!no!no!no!no!no!yes!
S!L06P!PIN!L6_SIG!0!0.0000!0.0000!0.2000!2.5400!positive!no!no!no!no!no!no!yes!
S!L06P!ETCH!L6_SIG!0!0.0000!0.0000!0.2000!2.5400!positive!no!no!no!no!no!no!yes!
S!ASSEMBLY_TOP!REF DES!ASSEMBLY_TOP!0!0.0000!0.0000!0.2000!2.5400!positive!no!no!no!no!no!no!yes!
S!ASSEMBLY_TOP!PACKAGE GEOMETRY!ASSEMBLY_TOP!0!0.0000!0.0000!0.2000!2.5400!positive!no!no!no!no!no!no!yes!
S!ASSEMBLY_TOP!DRAWING FORMAT!OUTLINE!0!0.0000!0.0000!0.2000!2.5400!positive!no!no!no!no!no!no!yes!
S!ASSEMBLY_TOP!DRAWING FORMAT!TITLE_BLOCK!0!0.0000!0.0000!0.2000!2.5400!positive!no!no!no!no!no!no!yes!
S!ASSEMBLY_TOP!DRAWING FORMAT!TITLE_DATA!0!0.0000!0.0000!0.2000!2.5400!positive!no!no!no!no!no!no!yes!
S!ASSEMBLY_TOP!DRAWING FORMAT!REVISION_BLOCK!0!0.0000!0.0000!0.2000!2.5400!positive!no!no!no!no!no!no!yes!
S!ASSEMBLY_TOP!DRAWING FORMAT!REVISION_DATA!0!0.0000!0.0000!0.2000!2.5400!positive!no!no!no!no!no!no!yes!
S!ASSEMBLY_TOP!BOARD GEOMETRY!ASSEMBLY_NOTES!0!0.0000!0.0000!0.2000!2.5400!positive!no!no!no!no!no!no!yes!
S!ASSEMBLY_TOP!BOARD GEOMETRY!DIMENSION!0!0.0000!0.0000!0.2000!2.5400!positive!no!no!no!no!no!no!yes!
S!ASSEMBLY_TOP!BOARD GEOMETRY!DESIGN_OUTLINE!0!0.0000!0.0000!0.2000!2.5400!positive!no!no!no!no!no!no!yes!
S!SMD1!PIN!PASTEMASK_TOP!0!0.0000!0.0000!0.2000!2.5400!positive!no!no!no!no!no!no!yes!
S!SMD1!PACKAGE GEOMETRY!PASTEMASK_TOP!0!0.0000!0.0000!0.2000!2.5400!positive!no!no!no!no!no!no!yes!
S!OUTLINE!BOARD GEOMETRY!DESIGN_OUTLINE!0!0.0000!0.0000!0.1000!2.5400!positive!no!no!no!no!no!no!yes!
S!BOHR!MANUFACTURING!NCDRILL_LEGEND!0!0.0000!0.0000!0.5000!2.5400!positive!no!no!no!no!no!no!no!
S!BOHR!MANUFACTURING!NCDRILL_FIGURE!0!0.0000!0.0000!0.5000!2.5400!positive!no!no!no!no!no!no!no!
S!BOHR!MANUFACTURING!NCLEGEND-1-6!0!0.0000!0.0000!0.5000!2.5400!positive!no!no!no!no!no!no!no!
S!BOHR!DRAWING FORMAT!OUTLINE!0!0.0000!0.0000!0.5000!2.5400!positive!no!no!no!no!no!no!no!
S!BOHR!DRAWING FORMAT!TITLE_BLOCK!0!0.0000!0.0000!0.5000!2.5400!positive!no!no!no!no!no!no!no!
S!BOHR!DRAWING FORMAT!TITLE_DATA!0!0.0000!0.0000!0.5000!2.5400!positive!no!no!no!no!no!no!no!
S!BOHR!DRAWING FORMAT!REVISION_BLOCK!0!0.0000!0.0000!0.5000!2.5400!positive!no!no!no!no!no!no!no!
S!BOHR!DRAWING FORMAT!REVISION_DATA!0!0.0000!0.0000!0.5000!2.5400!positive!no!no!no!no!no!no!no!
S!BOHR!BOARD GEOMETRY!DESIGN_OUTLINE!0!0.0000!0.0000!0.5000!2.5400!positive!no!no!no!no!no!no!no!
S!POS2!PACKAGE GEOMETRY!SILKSCREEN_BOTTOM!0!0.0000!0.0000!0.2500!2.5400!positive!no!no!no!no!no!no!yes!
S!POS2!REF DES!SILKSCREEN_BOTTOM!0!0.0000!0.0000!0.2500!2.5400!positive!no!no!no!no!no!no!yes!
S!POS2!BOARD GEOMETRY!SILKSCREEN_BOTTOM!0!0.0000!0.0000!0.2500!2.5400!positive!no!no!no!no!no!no!yes!
S!POS1!REF DES!SILKSCREEN_TOP!0!0.0000!0.0000!0.2500!2.5400!positive!no!no!no!no!no!no!yes!
S!POS1!PACKAGE GEOMETRY!SILKSCREEN_TOP!0!0.0000!0.0000!0.2500!2.5400!positive!no!no!no!no!no!no!yes!
S!POS1!BOARD GEOMETRY!SILKSCREEN_TOP!0!0.0000!0.0000!0.2500!2.5400!positive!no!no!no!no!no!no!yes!
S!LSM2!PIN!SOLDERMASK_BOTTOM!0!0.0000!0.0000!0.2000!2.5400!positive!no!no!no!no!no!no!yes!
S!LSM2!BOARD GEOMETRY!SOLDERMASK_BOTTOM!0!0.0000!0.0000!0.2000!2.5400!positive!no!no!no!no!no!no!yes!
S!LSM1!PIN!SOLDERMASK_TOP!0!0.0000!0.0000!0.2000!2.5400!positive!no!no!no!no!no!no!yes!
S!LSM1!PACKAGE GEOMETRY!SOLDERMASK_TOP!0!0.0000!0.0000!0.2000!2.5400!positive!no!no!no!no!no!no!yes!
S!LSM1!BOARD GEOMETRY!SOLDERMASK_TOP!0!0.0000!0.0000!0.2000!2.5400!positive!no!no!no!no!no!no!yes!
S!ASSEMBLY_BOTTOM!REF DES!ASSEMBLY_BOTTOM!0!0.0000!0.0000!0.2000!2.5400!positive!no!no!no!no!no!no!yes!
S!ASSEMBLY_BOTTOM!PACKAGE GEOMETRY!ASSEMBLY_BOTTOM!0!0.0000!0.0000!0.2000!2.5400!positive!no!no!no!no!no!no!yes!
S!ASSEMBLY_BOTTOM!DRAWING FORMAT!OUTLINE!0!0.0000!0.0000!0.2000!2.5400!positive!no!no!no!no!no!no!yes!
S!ASSEMBLY_BOTTOM!DRAWING FORMAT!TITLE_BLOCK!0!0.0000!0.0000!0.2000!2.5400!positive!no!no!no!no!no!no!yes!
S!ASSEMBLY_BOTTOM!DRAWING FORMAT!TITLE_DATA!0!0.0000!0.0000!0.2000!2.5400!positive!no!no!no!no!no!no!yes!
S!ASSEMBLY_BOTTOM!DRAWING FORMAT!REVISION_BLOCK!0!0.0000!0.0000!0.2000!2.5400!positive!no!no!no!no!no!no!yes!
S!ASSEMBLY_BOTTOM!DRAWING FORMAT!REVISION_DATA!0!0.0000!0.0000!0.2000!2.5400!positive!no!no!no!no!no!no!yes!
S!ASSEMBLY_BOTTOM!BOARD GEOMETRY!DIMENSION!0!0.0000!0.0000!0.2000!2.5400!positive!no!no!no!no!no!no!yes!
S!ASSEMBLY_BOTTOM!BOARD GEOMETRY!DESIGN_OUTLINE!0!0.0000!0.0000!0.2000!2.5400!positive!no!no!no!no!no!no!yes!
S!SMD2!PIN!PASTEMASK_BOTTOM!0!0.0000!0.0000!0.2000!2.5400!positive!no!no!no!no!no!no!yes!
S!SMD2!PACKAGE GEOMETRY!PASTEMASK_BOTTOM!0!0.0000!0.0000!0.2000!2.5400!positive!no!no!no!no!no!no!yes!
S!L08P!VIA CLASS!BOTTOM!0!0.0000!0.0000!0.2000!2.5400!positive!no!no!no!no!no!no!yes!
S!L08P!PIN!BOTTOM!0!0.0000!0.0000!0.2000!2.5400!positive!no!no!no!no!no!no!yes!
S!L08P!ETCH!BOTTOM!0!0.0000!0.0000!0.2000!2.5400!positive!no!no!no!no!no!no!yes!
S!L07P!VIA CLASS!L7_PWR!0!0.0000!0.0000!0.2000!2.5400!positive!no!no!no!no!no!no!yes!
S!L07P!PIN!L7_PWR!0!0.0000!0.0000!0.2000!2.5400!positive!no!no!no!no!no!no!yes!
S!L07P!ETCH!L7_PWR!0!0.0000!0.0000!0.2000!2.5400!positive!no!no!no!no!no!no!yes!
