(---------------------------------------------------------------------)
(                                                                     )
(    IPC2581 Export                                                   )
(                                                                     )
(    Software Version : 17.2S055                                      )
(    Date/Time        : Thu Jun 04 10:14:36 2020                      )
(                                                                     )
(---------------------------------------------------------------------)




Collecting net list ...



Collecting package defintions ...

WARNING: No PLACE_BOUND outline found for the package "UOBLOGO_18MM", IGNORED.


Collecting component descriptions ...

WARNING: No PLACE_BOUND outline found for the symbol located at (0.500, 20.600), (SymbolName="UOBLOGO_18MM"), IGNORED.
WARNING: No PLACE_BOUND outline found for the symbol located at (0.500, 38.000), (SymbolName="UOBLOGO_18MM"), IGNORED.


Collecting BOM items ...



Property configuration file: Z:/cad/designs/uob-hep-pc065a/trunk/design_files/worklib/pc065b_toplevel/physical/ipc2581_attr_config.atr
IPC2581 file: pc065b_toplevel_06
IPC2581 version: IPC2581-B
BRD file: Z:/cad/designs/uob-hep-pc065a/trunk/design_files/worklib/pc065b_toplevel/physical/pc065b_toplevel_06.brd
IPC2581 units: MILLIMETER
Global package pin1 orientation: OTHER
Default symbol height: 3.81
Export drill information?: YES
Export BOM information?: YES
Export component descriptions?: YES
Export component packages?: YES
Export land patterns?: YES
Export device descriptions?: YES
Export net list?: YES
Export hierarchical layer/stack instance?: NO
Export Outer Copper Layers?: YES
Export Inner Layers?: YES
Export Documentation Layers?: YES
Export Miscellaneous Image Layers?: YES
Export SolderMask/SolderPaste Legend Layers?: YES
Export vector text?: YES
Export cavities?: NO
Export padstack definitions?: NO
Export zip file?: YES
a2ipc2581 complete.
