A!CLASS!REFDES!START_LAYER_NAME!END_LAYER_NAME!SYM_MIRROR!EMBEDDED_STATUS!
J!Z:/cad/designs/uob-hep-pc065a/trunk/design_files/worklib/pc065b_toplevel/physical/pc065b_toplevel_06.brd!Thu Jun 04 10:02:40 2020!-100.0000!-100.0000!200.0000!300.0000!0.0001!millimeters!PC065B_TOPLEVEL!69.133858 mil!8!UP TO DATE!
S!PIN!J3!TOP!TOP!NO!!
S!PIN!J3!TOP!TOP!NO!!
S!PIN!J3!TOP!TOP!NO!!
S!PIN!J3!TOP!TOP!NO!!
S!PIN!J3!TOP!TOP!NO!!
S!PIN!J3!TOP!TOP!NO!!
S!PIN!J3!TOP!TOP!NO!!
S!PIN!J3!TOP!TOP!NO!!
S!PIN!J3!TOP!TOP!NO!!
S!PIN!J3!TOP!TOP!NO!!
S!PIN!J3!TOP!TOP!NO!!
S!PIN!J3!TOP!TOP!NO!!
S!PIN!J3!TOP!TOP!NO!!
S!PIN!J3!TOP!TOP!NO!!
S!PIN!J3!TOP!TOP!NO!!
S!PIN!J3!TOP!TOP!NO!!
S!PIN!J3!TOP!TOP!NO!!
S!PIN!J3!TOP!TOP!NO!!
S!PIN!J3!TOP!TOP!NO!!
S!PIN!J3!TOP!TOP!NO!!
S!PIN!J3!TOP!TOP!NO!!
S!PIN!J3!TOP!TOP!NO!!
S!PIN!J3!TOP!TOP!NO!!
S!PIN!J3!TOP!TOP!NO!!
S!PIN!J3!TOP!TOP!NO!!
S!PIN!J3!TOP!TOP!NO!!
S!PIN!J3!TOP!TOP!NO!!
S!PIN!J3!TOP!TOP!NO!!
S!PIN!J3!TOP!TOP!NO!!
S!PIN!J3!TOP!TOP!NO!!
S!PIN!J3!TOP!TOP!NO!!
S!PIN!J3!TOP!TOP!NO!!
S!PIN!J3!TOP!TOP!NO!!
S!PIN!J3!TOP!TOP!NO!!
S!PIN!J3!TOP!TOP!NO!!
S!PIN!J3!TOP!TOP!NO!!
S!PIN!J3!TOP!TOP!NO!!
S!PIN!J3!TOP!TOP!NO!!
S!PIN!J3!TOP!TOP!NO!!
S!PIN!J3!TOP!TOP!NO!!
S!PIN!J3!TOP!TOP!NO!!
S!PIN!J3!TOP!TOP!NO!!
S!PIN!J3!TOP!TOP!NO!!
S!PIN!J3!TOP!TOP!NO!!
S!PIN!J3!TOP!TOP!NO!!
S!PIN!J3!TOP!TOP!NO!!
S!PIN!J3!TOP!TOP!NO!!
S!PIN!J3!TOP!TOP!NO!!
S!PIN!J3!TOP!TOP!NO!!
S!PIN!J3!TOP!TOP!NO!!
S!PIN!J3!TOP!TOP!NO!!
S!PIN!J3!TOP!TOP!NO!!
S!PIN!J3!TOP!TOP!NO!!
S!PIN!J3!TOP!TOP!NO!!
S!PIN!J3!TOP!TOP!NO!!
S!PIN!J3!TOP!TOP!NO!!
S!PIN!J3!TOP!TOP!NO!!
S!PIN!J3!TOP!TOP!NO!!
S!PIN!J3!TOP!TOP!NO!!
S!PIN!J3!TOP!TOP!NO!!
S!PIN!J3!TOP!TOP!NO!!
S!PIN!J3!TOP!TOP!NO!!
S!PIN!J3!TOP!TOP!NO!!
S!PIN!J3!TOP!TOP!NO!!
S!PIN!J3!TOP!TOP!NO!!
S!PIN!J3!TOP!TOP!NO!!
S!PIN!J3!TOP!TOP!NO!!
S!PIN!J3!TOP!TOP!NO!!
S!PIN!J3!TOP!TOP!NO!!
S!PIN!J3!TOP!TOP!NO!!
S!PIN!J3!TOP!TOP!NO!!
S!PIN!J3!TOP!TOP!NO!!
S!PIN!J3!TOP!TOP!NO!!
S!PIN!J3!TOP!TOP!NO!!
S!PIN!J3!TOP!TOP!NO!!
S!PIN!J3!TOP!TOP!NO!!
S!PIN!J3!TOP!TOP!NO!!
S!PIN!J3!TOP!TOP!NO!!
S!PIN!J3!TOP!TOP!NO!!
S!PIN!J3!TOP!TOP!NO!!
S!PIN!J3!TOP!TOP!NO!!
S!PIN!J3!TOP!TOP!NO!!
S!PIN!J3!TOP!TOP!NO!!
S!PIN!J3!TOP!TOP!NO!!
S!PIN!J3!TOP!TOP!NO!!
S!PIN!J3!TOP!TOP!NO!!
S!PIN!J3!TOP!TOP!NO!!
S!PIN!J3!TOP!TOP!NO!!
S!PIN!J3!TOP!TOP!NO!!
S!PIN!J3!TOP!TOP!NO!!
S!PIN!J3!TOP!TOP!NO!!
S!PIN!J3!TOP!TOP!NO!!
S!PIN!J3!TOP!TOP!NO!!
S!PIN!J3!TOP!TOP!NO!!
S!PIN!J3!TOP!TOP!NO!!
S!PIN!J3!TOP!TOP!NO!!
S!PIN!J3!TOP!TOP!NO!!
S!PIN!J3!TOP!TOP!NO!!
S!PIN!J3!TOP!TOP!NO!!
S!PIN!J3!TOP!TOP!NO!!
S!PIN!J3!TOP!TOP!NO!!
S!PIN!J3!TOP!TOP!NO!!
S!PIN!J3!TOP!TOP!NO!!
S!PIN!J3!TOP!TOP!NO!!
S!PIN!J3!TOP!TOP!NO!!
S!PIN!J3!TOP!TOP!NO!!
S!PIN!J3!TOP!TOP!NO!!
S!PIN!J3!TOP!TOP!NO!!
S!PIN!J3!TOP!TOP!NO!!
S!PIN!J3!TOP!TOP!NO!!
S!PIN!J3!TOP!TOP!NO!!
S!PIN!J3!TOP!TOP!NO!!
S!PIN!J3!TOP!TOP!NO!!
S!PIN!J3!TOP!TOP!NO!!
S!PIN!J3!TOP!TOP!NO!!
S!PIN!J3!TOP!TOP!NO!!
S!PIN!J3!TOP!TOP!NO!!
S!PIN!J3!TOP!TOP!NO!!
S!PIN!J3!TOP!TOP!NO!!
S!PIN!J3!TOP!TOP!NO!!
S!PIN!J3!TOP!TOP!NO!!
S!PIN!J3!TOP!TOP!NO!!
S!PIN!J3!TOP!TOP!NO!!
S!PIN!J3!TOP!TOP!NO!!
S!PIN!J3!TOP!TOP!NO!!
S!PIN!J3!TOP!TOP!NO!!
S!PIN!J3!TOP!TOP!NO!!
S!PIN!J3!TOP!TOP!NO!!
S!PIN!J3!TOP!TOP!NO!!
S!PIN!J3!TOP!TOP!NO!!
S!PIN!J3!TOP!TOP!NO!!
S!PIN!J3!TOP!TOP!NO!!
S!PIN!J3!TOP!TOP!NO!!
S!PIN!J3!TOP!TOP!NO!!
S!PIN!J3!TOP!TOP!NO!!
S!PIN!J3!TOP!TOP!NO!!
S!PIN!J3!TOP!TOP!NO!!
S!PIN!J3!TOP!TOP!NO!!
S!PIN!J3!TOP!TOP!NO!!
S!PIN!J3!TOP!TOP!NO!!
S!PIN!J3!TOP!TOP!NO!!
S!PIN!J3!TOP!TOP!NO!!
S!PIN!J3!TOP!TOP!NO!!
S!PIN!J3!TOP!TOP!NO!!
S!PIN!J3!TOP!TOP!NO!!
S!PIN!J3!TOP!TOP!NO!!
S!PIN!J3!TOP!TOP!NO!!
S!PIN!J3!TOP!TOP!NO!!
S!PIN!J3!TOP!TOP!NO!!
S!PIN!J3!TOP!TOP!NO!!
S!PIN!J3!TOP!TOP!NO!!
S!PIN!J3!TOP!TOP!NO!!
S!PIN!J3!TOP!TOP!NO!!
S!PIN!J3!TOP!TOP!NO!!
S!PIN!J3!TOP!TOP!NO!!
S!PIN!J3!TOP!TOP!NO!!
S!PIN!J3!TOP!TOP!NO!!
S!PIN!J3!TOP!TOP!NO!!
S!PIN!J3!TOP!TOP!NO!!
S!PIN!J3!TOP!TOP!NO!!
S!PIN!J3!TOP!TOP!NO!!
S!PIN!J3!TOP!TOP!NO!!
S!PIN!J3!TOP!TOP!NO!!
S!PIN!J3!TOP!TOP!NO!!
S!PIN!J3!TOP!TOP!NO!!
S!PIN!J3!TOP!TOP!NO!!
S!PIN!J3!TOP!TOP!NO!!
S!PIN!J3!TOP!TOP!NO!!
S!PIN!J3!TOP!TOP!NO!!
S!PIN!J3!TOP!TOP!NO!!
S!PIN!J3!TOP!TOP!NO!!
S!PIN!J3!TOP!TOP!NO!!
S!PIN!J3!TOP!TOP!NO!!
S!PIN!J3!TOP!TOP!NO!!
S!PIN!J3!TOP!TOP!NO!!
S!PIN!J3!TOP!TOP!NO!!
S!PIN!J3!TOP!TOP!NO!!
S!PIN!J3!TOP!TOP!NO!!
S!PIN!J3!TOP!TOP!NO!!
S!PIN!J3!TOP!TOP!NO!!
S!PIN!J3!TOP!TOP!NO!!
S!PIN!J3!TOP!TOP!NO!!
S!PIN!J3!TOP!TOP!NO!!
S!PIN!J3!TOP!TOP!NO!!
S!PIN!J3!TOP!TOP!NO!!
S!PIN!J3!TOP!TOP!NO!!
S!PIN!J3!TOP!TOP!NO!!
S!PIN!J3!TOP!TOP!NO!!
S!PIN!J3!TOP!TOP!NO!!
S!PIN!J3!TOP!TOP!NO!!
S!PIN!J3!TOP!TOP!NO!!
S!PIN!J3!TOP!TOP!NO!!
S!PIN!J3!TOP!TOP!NO!!
S!PIN!J3!TOP!TOP!NO!!
S!PIN!J3!TOP!TOP!NO!!
S!PIN!J3!TOP!TOP!NO!!
S!PIN!J3!TOP!TOP!NO!!
S!PIN!J3!TOP!TOP!NO!!
S!PIN!J3!TOP!TOP!NO!!
S!PIN!J3!TOP!TOP!NO!!
S!PIN!J3!TOP!TOP!NO!!
S!PIN!J3!TOP!TOP!NO!!
S!PIN!J3!TOP!TOP!NO!!
S!PIN!J3!TOP!TOP!NO!!
S!PIN!J3!TOP!TOP!NO!!
S!PIN!J3!TOP!TOP!NO!!
S!PIN!J3!TOP!TOP!NO!!
S!PIN!J3!TOP!TOP!NO!!
S!PIN!J3!TOP!TOP!NO!!
S!PIN!J3!TOP!TOP!NO!!
S!PIN!J3!TOP!TOP!NO!!
S!PIN!J3!TOP!TOP!NO!!
S!PIN!J3!TOP!TOP!NO!!
S!PIN!J3!TOP!TOP!NO!!
S!PIN!J3!TOP!TOP!NO!!
S!PIN!J3!TOP!TOP!NO!!
S!PIN!J3!TOP!TOP!NO!!
S!PIN!J3!TOP!TOP!NO!!
S!PIN!J3!TOP!TOP!NO!!
S!PIN!J3!TOP!TOP!NO!!
S!PIN!J3!TOP!TOP!NO!!
S!PIN!J3!TOP!TOP!NO!!
S!PIN!J3!TOP!TOP!NO!!
S!PIN!J3!TOP!TOP!NO!!
S!PIN!J3!TOP!TOP!NO!!
S!PIN!J3!TOP!TOP!NO!!
S!PIN!J3!TOP!TOP!NO!!
S!PIN!J3!TOP!TOP!NO!!
S!PIN!J3!TOP!TOP!NO!!
S!PIN!J3!TOP!TOP!NO!!
S!PIN!J3!TOP!TOP!NO!!
S!PIN!J3!TOP!TOP!NO!!
S!PIN!J3!TOP!TOP!NO!!
S!PIN!J3!TOP!TOP!NO!!
S!PIN!J3!TOP!TOP!NO!!
S!PIN!J3!TOP!TOP!NO!!
S!PIN!J3!TOP!TOP!NO!!
S!PIN!J3!TOP!TOP!NO!!
S!PIN!J3!TOP!TOP!NO!!
S!PIN!J3!TOP!TOP!NO!!
S!PIN!J3!TOP!TOP!NO!!
S!PIN!J3!TOP!TOP!NO!!
S!PIN!J3!TOP!TOP!NO!!
S!PIN!J3!TOP!TOP!NO!!
S!PIN!J3!TOP!TOP!NO!!
S!PIN!J3!TOP!TOP!NO!!
S!PIN!J3!TOP!TOP!NO!!
S!PIN!J3!TOP!TOP!NO!!
S!PIN!J3!TOP!TOP!NO!!
S!PIN!J3!TOP!TOP!NO!!
S!PIN!J3!TOP!TOP!NO!!
S!PIN!J3!TOP!TOP!NO!!
S!PIN!J3!TOP!TOP!NO!!
S!PIN!J3!TOP!TOP!NO!!
S!PIN!J3!TOP!TOP!NO!!
S!PIN!J3!TOP!TOP!NO!!
S!PIN!J3!TOP!TOP!NO!!
S!PIN!J3!TOP!TOP!NO!!
S!PIN!J3!TOP!TOP!NO!!
S!PIN!J3!TOP!TOP!NO!!
S!PIN!J3!TOP!TOP!NO!!
S!PIN!J3!TOP!TOP!NO!!
S!PIN!J3!TOP!TOP!NO!!
S!PIN!J3!TOP!TOP!NO!!
S!PIN!J3!TOP!TOP!NO!!
S!PIN!J3!TOP!TOP!NO!!
S!PIN!J3!TOP!TOP!NO!!
S!PIN!J3!TOP!TOP!NO!!
S!PIN!J3!TOP!TOP!NO!!
S!PIN!J3!TOP!TOP!NO!!
S!PIN!J3!TOP!TOP!NO!!
S!PIN!J3!TOP!TOP!NO!!
S!PIN!J3!TOP!TOP!NO!!
S!PIN!J3!TOP!TOP!NO!!
S!PIN!J3!TOP!TOP!NO!!
S!PIN!J3!TOP!TOP!NO!!
S!PIN!J3!TOP!TOP!NO!!
S!PIN!J3!TOP!TOP!NO!!
S!PIN!J3!TOP!TOP!NO!!
S!PIN!J3!TOP!TOP!NO!!
S!PIN!J3!TOP!TOP!NO!!
S!PIN!J3!TOP!TOP!NO!!
S!PIN!J3!TOP!TOP!NO!!
S!PIN!J3!TOP!TOP!NO!!
S!PIN!J3!TOP!TOP!NO!!
S!PIN!J3!TOP!TOP!NO!!
S!PIN!J3!TOP!TOP!NO!!
S!PIN!J3!TOP!TOP!NO!!
S!PIN!J3!TOP!TOP!NO!!
S!PIN!J3!TOP!TOP!NO!!
S!PIN!J3!TOP!TOP!NO!!
S!PIN!J3!TOP!TOP!NO!!
S!PIN!J3!TOP!TOP!NO!!
S!PIN!J3!TOP!TOP!NO!!
S!PIN!J3!TOP!TOP!NO!!
S!PIN!J3!TOP!TOP!NO!!
S!PIN!J3!TOP!TOP!NO!!
S!PIN!J3!TOP!TOP!NO!!
S!PIN!J3!TOP!TOP!NO!!
S!PIN!J3!TOP!TOP!NO!!
S!PIN!J3!TOP!TOP!NO!!
S!PIN!J3!TOP!TOP!NO!!
S!PIN!J3!TOP!TOP!NO!!
S!PIN!J3!TOP!TOP!NO!!
S!PIN!J3!TOP!TOP!NO!!
S!PIN!J3!TOP!TOP!NO!!
S!PIN!J3!TOP!TOP!NO!!
S!PIN!J3!TOP!TOP!NO!!
S!PIN!J3!TOP!TOP!NO!!
S!PIN!J3!TOP!TOP!NO!!
S!PIN!J3!TOP!TOP!NO!!
S!PIN!J3!TOP!TOP!NO!!
S!PIN!J3!TOP!TOP!NO!!
S!PIN!J3!TOP!TOP!NO!!
S!PIN!J3!TOP!TOP!NO!!
S!PIN!J3!TOP!TOP!NO!!
S!PIN!J3!TOP!TOP!NO!!
S!PIN!J3!TOP!TOP!NO!!
S!PIN!J3!TOP!TOP!NO!!
S!PIN!J3!TOP!TOP!NO!!
S!PIN!J3!TOP!TOP!NO!!
S!PIN!J3!TOP!TOP!NO!!
S!PIN!J3!TOP!TOP!NO!!
S!PIN!J3!TOP!TOP!NO!!
S!PIN!J3!TOP!TOP!NO!!
S!PIN!J3!TOP!TOP!NO!!
S!PIN!J3!TOP!TOP!NO!!
S!PIN!J3!TOP!TOP!NO!!
S!PIN!J3!TOP!TOP!NO!!
S!PIN!J3!TOP!TOP!NO!!
S!PIN!J3!TOP!TOP!NO!!
S!PIN!J3!TOP!TOP!NO!!
S!PIN!J3!TOP!TOP!NO!!
S!PIN!J3!TOP!TOP!NO!!
S!PIN!J3!TOP!TOP!NO!!
S!PIN!J3!TOP!TOP!NO!!
S!PIN!J3!TOP!TOP!NO!!
S!PIN!J3!TOP!TOP!NO!!
S!PIN!J3!TOP!TOP!NO!!
S!PIN!J3!TOP!TOP!NO!!
S!PIN!J3!TOP!TOP!NO!!
S!PIN!J3!TOP!TOP!NO!!
S!PIN!J3!TOP!TOP!NO!!
S!PIN!J3!TOP!TOP!NO!!
S!PIN!J3!TOP!TOP!NO!!
S!PIN!J3!TOP!TOP!NO!!
S!PIN!J3!TOP!TOP!NO!!
S!PIN!J3!TOP!TOP!NO!!
S!PIN!J3!TOP!TOP!NO!!
S!PIN!J3!TOP!TOP!NO!!
S!PIN!J3!TOP!TOP!NO!!
S!PIN!J3!TOP!TOP!NO!!
S!PIN!J3!TOP!TOP!NO!!
S!PIN!J3!TOP!TOP!NO!!
S!PIN!J3!TOP!TOP!NO!!
S!PIN!J3!TOP!TOP!NO!!
S!PIN!J3!TOP!TOP!NO!!
S!PIN!J3!TOP!TOP!NO!!
S!PIN!J3!TOP!TOP!NO!!
S!PIN!J3!TOP!TOP!NO!!
S!PIN!J3!TOP!TOP!NO!!
S!PIN!J3!TOP!TOP!NO!!
S!PIN!J3!TOP!TOP!NO!!
S!PIN!J3!TOP!TOP!NO!!
S!PIN!J3!TOP!TOP!NO!!
S!PIN!J3!TOP!TOP!NO!!
S!PIN!J3!TOP!TOP!NO!!
S!PIN!J3!TOP!TOP!NO!!
S!PIN!J3!TOP!TOP!NO!!
S!PIN!J3!TOP!TOP!NO!!
S!PIN!J3!TOP!TOP!NO!!
S!PIN!J3!TOP!TOP!NO!!
S!PIN!J3!TOP!TOP!NO!!
S!PIN!J3!TOP!TOP!NO!!
S!PIN!J3!TOP!TOP!NO!!
S!PIN!J3!TOP!TOP!NO!!
S!PIN!J3!TOP!TOP!NO!!
S!PIN!J3!TOP!TOP!NO!!
S!PIN!J3!TOP!TOP!NO!!
S!PIN!J3!TOP!TOP!NO!!
S!PIN!J3!TOP!TOP!NO!!
S!PIN!J3!TOP!TOP!NO!!
S!PIN!J3!TOP!TOP!NO!!
S!PIN!J3!TOP!TOP!NO!!
S!PIN!J3!TOP!TOP!NO!!
S!PIN!J3!TOP!TOP!NO!!
S!PIN!J3!TOP!TOP!NO!!
S!PIN!J3!TOP!TOP!NO!!
S!PIN!J3!TOP!TOP!NO!!
S!PIN!J3!TOP!TOP!NO!!
S!PIN!J3!TOP!TOP!NO!!
S!PIN!J3!TOP!TOP!NO!!
S!PIN!J3!TOP!TOP!NO!!
S!PIN!J3!TOP!TOP!NO!!
S!PIN!J3!TOP!TOP!NO!!
S!PIN!J3!TOP!TOP!NO!!
S!PIN!J3!TOP!TOP!NO!!
S!PIN!J3!TOP!TOP!NO!!
S!PIN!J3!TOP!TOP!NO!!
S!PIN!J3!TOP!TOP!NO!!
S!PIN!J3!TOP!BOTTOM!NO!!
S!PIN!J3!TOP!BOTTOM!NO!!
S!PIN!R58!BOTTOM!BOTTOM!YES!!
S!PIN!R58!BOTTOM!BOTTOM!YES!!
S!PIN!R33!BOTTOM!BOTTOM!YES!!
S!PIN!R33!BOTTOM!BOTTOM!YES!!
S!PIN!IC1!TOP!TOP!NO!!
S!PIN!IC1!TOP!TOP!NO!!
S!PIN!IC1!TOP!TOP!NO!!
S!PIN!IC1!TOP!TOP!NO!!
S!PIN!IC1!TOP!TOP!NO!!
S!PIN!IC1!TOP!TOP!NO!!
S!PIN!IC1!TOP!TOP!NO!!
S!PIN!IC1!TOP!TOP!NO!!
S!PIN!PX2!BOTTOM!BOTTOM!YES!!
S!PIN!PX2!BOTTOM!BOTTOM!YES!!
S!PIN!PX2!BOTTOM!BOTTOM!YES!!
S!PIN!PX1!BOTTOM!BOTTOM!YES!!
S!PIN!PX1!BOTTOM!BOTTOM!YES!!
S!PIN!PX1!BOTTOM!BOTTOM!YES!!
S!PIN!IC9!TOP!TOP!NO!!
S!PIN!IC9!TOP!TOP!NO!!
S!PIN!IC9!TOP!TOP!NO!!
S!PIN!IC9!TOP!TOP!NO!!
S!PIN!IC9!TOP!TOP!NO!!
S!PIN!IC9!TOP!TOP!NO!!
S!PIN!IC9!TOP!TOP!NO!!
S!PIN!IC9!TOP!TOP!NO!!
S!PIN!IC9!TOP!TOP!NO!!
S!PIN!IC9!TOP!TOP!NO!!
S!PIN!IC9!TOP!TOP!NO!!
S!PIN!IC9!TOP!TOP!NO!!
S!PIN!IC9!TOP!TOP!NO!!
S!PIN!IC9!TOP!TOP!NO!!
S!PIN!IC9!TOP!TOP!NO!!
S!PIN!IC9!TOP!TOP!NO!!
S!PIN!IC9!TOP!TOP!NO!!
S!PIN!IC9!TOP!TOP!NO!!
S!PIN!IC9!TOP!TOP!NO!!
S!PIN!IC9!TOP!TOP!NO!!
S!PIN!IC9!TOP!TOP!NO!!
S!PIN!IC9!TOP!TOP!NO!!
S!PIN!IC9!TOP!TOP!NO!!
S!PIN!IC9!TOP!TOP!NO!!
S!PIN!IC9!TOP!TOP!NO!!
S!PIN!IC9!TOP!TOP!NO!!
S!PIN!IC9!TOP!TOP!NO!!
S!PIN!IC9!TOP!TOP!NO!!
S!PIN!IC9!TOP!TOP!NO!!
S!PIN!IC9!TOP!TOP!NO!!
S!PIN!IC9!TOP!TOP!NO!!
S!PIN!IC9!TOP!TOP!NO!!
S!PIN!IC9!TOP!TOP!NO!!
S!PIN!IC8!BOTTOM!BOTTOM!YES!!
S!PIN!IC8!BOTTOM!BOTTOM!YES!!
S!PIN!IC8!BOTTOM!BOTTOM!YES!!
S!PIN!IC8!BOTTOM!BOTTOM!YES!!
S!PIN!IC8!BOTTOM!BOTTOM!YES!!
S!PIN!IC8!BOTTOM!BOTTOM!YES!!
S!PIN!IC8!BOTTOM!BOTTOM!YES!!
S!PIN!IC8!BOTTOM!BOTTOM!YES!!
S!PIN!IC8!BOTTOM!BOTTOM!YES!!
S!PIN!IC8!BOTTOM!BOTTOM!YES!!
S!PIN!IC8!BOTTOM!BOTTOM!YES!!
S!PIN!IC8!BOTTOM!BOTTOM!YES!!
S!PIN!IC8!BOTTOM!BOTTOM!YES!!
S!PIN!IC8!BOTTOM!BOTTOM!YES!!
S!PIN!IC8!BOTTOM!BOTTOM!YES!!
S!PIN!IC8!BOTTOM!BOTTOM!YES!!
S!PIN!IC8!BOTTOM!BOTTOM!YES!!
S!PIN!IC8!BOTTOM!BOTTOM!YES!!
S!PIN!IC8!BOTTOM!BOTTOM!YES!!
S!PIN!IC8!BOTTOM!BOTTOM!YES!!
S!PIN!IC8!BOTTOM!BOTTOM!YES!!
S!PIN!IC8!BOTTOM!BOTTOM!YES!!
S!PIN!IC8!BOTTOM!BOTTOM!YES!!
S!PIN!IC8!BOTTOM!BOTTOM!YES!!
S!PIN!!TOP!BOTTOM!NO!!
S!PIN!!TOP!BOTTOM!NO!!
S!PIN!!TOP!BOTTOM!NO!!
S!PIN!!TOP!BOTTOM!NO!!
S!PIN!!TOP!BOTTOM!NO!!
S!PIN!QZ1!TOP!TOP!NO!!
S!PIN!QZ1!TOP!TOP!NO!!
S!PIN!QZ1!TOP!TOP!NO!!
S!PIN!QZ1!TOP!TOP!NO!!
S!PIN!QZ1!TOP!TOP!NO!!
S!PIN!QZ1!TOP!TOP!NO!!
S!PIN!U2!TOP!TOP!NO!!
S!PIN!U2!TOP!TOP!NO!!
S!PIN!U2!TOP!TOP!NO!!
S!PIN!U2!TOP!TOP!NO!!
S!PIN!U2!TOP!TOP!NO!!
S!PIN!U2!TOP!TOP!NO!!
S!PIN!U2!TOP!TOP!NO!!
S!PIN!L3!TOP!TOP!NO!!
S!PIN!L3!TOP!TOP!NO!!
S!PIN!L2!TOP!TOP!NO!!
S!PIN!L2!TOP!TOP!NO!!
S!PIN!L1!TOP!TOP!NO!!
S!PIN!L1!TOP!TOP!NO!!
S!PIN!IC3!BOTTOM!BOTTOM!YES!!
S!PIN!IC3!BOTTOM!BOTTOM!YES!!
S!PIN!IC3!BOTTOM!BOTTOM!YES!!
S!PIN!IC3!BOTTOM!BOTTOM!YES!!
S!PIN!IC3!BOTTOM!BOTTOM!YES!!
S!PIN!IC3!BOTTOM!BOTTOM!YES!!
S!PIN!IC3!BOTTOM!BOTTOM!YES!!
S!PIN!IC3!BOTTOM!BOTTOM!YES!!
S!PIN!IC3!BOTTOM!BOTTOM!YES!!
S!PIN!IC3!BOTTOM!BOTTOM!YES!!
S!PIN!IC3!BOTTOM!BOTTOM!YES!!
S!PIN!IC3!BOTTOM!BOTTOM!YES!!
S!PIN!IC3!BOTTOM!BOTTOM!YES!!
S!PIN!IC3!BOTTOM!BOTTOM!YES!!
S!PIN!IC3!BOTTOM!BOTTOM!YES!!
S!PIN!IC3!BOTTOM!BOTTOM!YES!!
S!PIN!IC3!BOTTOM!BOTTOM!YES!!
S!PIN!IC3!BOTTOM!BOTTOM!YES!!
S!PIN!IC3!BOTTOM!BOTTOM!YES!!
S!PIN!IC3!BOTTOM!BOTTOM!YES!!
S!PIN!IC3!BOTTOM!BOTTOM!YES!!
S!PIN!IC3!BOTTOM!BOTTOM!YES!!
S!PIN!IC3!BOTTOM!BOTTOM!YES!!
S!PIN!IC3!BOTTOM!BOTTOM!YES!!
S!PIN!IC3!BOTTOM!BOTTOM!YES!!
S!PIN!IC3!BOTTOM!BOTTOM!YES!!
S!PIN!IC3!BOTTOM!BOTTOM!YES!!
S!PIN!IC3!BOTTOM!BOTTOM!YES!!
S!PIN!IC3!BOTTOM!BOTTOM!YES!!
S!PIN!IC3!BOTTOM!BOTTOM!YES!!
S!PIN!IC3!BOTTOM!BOTTOM!YES!!
S!PIN!IC3!BOTTOM!BOTTOM!YES!!
S!PIN!IC3!BOTTOM!BOTTOM!YES!!
S!PIN!IC3!BOTTOM!BOTTOM!YES!!
S!PIN!IC3!BOTTOM!BOTTOM!YES!!
S!PIN!IC3!BOTTOM!BOTTOM!YES!!
S!PIN!IC3!BOTTOM!BOTTOM!YES!!
S!PIN!IC3!BOTTOM!BOTTOM!YES!!
S!PIN!IC3!BOTTOM!BOTTOM!YES!!
S!PIN!IC3!BOTTOM!BOTTOM!YES!!
S!PIN!IC3!BOTTOM!BOTTOM!YES!!
S!PIN!IC3!BOTTOM!BOTTOM!YES!!
S!PIN!IC3!BOTTOM!BOTTOM!YES!!
S!PIN!IC3!BOTTOM!BOTTOM!YES!!
S!PIN!IC3!BOTTOM!BOTTOM!YES!!
S!PIN!IC3!BOTTOM!BOTTOM!YES!!
S!PIN!IC3!BOTTOM!BOTTOM!YES!!
S!PIN!IC3!BOTTOM!BOTTOM!YES!!
S!PIN!IC3!BOTTOM!BOTTOM!YES!!
S!PIN!IC3!BOTTOM!BOTTOM!YES!!
S!PIN!IC3!BOTTOM!BOTTOM!YES!!
S!PIN!IC3!BOTTOM!BOTTOM!YES!!
S!PIN!IC3!BOTTOM!BOTTOM!YES!!
S!PIN!IC3!BOTTOM!BOTTOM!YES!!
S!PIN!IC3!BOTTOM!BOTTOM!YES!!
S!PIN!IC3!BOTTOM!BOTTOM!YES!!
S!PIN!IC3!BOTTOM!BOTTOM!YES!!
S!PIN!IC3!BOTTOM!BOTTOM!YES!!
S!PIN!IC3!BOTTOM!BOTTOM!YES!!
S!PIN!IC3!BOTTOM!BOTTOM!YES!!
S!PIN!IC3!BOTTOM!BOTTOM!YES!!
S!PIN!IC3!BOTTOM!BOTTOM!YES!!
S!PIN!IC3!BOTTOM!BOTTOM!YES!!
S!PIN!IC3!BOTTOM!BOTTOM!YES!!
S!PIN!IC3!BOTTOM!BOTTOM!YES!!
S!PIN!IC13!TOP!TOP!NO!!
S!PIN!IC13!TOP!TOP!NO!!
S!PIN!IC13!TOP!TOP!NO!!
S!PIN!IC13!TOP!TOP!NO!!
S!PIN!IC13!TOP!TOP!NO!!
S!PIN!IC13!TOP!TOP!NO!!
S!PIN!IC13!TOP!TOP!NO!!
S!PIN!IC13!TOP!TOP!NO!!
S!PIN!IC13!TOP!TOP!NO!!
S!PIN!IC13!TOP!TOP!NO!!
S!PIN!IC13!TOP!TOP!NO!!
S!PIN!IC13!TOP!TOP!NO!!
S!PIN!IC13!TOP!TOP!NO!!
S!PIN!IC13!TOP!TOP!NO!!
S!PIN!IC13!TOP!TOP!NO!!
S!PIN!IC13!TOP!TOP!NO!!
S!PIN!IC13!TOP!TOP!NO!!
S!PIN!IC7!TOP!TOP!NO!!
S!PIN!IC7!TOP!TOP!NO!!
S!PIN!IC7!TOP!TOP!NO!!
S!PIN!IC7!TOP!TOP!NO!!
S!PIN!IC7!TOP!TOP!NO!!
S!PIN!IC7!TOP!TOP!NO!!
S!PIN!IC7!TOP!TOP!NO!!
S!PIN!IC7!TOP!TOP!NO!!
S!PIN!IC7!TOP!TOP!NO!!
S!PIN!IC7!TOP!TOP!NO!!
S!PIN!IC7!TOP!TOP!NO!!
S!PIN!IC7!TOP!TOP!NO!!
S!PIN!IC7!TOP!TOP!NO!!
S!PIN!IC7!TOP!TOP!NO!!
S!PIN!IC7!TOP!TOP!NO!!
S!PIN!IC7!TOP!TOP!NO!!
S!PIN!IC7!TOP!TOP!NO!!
S!PIN!IC6!TOP!TOP!NO!!
S!PIN!IC6!TOP!TOP!NO!!
S!PIN!IC6!TOP!TOP!NO!!
S!PIN!IC6!TOP!TOP!NO!!
S!PIN!IC6!TOP!TOP!NO!!
S!PIN!IC6!TOP!TOP!NO!!
S!PIN!IC6!TOP!TOP!NO!!
S!PIN!IC6!TOP!TOP!NO!!
S!PIN!IC6!TOP!TOP!NO!!
S!PIN!IC6!TOP!TOP!NO!!
S!PIN!IC6!TOP!TOP!NO!!
S!PIN!IC6!TOP!TOP!NO!!
S!PIN!IC6!TOP!TOP!NO!!
S!PIN!IC6!TOP!TOP!NO!!
S!PIN!IC6!TOP!TOP!NO!!
S!PIN!IC6!TOP!TOP!NO!!
S!PIN!IC6!TOP!TOP!NO!!
S!PIN!IC5!TOP!TOP!NO!!
S!PIN!IC5!TOP!TOP!NO!!
S!PIN!IC5!TOP!TOP!NO!!
S!PIN!IC5!TOP!TOP!NO!!
S!PIN!IC5!TOP!TOP!NO!!
S!PIN!IC5!TOP!TOP!NO!!
S!PIN!IC5!TOP!TOP!NO!!
S!PIN!IC5!TOP!TOP!NO!!
S!PIN!IC5!TOP!TOP!NO!!
S!PIN!IC5!TOP!TOP!NO!!
S!PIN!IC5!TOP!TOP!NO!!
S!PIN!IC5!TOP!TOP!NO!!
S!PIN!IC5!TOP!TOP!NO!!
S!PIN!IC5!TOP!TOP!NO!!
S!PIN!IC5!TOP!TOP!NO!!
S!PIN!IC5!TOP!TOP!NO!!
S!PIN!IC5!TOP!TOP!NO!!
S!PIN!IC4!TOP!TOP!NO!!
S!PIN!IC4!TOP!TOP!NO!!
S!PIN!IC4!TOP!TOP!NO!!
S!PIN!IC4!TOP!TOP!NO!!
S!PIN!IC4!TOP!TOP!NO!!
S!PIN!IC4!TOP!TOP!NO!!
S!PIN!IC4!TOP!TOP!NO!!
S!PIN!IC4!TOP!TOP!NO!!
S!PIN!IC4!TOP!TOP!NO!!
S!PIN!IC4!TOP!TOP!NO!!
S!PIN!IC4!TOP!TOP!NO!!
S!PIN!IC4!TOP!TOP!NO!!
S!PIN!IC4!TOP!TOP!NO!!
S!PIN!IC4!TOP!TOP!NO!!
S!PIN!IC4!TOP!TOP!NO!!
S!PIN!IC4!TOP!TOP!NO!!
S!PIN!IC4!TOP!TOP!NO!!
S!PIN!J40!TOP!BOTTOM!YES!!
S!PIN!J40!TOP!BOTTOM!YES!!
S!PIN!J40!TOP!BOTTOM!YES!!
S!PIN!J40!TOP!BOTTOM!YES!!
S!PIN!U11!TOP!TOP!NO!!
S!PIN!U11!TOP!TOP!NO!!
S!PIN!U11!TOP!TOP!NO!!
S!PIN!U11!TOP!TOP!NO!!
S!PIN!U11!TOP!TOP!NO!!
S!PIN!U11!TOP!TOP!NO!!
S!PIN!U11!TOP!TOP!NO!!
S!PIN!U11!TOP!TOP!NO!!
S!PIN!U11!TOP!TOP!NO!!
S!PIN!TP10!TOP!BOTTOM!YES!!
S!PIN!TP1!TOP!BOTTOM!YES!!
S!PIN!L13!BOTTOM!BOTTOM!YES!!
S!PIN!L13!BOTTOM!BOTTOM!YES!!
S!PIN!L12!BOTTOM!BOTTOM!YES!!
S!PIN!L12!BOTTOM!BOTTOM!YES!!
S!PIN!L15!BOTTOM!BOTTOM!YES!!
S!PIN!L15!BOTTOM!BOTTOM!YES!!
S!PIN!L14!BOTTOM!BOTTOM!YES!!
S!PIN!L14!BOTTOM!BOTTOM!YES!!
S!PIN!L17!BOTTOM!BOTTOM!YES!!
S!PIN!L17!BOTTOM!BOTTOM!YES!!
S!PIN!L16!BOTTOM!BOTTOM!YES!!
S!PIN!L16!BOTTOM!BOTTOM!YES!!
S!PIN!L19!BOTTOM!BOTTOM!YES!!
S!PIN!L19!BOTTOM!BOTTOM!YES!!
S!PIN!L18!BOTTOM!BOTTOM!YES!!
S!PIN!L18!BOTTOM!BOTTOM!YES!!
S!PIN!L11!BOTTOM!BOTTOM!YES!!
S!PIN!L11!BOTTOM!BOTTOM!YES!!
S!PIN!L10!BOTTOM!BOTTOM!YES!!
S!PIN!L10!BOTTOM!BOTTOM!YES!!
S!PIN!L9!BOTTOM!BOTTOM!YES!!
S!PIN!L9!BOTTOM!BOTTOM!YES!!
S!PIN!L8!BOTTOM!BOTTOM!YES!!
S!PIN!L8!BOTTOM!BOTTOM!YES!!
S!PIN!L7!BOTTOM!BOTTOM!YES!!
S!PIN!L7!BOTTOM!BOTTOM!YES!!
S!PIN!L6!BOTTOM!BOTTOM!YES!!
S!PIN!L6!BOTTOM!BOTTOM!YES!!
S!PIN!L5!BOTTOM!BOTTOM!YES!!
S!PIN!L5!BOTTOM!BOTTOM!YES!!
S!PIN!L4!BOTTOM!BOTTOM!YES!!
S!PIN!L4!BOTTOM!BOTTOM!YES!!
S!PIN!C39!TOP!TOP!NO!!
S!PIN!C39!TOP!TOP!NO!!
S!PIN!C37!TOP!TOP!NO!!
S!PIN!C37!TOP!TOP!NO!!
S!PIN!C2!TOP!TOP!NO!!
S!PIN!C2!TOP!TOP!NO!!
S!PIN!C111!TOP!TOP!NO!!
S!PIN!C111!TOP!TOP!NO!!
S!PIN!C109!TOP!TOP!NO!!
S!PIN!C109!TOP!TOP!NO!!
S!PIN!C107!TOP!TOP!NO!!
S!PIN!C107!TOP!TOP!NO!!
S!PIN!C105!TOP!TOP!NO!!
S!PIN!C105!TOP!TOP!NO!!
S!PIN!C19!TOP!TOP!NO!!
S!PIN!C19!TOP!TOP!NO!!
S!PIN!C17!TOP!TOP!NO!!
S!PIN!C17!TOP!TOP!NO!!
S!PIN!C16!TOP!TOP!NO!!
S!PIN!C16!TOP!TOP!NO!!
S!PIN!C12!TOP!TOP!NO!!
S!PIN!C12!TOP!TOP!NO!!
S!PIN!C8!TOP!TOP!NO!!
S!PIN!C8!TOP!TOP!NO!!
S!PIN!C6!TOP!TOP!NO!!
S!PIN!C6!TOP!TOP!NO!!
S!PIN!C4!TOP!TOP!NO!!
S!PIN!C4!TOP!TOP!NO!!
S!PIN!C3!TOP!TOP!NO!!
S!PIN!C3!TOP!TOP!NO!!
S!PIN!C103!TOP!TOP!NO!!
S!PIN!C103!TOP!TOP!NO!!
S!PIN!C100!TOP!TOP!NO!!
S!PIN!C100!TOP!TOP!NO!!
S!PIN!C99!TOP!TOP!NO!!
S!PIN!C99!TOP!TOP!NO!!
S!PIN!C62!BOTTOM!BOTTOM!YES!!
S!PIN!C62!BOTTOM!BOTTOM!YES!!
S!PIN!C60!BOTTOM!BOTTOM!YES!!
S!PIN!C60!BOTTOM!BOTTOM!YES!!
S!PIN!C67!BOTTOM!BOTTOM!YES!!
S!PIN!C67!BOTTOM!BOTTOM!YES!!
S!PIN!C65!BOTTOM!BOTTOM!YES!!
S!PIN!C65!BOTTOM!BOTTOM!YES!!
S!PIN!C72!BOTTOM!BOTTOM!YES!!
S!PIN!C72!BOTTOM!BOTTOM!YES!!
S!PIN!C70!BOTTOM!BOTTOM!YES!!
S!PIN!C70!BOTTOM!BOTTOM!YES!!
S!PIN!C77!BOTTOM!BOTTOM!YES!!
S!PIN!C77!BOTTOM!BOTTOM!YES!!
S!PIN!C75!BOTTOM!BOTTOM!YES!!
S!PIN!C75!BOTTOM!BOTTOM!YES!!
S!PIN!C53!BOTTOM!BOTTOM!YES!!
S!PIN!C53!BOTTOM!BOTTOM!YES!!
S!PIN!C51!BOTTOM!BOTTOM!YES!!
S!PIN!C51!BOTTOM!BOTTOM!YES!!
S!PIN!C48!BOTTOM!BOTTOM!YES!!
S!PIN!C48!BOTTOM!BOTTOM!YES!!
S!PIN!C46!BOTTOM!BOTTOM!YES!!
S!PIN!C46!BOTTOM!BOTTOM!YES!!
S!PIN!C43!BOTTOM!BOTTOM!YES!!
S!PIN!C43!BOTTOM!BOTTOM!YES!!
S!PIN!C41!BOTTOM!BOTTOM!YES!!
S!PIN!C41!BOTTOM!BOTTOM!YES!!
S!PIN!C34!BOTTOM!BOTTOM!YES!!
S!PIN!C34!BOTTOM!BOTTOM!YES!!
S!PIN!C32!BOTTOM!BOTTOM!YES!!
S!PIN!C32!BOTTOM!BOTTOM!YES!!
S!PIN!R66!BOTTOM!BOTTOM!YES!!
S!PIN!R66!BOTTOM!BOTTOM!YES!!
S!PIN!C117!BOTTOM!BOTTOM!YES!!
S!PIN!C117!BOTTOM!BOTTOM!YES!!
S!PIN!C116!BOTTOM!BOTTOM!YES!!
S!PIN!C116!BOTTOM!BOTTOM!YES!!
S!PIN!C115!BOTTOM!BOTTOM!YES!!
S!PIN!C115!BOTTOM!BOTTOM!YES!!
S!PIN!C114!BOTTOM!BOTTOM!YES!!
S!PIN!C114!BOTTOM!BOTTOM!YES!!
S!PIN!C113!BOTTOM!BOTTOM!YES!!
S!PIN!C113!BOTTOM!BOTTOM!YES!!
S!PIN!R204!BOTTOM!BOTTOM!YES!!
S!PIN!R204!BOTTOM!BOTTOM!YES!!
S!PIN!R203!BOTTOM!BOTTOM!YES!!
S!PIN!R203!BOTTOM!BOTTOM!YES!!
S!PIN!R202!BOTTOM!BOTTOM!YES!!
S!PIN!R202!BOTTOM!BOTTOM!YES!!
S!PIN!R201!BOTTOM!BOTTOM!YES!!
S!PIN!R201!BOTTOM!BOTTOM!YES!!
S!PIN!C112!TOP!TOP!NO!!
S!PIN!C112!TOP!TOP!NO!!
S!PIN!R200!TOP!TOP!NO!!
S!PIN!R200!TOP!TOP!NO!!
S!PIN!R199!TOP!TOP!NO!!
S!PIN!R199!TOP!TOP!NO!!
S!PIN!R198!TOP!TOP!NO!!
S!PIN!R198!TOP!TOP!NO!!
S!PIN!R197!TOP!TOP!NO!!
S!PIN!R197!TOP!TOP!NO!!
S!PIN!R196!TOP!TOP!NO!!
S!PIN!R196!TOP!TOP!NO!!
S!PIN!R195!TOP!TOP!NO!!
S!PIN!R195!TOP!TOP!NO!!
S!PIN!R194!TOP!TOP!NO!!
S!PIN!R194!TOP!TOP!NO!!
S!PIN!R193!TOP!TOP!NO!!
S!PIN!R193!TOP!TOP!NO!!
S!PIN!R192!TOP!TOP!NO!!
S!PIN!R192!TOP!TOP!NO!!
S!PIN!R191!TOP!TOP!NO!!
S!PIN!R191!TOP!TOP!NO!!
S!PIN!R190!TOP!TOP!NO!!
S!PIN!R190!TOP!TOP!NO!!
S!PIN!R189!TOP!TOP!NO!!
S!PIN!R189!TOP!TOP!NO!!
S!PIN!R188!TOP!TOP!NO!!
S!PIN!R188!TOP!TOP!NO!!
S!PIN!R187!TOP!TOP!NO!!
S!PIN!R187!TOP!TOP!NO!!
S!PIN!R186!TOP!TOP!NO!!
S!PIN!R186!TOP!TOP!NO!!
S!PIN!R1!TOP!TOP!NO!!
S!PIN!R1!TOP!TOP!NO!!
S!PIN!R185!BOTTOM!BOTTOM!YES!!
S!PIN!R185!BOTTOM!BOTTOM!YES!!
S!PIN!R184!BOTTOM!BOTTOM!YES!!
S!PIN!R184!BOTTOM!BOTTOM!YES!!
S!PIN!R179!TOP!TOP!NO!!
S!PIN!R179!TOP!TOP!NO!!
S!PIN!R178!TOP!TOP!NO!!
S!PIN!R178!TOP!TOP!NO!!
S!PIN!R177!TOP!TOP!NO!!
S!PIN!R177!TOP!TOP!NO!!
S!PIN!R176!TOP!TOP!NO!!
S!PIN!R176!TOP!TOP!NO!!
S!PIN!R94!TOP!TOP!NO!!
S!PIN!R94!TOP!TOP!NO!!
S!PIN!R93!TOP!TOP!NO!!
S!PIN!R93!TOP!TOP!NO!!
S!PIN!C98!TOP!TOP!NO!!
S!PIN!C98!TOP!TOP!NO!!
S!PIN!C97!TOP!TOP!NO!!
S!PIN!C97!TOP!TOP!NO!!
S!PIN!C38!TOP!TOP!NO!!
S!PIN!C38!TOP!TOP!NO!!
S!PIN!C36!TOP!TOP!NO!!
S!PIN!C36!TOP!TOP!NO!!
S!PIN!C1!TOP!TOP!NO!!
S!PIN!C1!TOP!TOP!NO!!
S!PIN!R30!BOTTOM!BOTTOM!YES!!
S!PIN!R30!BOTTOM!BOTTOM!YES!!
S!PIN!R175!BOTTOM!BOTTOM!YES!!
S!PIN!R175!BOTTOM!BOTTOM!YES!!
S!PIN!R174!BOTTOM!BOTTOM!YES!!
S!PIN!R174!BOTTOM!BOTTOM!YES!!
S!PIN!R173!BOTTOM!BOTTOM!YES!!
S!PIN!R173!BOTTOM!BOTTOM!YES!!
S!PIN!R172!BOTTOM!BOTTOM!YES!!
S!PIN!R172!BOTTOM!BOTTOM!YES!!
S!PIN!R171!BOTTOM!BOTTOM!YES!!
S!PIN!R171!BOTTOM!BOTTOM!YES!!
S!PIN!C96!TOP!TOP!NO!!
S!PIN!C96!TOP!TOP!NO!!
S!PIN!C95!TOP!TOP!NO!!
S!PIN!C95!TOP!TOP!NO!!
S!PIN!R170!BOTTOM!BOTTOM!YES!!
S!PIN!R170!BOTTOM!BOTTOM!YES!!
S!PIN!R169!BOTTOM!BOTTOM!YES!!
S!PIN!R169!BOTTOM!BOTTOM!YES!!
S!PIN!R168!BOTTOM!BOTTOM!YES!!
S!PIN!R168!BOTTOM!BOTTOM!YES!!
S!PIN!R167!BOTTOM!BOTTOM!YES!!
S!PIN!R167!BOTTOM!BOTTOM!YES!!
S!PIN!R166!BOTTOM!BOTTOM!YES!!
S!PIN!R166!BOTTOM!BOTTOM!YES!!
S!PIN!C94!TOP!TOP!NO!!
S!PIN!C94!TOP!TOP!NO!!
S!PIN!C93!TOP!TOP!NO!!
S!PIN!C93!TOP!TOP!NO!!
S!PIN!R165!BOTTOM!BOTTOM!YES!!
S!PIN!R165!BOTTOM!BOTTOM!YES!!
S!PIN!R164!BOTTOM!BOTTOM!YES!!
S!PIN!R164!BOTTOM!BOTTOM!YES!!
S!PIN!R163!BOTTOM!BOTTOM!YES!!
S!PIN!R163!BOTTOM!BOTTOM!YES!!
S!PIN!R162!BOTTOM!BOTTOM!YES!!
S!PIN!R162!BOTTOM!BOTTOM!YES!!
S!PIN!R161!BOTTOM!BOTTOM!YES!!
S!PIN!R161!BOTTOM!BOTTOM!YES!!
S!PIN!C92!TOP!TOP!NO!!
S!PIN!C92!TOP!TOP!NO!!
S!PIN!C91!TOP!TOP!NO!!
S!PIN!C91!TOP!TOP!NO!!
S!PIN!R160!BOTTOM!BOTTOM!YES!!
S!PIN!R160!BOTTOM!BOTTOM!YES!!
S!PIN!R159!BOTTOM!BOTTOM!YES!!
S!PIN!R159!BOTTOM!BOTTOM!YES!!
S!PIN!R158!BOTTOM!BOTTOM!YES!!
S!PIN!R158!BOTTOM!BOTTOM!YES!!
S!PIN!R157!BOTTOM!BOTTOM!YES!!
S!PIN!R157!BOTTOM!BOTTOM!YES!!
S!PIN!R156!BOTTOM!BOTTOM!YES!!
S!PIN!R156!BOTTOM!BOTTOM!YES!!
S!PIN!C90!TOP!TOP!NO!!
S!PIN!C90!TOP!TOP!NO!!
S!PIN!C89!TOP!TOP!NO!!
S!PIN!C89!TOP!TOP!NO!!
S!PIN!R155!BOTTOM!BOTTOM!YES!!
S!PIN!R155!BOTTOM!BOTTOM!YES!!
S!PIN!R154!BOTTOM!BOTTOM!YES!!
S!PIN!R154!BOTTOM!BOTTOM!YES!!
S!PIN!R153!BOTTOM!BOTTOM!YES!!
S!PIN!R153!BOTTOM!BOTTOM!YES!!
S!PIN!R152!BOTTOM!BOTTOM!YES!!
S!PIN!R152!BOTTOM!BOTTOM!YES!!
S!PIN!R151!BOTTOM!BOTTOM!YES!!
S!PIN!R151!BOTTOM!BOTTOM!YES!!
S!PIN!C88!TOP!TOP!NO!!
S!PIN!C88!TOP!TOP!NO!!
S!PIN!C87!TOP!TOP!NO!!
S!PIN!C87!TOP!TOP!NO!!
S!PIN!R150!BOTTOM!BOTTOM!YES!!
S!PIN!R150!BOTTOM!BOTTOM!YES!!
S!PIN!R149!BOTTOM!BOTTOM!YES!!
S!PIN!R149!BOTTOM!BOTTOM!YES!!
S!PIN!R148!BOTTOM!BOTTOM!YES!!
S!PIN!R148!BOTTOM!BOTTOM!YES!!
S!PIN!R147!BOTTOM!BOTTOM!YES!!
S!PIN!R147!BOTTOM!BOTTOM!YES!!
S!PIN!R146!BOTTOM!BOTTOM!YES!!
S!PIN!R146!BOTTOM!BOTTOM!YES!!
S!PIN!C86!TOP!TOP!NO!!
S!PIN!C86!TOP!TOP!NO!!
S!PIN!C85!TOP!TOP!NO!!
S!PIN!C85!TOP!TOP!NO!!
S!PIN!R145!BOTTOM!BOTTOM!YES!!
S!PIN!R145!BOTTOM!BOTTOM!YES!!
S!PIN!R144!BOTTOM!BOTTOM!YES!!
S!PIN!R144!BOTTOM!BOTTOM!YES!!
S!PIN!R143!BOTTOM!BOTTOM!YES!!
S!PIN!R143!BOTTOM!BOTTOM!YES!!
S!PIN!R142!BOTTOM!BOTTOM!YES!!
S!PIN!R142!BOTTOM!BOTTOM!YES!!
S!PIN!R141!BOTTOM!BOTTOM!YES!!
S!PIN!R141!BOTTOM!BOTTOM!YES!!
S!PIN!C84!TOP!TOP!NO!!
S!PIN!C84!TOP!TOP!NO!!
S!PIN!C83!TOP!TOP!NO!!
S!PIN!C83!TOP!TOP!NO!!
S!PIN!R140!BOTTOM!BOTTOM!YES!!
S!PIN!R140!BOTTOM!BOTTOM!YES!!
S!PIN!R139!BOTTOM!BOTTOM!YES!!
S!PIN!R139!BOTTOM!BOTTOM!YES!!
S!PIN!R138!BOTTOM!BOTTOM!YES!!
S!PIN!R138!BOTTOM!BOTTOM!YES!!
S!PIN!R137!BOTTOM!BOTTOM!YES!!
S!PIN!R137!BOTTOM!BOTTOM!YES!!
S!PIN!R136!BOTTOM!BOTTOM!YES!!
S!PIN!R136!BOTTOM!BOTTOM!YES!!
S!PIN!C82!TOP!TOP!NO!!
S!PIN!C82!TOP!TOP!NO!!
S!PIN!C81!TOP!TOP!NO!!
S!PIN!C81!TOP!TOP!NO!!
S!PIN!R32!BOTTOM!BOTTOM!YES!!
S!PIN!R32!BOTTOM!BOTTOM!YES!!
S!PIN!R31!BOTTOM!BOTTOM!YES!!
S!PIN!R31!BOTTOM!BOTTOM!YES!!
S!PIN!R181!BOTTOM!BOTTOM!YES!!
S!PIN!R181!BOTTOM!BOTTOM!YES!!
S!PIN!R180!BOTTOM!BOTTOM!YES!!
S!PIN!R180!BOTTOM!BOTTOM!YES!!
S!PIN!R135!BOTTOM!BOTTOM!YES!!
S!PIN!R135!BOTTOM!BOTTOM!YES!!
S!PIN!R134!BOTTOM!BOTTOM!YES!!
S!PIN!R134!BOTTOM!BOTTOM!YES!!
S!PIN!R133!BOTTOM!BOTTOM!YES!!
S!PIN!R133!BOTTOM!BOTTOM!YES!!
S!PIN!R132!BOTTOM!BOTTOM!YES!!
S!PIN!R132!BOTTOM!BOTTOM!YES!!
S!PIN!R131!BOTTOM!BOTTOM!YES!!
S!PIN!R131!BOTTOM!BOTTOM!YES!!
S!PIN!C80!TOP!TOP!NO!!
S!PIN!C80!TOP!TOP!NO!!
S!PIN!C79!BOTTOM!BOTTOM!YES!!
S!PIN!C79!BOTTOM!BOTTOM!YES!!
S!PIN!R98!TOP!TOP!NO!!
S!PIN!R98!TOP!TOP!NO!!
S!PIN!R97!TOP!TOP!NO!!
S!PIN!R97!TOP!TOP!NO!!
S!PIN!R96!BOTTOM!BOTTOM!YES!!
S!PIN!R96!BOTTOM!BOTTOM!YES!!
S!PIN!C110!TOP!TOP!NO!!
S!PIN!C110!TOP!TOP!NO!!
S!PIN!R73!TOP!TOP!NO!!
S!PIN!R73!TOP!TOP!NO!!
S!PIN!R72!TOP!TOP!NO!!
S!PIN!R72!TOP!TOP!NO!!
S!PIN!R71!BOTTOM!BOTTOM!YES!!
S!PIN!R71!BOTTOM!BOTTOM!YES!!
S!PIN!C108!TOP!TOP!NO!!
S!PIN!C108!TOP!TOP!NO!!
S!PIN!R69!TOP!TOP!NO!!
S!PIN!R69!TOP!TOP!NO!!
S!PIN!R68!TOP!TOP!NO!!
S!PIN!R68!TOP!TOP!NO!!
S!PIN!R67!BOTTOM!BOTTOM!YES!!
S!PIN!R67!BOTTOM!BOTTOM!YES!!
S!PIN!C106!TOP!TOP!NO!!
S!PIN!C106!TOP!TOP!NO!!
S!PIN!R65!TOP!TOP!NO!!
S!PIN!R65!TOP!TOP!NO!!
S!PIN!R64!TOP!TOP!NO!!
S!PIN!R64!TOP!TOP!NO!!
S!PIN!R63!BOTTOM!BOTTOM!YES!!
S!PIN!R63!BOTTOM!BOTTOM!YES!!
S!PIN!C104!TOP!TOP!NO!!
S!PIN!C104!TOP!TOP!NO!!
S!PIN!R92!TOP!TOP!NO!!
S!PIN!R92!TOP!TOP!NO!!
S!PIN!R91!TOP!TOP!NO!!
S!PIN!R91!TOP!TOP!NO!!
S!PIN!R90!TOP!TOP!NO!!
S!PIN!R90!TOP!TOP!NO!!
S!PIN!R89!TOP!TOP!NO!!
S!PIN!R89!TOP!TOP!NO!!
S!PIN!R88!TOP!TOP!NO!!
S!PIN!R88!TOP!TOP!NO!!
S!PIN!R87!TOP!TOP!NO!!
S!PIN!R87!TOP!TOP!NO!!
S!PIN!R86!TOP!TOP!NO!!
S!PIN!R86!TOP!TOP!NO!!
S!PIN!R85!TOP!TOP!NO!!
S!PIN!R85!TOP!TOP!NO!!
S!PIN!R84!TOP!TOP!NO!!
S!PIN!R84!TOP!TOP!NO!!
S!PIN!R83!TOP!TOP!NO!!
S!PIN!R83!TOP!TOP!NO!!
S!PIN!R82!TOP!TOP!NO!!
S!PIN!R82!TOP!TOP!NO!!
S!PIN!R81!BOTTOM!BOTTOM!YES!!
S!PIN!R81!BOTTOM!BOTTOM!YES!!
S!PIN!R80!BOTTOM!BOTTOM!YES!!
S!PIN!R80!BOTTOM!BOTTOM!YES!!
S!PIN!R79!BOTTOM!BOTTOM!YES!!
S!PIN!R79!BOTTOM!BOTTOM!YES!!
S!PIN!R78!BOTTOM!BOTTOM!YES!!
S!PIN!R78!BOTTOM!BOTTOM!YES!!
S!PIN!R77!BOTTOM!BOTTOM!YES!!
S!PIN!R77!BOTTOM!BOTTOM!YES!!
S!PIN!R76!BOTTOM!BOTTOM!YES!!
S!PIN!R76!BOTTOM!BOTTOM!YES!!
S!PIN!R75!BOTTOM!BOTTOM!YES!!
S!PIN!R75!BOTTOM!BOTTOM!YES!!
S!PIN!R74!BOTTOM!BOTTOM!YES!!
S!PIN!R74!BOTTOM!BOTTOM!YES!!
S!PIN!C58!TOP!TOP!NO!!
S!PIN!C58!TOP!TOP!NO!!
S!PIN!C57!TOP!TOP!NO!!
S!PIN!C57!TOP!TOP!NO!!
S!PIN!C56!BOTTOM!BOTTOM!YES!!
S!PIN!C56!BOTTOM!BOTTOM!YES!!
S!PIN!C55!BOTTOM!BOTTOM!YES!!
S!PIN!C55!BOTTOM!BOTTOM!YES!!
S!PIN!R21!BOTTOM!BOTTOM!YES!!
S!PIN!R21!BOTTOM!BOTTOM!YES!!
S!PIN!R20!BOTTOM!BOTTOM!YES!!
S!PIN!R20!BOTTOM!BOTTOM!YES!!
S!PIN!R19!BOTTOM!BOTTOM!YES!!
S!PIN!R19!BOTTOM!BOTTOM!YES!!
S!PIN!R18!BOTTOM!BOTTOM!YES!!
S!PIN!R18!BOTTOM!BOTTOM!YES!!
S!PIN!R17!BOTTOM!BOTTOM!YES!!
S!PIN!R17!BOTTOM!BOTTOM!YES!!
S!PIN!R16!BOTTOM!BOTTOM!YES!!
S!PIN!R16!BOTTOM!BOTTOM!YES!!
S!PIN!R15!BOTTOM!BOTTOM!YES!!
S!PIN!R15!BOTTOM!BOTTOM!YES!!
S!PIN!R14!BOTTOM!BOTTOM!YES!!
S!PIN!R14!BOTTOM!BOTTOM!YES!!
S!PIN!R13!BOTTOM!BOTTOM!YES!!
S!PIN!R13!BOTTOM!BOTTOM!YES!!
S!PIN!R12!BOTTOM!BOTTOM!YES!!
S!PIN!R12!BOTTOM!BOTTOM!YES!!
S!PIN!R11!BOTTOM!BOTTOM!YES!!
S!PIN!R11!BOTTOM!BOTTOM!YES!!
S!PIN!R10!BOTTOM!BOTTOM!YES!!
S!PIN!R10!BOTTOM!BOTTOM!YES!!
S!PIN!R9!TOP!TOP!NO!!
S!PIN!R9!TOP!TOP!NO!!
S!PIN!R8!BOTTOM!BOTTOM!YES!!
S!PIN!R8!BOTTOM!BOTTOM!YES!!
S!PIN!R7!BOTTOM!BOTTOM!YES!!
S!PIN!R7!BOTTOM!BOTTOM!YES!!
S!PIN!R6!TOP!TOP!NO!!
S!PIN!R6!TOP!TOP!NO!!
S!PIN!R5!TOP!TOP!NO!!
S!PIN!R5!TOP!TOP!NO!!
S!PIN!R4!TOP!TOP!NO!!
S!PIN!R4!TOP!TOP!NO!!
S!PIN!R3!TOP!TOP!NO!!
S!PIN!R3!TOP!TOP!NO!!
S!PIN!R2!TOP!TOP!NO!!
S!PIN!R2!TOP!TOP!NO!!
S!PIN!C30!TOP!TOP!NO!!
S!PIN!C30!TOP!TOP!NO!!
S!PIN!C29!TOP!TOP!NO!!
S!PIN!C29!TOP!TOP!NO!!
S!PIN!C28!BOTTOM!BOTTOM!YES!!
S!PIN!C28!BOTTOM!BOTTOM!YES!!
S!PIN!C27!BOTTOM!BOTTOM!YES!!
S!PIN!C27!BOTTOM!BOTTOM!YES!!
S!PIN!C26!BOTTOM!BOTTOM!YES!!
S!PIN!C26!BOTTOM!BOTTOM!YES!!
S!PIN!C25!BOTTOM!BOTTOM!YES!!
S!PIN!C25!BOTTOM!BOTTOM!YES!!
S!PIN!C24!BOTTOM!BOTTOM!YES!!
S!PIN!C24!BOTTOM!BOTTOM!YES!!
S!PIN!C23!BOTTOM!BOTTOM!YES!!
S!PIN!C23!BOTTOM!BOTTOM!YES!!
S!PIN!C22!BOTTOM!BOTTOM!YES!!
S!PIN!C22!BOTTOM!BOTTOM!YES!!
S!PIN!C21!BOTTOM!BOTTOM!YES!!
S!PIN!C21!BOTTOM!BOTTOM!YES!!
S!PIN!C20!TOP!TOP!NO!!
S!PIN!C20!TOP!TOP!NO!!
S!PIN!C18!TOP!TOP!NO!!
S!PIN!C18!TOP!TOP!NO!!
S!PIN!C15!TOP!TOP!NO!!
S!PIN!C15!TOP!TOP!NO!!
S!PIN!C14!BOTTOM!BOTTOM!YES!!
S!PIN!C14!BOTTOM!BOTTOM!YES!!
S!PIN!C13!BOTTOM!BOTTOM!YES!!
S!PIN!C13!BOTTOM!BOTTOM!YES!!
S!PIN!C11!BOTTOM!BOTTOM!YES!!
S!PIN!C11!BOTTOM!BOTTOM!YES!!
S!PIN!C10!TOP!TOP!NO!!
S!PIN!C10!TOP!TOP!NO!!
S!PIN!C9!BOTTOM!BOTTOM!YES!!
S!PIN!C9!BOTTOM!BOTTOM!YES!!
S!PIN!C7!TOP!TOP!NO!!
S!PIN!C7!TOP!TOP!NO!!
S!PIN!C5!TOP!TOP!NO!!
S!PIN!C5!TOP!TOP!NO!!
S!PIN!C102!TOP!TOP!NO!!
S!PIN!C102!TOP!TOP!NO!!
S!PIN!R61!TOP!TOP!NO!!
S!PIN!R61!TOP!TOP!NO!!
S!PIN!R60!TOP!TOP!NO!!
S!PIN!R60!TOP!TOP!NO!!
S!PIN!R59!BOTTOM!BOTTOM!YES!!
S!PIN!R59!BOTTOM!BOTTOM!YES!!
S!PIN!R183!TOP!TOP!NO!!
S!PIN!R183!TOP!TOP!NO!!
S!PIN!R182!TOP!TOP!NO!!
S!PIN!R182!TOP!TOP!NO!!
S!PIN!C101!TOP!TOP!NO!!
S!PIN!C101!TOP!TOP!NO!!
S!PIN!R106!BOTTOM!BOTTOM!YES!!
S!PIN!R106!BOTTOM!BOTTOM!YES!!
S!PIN!R105!BOTTOM!BOTTOM!YES!!
S!PIN!R105!BOTTOM!BOTTOM!YES!!
S!PIN!R104!BOTTOM!BOTTOM!YES!!
S!PIN!R104!BOTTOM!BOTTOM!YES!!
S!PIN!R103!BOTTOM!BOTTOM!YES!!
S!PIN!R103!BOTTOM!BOTTOM!YES!!
S!PIN!R102!BOTTOM!BOTTOM!YES!!
S!PIN!R102!BOTTOM!BOTTOM!YES!!
S!PIN!R101!BOTTOM!BOTTOM!YES!!
S!PIN!R101!BOTTOM!BOTTOM!YES!!
S!PIN!R100!TOP!TOP!NO!!
S!PIN!R100!TOP!TOP!NO!!
S!PIN!R99!TOP!TOP!NO!!
S!PIN!R99!TOP!TOP!NO!!
S!PIN!C63!BOTTOM!BOTTOM!YES!!
S!PIN!C63!BOTTOM!BOTTOM!YES!!
S!PIN!C61!BOTTOM!BOTTOM!YES!!
S!PIN!C61!BOTTOM!BOTTOM!YES!!
S!PIN!C59!BOTTOM!BOTTOM!YES!!
S!PIN!C59!BOTTOM!BOTTOM!YES!!
S!PIN!R114!BOTTOM!BOTTOM!YES!!
S!PIN!R114!BOTTOM!BOTTOM!YES!!
S!PIN!R113!BOTTOM!BOTTOM!YES!!
S!PIN!R113!BOTTOM!BOTTOM!YES!!
S!PIN!R112!BOTTOM!BOTTOM!YES!!
S!PIN!R112!BOTTOM!BOTTOM!YES!!
S!PIN!R111!BOTTOM!BOTTOM!YES!!
S!PIN!R111!BOTTOM!BOTTOM!YES!!
S!PIN!R110!BOTTOM!BOTTOM!YES!!
S!PIN!R110!BOTTOM!BOTTOM!YES!!
S!PIN!R109!BOTTOM!BOTTOM!YES!!
S!PIN!R109!BOTTOM!BOTTOM!YES!!
S!PIN!R108!TOP!TOP!NO!!
S!PIN!R108!TOP!TOP!NO!!
S!PIN!R107!TOP!TOP!NO!!
S!PIN!R107!TOP!TOP!NO!!
S!PIN!C68!BOTTOM!BOTTOM!YES!!
S!PIN!C68!BOTTOM!BOTTOM!YES!!
S!PIN!C66!BOTTOM!BOTTOM!YES!!
S!PIN!C66!BOTTOM!BOTTOM!YES!!
S!PIN!C64!BOTTOM!BOTTOM!YES!!
S!PIN!C64!BOTTOM!BOTTOM!YES!!
S!PIN!R122!BOTTOM!BOTTOM!YES!!
S!PIN!R122!BOTTOM!BOTTOM!YES!!
S!PIN!R121!BOTTOM!BOTTOM!YES!!
S!PIN!R121!BOTTOM!BOTTOM!YES!!
S!PIN!R120!BOTTOM!BOTTOM!YES!!
S!PIN!R120!BOTTOM!BOTTOM!YES!!
S!PIN!R119!BOTTOM!BOTTOM!YES!!
S!PIN!R119!BOTTOM!BOTTOM!YES!!
S!PIN!R118!BOTTOM!BOTTOM!YES!!
S!PIN!R118!BOTTOM!BOTTOM!YES!!
S!PIN!R117!BOTTOM!BOTTOM!YES!!
S!PIN!R117!BOTTOM!BOTTOM!YES!!
S!PIN!R116!TOP!TOP!NO!!
S!PIN!R116!TOP!TOP!NO!!
S!PIN!R115!TOP!TOP!NO!!
S!PIN!R115!TOP!TOP!NO!!
S!PIN!C73!BOTTOM!BOTTOM!YES!!
S!PIN!C73!BOTTOM!BOTTOM!YES!!
S!PIN!C71!BOTTOM!BOTTOM!YES!!
S!PIN!C71!BOTTOM!BOTTOM!YES!!
S!PIN!C69!BOTTOM!BOTTOM!YES!!
S!PIN!C69!BOTTOM!BOTTOM!YES!!
S!PIN!R130!BOTTOM!BOTTOM!YES!!
S!PIN!R130!BOTTOM!BOTTOM!YES!!
S!PIN!R129!BOTTOM!BOTTOM!YES!!
S!PIN!R129!BOTTOM!BOTTOM!YES!!
S!PIN!R128!BOTTOM!BOTTOM!YES!!
S!PIN!R128!BOTTOM!BOTTOM!YES!!
S!PIN!R127!BOTTOM!BOTTOM!YES!!
S!PIN!R127!BOTTOM!BOTTOM!YES!!
S!PIN!R126!BOTTOM!BOTTOM!YES!!
S!PIN!R126!BOTTOM!BOTTOM!YES!!
S!PIN!R125!BOTTOM!BOTTOM!YES!!
S!PIN!R125!BOTTOM!BOTTOM!YES!!
S!PIN!R124!TOP!TOP!NO!!
S!PIN!R124!TOP!TOP!NO!!
S!PIN!R123!TOP!TOP!NO!!
S!PIN!R123!TOP!TOP!NO!!
S!PIN!C78!BOTTOM!BOTTOM!YES!!
S!PIN!C78!BOTTOM!BOTTOM!YES!!
S!PIN!C76!BOTTOM!BOTTOM!YES!!
S!PIN!C76!BOTTOM!BOTTOM!YES!!
S!PIN!C74!BOTTOM!BOTTOM!YES!!
S!PIN!C74!BOTTOM!BOTTOM!YES!!
S!PIN!R57!BOTTOM!BOTTOM!YES!!
S!PIN!R57!BOTTOM!BOTTOM!YES!!
S!PIN!R56!BOTTOM!BOTTOM!YES!!
S!PIN!R56!BOTTOM!BOTTOM!YES!!
S!PIN!R55!BOTTOM!BOTTOM!YES!!
S!PIN!R55!BOTTOM!BOTTOM!YES!!
S!PIN!R54!BOTTOM!BOTTOM!YES!!
S!PIN!R54!BOTTOM!BOTTOM!YES!!
S!PIN!R53!BOTTOM!BOTTOM!YES!!
S!PIN!R53!BOTTOM!BOTTOM!YES!!
S!PIN!R52!BOTTOM!BOTTOM!YES!!
S!PIN!R52!BOTTOM!BOTTOM!YES!!
S!PIN!R51!TOP!TOP!NO!!
S!PIN!R51!TOP!TOP!NO!!
S!PIN!R50!TOP!TOP!NO!!
S!PIN!R50!TOP!TOP!NO!!
S!PIN!C54!BOTTOM!BOTTOM!YES!!
S!PIN!C54!BOTTOM!BOTTOM!YES!!
S!PIN!C52!BOTTOM!BOTTOM!YES!!
S!PIN!C52!BOTTOM!BOTTOM!YES!!
S!PIN!C50!BOTTOM!BOTTOM!YES!!
S!PIN!C50!BOTTOM!BOTTOM!YES!!
S!PIN!R49!BOTTOM!BOTTOM!YES!!
S!PIN!R49!BOTTOM!BOTTOM!YES!!
S!PIN!R48!BOTTOM!BOTTOM!YES!!
S!PIN!R48!BOTTOM!BOTTOM!YES!!
S!PIN!R47!BOTTOM!BOTTOM!YES!!
S!PIN!R47!BOTTOM!BOTTOM!YES!!
S!PIN!R46!BOTTOM!BOTTOM!YES!!
S!PIN!R46!BOTTOM!BOTTOM!YES!!
S!PIN!R45!BOTTOM!BOTTOM!YES!!
S!PIN!R45!BOTTOM!BOTTOM!YES!!
S!PIN!R44!BOTTOM!BOTTOM!YES!!
S!PIN!R44!BOTTOM!BOTTOM!YES!!
S!PIN!R43!TOP!TOP!NO!!
S!PIN!R43!TOP!TOP!NO!!
S!PIN!R42!TOP!TOP!NO!!
S!PIN!R42!TOP!TOP!NO!!
S!PIN!C49!BOTTOM!BOTTOM!YES!!
S!PIN!C49!BOTTOM!BOTTOM!YES!!
S!PIN!C47!BOTTOM!BOTTOM!YES!!
S!PIN!C47!BOTTOM!BOTTOM!YES!!
S!PIN!C45!BOTTOM!BOTTOM!YES!!
S!PIN!C45!BOTTOM!BOTTOM!YES!!
S!PIN!R41!BOTTOM!BOTTOM!YES!!
S!PIN!R41!BOTTOM!BOTTOM!YES!!
S!PIN!R40!BOTTOM!BOTTOM!YES!!
S!PIN!R40!BOTTOM!BOTTOM!YES!!
S!PIN!R39!BOTTOM!BOTTOM!YES!!
S!PIN!R39!BOTTOM!BOTTOM!YES!!
S!PIN!R38!BOTTOM!BOTTOM!YES!!
S!PIN!R38!BOTTOM!BOTTOM!YES!!
S!PIN!R37!BOTTOM!BOTTOM!YES!!
S!PIN!R37!BOTTOM!BOTTOM!YES!!
S!PIN!R36!BOTTOM!BOTTOM!YES!!
S!PIN!R36!BOTTOM!BOTTOM!YES!!
S!PIN!R35!TOP!TOP!NO!!
S!PIN!R35!TOP!TOP!NO!!
S!PIN!R34!TOP!TOP!NO!!
S!PIN!R34!TOP!TOP!NO!!
S!PIN!C44!BOTTOM!BOTTOM!YES!!
S!PIN!C44!BOTTOM!BOTTOM!YES!!
S!PIN!C42!BOTTOM!BOTTOM!YES!!
S!PIN!C42!BOTTOM!BOTTOM!YES!!
S!PIN!C40!BOTTOM!BOTTOM!YES!!
S!PIN!C40!BOTTOM!BOTTOM!YES!!
S!PIN!R29!BOTTOM!BOTTOM!YES!!
S!PIN!R29!BOTTOM!BOTTOM!YES!!
S!PIN!R28!BOTTOM!BOTTOM!YES!!
S!PIN!R28!BOTTOM!BOTTOM!YES!!
S!PIN!R27!BOTTOM!BOTTOM!YES!!
S!PIN!R27!BOTTOM!BOTTOM!YES!!
S!PIN!R26!BOTTOM!BOTTOM!YES!!
S!PIN!R26!BOTTOM!BOTTOM!YES!!
S!PIN!R25!BOTTOM!BOTTOM!YES!!
S!PIN!R25!BOTTOM!BOTTOM!YES!!
S!PIN!R24!BOTTOM!BOTTOM!YES!!
S!PIN!R24!BOTTOM!BOTTOM!YES!!
S!PIN!R23!TOP!TOP!NO!!
S!PIN!R23!TOP!TOP!NO!!
S!PIN!R22!TOP!TOP!NO!!
S!PIN!R22!TOP!TOP!NO!!
S!PIN!C35!BOTTOM!BOTTOM!YES!!
S!PIN!C35!BOTTOM!BOTTOM!YES!!
S!PIN!C33!BOTTOM!BOTTOM!YES!!
S!PIN!C33!BOTTOM!BOTTOM!YES!!
S!PIN!C31!BOTTOM!BOTTOM!YES!!
S!PIN!C31!BOTTOM!BOTTOM!YES!!
S!PIN!IC21!TOP!TOP!NO!!
S!PIN!IC21!TOP!TOP!NO!!
S!PIN!IC21!TOP!TOP!NO!!
S!PIN!IC21!TOP!TOP!NO!!
S!PIN!IC21!TOP!TOP!NO!!
S!PIN!IC21!TOP!TOP!NO!!
S!PIN!IC21!TOP!TOP!NO!!
S!PIN!IC21!TOP!TOP!NO!!
S!PIN!IC21!TOP!TOP!NO!!
S!PIN!IC21!TOP!TOP!NO!!
S!PIN!IC21!TOP!TOP!NO!!
S!PIN!IC21!TOP!TOP!NO!!
S!PIN!IC21!TOP!TOP!NO!!
S!PIN!IC21!TOP!TOP!NO!!
S!PIN!IC21!TOP!TOP!NO!!
S!PIN!IC21!TOP!TOP!NO!!
S!PIN!IC23!BOTTOM!BOTTOM!YES!!
S!PIN!IC23!BOTTOM!BOTTOM!YES!!
S!PIN!IC23!BOTTOM!BOTTOM!YES!!
S!PIN!IC23!BOTTOM!BOTTOM!YES!!
S!PIN!IC23!BOTTOM!BOTTOM!YES!!
S!PIN!IC23!BOTTOM!BOTTOM!YES!!
S!PIN!IC23!BOTTOM!BOTTOM!YES!!
S!PIN!IC23!BOTTOM!BOTTOM!YES!!
S!PIN!IC23!BOTTOM!BOTTOM!YES!!
S!PIN!IC23!BOTTOM!BOTTOM!YES!!
S!PIN!IC23!BOTTOM!BOTTOM!YES!!
S!PIN!IC23!BOTTOM!BOTTOM!YES!!
S!PIN!IC23!BOTTOM!BOTTOM!YES!!
S!PIN!IC23!BOTTOM!BOTTOM!YES!!
S!PIN!IC23!BOTTOM!BOTTOM!YES!!
S!PIN!IC23!BOTTOM!BOTTOM!YES!!
S!PIN!IC23!BOTTOM!BOTTOM!YES!!
S!PIN!IC23!BOTTOM!BOTTOM!YES!!
S!PIN!IC23!BOTTOM!BOTTOM!YES!!
S!PIN!IC23!BOTTOM!BOTTOM!YES!!
S!PIN!IC23!BOTTOM!BOTTOM!YES!!
S!PIN!IC23!BOTTOM!BOTTOM!YES!!
S!PIN!IC23!BOTTOM!BOTTOM!YES!!
S!PIN!IC23!BOTTOM!BOTTOM!YES!!
S!PIN!IC23!BOTTOM!BOTTOM!YES!!
S!PIN!IC10!BOTTOM!BOTTOM!YES!!
S!PIN!IC10!BOTTOM!BOTTOM!YES!!
S!PIN!IC10!BOTTOM!BOTTOM!YES!!
S!PIN!IC10!BOTTOM!BOTTOM!YES!!
S!PIN!IC10!BOTTOM!BOTTOM!YES!!
S!PIN!IC10!BOTTOM!BOTTOM!YES!!
S!PIN!IC10!BOTTOM!BOTTOM!YES!!
S!PIN!IC10!BOTTOM!BOTTOM!YES!!
S!PIN!IC10!BOTTOM!BOTTOM!YES!!
S!PIN!IC10!BOTTOM!BOTTOM!YES!!
S!PIN!IC10!BOTTOM!BOTTOM!YES!!
S!PIN!IC10!BOTTOM!BOTTOM!YES!!
S!PIN!IC10!BOTTOM!BOTTOM!YES!!
S!PIN!IC10!BOTTOM!BOTTOM!YES!!
S!PIN!IC10!BOTTOM!BOTTOM!YES!!
S!PIN!IC10!BOTTOM!BOTTOM!YES!!
S!PIN!IC10!BOTTOM!BOTTOM!YES!!
S!PIN!IC10!BOTTOM!BOTTOM!YES!!
S!PIN!IC10!BOTTOM!BOTTOM!YES!!
S!PIN!IC10!BOTTOM!BOTTOM!YES!!
S!PIN!IC10!BOTTOM!BOTTOM!YES!!
S!PIN!IC10!BOTTOM!BOTTOM!YES!!
S!PIN!IC10!BOTTOM!BOTTOM!YES!!
S!PIN!IC10!BOTTOM!BOTTOM!YES!!
S!PIN!IC10!BOTTOM!BOTTOM!YES!!
S!PIN!J39!TOP!BOTTOM!YES!!
S!PIN!J39!TOP!BOTTOM!YES!!
S!PIN!J39!TOP!BOTTOM!YES!!
S!PIN!J5!TOP!BOTTOM!YES!!
S!PIN!J5!TOP!BOTTOM!YES!!
S!PIN!J5!TOP!BOTTOM!YES!!
S!PIN!J1!TOP!BOTTOM!YES!!
S!PIN!J1!TOP!BOTTOM!YES!!
S!PIN!J1!TOP!BOTTOM!YES!!
S!PIN!J24!TOP!TOP!NO!!
S!PIN!J24!TOP!TOP!NO!!
S!PIN!J24!TOP!TOP!NO!!
S!PIN!J24!TOP!TOP!NO!!
S!PIN!J24!TOP!TOP!NO!!
S!PIN!J24!TOP!TOP!NO!!
S!PIN!J24!TOP!TOP!NO!!
S!PIN!J24!TOP!TOP!NO!!
S!PIN!J24!TOP!TOP!NO!!
S!PIN!J24!TOP!TOP!NO!!
S!PIN!J24!TOP!TOP!NO!!
S!PIN!J24!TOP!TOP!NO!!
S!PIN!J24!TOP!TOP!NO!!
S!PIN!J24!TOP!TOP!NO!!
S!PIN!J24!TOP!TOP!NO!!
S!PIN!J24!TOP!TOP!NO!!
S!PIN!J24!TOP!TOP!NO!!
S!PIN!J24!TOP!TOP!NO!!
S!PIN!J24!TOP!TOP!NO!!
S!PIN!J24!TOP!TOP!NO!!
S!PIN!J24!TOP!BOTTOM!NO!!
S!PIN!J24!TOP!BOTTOM!NO!!
S!PIN!J28!TOP!TOP!NO!!
S!PIN!J28!TOP!TOP!NO!!
S!PIN!J28!TOP!TOP!NO!!
S!PIN!J28!TOP!TOP!NO!!
S!PIN!J28!TOP!TOP!NO!!
S!PIN!J28!TOP!TOP!NO!!
S!PIN!J28!TOP!TOP!NO!!
S!PIN!J28!TOP!TOP!NO!!
S!PIN!J28!TOP!TOP!NO!!
S!PIN!J28!TOP!TOP!NO!!
S!PIN!J28!TOP!TOP!NO!!
S!PIN!J28!TOP!TOP!NO!!
S!PIN!J28!TOP!TOP!NO!!
S!PIN!J28!TOP!TOP!NO!!
S!PIN!J28!TOP!TOP!NO!!
S!PIN!J28!TOP!TOP!NO!!
S!PIN!J28!TOP!TOP!NO!!
S!PIN!J28!TOP!TOP!NO!!
S!PIN!J28!TOP!TOP!NO!!
S!PIN!J28!TOP!TOP!NO!!
S!PIN!J28!TOP!BOTTOM!NO!!
S!PIN!J28!TOP!BOTTOM!NO!!
S!PIN!J32!TOP!TOP!NO!!
S!PIN!J32!TOP!TOP!NO!!
S!PIN!J32!TOP!TOP!NO!!
S!PIN!J32!TOP!TOP!NO!!
S!PIN!J32!TOP!TOP!NO!!
S!PIN!J32!TOP!TOP!NO!!
S!PIN!J32!TOP!TOP!NO!!
S!PIN!J32!TOP!TOP!NO!!
S!PIN!J32!TOP!TOP!NO!!
S!PIN!J32!TOP!TOP!NO!!
S!PIN!J32!TOP!TOP!NO!!
S!PIN!J32!TOP!TOP!NO!!
S!PIN!J32!TOP!TOP!NO!!
S!PIN!J32!TOP!TOP!NO!!
S!PIN!J32!TOP!TOP!NO!!
S!PIN!J32!TOP!TOP!NO!!
S!PIN!J32!TOP!TOP!NO!!
S!PIN!J32!TOP!TOP!NO!!
S!PIN!J32!TOP!TOP!NO!!
S!PIN!J32!TOP!TOP!NO!!
S!PIN!J32!TOP!BOTTOM!NO!!
S!PIN!J32!TOP!BOTTOM!NO!!
S!PIN!J36!TOP!TOP!NO!!
S!PIN!J36!TOP!TOP!NO!!
S!PIN!J36!TOP!TOP!NO!!
S!PIN!J36!TOP!TOP!NO!!
S!PIN!J36!TOP!TOP!NO!!
S!PIN!J36!TOP!TOP!NO!!
S!PIN!J36!TOP!TOP!NO!!
S!PIN!J36!TOP!TOP!NO!!
S!PIN!J36!TOP!TOP!NO!!
S!PIN!J36!TOP!TOP!NO!!
S!PIN!J36!TOP!TOP!NO!!
S!PIN!J36!TOP!TOP!NO!!
S!PIN!J36!TOP!TOP!NO!!
S!PIN!J36!TOP!TOP!NO!!
S!PIN!J36!TOP!TOP!NO!!
S!PIN!J36!TOP!TOP!NO!!
S!PIN!J36!TOP!TOP!NO!!
S!PIN!J36!TOP!TOP!NO!!
S!PIN!J36!TOP!TOP!NO!!
S!PIN!J36!TOP!TOP!NO!!
S!PIN!J36!TOP!BOTTOM!NO!!
S!PIN!J36!TOP!BOTTOM!NO!!
S!PIN!J20!TOP!TOP!NO!!
S!PIN!J20!TOP!TOP!NO!!
S!PIN!J20!TOP!TOP!NO!!
S!PIN!J20!TOP!TOP!NO!!
S!PIN!J20!TOP!TOP!NO!!
S!PIN!J20!TOP!TOP!NO!!
S!PIN!J20!TOP!TOP!NO!!
S!PIN!J20!TOP!TOP!NO!!
S!PIN!J20!TOP!TOP!NO!!
S!PIN!J20!TOP!TOP!NO!!
S!PIN!J20!TOP!TOP!NO!!
S!PIN!J20!TOP!TOP!NO!!
S!PIN!J20!TOP!TOP!NO!!
S!PIN!J20!TOP!TOP!NO!!
S!PIN!J20!TOP!TOP!NO!!
S!PIN!J20!TOP!TOP!NO!!
S!PIN!J20!TOP!TOP!NO!!
S!PIN!J20!TOP!TOP!NO!!
S!PIN!J20!TOP!TOP!NO!!
S!PIN!J20!TOP!TOP!NO!!
S!PIN!J20!TOP!BOTTOM!NO!!
S!PIN!J20!TOP!BOTTOM!NO!!
S!PIN!J16!TOP!TOP!NO!!
S!PIN!J16!TOP!TOP!NO!!
S!PIN!J16!TOP!TOP!NO!!
S!PIN!J16!TOP!TOP!NO!!
S!PIN!J16!TOP!TOP!NO!!
S!PIN!J16!TOP!TOP!NO!!
S!PIN!J16!TOP!TOP!NO!!
S!PIN!J16!TOP!TOP!NO!!
S!PIN!J16!TOP!TOP!NO!!
S!PIN!J16!TOP!TOP!NO!!
S!PIN!J16!TOP!TOP!NO!!
S!PIN!J16!TOP!TOP!NO!!
S!PIN!J16!TOP!TOP!NO!!
S!PIN!J16!TOP!TOP!NO!!
S!PIN!J16!TOP!TOP!NO!!
S!PIN!J16!TOP!TOP!NO!!
S!PIN!J16!TOP!TOP!NO!!
S!PIN!J16!TOP!TOP!NO!!
S!PIN!J16!TOP!TOP!NO!!
S!PIN!J16!TOP!TOP!NO!!
S!PIN!J16!TOP!BOTTOM!NO!!
S!PIN!J16!TOP!BOTTOM!NO!!
S!PIN!J12!TOP!TOP!NO!!
S!PIN!J12!TOP!TOP!NO!!
S!PIN!J12!TOP!TOP!NO!!
S!PIN!J12!TOP!TOP!NO!!
S!PIN!J12!TOP!TOP!NO!!
S!PIN!J12!TOP!TOP!NO!!
S!PIN!J12!TOP!TOP!NO!!
S!PIN!J12!TOP!TOP!NO!!
S!PIN!J12!TOP!TOP!NO!!
S!PIN!J12!TOP!TOP!NO!!
S!PIN!J12!TOP!TOP!NO!!
S!PIN!J12!TOP!TOP!NO!!
S!PIN!J12!TOP!TOP!NO!!
S!PIN!J12!TOP!TOP!NO!!
S!PIN!J12!TOP!TOP!NO!!
S!PIN!J12!TOP!TOP!NO!!
S!PIN!J12!TOP!TOP!NO!!
S!PIN!J12!TOP!TOP!NO!!
S!PIN!J12!TOP!TOP!NO!!
S!PIN!J12!TOP!TOP!NO!!
S!PIN!J12!TOP!BOTTOM!NO!!
S!PIN!J12!TOP!BOTTOM!NO!!
S!PIN!J7!TOP!TOP!NO!!
S!PIN!J7!TOP!TOP!NO!!
S!PIN!J7!TOP!TOP!NO!!
S!PIN!J7!TOP!TOP!NO!!
S!PIN!J7!TOP!TOP!NO!!
S!PIN!J7!TOP!TOP!NO!!
S!PIN!J7!TOP!TOP!NO!!
S!PIN!J7!TOP!TOP!NO!!
S!PIN!J7!TOP!TOP!NO!!
S!PIN!J7!TOP!TOP!NO!!
S!PIN!J7!TOP!TOP!NO!!
S!PIN!J7!TOP!TOP!NO!!
S!PIN!J7!TOP!TOP!NO!!
S!PIN!J7!TOP!TOP!NO!!
S!PIN!J7!TOP!TOP!NO!!
S!PIN!J7!TOP!TOP!NO!!
S!PIN!J7!TOP!TOP!NO!!
S!PIN!J7!TOP!TOP!NO!!
S!PIN!J7!TOP!TOP!NO!!
S!PIN!J7!TOP!TOP!NO!!
S!PIN!J7!TOP!BOTTOM!NO!!
S!PIN!J7!TOP!BOTTOM!NO!!
S!PIN!IC20!TOP!TOP!NO!!
S!PIN!IC20!TOP!TOP!NO!!
S!PIN!IC20!TOP!TOP!NO!!
S!PIN!IC20!TOP!TOP!NO!!
S!PIN!IC20!TOP!TOP!NO!!
S!PIN!IC20!TOP!TOP!NO!!
S!PIN!IC20!TOP!TOP!NO!!
S!PIN!IC20!TOP!TOP!NO!!
S!PIN!IC19!TOP!TOP!NO!!
S!PIN!IC19!TOP!TOP!NO!!
S!PIN!IC19!TOP!TOP!NO!!
S!PIN!IC19!TOP!TOP!NO!!
S!PIN!IC19!TOP!TOP!NO!!
S!PIN!IC19!TOP!TOP!NO!!
S!PIN!IC19!TOP!TOP!NO!!
S!PIN!IC19!TOP!TOP!NO!!
S!PIN!IC18!TOP!TOP!NO!!
S!PIN!IC18!TOP!TOP!NO!!
S!PIN!IC18!TOP!TOP!NO!!
S!PIN!IC18!TOP!TOP!NO!!
S!PIN!IC18!TOP!TOP!NO!!
S!PIN!IC18!TOP!TOP!NO!!
S!PIN!IC18!TOP!TOP!NO!!
S!PIN!IC18!TOP!TOP!NO!!
S!PIN!IC17!TOP!TOP!NO!!
S!PIN!IC17!TOP!TOP!NO!!
S!PIN!IC17!TOP!TOP!NO!!
S!PIN!IC17!TOP!TOP!NO!!
S!PIN!IC17!TOP!TOP!NO!!
S!PIN!IC17!TOP!TOP!NO!!
S!PIN!IC17!TOP!TOP!NO!!
S!PIN!IC17!TOP!TOP!NO!!
S!PIN!IC16!TOP!TOP!NO!!
S!PIN!IC16!TOP!TOP!NO!!
S!PIN!IC16!TOP!TOP!NO!!
S!PIN!IC16!TOP!TOP!NO!!
S!PIN!IC16!TOP!TOP!NO!!
S!PIN!IC16!TOP!TOP!NO!!
S!PIN!IC16!TOP!TOP!NO!!
S!PIN!IC16!TOP!TOP!NO!!
S!PIN!IC15!TOP!TOP!NO!!
S!PIN!IC15!TOP!TOP!NO!!
S!PIN!IC15!TOP!TOP!NO!!
S!PIN!IC15!TOP!TOP!NO!!
S!PIN!IC15!TOP!TOP!NO!!
S!PIN!IC15!TOP!TOP!NO!!
S!PIN!IC15!TOP!TOP!NO!!
S!PIN!IC15!TOP!TOP!NO!!
S!PIN!IC14!TOP!TOP!NO!!
S!PIN!IC14!TOP!TOP!NO!!
S!PIN!IC14!TOP!TOP!NO!!
S!PIN!IC14!TOP!TOP!NO!!
S!PIN!IC14!TOP!TOP!NO!!
S!PIN!IC14!TOP!TOP!NO!!
S!PIN!IC14!TOP!TOP!NO!!
S!PIN!IC14!TOP!TOP!NO!!
S!PIN!IC12!TOP!TOP!NO!!
S!PIN!IC12!TOP!TOP!NO!!
S!PIN!IC12!TOP!TOP!NO!!
S!PIN!IC12!TOP!TOP!NO!!
S!PIN!IC12!TOP!TOP!NO!!
S!PIN!IC12!TOP!TOP!NO!!
S!PIN!IC12!TOP!TOP!NO!!
S!PIN!IC12!TOP!TOP!NO!!
S!PIN!IC11!TOP!TOP!NO!!
S!PIN!IC11!TOP!TOP!NO!!
S!PIN!IC11!TOP!TOP!NO!!
S!PIN!IC11!TOP!TOP!NO!!
S!PIN!IC11!TOP!TOP!NO!!
S!PIN!IC11!TOP!TOP!NO!!
S!PIN!IC11!TOP!TOP!NO!!
S!PIN!IC11!TOP!TOP!NO!!
S!PIN!U7!TOP!TOP!NO!!
S!PIN!U7!TOP!TOP!NO!!
S!PIN!U7!TOP!TOP!NO!!
S!PIN!U7!TOP!TOP!NO!!
S!PIN!U7!TOP!TOP!NO!!
S!PIN!U7!TOP!TOP!NO!!
S!PIN!U7!TOP!TOP!NO!!
S!PIN!U7!TOP!TOP!NO!!
S!PIN!U8!TOP!TOP!NO!!
S!PIN!U8!TOP!TOP!NO!!
S!PIN!U8!TOP!TOP!NO!!
S!PIN!U8!TOP!TOP!NO!!
S!PIN!U8!TOP!TOP!NO!!
S!PIN!U8!TOP!TOP!NO!!
S!PIN!U8!TOP!TOP!NO!!
S!PIN!U8!TOP!TOP!NO!!
S!PIN!U9!TOP!TOP!NO!!
S!PIN!U9!TOP!TOP!NO!!
S!PIN!U9!TOP!TOP!NO!!
S!PIN!U9!TOP!TOP!NO!!
S!PIN!U9!TOP!TOP!NO!!
S!PIN!U9!TOP!TOP!NO!!
S!PIN!U9!TOP!TOP!NO!!
S!PIN!U9!TOP!TOP!NO!!
S!PIN!U10!TOP!TOP!NO!!
S!PIN!U10!TOP!TOP!NO!!
S!PIN!U10!TOP!TOP!NO!!
S!PIN!U10!TOP!TOP!NO!!
S!PIN!U10!TOP!TOP!NO!!
S!PIN!U10!TOP!TOP!NO!!
S!PIN!U10!TOP!TOP!NO!!
S!PIN!U10!TOP!TOP!NO!!
S!PIN!U6!TOP!TOP!NO!!
S!PIN!U6!TOP!TOP!NO!!
S!PIN!U6!TOP!TOP!NO!!
S!PIN!U6!TOP!TOP!NO!!
S!PIN!U6!TOP!TOP!NO!!
S!PIN!U6!TOP!TOP!NO!!
S!PIN!U6!TOP!TOP!NO!!
S!PIN!U6!TOP!TOP!NO!!
S!PIN!U5!TOP!TOP!NO!!
S!PIN!U5!TOP!TOP!NO!!
S!PIN!U5!TOP!TOP!NO!!
S!PIN!U5!TOP!TOP!NO!!
S!PIN!U5!TOP!TOP!NO!!
S!PIN!U5!TOP!TOP!NO!!
S!PIN!U5!TOP!TOP!NO!!
S!PIN!U5!TOP!TOP!NO!!
S!PIN!U4!TOP!TOP!NO!!
S!PIN!U4!TOP!TOP!NO!!
S!PIN!U4!TOP!TOP!NO!!
S!PIN!U4!TOP!TOP!NO!!
S!PIN!U4!TOP!TOP!NO!!
S!PIN!U4!TOP!TOP!NO!!
S!PIN!U4!TOP!TOP!NO!!
S!PIN!U4!TOP!TOP!NO!!
S!PIN!U3!TOP!TOP!NO!!
S!PIN!U3!TOP!TOP!NO!!
S!PIN!U3!TOP!TOP!NO!!
S!PIN!U3!TOP!TOP!NO!!
S!PIN!U3!TOP!TOP!NO!!
S!PIN!U3!TOP!TOP!NO!!
S!PIN!U3!TOP!TOP!NO!!
S!PIN!U3!TOP!TOP!NO!!
S!PIN!SFP2!TOP!BOTTOM!NO!!
S!PIN!SFP2!TOP!BOTTOM!NO!!
S!PIN!SFP2!TOP!BOTTOM!NO!!
S!PIN!SFP2!TOP!BOTTOM!NO!!
S!PIN!SFP2!TOP!BOTTOM!NO!!
S!PIN!SFP2!TOP!BOTTOM!NO!!
S!PIN!SFP2!TOP!BOTTOM!NO!!
S!PIN!SFP2!TOP!BOTTOM!NO!!
S!PIN!SFP2!TOP!BOTTOM!NO!!
S!PIN!SFP2!TOP!BOTTOM!NO!!
S!PIN!SFP2!TOP!BOTTOM!NO!!
S!PIN!SFP2!TOP!BOTTOM!NO!!
S!PIN!SFP2!TOP!BOTTOM!NO!!
S!PIN!SFP2!TOP!BOTTOM!NO!!
S!PIN!SFP2!TOP!BOTTOM!NO!!
S!PIN!SFP2!TOP!BOTTOM!NO!!
S!PIN!SFP2!TOP!BOTTOM!NO!!
S!PIN!SFP2!TOP!BOTTOM!NO!!
S!PIN!SFP2!TOP!BOTTOM!NO!!
S!PIN!SFP2!TOP!BOTTOM!NO!!
S!PIN!SFP2!TOP!BOTTOM!NO!!
S!PIN!SFP2!TOP!BOTTOM!NO!!
S!PIN!SFP2!TOP!BOTTOM!NO!!
S!PIN!SFP2!TOP!BOTTOM!NO!!
S!PIN!SFP2!TOP!BOTTOM!NO!!
S!PIN!SFP2!TOP!BOTTOM!NO!!
S!PIN!SFP2!TOP!BOTTOM!NO!!
S!PIN!SFP2!TOP!BOTTOM!NO!!
S!PIN!SFP2!TOP!BOTTOM!NO!!
S!PIN!SFP2!TOP!BOTTOM!NO!!
S!PIN!SFP2!TOP!BOTTOM!NO!!
S!PIN!SFP2!TOP!BOTTOM!NO!!
S!PIN!SFP2!TOP!BOTTOM!NO!!
S!PIN!SFP2!TOP!BOTTOM!NO!!
S!PIN!SFP2!TOP!BOTTOM!NO!!
S!PIN!SFP2!TOP!BOTTOM!NO!!
S!PIN!SFP2!TOP!BOTTOM!NO!!
S!PIN!SFP2!TOP!BOTTOM!NO!!
S!PIN!SFP2!TOP!BOTTOM!NO!!
S!PIN!SFP2!TOP!BOTTOM!NO!!
S!PIN!SFP2!TOP!BOTTOM!NO!!
S!PIN!SFP2!TOP!BOTTOM!NO!!
S!PIN!SFP2!TOP!BOTTOM!NO!!
S!PIN!SFP2!TOP!BOTTOM!NO!!
S!PIN!SFP2!TOP!BOTTOM!NO!!
S!PIN!SFP2!TOP!BOTTOM!NO!!
S!PIN!SFP2!!!NO!!
S!PIN!SFP1!TOP!BOTTOM!NO!!
S!PIN!SFP1!TOP!BOTTOM!NO!!
S!PIN!SFP1!TOP!BOTTOM!NO!!
S!PIN!SFP1!TOP!BOTTOM!NO!!
S!PIN!SFP1!TOP!BOTTOM!NO!!
S!PIN!SFP1!TOP!BOTTOM!NO!!
S!PIN!SFP1!TOP!BOTTOM!NO!!
S!PIN!SFP1!TOP!BOTTOM!NO!!
S!PIN!SFP1!TOP!BOTTOM!NO!!
S!PIN!SFP1!TOP!BOTTOM!NO!!
S!PIN!SFP1!TOP!BOTTOM!NO!!
S!PIN!SFP1!TOP!BOTTOM!NO!!
S!PIN!SFP1!TOP!BOTTOM!NO!!
S!PIN!SFP1!TOP!BOTTOM!NO!!
S!PIN!SFP1!TOP!BOTTOM!NO!!
S!PIN!SFP1!TOP!BOTTOM!NO!!
S!PIN!SFP1!TOP!BOTTOM!NO!!
S!PIN!SFP1!TOP!BOTTOM!NO!!
S!PIN!SFP1!TOP!BOTTOM!NO!!
S!PIN!SFP1!TOP!BOTTOM!NO!!
S!PIN!SFP1!TOP!BOTTOM!NO!!
S!PIN!SFP1!TOP!BOTTOM!NO!!
S!PIN!SFP1!TOP!BOTTOM!NO!!
S!PIN!SFP1!TOP!BOTTOM!NO!!
S!PIN!SFP1!TOP!BOTTOM!NO!!
S!PIN!SFP1!TOP!BOTTOM!NO!!
S!PIN!SFP1!TOP!BOTTOM!NO!!
S!PIN!SFP1!TOP!BOTTOM!NO!!
S!PIN!SFP1!TOP!BOTTOM!NO!!
S!PIN!SFP1!TOP!BOTTOM!NO!!
S!PIN!SFP1!TOP!BOTTOM!NO!!
S!PIN!SFP1!TOP!BOTTOM!NO!!
S!PIN!SFP1!TOP!BOTTOM!NO!!
S!PIN!SFP1!TOP!BOTTOM!NO!!
S!PIN!SFP1!TOP!BOTTOM!NO!!
S!PIN!SFP1!TOP!BOTTOM!NO!!
S!PIN!SFP1!TOP!BOTTOM!NO!!
S!PIN!SFP1!TOP!BOTTOM!NO!!
S!PIN!SFP1!TOP!BOTTOM!NO!!
S!PIN!SFP1!TOP!BOTTOM!NO!!
S!PIN!SFP1!TOP!BOTTOM!NO!!
S!PIN!SFP1!TOP!BOTTOM!NO!!
S!PIN!SFP1!TOP!BOTTOM!NO!!
S!PIN!SFP1!TOP!BOTTOM!NO!!
S!PIN!SFP1!TOP!BOTTOM!NO!!
S!PIN!SFP1!TOP!BOTTOM!NO!!
S!PIN!SFP1!!!NO!!
S!VIA CLASS!!TOP!BOTTOM!!!
S!VIA CLASS!!TOP!BOTTOM!!!
S!VIA CLASS!!TOP!BOTTOM!!!
S!VIA CLASS!!TOP!BOTTOM!!!
S!VIA CLASS!!TOP!BOTTOM!!!
S!VIA CLASS!!TOP!BOTTOM!!!
S!VIA CLASS!!TOP!BOTTOM!!!
S!VIA CLASS!!TOP!BOTTOM!!!
S!VIA CLASS!!TOP!BOTTOM!!!
S!VIA CLASS!!TOP!BOTTOM!!!
S!VIA CLASS!!TOP!BOTTOM!!!
S!VIA CLASS!!TOP!BOTTOM!!!
S!VIA CLASS!IC1!TOP!BOTTOM!NO!!
S!VIA CLASS!IC1!TOP!BOTTOM!NO!!
S!VIA CLASS!IC1!TOP!BOTTOM!NO!!
S!VIA CLASS!!TOP!BOTTOM!!!
S!VIA CLASS!!TOP!BOTTOM!!!
S!VIA CLASS!!TOP!BOTTOM!!!
S!VIA CLASS!!TOP!BOTTOM!!!
S!VIA CLASS!!TOP!BOTTOM!!!
S!VIA CLASS!!TOP!BOTTOM!!!
S!VIA CLASS!!TOP!BOTTOM!!!
S!VIA CLASS!!TOP!BOTTOM!!!
S!VIA CLASS!!TOP!BOTTOM!!!
S!VIA CLASS!!TOP!BOTTOM!!!
S!VIA CLASS!IC20!TOP!BOTTOM!NO!!
S!VIA CLASS!IC19!TOP!BOTTOM!NO!!
S!VIA CLASS!IC18!TOP!BOTTOM!NO!!
S!VIA CLASS!IC17!TOP!BOTTOM!NO!!
S!VIA CLASS!IC16!TOP!BOTTOM!NO!!
S!VIA CLASS!IC15!TOP!BOTTOM!NO!!
S!VIA CLASS!IC14!TOP!BOTTOM!NO!!
S!VIA CLASS!IC12!TOP!BOTTOM!NO!!
S!VIA CLASS!IC11!TOP!BOTTOM!NO!!
S!VIA CLASS!!TOP!BOTTOM!!!
S!VIA CLASS!!TOP!BOTTOM!!!
S!VIA CLASS!R101!TOP!BOTTOM!YES!!
S!VIA CLASS!!TOP!BOTTOM!!!
S!VIA CLASS!!TOP!BOTTOM!!!
S!VIA CLASS!!TOP!BOTTOM!!!
S!VIA CLASS!R109!TOP!BOTTOM!YES!!
S!VIA CLASS!!TOP!BOTTOM!!!
S!VIA CLASS!!TOP!BOTTOM!!!
S!VIA CLASS!!TOP!BOTTOM!!!
S!VIA CLASS!!TOP!BOTTOM!!!
S!VIA CLASS!R117!TOP!BOTTOM!YES!!
S!VIA CLASS!!TOP!BOTTOM!!!
S!VIA CLASS!!TOP!BOTTOM!!!
S!VIA CLASS!!TOP!BOTTOM!!!
S!VIA CLASS!R125!TOP!BOTTOM!YES!!
S!VIA CLASS!!TOP!BOTTOM!!!
S!VIA CLASS!!TOP!BOTTOM!!!
S!VIA CLASS!!TOP!BOTTOM!!!
S!VIA CLASS!!TOP!BOTTOM!!!
S!VIA CLASS!!TOP!BOTTOM!!!
S!VIA CLASS!R102!TOP!BOTTOM!YES!!
S!VIA CLASS!!TOP!BOTTOM!!!
S!VIA CLASS!!TOP!BOTTOM!!!
S!VIA CLASS!!TOP!BOTTOM!!!
S!VIA CLASS!!TOP!BOTTOM!!!
S!VIA CLASS!R110!TOP!BOTTOM!YES!!
S!VIA CLASS!!TOP!BOTTOM!!!
S!VIA CLASS!!TOP!BOTTOM!!!
S!VIA CLASS!!TOP!BOTTOM!!!
S!VIA CLASS!!TOP!BOTTOM!!!
S!VIA CLASS!!TOP!BOTTOM!!!
S!VIA CLASS!R118!TOP!BOTTOM!YES!!
S!VIA CLASS!!TOP!BOTTOM!!!
S!VIA CLASS!!TOP!BOTTOM!!!
S!VIA CLASS!R126!TOP!BOTTOM!YES!!
S!VIA CLASS!!TOP!BOTTOM!!!
S!VIA CLASS!IC20!TOP!BOTTOM!NO!!
S!VIA CLASS!R105!TOP!BOTTOM!YES!!
S!VIA CLASS!IC19!TOP!BOTTOM!NO!!
S!VIA CLASS!R113!TOP!BOTTOM!YES!!
S!VIA CLASS!IC18!TOP!BOTTOM!NO!!
S!VIA CLASS!R121!TOP!BOTTOM!YES!!
S!VIA CLASS!IC17!TOP!BOTTOM!NO!!
S!VIA CLASS!R129!TOP!BOTTOM!YES!!
S!VIA CLASS!!TOP!BOTTOM!!!
S!VIA CLASS!IC20!TOP!BOTTOM!NO!!
S!VIA CLASS!R104!TOP!BOTTOM!YES!!
S!VIA CLASS!IC19!TOP!BOTTOM!NO!!
S!VIA CLASS!R112!TOP!BOTTOM!YES!!
S!VIA CLASS!IC18!TOP!BOTTOM!NO!!
S!VIA CLASS!R120!TOP!BOTTOM!YES!!
S!VIA CLASS!IC17!TOP!BOTTOM!NO!!
S!VIA CLASS!R128!TOP!BOTTOM!YES!!
S!VIA CLASS!!TOP!BOTTOM!!!
S!VIA CLASS!!TOP!BOTTOM!!!
S!VIA CLASS!!TOP!BOTTOM!!!
S!VIA CLASS!!TOP!BOTTOM!!!
S!VIA CLASS!!TOP!BOTTOM!!!
S!VIA CLASS!!TOP!BOTTOM!!!
S!VIA CLASS!!TOP!BOTTOM!!!
S!VIA CLASS!!TOP!BOTTOM!!!
S!VIA CLASS!!TOP!BOTTOM!!!
S!VIA CLASS!!TOP!BOTTOM!!!
S!VIA CLASS!!TOP!BOTTOM!!!
S!VIA CLASS!!TOP!BOTTOM!!!
S!VIA CLASS!!TOP!BOTTOM!!!
S!VIA CLASS!!TOP!BOTTOM!!!
S!VIA CLASS!!TOP!BOTTOM!!!
S!VIA CLASS!!TOP!BOTTOM!!!
S!VIA CLASS!!TOP!BOTTOM!!!
S!VIA CLASS!!TOP!BOTTOM!!!
S!VIA CLASS!!TOP!BOTTOM!!!
S!VIA CLASS!!TOP!BOTTOM!!!
S!VIA CLASS!!TOP!BOTTOM!!!
S!VIA CLASS!!TOP!BOTTOM!!!
S!VIA CLASS!!TOP!BOTTOM!!!
S!VIA CLASS!!TOP!BOTTOM!!!
S!VIA CLASS!!TOP!BOTTOM!!!
S!VIA CLASS!!TOP!BOTTOM!!!
S!VIA CLASS!!TOP!BOTTOM!!!
S!VIA CLASS!!TOP!BOTTOM!!!
S!VIA CLASS!!TOP!BOTTOM!!!
S!VIA CLASS!!TOP!BOTTOM!!!
S!VIA CLASS!!TOP!BOTTOM!!!
S!VIA CLASS!!TOP!BOTTOM!!!
S!VIA CLASS!!TOP!BOTTOM!!!
S!VIA CLASS!!TOP!BOTTOM!!!
S!VIA CLASS!!TOP!BOTTOM!!!
S!VIA CLASS!!TOP!BOTTOM!!!
S!VIA CLASS!!TOP!BOTTOM!!!
S!VIA CLASS!!TOP!BOTTOM!!!
S!VIA CLASS!!TOP!BOTTOM!!!
S!VIA CLASS!!TOP!BOTTOM!!!
S!VIA CLASS!!TOP!BOTTOM!!!
S!VIA CLASS!!TOP!BOTTOM!!!
S!VIA CLASS!!TOP!BOTTOM!!!
S!VIA CLASS!R89!TOP!BOTTOM!NO!!
S!VIA CLASS!!TOP!BOTTOM!!!
S!VIA CLASS!R91!TOP!BOTTOM!NO!!
S!VIA CLASS!!TOP!BOTTOM!!!
S!VIA CLASS!!TOP!BOTTOM!!!
S!VIA CLASS!!TOP!BOTTOM!!!
S!VIA CLASS!!TOP!BOTTOM!!!
S!VIA CLASS!!TOP!BOTTOM!!!
S!VIA CLASS!!TOP!BOTTOM!!!
S!VIA CLASS!!TOP!BOTTOM!!!
S!VIA CLASS!!TOP!BOTTOM!!!
S!VIA CLASS!!TOP!BOTTOM!!!
S!VIA CLASS!!TOP!BOTTOM!!!
S!VIA CLASS!!TOP!BOTTOM!!!
S!VIA CLASS!!TOP!BOTTOM!!!
S!VIA CLASS!!TOP!BOTTOM!!!
S!VIA CLASS!!TOP!BOTTOM!!!
S!VIA CLASS!!TOP!BOTTOM!!!
S!VIA CLASS!!TOP!BOTTOM!!!
S!VIA CLASS!!TOP!BOTTOM!!!
S!VIA CLASS!R130!TOP!BOTTOM!YES!!
S!VIA CLASS!R122!TOP!BOTTOM!YES!!
S!VIA CLASS!R114!TOP!BOTTOM!YES!!
S!VIA CLASS!R106!TOP!BOTTOM!YES!!
S!VIA CLASS!R57!TOP!BOTTOM!YES!!
S!VIA CLASS!R49!TOP!BOTTOM!YES!!
S!VIA CLASS!R41!TOP!BOTTOM!YES!!
S!VIA CLASS!!TOP!BOTTOM!!!
S!VIA CLASS!!TOP!BOTTOM!!!
S!VIA CLASS!!TOP!BOTTOM!!!
S!VIA CLASS!!TOP!BOTTOM!!!
S!VIA CLASS!!TOP!BOTTOM!!!
S!VIA CLASS!!TOP!BOTTOM!!!
S!VIA CLASS!!TOP!BOTTOM!!!
S!VIA CLASS!!TOP!BOTTOM!!!
S!VIA CLASS!!TOP!BOTTOM!!!
S!VIA CLASS!!TOP!BOTTOM!!!
S!VIA CLASS!!TOP!BOTTOM!!!
S!VIA CLASS!!TOP!BOTTOM!!!
S!VIA CLASS!!TOP!BOTTOM!!!
S!VIA CLASS!!TOP!BOTTOM!!!
S!VIA CLASS!!TOP!BOTTOM!!!
S!VIA CLASS!!TOP!BOTTOM!!!
S!VIA CLASS!R52!TOP!BOTTOM!YES!!
S!VIA CLASS!!TOP!BOTTOM!!!
S!VIA CLASS!!TOP!BOTTOM!!!
S!VIA CLASS!R44!TOP!BOTTOM!YES!!
S!VIA CLASS!!TOP!BOTTOM!!!
S!VIA CLASS!!TOP!BOTTOM!!!
S!VIA CLASS!R36!TOP!BOTTOM!YES!!
S!VIA CLASS!!TOP!BOTTOM!!!
S!VIA CLASS!!TOP!BOTTOM!!!
S!VIA CLASS!!TOP!BOTTOM!!!
S!VIA CLASS!!TOP!BOTTOM!!!
S!VIA CLASS!!TOP!BOTTOM!!!
S!VIA CLASS!!TOP!BOTTOM!!!
S!VIA CLASS!!TOP!BOTTOM!!!
S!VIA CLASS!!TOP!BOTTOM!!!
S!VIA CLASS!!TOP!BOTTOM!!!
S!VIA CLASS!!TOP!BOTTOM!!!
S!VIA CLASS!!TOP!BOTTOM!!!
S!VIA CLASS!!TOP!BOTTOM!!!
S!VIA CLASS!!TOP!BOTTOM!!!
S!VIA CLASS!!TOP!BOTTOM!!!
S!VIA CLASS!!TOP!BOTTOM!!!
S!VIA CLASS!!TOP!BOTTOM!!!
S!VIA CLASS!!TOP!BOTTOM!!!
S!VIA CLASS!!TOP!BOTTOM!!!
S!VIA CLASS!!TOP!BOTTOM!!!
S!VIA CLASS!!TOP!BOTTOM!!!
S!VIA CLASS!!TOP!BOTTOM!!!
S!VIA CLASS!!TOP!BOTTOM!!!
S!VIA CLASS!!TOP!BOTTOM!!!
S!VIA CLASS!!TOP!BOTTOM!!!
S!VIA CLASS!!TOP!BOTTOM!!!
S!VIA CLASS!IC16!TOP!BOTTOM!NO!!
S!VIA CLASS!R56!TOP!BOTTOM!YES!!
S!VIA CLASS!!TOP!BOTTOM!!!
S!VIA CLASS!!TOP!BOTTOM!!!
S!VIA CLASS!!TOP!BOTTOM!!!
S!VIA CLASS!IC15!TOP!BOTTOM!NO!!
S!VIA CLASS!R48!TOP!BOTTOM!YES!!
S!VIA CLASS!!TOP!BOTTOM!!!
S!VIA CLASS!!TOP!BOTTOM!!!
S!VIA CLASS!IC14!TOP!BOTTOM!NO!!
S!VIA CLASS!R40!TOP!BOTTOM!YES!!
S!VIA CLASS!!TOP!BOTTOM!!!
S!VIA CLASS!IC16!TOP!BOTTOM!NO!!
S!VIA CLASS!R55!TOP!BOTTOM!YES!!
S!VIA CLASS!!TOP!BOTTOM!!!
S!VIA CLASS!!TOP!BOTTOM!!!
S!VIA CLASS!IC15!TOP!BOTTOM!NO!!
S!VIA CLASS!R47!TOP!BOTTOM!YES!!
S!VIA CLASS!!TOP!BOTTOM!!!
S!VIA CLASS!!TOP!BOTTOM!!!
S!VIA CLASS!IC14!TOP!BOTTOM!NO!!
S!VIA CLASS!R39!TOP!BOTTOM!YES!!
S!VIA CLASS!!TOP!BOTTOM!!!
S!VIA CLASS!!TOP!BOTTOM!!!
S!VIA CLASS!!TOP!BOTTOM!!!
S!VIA CLASS!!TOP!BOTTOM!!!
S!VIA CLASS!R30!TOP!BOTTOM!YES!!
S!VIA CLASS!R127!TOP!BOTTOM!YES!!
S!VIA CLASS!R119!TOP!BOTTOM!YES!!
S!VIA CLASS!R111!TOP!BOTTOM!YES!!
S!VIA CLASS!R103!TOP!BOTTOM!YES!!
S!VIA CLASS!R54!TOP!BOTTOM!YES!!
S!VIA CLASS!R46!TOP!BOTTOM!YES!!
S!VIA CLASS!R38!TOP!BOTTOM!YES!!
S!VIA CLASS!!TOP!BOTTOM!!!
S!VIA CLASS!R53!TOP!BOTTOM!YES!!
S!VIA CLASS!!TOP!BOTTOM!!!
S!VIA CLASS!!TOP!BOTTOM!!!
S!VIA CLASS!R45!TOP!BOTTOM!YES!!
S!VIA CLASS!!TOP!BOTTOM!!!
S!VIA CLASS!!TOP!BOTTOM!!!
S!VIA CLASS!!TOP!BOTTOM!!!
S!VIA CLASS!!TOP!BOTTOM!!!
S!VIA CLASS!R37!TOP!BOTTOM!YES!!
S!VIA CLASS!!TOP!BOTTOM!!!
S!VIA CLASS!IC18!TOP!BOTTOM!NO!!
S!VIA CLASS!!TOP!BOTTOM!!!
S!VIA CLASS!!TOP!BOTTOM!!!
S!VIA CLASS!!TOP!BOTTOM!!!
S!VIA CLASS!!TOP!BOTTOM!!!
S!VIA CLASS!!TOP!BOTTOM!!!
S!VIA CLASS!!TOP!BOTTOM!!!
S!VIA CLASS!!TOP!BOTTOM!!!
S!VIA CLASS!IC12!TOP!BOTTOM!NO!!
S!VIA CLASS!!TOP!BOTTOM!!!
S!VIA CLASS!!TOP!BOTTOM!!!
S!VIA CLASS!!TOP!BOTTOM!!!
S!VIA CLASS!!TOP!BOTTOM!!!
S!VIA CLASS!!TOP!BOTTOM!!!
S!VIA CLASS!!TOP!BOTTOM!!!
S!VIA CLASS!!TOP!BOTTOM!!!
S!VIA CLASS!!TOP!BOTTOM!!!
S!VIA CLASS!!TOP!BOTTOM!!!
S!VIA CLASS!!TOP!BOTTOM!!!
S!VIA CLASS!!TOP!BOTTOM!!!
S!VIA CLASS!!TOP!BOTTOM!!!
S!VIA CLASS!!TOP!BOTTOM!!!
S!VIA CLASS!!TOP!BOTTOM!!!
S!VIA CLASS!!TOP!BOTTOM!!!
S!VIA CLASS!!TOP!BOTTOM!!!
S!VIA CLASS!!TOP!BOTTOM!!!
S!VIA CLASS!!TOP!BOTTOM!!!
S!VIA CLASS!!TOP!BOTTOM!!!
S!VIA CLASS!!TOP!BOTTOM!!!
S!VIA CLASS!!TOP!BOTTOM!!!
S!VIA CLASS!!TOP!BOTTOM!!!
S!VIA CLASS!!TOP!BOTTOM!!!
S!VIA CLASS!!TOP!BOTTOM!!!
S!VIA CLASS!IC19!TOP!BOTTOM!NO!!
S!VIA CLASS!!TOP!BOTTOM!!!
S!VIA CLASS!!TOP!BOTTOM!!!
S!VIA CLASS!!TOP!BOTTOM!!!
S!VIA CLASS!!TOP!BOTTOM!!!
S!VIA CLASS!!TOP!BOTTOM!!!
S!VIA CLASS!IC17!TOP!BOTTOM!NO!!
S!VIA CLASS!!TOP!BOTTOM!!!
S!VIA CLASS!!TOP!BOTTOM!!!
S!VIA CLASS!!TOP!BOTTOM!!!
S!VIA CLASS!!TOP!BOTTOM!!!
S!VIA CLASS!!TOP!BOTTOM!!!
S!VIA CLASS!IC15!TOP!BOTTOM!NO!!
S!VIA CLASS!!TOP!BOTTOM!!!
S!VIA CLASS!IC18!TOP!BOTTOM!NO!!
S!VIA CLASS!!TOP!BOTTOM!!!
S!VIA CLASS!!TOP!BOTTOM!!!
S!VIA CLASS!!TOP!BOTTOM!!!
S!VIA CLASS!!TOP!BOTTOM!!!
S!VIA CLASS!!TOP!BOTTOM!!!
S!VIA CLASS!!TOP!BOTTOM!!!
S!VIA CLASS!!TOP!BOTTOM!!!
S!VIA CLASS!IC12!TOP!BOTTOM!NO!!
S!VIA CLASS!!TOP!BOTTOM!!!
S!VIA CLASS!!TOP!BOTTOM!!!
S!VIA CLASS!!TOP!BOTTOM!!!
S!VIA CLASS!!TOP!BOTTOM!!!
S!VIA CLASS!!TOP!BOTTOM!!!
S!VIA CLASS!!TOP!BOTTOM!!!
S!VIA CLASS!!TOP!BOTTOM!!!
S!VIA CLASS!!TOP!BOTTOM!!!
S!VIA CLASS!!TOP!BOTTOM!!!
S!VIA CLASS!!TOP!BOTTOM!!!
S!VIA CLASS!!TOP!BOTTOM!!!
S!VIA CLASS!!TOP!BOTTOM!!!
S!VIA CLASS!!TOP!BOTTOM!!!
S!VIA CLASS!!TOP!BOTTOM!!!
S!VIA CLASS!!TOP!BOTTOM!!!
S!VIA CLASS!!TOP!BOTTOM!!!
S!VIA CLASS!!TOP!BOTTOM!!!
S!VIA CLASS!!TOP!BOTTOM!!!
S!VIA CLASS!!TOP!BOTTOM!!!
S!VIA CLASS!!TOP!BOTTOM!!!
S!VIA CLASS!!TOP!BOTTOM!!!
S!VIA CLASS!!TOP!BOTTOM!!!
S!VIA CLASS!!TOP!BOTTOM!!!
S!VIA CLASS!!TOP!BOTTOM!!!
S!VIA CLASS!IC19!TOP!BOTTOM!NO!!
S!VIA CLASS!!TOP!BOTTOM!!!
S!VIA CLASS!!TOP!BOTTOM!!!
S!VIA CLASS!!TOP!BOTTOM!!!
S!VIA CLASS!!TOP!BOTTOM!!!
S!VIA CLASS!!TOP!BOTTOM!!!
S!VIA CLASS!IC17!TOP!BOTTOM!NO!!
S!VIA CLASS!!TOP!BOTTOM!!!
S!VIA CLASS!!TOP!BOTTOM!!!
S!VIA CLASS!!TOP!BOTTOM!!!
S!VIA CLASS!!TOP!BOTTOM!!!
S!VIA CLASS!!TOP!BOTTOM!!!
S!VIA CLASS!!TOP!BOTTOM!!!
S!VIA CLASS!IC15!TOP!BOTTOM!NO!!
S!VIA CLASS!!TOP!BOTTOM!!!
S!VIA CLASS!!TOP!BOTTOM!!!
S!VIA CLASS!!TOP!BOTTOM!!!
S!VIA CLASS!!TOP!BOTTOM!!!
S!VIA CLASS!!TOP!BOTTOM!!!
S!VIA CLASS!!TOP!BOTTOM!!!
S!VIA CLASS!C117!TOP!BOTTOM!YES!!
S!VIA CLASS!C113!TOP!BOTTOM!YES!!
S!VIA CLASS!C114!TOP!BOTTOM!YES!!
S!VIA CLASS!C115!TOP!BOTTOM!YES!!
S!VIA CLASS!!TOP!BOTTOM!!!
S!VIA CLASS!!TOP!BOTTOM!!!
S!VIA CLASS!R152!TOP!BOTTOM!YES!!
S!VIA CLASS!IC16!TOP!BOTTOM!NO!!
S!VIA CLASS!R147!TOP!BOTTOM!YES!!
S!VIA CLASS!IC15!TOP!BOTTOM!NO!!
S!VIA CLASS!R142!TOP!BOTTOM!YES!!
S!VIA CLASS!R137!TOP!BOTTOM!YES!!
S!VIA CLASS!IC18!TOP!BOTTOM!NO!!
S!VIA CLASS!IC14!TOP!BOTTOM!NO!!
S!VIA CLASS!IC19!TOP!BOTTOM!NO!!
S!VIA CLASS!IC20!TOP!BOTTOM!NO!!
S!VIA CLASS!R131!TOP!BOTTOM!YES!!
S!VIA CLASS!R132!TOP!BOTTOM!YES!!
S!VIA CLASS!IC11!TOP!BOTTOM!NO!!
S!VIA CLASS!!TOP!BOTTOM!!!
S!VIA CLASS!!TOP!BOTTOM!!!
S!VIA CLASS!!TOP!BOTTOM!!!
S!VIA CLASS!!TOP!BOTTOM!!!
S!VIA CLASS!!TOP!BOTTOM!!!
S!VIA CLASS!!TOP!BOTTOM!!!
S!VIA CLASS!!TOP!BOTTOM!!!
S!VIA CLASS!!TOP!BOTTOM!!!
S!VIA CLASS!!TOP!BOTTOM!!!
S!VIA CLASS!!TOP!BOTTOM!!!
S!VIA CLASS!R171!TOP!BOTTOM!YES!!
S!VIA CLASS!R172!TOP!BOTTOM!YES!!
S!VIA CLASS!R151!TOP!BOTTOM!YES!!
S!VIA CLASS!R146!TOP!BOTTOM!YES!!
S!VIA CLASS!R183!TOP!BOTTOM!NO!!
S!VIA CLASS!R166!TOP!BOTTOM!YES!!
S!VIA CLASS!R167!TOP!BOTTOM!YES!!
S!VIA CLASS!R161!TOP!BOTTOM!YES!!
S!VIA CLASS!R162!TOP!BOTTOM!YES!!
S!VIA CLASS!!TOP!BOTTOM!!!
S!VIA CLASS!!TOP!BOTTOM!!!
S!VIA CLASS!!TOP!BOTTOM!!!
S!VIA CLASS!!TOP!BOTTOM!!!
S!VIA CLASS!!TOP!BOTTOM!!!
S!VIA CLASS!!TOP!BOTTOM!!!
S!VIA CLASS!!TOP!BOTTOM!!!
S!VIA CLASS!!TOP!BOTTOM!!!
S!VIA CLASS!!TOP!BOTTOM!!!
S!VIA CLASS!R156!TOP!BOTTOM!YES!!
S!VIA CLASS!R157!TOP!BOTTOM!YES!!
S!VIA CLASS!!TOP!BOTTOM!!!
S!VIA CLASS!IC17!TOP!BOTTOM!NO!!
S!VIA CLASS!IC12!TOP!BOTTOM!NO!!
S!VIA CLASS!!TOP!BOTTOM!!!
S!VIA CLASS!!TOP!BOTTOM!!!
S!VIA CLASS!R136!TOP!BOTTOM!YES!!
S!VIA CLASS!R141!TOP!BOTTOM!YES!!
S!VIA CLASS!!TOP!BOTTOM!!!
S!VIA CLASS!!TOP!BOTTOM!!!
S!VIA CLASS!!TOP!BOTTOM!!!
S!VIA CLASS!!TOP!BOTTOM!!!
S!VIA CLASS!R29!TOP!BOTTOM!YES!!
S!VIA CLASS!!TOP!BOTTOM!!!
S!VIA CLASS!!TOP!BOTTOM!!!
S!VIA CLASS!!TOP!BOTTOM!!!
S!VIA CLASS!!TOP!BOTTOM!!!
S!VIA CLASS!R24!TOP!BOTTOM!YES!!
S!VIA CLASS!!TOP!BOTTOM!!!
S!VIA CLASS!!TOP!BOTTOM!!!
S!VIA CLASS!!TOP!BOTTOM!!!
S!VIA CLASS!!TOP!BOTTOM!!!
S!VIA CLASS!!TOP!BOTTOM!!!
S!VIA CLASS!IC12!TOP!BOTTOM!NO!!
S!VIA CLASS!R28!TOP!BOTTOM!YES!!
S!VIA CLASS!!TOP!BOTTOM!!!
S!VIA CLASS!!TOP!BOTTOM!!!
S!VIA CLASS!!TOP!BOTTOM!!!
S!VIA CLASS!!TOP!BOTTOM!!!
S!VIA CLASS!IC12!TOP!BOTTOM!NO!!
S!VIA CLASS!R27!TOP!BOTTOM!YES!!
S!VIA CLASS!R8!TOP!BOTTOM!YES!!
S!VIA CLASS!R7!TOP!BOTTOM!YES!!
S!VIA CLASS!!TOP!BOTTOM!!!
S!VIA CLASS!!TOP!BOTTOM!!!
S!VIA CLASS!!TOP!BOTTOM!!!
S!VIA CLASS!!TOP!BOTTOM!!!
S!VIA CLASS!!TOP!BOTTOM!!!
S!VIA CLASS!!TOP!BOTTOM!!!
S!VIA CLASS!!TOP!BOTTOM!!!
S!VIA CLASS!!TOP!BOTTOM!!!
S!VIA CLASS!!TOP!BOTTOM!!!
S!VIA CLASS!C112!TOP!BOTTOM!NO!!
S!VIA CLASS!!TOP!BOTTOM!!!
S!VIA CLASS!IC1!TOP!BOTTOM!NO!!
S!VIA CLASS!!TOP!BOTTOM!!!
S!VIA CLASS!!TOP!BOTTOM!!!
S!VIA CLASS!!TOP!BOTTOM!!!
S!VIA CLASS!!TOP!BOTTOM!!!
S!VIA CLASS!!TOP!BOTTOM!!!
S!VIA CLASS!!TOP!BOTTOM!!!
S!VIA CLASS!!TOP!BOTTOM!!!
S!VIA CLASS!!TOP!BOTTOM!!!
S!VIA CLASS!C3!TOP!BOTTOM!NO!!
S!VIA CLASS!L2!TOP!BOTTOM!NO!!
S!VIA CLASS!!TOP!BOTTOM!!!
S!VIA CLASS!!TOP!BOTTOM!!!
S!VIA CLASS!!TOP!BOTTOM!!!
S!VIA CLASS!!TOP!BOTTOM!!!
S!VIA CLASS!!TOP!BOTTOM!!!
S!VIA CLASS!!TOP!BOTTOM!!!
S!VIA CLASS!!TOP!BOTTOM!!!
S!VIA CLASS!C96!TOP!BOTTOM!NO!!
S!VIA CLASS!IC19!TOP!BOTTOM!NO!!
S!VIA CLASS!R169!TOP!BOTTOM!YES!!
S!VIA CLASS!R170!TOP!BOTTOM!YES!!
S!VIA CLASS!C94!TOP!BOTTOM!NO!!
S!VIA CLASS!IC20!TOP!BOTTOM!NO!!
S!VIA CLASS!R174!TOP!BOTTOM!YES!!
S!VIA CLASS!R175!TOP!BOTTOM!YES!!
S!VIA CLASS!IC17!TOP!BOTTOM!NO!!
S!VIA CLASS!R159!TOP!BOTTOM!YES!!
S!VIA CLASS!R160!TOP!BOTTOM!YES!!
S!VIA CLASS!IC18!TOP!BOTTOM!NO!!
S!VIA CLASS!R164!TOP!BOTTOM!YES!!
S!VIA CLASS!R165!TOP!BOTTOM!YES!!
S!VIA CLASS!C92!TOP!BOTTOM!NO!!
S!VIA CLASS!C90!TOP!BOTTOM!NO!!
S!VIA CLASS!IC16!TOP!BOTTOM!NO!!
S!VIA CLASS!R154!TOP!BOTTOM!YES!!
S!VIA CLASS!R155!TOP!BOTTOM!YES!!
S!VIA CLASS!C88!TOP!BOTTOM!NO!!
S!VIA CLASS!!TOP!BOTTOM!!!
S!VIA CLASS!IC14!TOP!BOTTOM!NO!!
S!VIA CLASS!R144!TOP!BOTTOM!YES!!
S!VIA CLASS!R145!TOP!BOTTOM!YES!!
S!VIA CLASS!IC15!TOP!BOTTOM!NO!!
S!VIA CLASS!R149!TOP!BOTTOM!YES!!
S!VIA CLASS!R150!TOP!BOTTOM!YES!!
S!VIA CLASS!C86!TOP!BOTTOM!NO!!
S!VIA CLASS!!TOP!BOTTOM!!!
S!VIA CLASS!C82!TOP!BOTTOM!NO!!
S!VIA CLASS!IC12!TOP!BOTTOM!NO!!
S!VIA CLASS!R82!TOP!BOTTOM!NO!!
S!VIA CLASS!R140!TOP!BOTTOM!YES!!
S!VIA CLASS!!TOP!BOTTOM!!!
S!VIA CLASS!R139!TOP!BOTTOM!YES!!
S!VIA CLASS!C80!TOP!BOTTOM!NO!!
S!VIA CLASS!R182!TOP!BOTTOM!NO!!
S!VIA CLASS!R134!TOP!BOTTOM!YES!!
S!VIA CLASS!U11!TOP!BOTTOM!NO!!
S!VIA CLASS!U11!TOP!BOTTOM!NO!!
S!VIA CLASS!R135!TOP!BOTTOM!YES!!
S!VIA CLASS!IC11!TOP!BOTTOM!NO!!
S!VIA CLASS!C4!TOP!BOTTOM!NO!!
S!VIA CLASS!L1!TOP!BOTTOM!NO!!
S!VIA CLASS!C31!TOP!BOTTOM!YES!!
S!VIA CLASS!!TOP!BOTTOM!!!
S!VIA CLASS!C45!TOP!BOTTOM!YES!!
S!VIA CLASS!C50!TOP!BOTTOM!YES!!
S!VIA CLASS!C74!TOP!BOTTOM!YES!!
S!VIA CLASS!!TOP!BOTTOM!!!
S!VIA CLASS!C64!TOP!BOTTOM!YES!!
S!VIA CLASS!L5!TOP!BOTTOM!YES!!
S!VIA CLASS!L4!TOP!BOTTOM!YES!!
S!VIA CLASS!L7!TOP!BOTTOM!YES!!
S!VIA CLASS!L3!TOP!BOTTOM!NO!!
S!VIA CLASS!L6!TOP!BOTTOM!YES!!
S!VIA CLASS!L9!TOP!BOTTOM!YES!!
S!VIA CLASS!L8!TOP!BOTTOM!YES!!
S!VIA CLASS!L11!TOP!BOTTOM!YES!!
S!VIA CLASS!L18!TOP!BOTTOM!YES!!
S!VIA CLASS!L17!TOP!BOTTOM!YES!!
S!VIA CLASS!L16!TOP!BOTTOM!YES!!
S!VIA CLASS!L12!TOP!BOTTOM!YES!!
S!VIA CLASS!L13!TOP!BOTTOM!YES!!
S!VIA CLASS!C84!TOP!BOTTOM!NO!!
S!VIA CLASS!L14!TOP!BOTTOM!YES!!
S!VIA CLASS!C59!TOP!BOTTOM!YES!!
S!VIA CLASS!R25!TOP!BOTTOM!YES!!
S!VIA CLASS!R29!TOP!BOTTOM!YES!!
S!VIA CLASS!R26!TOP!BOTTOM!YES!!
S!VIA CLASS!R27!TOP!BOTTOM!YES!!
S!VIA CLASS!R28!TOP!BOTTOM!YES!!
S!VIA CLASS!R24!TOP!BOTTOM!YES!!
S!VIA CLASS!R36!TOP!BOTTOM!YES!!
S!VIA CLASS!R40!TOP!BOTTOM!YES!!
S!VIA CLASS!R39!TOP!BOTTOM!YES!!
S!VIA CLASS!R38!TOP!BOTTOM!YES!!
S!VIA CLASS!R41!TOP!BOTTOM!YES!!
S!VIA CLASS!R37!TOP!BOTTOM!YES!!
S!VIA CLASS!!TOP!BOTTOM!!!
S!VIA CLASS!R48!TOP!BOTTOM!YES!!
S!VIA CLASS!!TOP!BOTTOM!!!
S!VIA CLASS!!TOP!BOTTOM!!!
S!VIA CLASS!R49!TOP!BOTTOM!YES!!
S!VIA CLASS!R45!TOP!BOTTOM!YES!!
S!VIA CLASS!R52!TOP!BOTTOM!YES!!
S!VIA CLASS!R56!TOP!BOTTOM!YES!!
S!VIA CLASS!R55!TOP!BOTTOM!YES!!
S!VIA CLASS!R54!TOP!BOTTOM!YES!!
S!VIA CLASS!R53!TOP!BOTTOM!YES!!
S!VIA CLASS!R57!TOP!BOTTOM!YES!!
S!VIA CLASS!R125!TOP!BOTTOM!YES!!
S!VIA CLASS!R129!TOP!BOTTOM!YES!!
S!VIA CLASS!R128!TOP!BOTTOM!YES!!
S!VIA CLASS!R127!TOP!BOTTOM!YES!!
S!VIA CLASS!R130!TOP!BOTTOM!YES!!
S!VIA CLASS!R126!TOP!BOTTOM!YES!!
S!VIA CLASS!R117!TOP!BOTTOM!YES!!
S!VIA CLASS!R121!TOP!BOTTOM!YES!!
S!VIA CLASS!R120!TOP!BOTTOM!YES!!
S!VIA CLASS!R122!TOP!BOTTOM!YES!!
S!VIA CLASS!R119!TOP!BOTTOM!YES!!
S!VIA CLASS!R118!TOP!BOTTOM!YES!!
S!VIA CLASS!R109!TOP!BOTTOM!YES!!
S!VIA CLASS!R113!TOP!BOTTOM!YES!!
S!VIA CLASS!R112!TOP!BOTTOM!YES!!
S!VIA CLASS!R111!TOP!BOTTOM!YES!!
S!VIA CLASS!R114!TOP!BOTTOM!YES!!
S!VIA CLASS!R110!TOP!BOTTOM!YES!!
S!VIA CLASS!R101!TOP!BOTTOM!YES!!
S!VIA CLASS!R105!TOP!BOTTOM!YES!!
S!VIA CLASS!R104!TOP!BOTTOM!YES!!
S!VIA CLASS!R103!TOP!BOTTOM!YES!!
S!VIA CLASS!R106!TOP!BOTTOM!YES!!
S!VIA CLASS!R102!TOP!BOTTOM!YES!!
S!VIA CLASS!U7!TOP!BOTTOM!NO!!
S!VIA CLASS!U8!TOP!BOTTOM!NO!!
S!VIA CLASS!U9!TOP!BOTTOM!NO!!
S!VIA CLASS!U10!TOP!BOTTOM!NO!!
S!VIA CLASS!U6!TOP!BOTTOM!NO!!
S!VIA CLASS!U5!TOP!BOTTOM!NO!!
S!VIA CLASS!U4!TOP!BOTTOM!NO!!
S!VIA CLASS!L10!TOP!BOTTOM!YES!!
S!VIA CLASS!R84!TOP!BOTTOM!NO!!
S!VIA CLASS!L19!TOP!BOTTOM!YES!!
S!VIA CLASS!U3!TOP!BOTTOM!NO!!
S!VIA CLASS!L15!TOP!BOTTOM!YES!!
S!VIA CLASS!C6!TOP!BOTTOM!NO!!
S!VIA CLASS!R180!TOP!BOTTOM!YES!!
S!VIA CLASS!U2!TOP!BOTTOM!NO!!
S!VIA CLASS!U2!TOP!BOTTOM!NO!!
S!VIA CLASS!!TOP!BOTTOM!!!
S!VIA CLASS!!TOP!BOTTOM!!!
S!VIA CLASS!!TOP!BOTTOM!!!
S!VIA CLASS!!TOP!BOTTOM!!!
S!VIA CLASS!!TOP!BOTTOM!!!
S!VIA CLASS!!TOP!BOTTOM!!!
S!VIA CLASS!!TOP!BOTTOM!!!
S!VIA CLASS!R22!TOP!BOTTOM!NO!!
S!VIA CLASS!R23!TOP!BOTTOM!NO!!
S!VIA CLASS!R34!TOP!BOTTOM!NO!!
S!VIA CLASS!R35!TOP!BOTTOM!NO!!
S!VIA CLASS!R42!TOP!BOTTOM!NO!!
S!VIA CLASS!R43!TOP!BOTTOM!NO!!
S!VIA CLASS!R50!TOP!BOTTOM!NO!!
S!VIA CLASS!R51!TOP!BOTTOM!NO!!
S!VIA CLASS!R123!TOP!BOTTOM!NO!!
S!VIA CLASS!R124!TOP!BOTTOM!NO!!
S!VIA CLASS!R115!TOP!BOTTOM!NO!!
S!VIA CLASS!R116!TOP!BOTTOM!NO!!
S!VIA CLASS!R107!TOP!BOTTOM!NO!!
S!VIA CLASS!R108!TOP!BOTTOM!NO!!
S!VIA CLASS!R100!TOP!BOTTOM!NO!!
S!VIA CLASS!R99!TOP!BOTTOM!NO!!
S!VIA CLASS!R26!TOP!BOTTOM!YES!!
S!VIA CLASS!!TOP!BOTTOM!!!
S!VIA CLASS!!TOP!BOTTOM!!!
S!VIA CLASS!R25!TOP!BOTTOM!YES!!
S!VIA CLASS!!TOP!BOTTOM!!!
S!VIA CLASS!!TOP!BOTTOM!!!
S!VIA CLASS!!TOP!BOTTOM!!!
S!VIA CLASS!!TOP!BOTTOM!!!
S!VIA CLASS!!TOP!BOTTOM!!!
S!VIA CLASS!!TOP!BOTTOM!!!
S!VIA CLASS!IC1!TOP!BOTTOM!NO!!
S!VIA CLASS!!TOP!BOTTOM!!!
S!VIA CLASS!IC1!TOP!BOTTOM!NO!!
S!VIA CLASS!!TOP!BOTTOM!!!
S!VIA CLASS!!TOP!BOTTOM!!!
S!VIA CLASS!!TOP!BOTTOM!!!
S!VIA CLASS!!TOP!BOTTOM!!!
S!VIA CLASS!!TOP!BOTTOM!!!
S!VIA CLASS!!TOP!BOTTOM!!!
S!VIA CLASS!!TOP!BOTTOM!!!
S!VIA CLASS!!TOP!BOTTOM!!!
S!VIA CLASS!!TOP!BOTTOM!!!
S!VIA CLASS!!TOP!BOTTOM!!!
S!VIA CLASS!!TOP!BOTTOM!!!
S!VIA CLASS!!TOP!BOTTOM!!!
S!VIA CLASS!!TOP!BOTTOM!!!
S!VIA CLASS!!TOP!BOTTOM!!!
S!VIA CLASS!!TOP!BOTTOM!!!
S!VIA CLASS!!TOP!BOTTOM!!!
S!VIA CLASS!!TOP!BOTTOM!!!
S!VIA CLASS!!TOP!BOTTOM!!!
S!VIA CLASS!!TOP!BOTTOM!!!
S!VIA CLASS!!TOP!BOTTOM!!!
S!VIA CLASS!!TOP!BOTTOM!!!
S!VIA CLASS!!TOP!BOTTOM!!!
S!VIA CLASS!!TOP!BOTTOM!!!
S!VIA CLASS!!TOP!BOTTOM!!!
S!VIA CLASS!!TOP!BOTTOM!!!
S!VIA CLASS!!TOP!BOTTOM!!!
S!VIA CLASS!!TOP!BOTTOM!!!
S!VIA CLASS!!TOP!BOTTOM!!!
S!VIA CLASS!!TOP!BOTTOM!!!
S!VIA CLASS!!TOP!BOTTOM!!!
S!VIA CLASS!!TOP!BOTTOM!!!
S!VIA CLASS!!TOP!BOTTOM!!!
S!VIA CLASS!!TOP!BOTTOM!!!
S!VIA CLASS!!TOP!BOTTOM!!!
S!VIA CLASS!!TOP!BOTTOM!!!
S!VIA CLASS!!TOP!BOTTOM!!!
S!VIA CLASS!!TOP!BOTTOM!!!
S!VIA CLASS!!TOP!BOTTOM!!!
S!VIA CLASS!!TOP!BOTTOM!!!
S!VIA CLASS!!TOP!BOTTOM!!!
S!VIA CLASS!!TOP!BOTTOM!!!
S!VIA CLASS!!TOP!BOTTOM!!!
S!VIA CLASS!!TOP!BOTTOM!!!
S!VIA CLASS!!TOP!BOTTOM!!!
S!VIA CLASS!!TOP!BOTTOM!!!
S!VIA CLASS!!TOP!BOTTOM!!!
S!VIA CLASS!!TOP!BOTTOM!!!
S!VIA CLASS!!TOP!BOTTOM!!!
S!VIA CLASS!!TOP!BOTTOM!!!
S!VIA CLASS!!TOP!BOTTOM!!!
S!VIA CLASS!!TOP!BOTTOM!!!
S!VIA CLASS!!TOP!BOTTOM!!!
S!VIA CLASS!!TOP!BOTTOM!!!
S!VIA CLASS!!TOP!BOTTOM!!!
S!VIA CLASS!!TOP!BOTTOM!!!
S!VIA CLASS!!TOP!BOTTOM!!!
S!VIA CLASS!!TOP!BOTTOM!!!
S!VIA CLASS!!TOP!BOTTOM!!!
S!VIA CLASS!!TOP!BOTTOM!!!
S!VIA CLASS!!TOP!BOTTOM!!!
S!VIA CLASS!!TOP!BOTTOM!!!
S!VIA CLASS!C11!TOP!BOTTOM!YES!!
S!VIA CLASS!L2!TOP!BOTTOM!NO!!
S!VIA CLASS!C14!TOP!BOTTOM!YES!!
S!VIA CLASS!!TOP!BOTTOM!!!
S!VIA CLASS!!TOP!BOTTOM!!!
S!VIA CLASS!!TOP!BOTTOM!!!
S!VIA CLASS!C13!TOP!BOTTOM!YES!!
S!VIA CLASS!!TOP!BOTTOM!!!
S!VIA CLASS!C15!TOP!BOTTOM!NO!!
S!VIA CLASS!!TOP!BOTTOM!!!
S!VIA CLASS!!TOP!BOTTOM!!!
S!VIA CLASS!!TOP!BOTTOM!!!
S!VIA CLASS!!TOP!BOTTOM!!!
S!VIA CLASS!!TOP!BOTTOM!!!
S!VIA CLASS!!TOP!BOTTOM!!!
S!VIA CLASS!!TOP!BOTTOM!!!
S!VIA CLASS!!TOP!BOTTOM!!!
S!VIA CLASS!!TOP!BOTTOM!!!
S!VIA CLASS!!TOP!BOTTOM!!!
S!VIA CLASS!!TOP!BOTTOM!!!
S!VIA CLASS!!TOP!BOTTOM!!!
S!VIA CLASS!!TOP!BOTTOM!!!
S!VIA CLASS!!TOP!BOTTOM!!!
S!VIA CLASS!!TOP!BOTTOM!!!
S!VIA CLASS!!TOP!BOTTOM!!!
S!VIA CLASS!!TOP!BOTTOM!!!
S!VIA CLASS!!TOP!BOTTOM!!!
S!VIA CLASS!!TOP!BOTTOM!!!
S!VIA CLASS!!TOP!BOTTOM!!!
S!VIA CLASS!!TOP!BOTTOM!!!
S!VIA CLASS!!TOP!BOTTOM!!!
S!VIA CLASS!!TOP!BOTTOM!!!
S!VIA CLASS!!TOP!BOTTOM!!!
S!VIA CLASS!!TOP!BOTTOM!!!
S!VIA CLASS!!TOP!BOTTOM!!!
S!VIA CLASS!!TOP!BOTTOM!!!
S!VIA CLASS!!TOP!BOTTOM!!!
S!VIA CLASS!!TOP!BOTTOM!!!
S!VIA CLASS!!TOP!BOTTOM!!!
S!VIA CLASS!!TOP!BOTTOM!!!
S!VIA CLASS!!TOP!BOTTOM!!!
S!VIA CLASS!!TOP!BOTTOM!!!
S!VIA CLASS!!TOP!BOTTOM!!!
S!VIA CLASS!!TOP!BOTTOM!!!
S!VIA CLASS!!TOP!BOTTOM!!!
S!VIA CLASS!!TOP!BOTTOM!!!
S!VIA CLASS!!TOP!BOTTOM!!!
S!VIA CLASS!!TOP!BOTTOM!!!
S!VIA CLASS!!TOP!BOTTOM!!!
S!VIA CLASS!!TOP!BOTTOM!!!
S!VIA CLASS!!TOP!BOTTOM!!!
S!VIA CLASS!!TOP!BOTTOM!!!
S!VIA CLASS!!TOP!BOTTOM!!!
S!VIA CLASS!!TOP!BOTTOM!!!
S!VIA CLASS!!TOP!BOTTOM!!!
S!VIA CLASS!!TOP!BOTTOM!!!
S!VIA CLASS!!TOP!BOTTOM!!!
S!VIA CLASS!!TOP!BOTTOM!!!
S!VIA CLASS!!TOP!BOTTOM!!!
S!VIA CLASS!!TOP!BOTTOM!!!
S!VIA CLASS!!TOP!BOTTOM!!!
S!VIA CLASS!!TOP!BOTTOM!!!
S!VIA CLASS!!TOP!BOTTOM!!!
S!VIA CLASS!J3!TOP!BOTTOM!NO!!
S!VIA CLASS!J3!TOP!BOTTOM!NO!!
S!VIA CLASS!J3!TOP!BOTTOM!NO!!
S!VIA CLASS!!TOP!BOTTOM!!!
S!VIA CLASS!!TOP!BOTTOM!!!
S!VIA CLASS!J3!TOP!BOTTOM!NO!!
S!VIA CLASS!J3!TOP!BOTTOM!NO!!
S!VIA CLASS!J3!TOP!BOTTOM!NO!!
S!VIA CLASS!J3!TOP!BOTTOM!NO!!
S!VIA CLASS!J3!TOP!BOTTOM!NO!!
S!VIA CLASS!J3!TOP!BOTTOM!NO!!
S!VIA CLASS!J3!TOP!BOTTOM!NO!!
S!VIA CLASS!J3!TOP!BOTTOM!NO!!
S!VIA CLASS!J3!TOP!BOTTOM!NO!!
S!VIA CLASS!J3!TOP!BOTTOM!NO!!
S!VIA CLASS!J3!TOP!BOTTOM!NO!!
S!VIA CLASS!J3!TOP!BOTTOM!NO!!
S!VIA CLASS!J3!TOP!BOTTOM!NO!!
S!VIA CLASS!J3!TOP!BOTTOM!NO!!
S!VIA CLASS!J3!TOP!BOTTOM!NO!!
S!VIA CLASS!J3!TOP!BOTTOM!NO!!
S!VIA CLASS!J3!TOP!BOTTOM!NO!!
S!VIA CLASS!J3!TOP!BOTTOM!NO!!
S!VIA CLASS!J3!TOP!BOTTOM!NO!!
S!VIA CLASS!J3!TOP!BOTTOM!NO!!
S!VIA CLASS!J3!TOP!BOTTOM!NO!!
S!VIA CLASS!J3!TOP!BOTTOM!NO!!
S!VIA CLASS!J3!TOP!BOTTOM!NO!!
S!VIA CLASS!J3!TOP!BOTTOM!NO!!
S!VIA CLASS!J3!TOP!BOTTOM!NO!!
S!VIA CLASS!J3!TOP!BOTTOM!NO!!
S!VIA CLASS!J3!TOP!BOTTOM!NO!!
S!VIA CLASS!J3!TOP!BOTTOM!NO!!
S!VIA CLASS!!TOP!BOTTOM!!!
S!VIA CLASS!J3!TOP!BOTTOM!NO!!
S!VIA CLASS!J3!TOP!BOTTOM!NO!!
S!VIA CLASS!J3!TOP!BOTTOM!NO!!
S!VIA CLASS!J3!TOP!BOTTOM!NO!!
S!VIA CLASS!J3!TOP!BOTTOM!NO!!
S!VIA CLASS!J3!TOP!BOTTOM!NO!!
S!VIA CLASS!J3!TOP!BOTTOM!NO!!
S!VIA CLASS!J3!TOP!BOTTOM!NO!!
S!VIA CLASS!J3!TOP!BOTTOM!NO!!
S!VIA CLASS!J3!TOP!BOTTOM!NO!!
S!VIA CLASS!!TOP!BOTTOM!!!
S!VIA CLASS!!TOP!BOTTOM!!!
S!VIA CLASS!!TOP!BOTTOM!!!
S!VIA CLASS!!TOP!BOTTOM!!!
S!VIA CLASS!!TOP!BOTTOM!!!
S!VIA CLASS!C112!TOP!BOTTOM!NO!!
S!VIA CLASS!R203!TOP!BOTTOM!YES!!
S!VIA CLASS!R204!TOP!BOTTOM!YES!!
S!VIA CLASS!!TOP!BOTTOM!!!
S!VIA CLASS!IC1!TOP!BOTTOM!NO!!
S!VIA CLASS!!TOP!BOTTOM!!!
S!VIA CLASS!!TOP!BOTTOM!!!
S!VIA CLASS!!TOP!BOTTOM!!!
S!VIA CLASS!!TOP!BOTTOM!!!
S!VIA CLASS!!TOP!BOTTOM!!!
S!VIA CLASS!!TOP!BOTTOM!!!
S!VIA CLASS!!TOP!BOTTOM!!!
S!VIA CLASS!!TOP!BOTTOM!!!
S!VIA CLASS!!TOP!BOTTOM!!!
S!VIA CLASS!!TOP!BOTTOM!!!
S!VIA CLASS!!TOP!BOTTOM!!!
S!VIA CLASS!!TOP!BOTTOM!!!
S!VIA CLASS!!TOP!BOTTOM!!!
S!VIA CLASS!!TOP!BOTTOM!!!
S!VIA CLASS!!TOP!BOTTOM!!!
S!VIA CLASS!!TOP!BOTTOM!!!
S!VIA CLASS!!TOP!BOTTOM!!!
S!VIA CLASS!!TOP!BOTTOM!!!
S!VIA CLASS!!TOP!BOTTOM!!!
S!VIA CLASS!!TOP!BOTTOM!!!
S!VIA CLASS!!TOP!BOTTOM!!!
S!VIA CLASS!!TOP!BOTTOM!!!
S!VIA CLASS!!TOP!BOTTOM!!!
S!VIA CLASS!!TOP!BOTTOM!!!
S!VIA CLASS!!TOP!BOTTOM!!!
S!VIA CLASS!!TOP!BOTTOM!!!
S!VIA CLASS!!TOP!BOTTOM!!!
S!VIA CLASS!!TOP!BOTTOM!!!
S!VIA CLASS!!TOP!BOTTOM!!!
S!VIA CLASS!!TOP!BOTTOM!!!
S!VIA CLASS!!TOP!BOTTOM!!!
S!VIA CLASS!!TOP!BOTTOM!!!
S!VIA CLASS!!TOP!BOTTOM!!!
S!VIA CLASS!!TOP!BOTTOM!!!
S!VIA CLASS!!TOP!BOTTOM!!!
S!VIA CLASS!!TOP!BOTTOM!!!
S!VIA CLASS!!TOP!BOTTOM!!!
S!VIA CLASS!!TOP!BOTTOM!!!
S!VIA CLASS!!TOP!BOTTOM!!!
S!VIA CLASS!!TOP!BOTTOM!!!
S!VIA CLASS!!TOP!BOTTOM!!!
S!VIA CLASS!!TOP!BOTTOM!!!
S!VIA CLASS!!TOP!BOTTOM!!!
S!VIA CLASS!!TOP!BOTTOM!!!
S!VIA CLASS!!TOP!BOTTOM!!!
S!VIA CLASS!C110!TOP!BOTTOM!NO!!
S!VIA CLASS!!TOP!BOTTOM!!!
S!VIA CLASS!!TOP!BOTTOM!!!
S!VIA CLASS!!TOP!BOTTOM!!!
S!VIA CLASS!!TOP!BOTTOM!!!
S!VIA CLASS!!TOP!BOTTOM!!!
S!VIA CLASS!!TOP!BOTTOM!!!
S!VIA CLASS!!TOP!BOTTOM!!!
S!VIA CLASS!!TOP!BOTTOM!!!
S!VIA CLASS!!TOP!BOTTOM!!!
S!VIA CLASS!!TOP!BOTTOM!!!
S!VIA CLASS!!TOP!BOTTOM!!!
S!VIA CLASS!!TOP!BOTTOM!!!
S!VIA CLASS!!TOP!BOTTOM!!!
S!VIA CLASS!!TOP!BOTTOM!!!
S!VIA CLASS!!TOP!BOTTOM!!!
S!VIA CLASS!!TOP!BOTTOM!!!
S!VIA CLASS!!TOP!BOTTOM!!!
S!VIA CLASS!!TOP!BOTTOM!!!
S!VIA CLASS!!TOP!BOTTOM!!!
S!VIA CLASS!!TOP!BOTTOM!!!
S!VIA CLASS!!TOP!BOTTOM!!!
S!VIA CLASS!!TOP!BOTTOM!!!
S!VIA CLASS!!TOP!BOTTOM!!!
S!VIA CLASS!!TOP!BOTTOM!!!
S!VIA CLASS!!TOP!BOTTOM!!!
S!VIA CLASS!!TOP!BOTTOM!!!
S!VIA CLASS!!TOP!BOTTOM!!!
S!VIA CLASS!!TOP!BOTTOM!!!
S!VIA CLASS!!TOP!BOTTOM!!!
S!VIA CLASS!!TOP!BOTTOM!!!
S!VIA CLASS!!TOP!BOTTOM!!!
S!VIA CLASS!!TOP!BOTTOM!!!
S!VIA CLASS!!TOP!BOTTOM!!!
S!VIA CLASS!!TOP!BOTTOM!!!
S!VIA CLASS!!TOP!BOTTOM!!!
S!VIA CLASS!!TOP!BOTTOM!!!
S!VIA CLASS!!TOP!BOTTOM!!!
S!VIA CLASS!!TOP!BOTTOM!!!
S!VIA CLASS!!TOP!BOTTOM!!!
S!VIA CLASS!!TOP!BOTTOM!!!
S!VIA CLASS!!TOP!BOTTOM!!!
S!VIA CLASS!!TOP!BOTTOM!!!
S!VIA CLASS!!TOP!BOTTOM!!!
S!VIA CLASS!!TOP!BOTTOM!!!
S!VIA CLASS!!TOP!BOTTOM!!!
S!VIA CLASS!!TOP!BOTTOM!!!
S!VIA CLASS!!TOP!BOTTOM!!!
S!VIA CLASS!!TOP!BOTTOM!!!
S!VIA CLASS!!TOP!BOTTOM!!!
S!VIA CLASS!!TOP!BOTTOM!!!
S!VIA CLASS!!TOP!BOTTOM!!!
S!VIA CLASS!!TOP!BOTTOM!!!
S!VIA CLASS!!TOP!BOTTOM!!!
S!VIA CLASS!!TOP!BOTTOM!!!
S!VIA CLASS!!TOP!BOTTOM!!!
S!VIA CLASS!!TOP!BOTTOM!!!
S!VIA CLASS!!TOP!BOTTOM!!!
S!VIA CLASS!!TOP!BOTTOM!!!
S!VIA CLASS!!TOP!BOTTOM!!!
S!VIA CLASS!!TOP!BOTTOM!!!
S!VIA CLASS!!TOP!BOTTOM!!!
S!VIA CLASS!!TOP!BOTTOM!!!
S!VIA CLASS!!TOP!BOTTOM!!!
S!VIA CLASS!!TOP!BOTTOM!!!
S!VIA CLASS!!TOP!BOTTOM!!!
S!VIA CLASS!!TOP!BOTTOM!!!
S!VIA CLASS!!TOP!BOTTOM!!!
S!VIA CLASS!!TOP!BOTTOM!!!
S!VIA CLASS!!TOP!BOTTOM!!!
S!VIA CLASS!!TOP!BOTTOM!!!
S!VIA CLASS!!TOP!BOTTOM!!!
S!VIA CLASS!!TOP!BOTTOM!!!
S!VIA CLASS!!TOP!BOTTOM!!!
S!VIA CLASS!!TOP!BOTTOM!!!
S!VIA CLASS!!TOP!BOTTOM!!!
S!VIA CLASS!!TOP!BOTTOM!!!
S!VIA CLASS!!TOP!BOTTOM!!!
S!VIA CLASS!!TOP!BOTTOM!!!
S!VIA CLASS!!TOP!BOTTOM!!!
S!VIA CLASS!!TOP!BOTTOM!!!
S!VIA CLASS!!TOP!BOTTOM!!!
S!VIA CLASS!!TOP!BOTTOM!!!
S!VIA CLASS!!TOP!BOTTOM!!!
S!VIA CLASS!!TOP!BOTTOM!!!
S!VIA CLASS!C14!TOP!BOTTOM!YES!!
S!VIA CLASS!!TOP!BOTTOM!!!
S!VIA CLASS!!TOP!BOTTOM!!!
S!VIA CLASS!!TOP!BOTTOM!!!
S!VIA CLASS!C3!TOP!BOTTOM!NO!!
S!VIA CLASS!!TOP!BOTTOM!!!
S!VIA CLASS!!TOP!BOTTOM!!!
S!VIA CLASS!!TOP!BOTTOM!!!
S!VIA CLASS!!TOP!BOTTOM!!!
S!VIA CLASS!C11!TOP!BOTTOM!YES!!
S!VIA CLASS!!TOP!BOTTOM!!!
S!VIA CLASS!!TOP!BOTTOM!!!
S!VIA CLASS!!TOP!BOTTOM!!!
S!VIA CLASS!!TOP!BOTTOM!!!
S!VIA CLASS!!TOP!BOTTOM!!!
S!VIA CLASS!!TOP!BOTTOM!!!
S!VIA CLASS!!TOP!BOTTOM!!!
S!VIA CLASS!R18!TOP!BOTTOM!YES!!
S!VIA CLASS!!TOP!BOTTOM!!!
S!VIA CLASS!C15!TOP!BOTTOM!NO!!
S!VIA CLASS!!TOP!BOTTOM!!!
S!VIA CLASS!!TOP!BOTTOM!!!
S!VIA CLASS!R32!TOP!BOTTOM!YES!!
S!VIA CLASS!R88!TOP!BOTTOM!NO!!
S!VIA CLASS!C1!TOP!BOTTOM!NO!!
S!VIA CLASS!C2!TOP!BOTTOM!NO!!
S!VIA CLASS!R31!TOP!BOTTOM!YES!!
S!VIA CLASS!!TOP!BOTTOM!!!
S!VIA CLASS!R87!TOP!BOTTOM!NO!!
S!VIA CLASS!R86!TOP!BOTTOM!NO!!
S!VIA CLASS!C36!TOP!BOTTOM!NO!!
S!VIA CLASS!!TOP!BOTTOM!!!
S!VIA CLASS!C38!TOP!BOTTOM!NO!!
S!VIA CLASS!!TOP!BOTTOM!!!
S!VIA CLASS!C97!TOP!BOTTOM!NO!!
S!VIA CLASS!!TOP!BOTTOM!!!
S!VIA CLASS!!TOP!BOTTOM!!!
S!VIA CLASS!!TOP!BOTTOM!!!
S!VIA CLASS!!TOP!BOTTOM!!!
S!VIA CLASS!IC19!TOP!BOTTOM!NO!!
S!VIA CLASS!C93!TOP!BOTTOM!NO!!
S!VIA CLASS!C94!TOP!BOTTOM!NO!!
S!VIA CLASS!IC20!TOP!BOTTOM!NO!!
S!VIA CLASS!C95!TOP!BOTTOM!NO!!
S!VIA CLASS!C96!TOP!BOTTOM!NO!!
S!VIA CLASS!IC17!TOP!BOTTOM!NO!!
S!VIA CLASS!C89!TOP!BOTTOM!NO!!
S!VIA CLASS!C90!TOP!BOTTOM!NO!!
S!VIA CLASS!IC18!TOP!BOTTOM!NO!!
S!VIA CLASS!C91!TOP!BOTTOM!NO!!
S!VIA CLASS!C92!TOP!BOTTOM!NO!!
S!VIA CLASS!!TOP!BOTTOM!!!
S!VIA CLASS!C37!TOP!BOTTOM!NO!!
S!VIA CLASS!IC16!TOP!BOTTOM!NO!!
S!VIA CLASS!C87!TOP!BOTTOM!NO!!
S!VIA CLASS!C88!TOP!BOTTOM!NO!!
S!VIA CLASS!!TOP!BOTTOM!!!
S!VIA CLASS!C98!TOP!BOTTOM!NO!!
S!VIA CLASS!R181!TOP!BOTTOM!YES!!
S!VIA CLASS!IC14!TOP!BOTTOM!NO!!
S!VIA CLASS!C83!TOP!BOTTOM!NO!!
S!VIA CLASS!IC15!TOP!BOTTOM!NO!!
S!VIA CLASS!C85!TOP!BOTTOM!NO!!
S!VIA CLASS!C86!TOP!BOTTOM!NO!!
S!VIA CLASS!C82!TOP!BOTTOM!NO!!
S!VIA CLASS!C13!TOP!BOTTOM!YES!!
S!VIA CLASS!!TOP!BOTTOM!!!
S!VIA CLASS!!TOP!BOTTOM!!!
S!VIA CLASS!!TOP!BOTTOM!!!
S!VIA CLASS!C39!TOP!BOTTOM!NO!!
S!VIA CLASS!C81!TOP!BOTTOM!NO!!
S!VIA CLASS!!TOP!BOTTOM!!!
S!VIA CLASS!!TOP!BOTTOM!!!
S!VIA CLASS!!TOP!BOTTOM!!!
S!VIA CLASS!!TOP!BOTTOM!!!
S!VIA CLASS!!TOP!BOTTOM!!!
S!VIA CLASS!!TOP!BOTTOM!!!
S!VIA CLASS!R83!TOP!BOTTOM!NO!!
S!VIA CLASS!!TOP!BOTTOM!!!
S!VIA CLASS!C9!TOP!BOTTOM!YES!!
S!VIA CLASS!C7!TOP!BOTTOM!NO!!
S!VIA CLASS!C80!TOP!BOTTOM!NO!!
S!VIA CLASS!C101!TOP!BOTTOM!NO!!
S!VIA CLASS!U11!TOP!BOTTOM!NO!!
S!VIA CLASS!C79!TOP!BOTTOM!YES!!
S!VIA CLASS!IC11!TOP!BOTTOM!NO!!
S!VIA CLASS!!TOP!BOTTOM!!!
S!VIA CLASS!!TOP!BOTTOM!!!
S!VIA CLASS!QZ1!TOP!BOTTOM!NO!!
S!VIA CLASS!R5!TOP!BOTTOM!NO!!
S!VIA CLASS!R4!TOP!BOTTOM!NO!!
S!VIA CLASS!!TOP!BOTTOM!!!
S!VIA CLASS!!TOP!BOTTOM!!!
S!VIA CLASS!U2!TOP!BOTTOM!NO!!
S!VIA CLASS!C4!TOP!BOTTOM!NO!!
S!VIA CLASS!R20!TOP!BOTTOM!YES!!
S!VIA CLASS!R21!TOP!BOTTOM!YES!!
S!VIA CLASS!R19!TOP!BOTTOM!YES!!
S!VIA CLASS!R12!TOP!BOTTOM!YES!!
S!VIA CLASS!C8!TOP!BOTTOM!NO!!
S!VIA CLASS!!TOP!BOTTOM!!!
S!VIA CLASS!!TOP!BOTTOM!!!
S!VIA CLASS!!TOP!BOTTOM!!!
S!VIA CLASS!R11!TOP!BOTTOM!YES!!
S!VIA CLASS!!TOP!BOTTOM!!!
S!VIA CLASS!R10!TOP!BOTTOM!YES!!
S!VIA CLASS!J7!TOP!BOTTOM!NO!!
S!VIA CLASS!C31!TOP!BOTTOM!YES!!
S!VIA CLASS!J12!TOP!BOTTOM!NO!!
S!VIA CLASS!C65!TOP!BOTTOM!YES!!
S!VIA CLASS!!TOP!BOTTOM!!!
S!VIA CLASS!J16!TOP!BOTTOM!NO!!
S!VIA CLASS!C70!TOP!BOTTOM!YES!!
S!VIA CLASS!C45!TOP!BOTTOM!YES!!
S!VIA CLASS!J20!TOP!BOTTOM!NO!!
S!VIA CLASS!C75!TOP!BOTTOM!YES!!
S!VIA CLASS!C50!TOP!BOTTOM!YES!!
S!VIA CLASS!J36!TOP!BOTTOM!NO!!
S!VIA CLASS!C51!TOP!BOTTOM!YES!!
S!VIA CLASS!C74!TOP!BOTTOM!YES!!
S!VIA CLASS!J32!TOP!BOTTOM!NO!!
S!VIA CLASS!C46!TOP!BOTTOM!YES!!
S!VIA CLASS!!TOP!BOTTOM!!!
S!VIA CLASS!J28!TOP!BOTTOM!NO!!
S!VIA CLASS!C41!TOP!BOTTOM!YES!!
S!VIA CLASS!C64!TOP!BOTTOM!YES!!
S!VIA CLASS!J24!TOP!BOTTOM!NO!!
S!VIA CLASS!J28!TOP!BOTTOM!NO!!
S!VIA CLASS!J32!TOP!BOTTOM!NO!!
S!VIA CLASS!J36!TOP!BOTTOM!NO!!
S!VIA CLASS!J7!TOP!BOTTOM!NO!!
S!VIA CLASS!J12!TOP!BOTTOM!NO!!
S!VIA CLASS!J16!TOP!BOTTOM!NO!!
S!VIA CLASS!J20!TOP!BOTTOM!NO!!
S!VIA CLASS!C32!TOP!BOTTOM!YES!!
S!VIA CLASS!J24!TOP!BOTTOM!NO!!
S!VIA CLASS!J24!TOP!BOTTOM!NO!!
S!VIA CLASS!J24!TOP!BOTTOM!NO!!
S!VIA CLASS!J24!TOP!BOTTOM!NO!!
S!VIA CLASS!J28!TOP!BOTTOM!NO!!
S!VIA CLASS!J28!TOP!BOTTOM!NO!!
S!VIA CLASS!J28!TOP!BOTTOM!NO!!
S!VIA CLASS!J28!TOP!BOTTOM!NO!!
S!VIA CLASS!J32!TOP!BOTTOM!NO!!
S!VIA CLASS!J32!TOP!BOTTOM!NO!!
S!VIA CLASS!J32!TOP!BOTTOM!NO!!
S!VIA CLASS!J32!TOP!BOTTOM!NO!!
S!VIA CLASS!J36!TOP!BOTTOM!NO!!
S!VIA CLASS!J36!TOP!BOTTOM!NO!!
S!VIA CLASS!J36!TOP!BOTTOM!NO!!
S!VIA CLASS!J36!TOP!BOTTOM!NO!!
S!VIA CLASS!J20!TOP!BOTTOM!NO!!
S!VIA CLASS!J20!TOP!BOTTOM!NO!!
S!VIA CLASS!J20!TOP!BOTTOM!NO!!
S!VIA CLASS!J20!TOP!BOTTOM!NO!!
S!VIA CLASS!J16!TOP!BOTTOM!NO!!
S!VIA CLASS!J16!TOP!BOTTOM!NO!!
S!VIA CLASS!J16!TOP!BOTTOM!NO!!
S!VIA CLASS!J16!TOP!BOTTOM!NO!!
S!VIA CLASS!J12!TOP!BOTTOM!NO!!
S!VIA CLASS!J7!TOP!BOTTOM!NO!!
S!VIA CLASS!J12!TOP!BOTTOM!NO!!
S!VIA CLASS!J12!TOP!BOTTOM!NO!!
S!VIA CLASS!J12!TOP!BOTTOM!NO!!
S!VIA CLASS!J7!TOP!BOTTOM!NO!!
S!VIA CLASS!J7!TOP!BOTTOM!NO!!
S!VIA CLASS!J7!TOP!BOTTOM!NO!!
S!VIA CLASS!C35!TOP!BOTTOM!YES!!
S!VIA CLASS!C34!TOP!BOTTOM!YES!!
S!VIA CLASS!C33!TOP!BOTTOM!YES!!
S!VIA CLASS!C44!TOP!BOTTOM!YES!!
S!VIA CLASS!C43!TOP!BOTTOM!YES!!
S!VIA CLASS!C42!TOP!BOTTOM!YES!!
S!VIA CLASS!C6!TOP!BOTTOM!NO!!
S!VIA CLASS!C49!TOP!BOTTOM!YES!!
S!VIA CLASS!C48!TOP!BOTTOM!YES!!
S!VIA CLASS!C47!TOP!BOTTOM!YES!!
S!VIA CLASS!C10!TOP!BOTTOM!NO!!
S!VIA CLASS!C52!TOP!BOTTOM!YES!!
S!VIA CLASS!J24!TOP!BOTTOM!NO!!
S!VIA CLASS!C54!TOP!BOTTOM!YES!!
S!VIA CLASS!C78!TOP!BOTTOM!YES!!
S!VIA CLASS!C77!TOP!BOTTOM!YES!!
S!VIA CLASS!!TOP!BOTTOM!!!
S!VIA CLASS!C71!TOP!BOTTOM!YES!!
S!VIA CLASS!C59!TOP!BOTTOM!YES!!
S!VIA CLASS!C63!TOP!BOTTOM!YES!!
S!VIA CLASS!C68!TOP!BOTTOM!YES!!
S!VIA CLASS!!TOP!BOTTOM!!!
S!VIA CLASS!C60!TOP!BOTTOM!YES!!
S!VIA CLASS!C76!TOP!BOTTOM!YES!!
S!VIA CLASS!!TOP!BOTTOM!!!
S!VIA CLASS!!TOP!BOTTOM!!!
S!VIA CLASS!C67!TOP!BOTTOM!YES!!
S!VIA CLASS!!TOP!BOTTOM!!!
S!VIA CLASS!!TOP!BOTTOM!!!
S!VIA CLASS!U7!TOP!BOTTOM!NO!!
S!VIA CLASS!C72!TOP!BOTTOM!YES!!
S!VIA CLASS!C73!TOP!BOTTOM!YES!!
S!VIA CLASS!R85!TOP!BOTTOM!NO!!
S!VIA CLASS!IC12!TOP!BOTTOM!NO!!
S!VIA CLASS!!TOP!BOTTOM!!!
S!VIA CLASS!U9!TOP!BOTTOM!NO!!
S!VIA CLASS!C61!TOP!BOTTOM!YES!!
S!VIA CLASS!!TOP!BOTTOM!!!
S!VIA CLASS!!TOP!BOTTOM!!!
S!VIA CLASS!C66!TOP!BOTTOM!YES!!
S!VIA CLASS!!TOP!BOTTOM!!!
S!VIA CLASS!!TOP!BOTTOM!!!
S!VIA CLASS!U6!TOP!BOTTOM!NO!!
S!VIA CLASS!U4!TOP!BOTTOM!NO!!
S!VIA CLASS!U10!TOP!BOTTOM!NO!!
S!VIA CLASS!C62!TOP!BOTTOM!YES!!
S!VIA CLASS!C53!TOP!BOTTOM!YES!!
S!VIA CLASS!C84!TOP!BOTTOM!NO!!
S!VIA CLASS!!TOP!BOTTOM!!!
S!VIA CLASS!!TOP!BOTTOM!!!
S!VIA CLASS!!TOP!BOTTOM!!!
S!VIA CLASS!U8!TOP!BOTTOM!NO!!
S!VIA CLASS!U3!TOP!BOTTOM!NO!!
