temp/xxnedtmp1/event.log NEWFILE1
temp/xxnedtmp1/text.log NEWFILE2
temp/xxnedtmp1/environ.log NEWFILE3
c:\cadence\spb_17.4\share\cdssetup/concept/concepthdl.scr FILE4
\\ppfs6.physics.ox.ac.uk\CEG\Central Electronics\Projects\Hastingsp\DUNE\uob-hep-pc065\design_files\cds.lib FILE5
\\ppfs6.physics.ox.ac.uk\CEG\Central Electronics\Projects\Hastingsp\DUNE\uob-hep-pc065\design_files\worklib\pc065b_fibv2_toplevel\sch_1\page1.csb FILE6
\\ppfs6.physics.ox.ac.uk\CEG\Central Electronics\Projects\Hastingsp\DUNE\uob-hep-pc065\design_files\worklib\pc065b_fibv2_toplevel\sch_1\page_map.lck NEWFILE7
\\ppfs6.physics.ox.ac.uk\CEG\Central Electronics\Projects\Hastingsp\DUNE\uob-hep-pc065\design_files\worklib\pc065b_fibv2_toplevel\sch_1\page1_csb.lck NEWFILE8
temp/xxnedtmp1/undo1.log NEWFILE9
\\ppfs6.physics.ox.ac.uk\CEG\Central Electronics\Projects\Hastingsp\DUNE\library\cds_standard\bris_std_a3\sym_1\symbol.css FILE10
\\ppfs6.physics.ox.ac.uk\CEG\Central Electronics\Projects\Hastingsp\DUNE\library\standard\toc\sym_1\symbol.css FILE11
\\ppfs6.physics.ox.ac.uk\CEG\Central Electronics\Projects\Hastingsp\DUNE\uob-hep-pc065\design_files\worklib\pc065b_fibv2_toplevel\sch_1\page1_csa.lck NEWFILE12
//ppfs6.physics.ox.ac.uk/CEG/Central Electronics/Projects/Hastingsp/DUNE/uob-hep-pc065/design_files/worklib/pc065b_fibv2_toplevel/sch_1/pc065b_fibv2_toplevel.xcon FILE13
//ppfs6.physics.ox.ac.uk/CEG/Central Electronics/Projects/Hastingsp/DUNE/uob-hep-pc065/design_files/worklib/pc065b_fibv2_toplevel/sch_1/pc065b_fibv2_toplevel.dcf FILE14
\\ppfs6.physics.ox.ac.uk\CEG\Central Electronics\Projects\Hastingsp\DUNE\uob-hep-pc065\design_files\worklib\pc065b_fibv2_toplevel\sch_1\page5.csb FILE15
\\ppfs6.physics.ox.ac.uk\CEG\Central Electronics\Projects\Hastingsp\DUNE\uob-hep-pc065\design_files\worklib\pc065b_fibv2_toplevel\sch_1\page5_csb.lck NEWFILE16
\\ppfs6.physics.ox.ac.uk\CEG\Central Electronics\Projects\Hastingsp\DUNE\library\standard\inport\sym_1\symbol.css FILE17
\\ppfs6.physics.ox.ac.uk\CEG\Central Electronics\Projects\Hastingsp\DUNE\library\standard\tap\sym_6\symbol.css FILE18
\\ppfs6.physics.ox.ac.uk\CEG\Central Electronics\Projects\Hastingsp\DUNE\library\standard\ioport\sym_1\symbol.css FILE19
\\ppfs6.physics.ox.ac.uk\CEG\Central Electronics\Projects\Hastingsp\DUNE\uob-hep-pc065\design_files\worklib\sfp_module\sym_1\symbol.css FILE20
\\ppfs6.physics.ox.ac.uk\CEG\Central Electronics\Projects\Hastingsp\DUNE\library\standard\outport\sym_1\symbol.css FILE21
\\ppfs6.physics.ox.ac.uk\CEG\Central Electronics\Projects\Hastingsp\DUNE\uob-hep-pc065\design_files\worklib\pc065b_fibv2_toplevel\sch_1\page8.csb FILE22
\\ppfs6.physics.ox.ac.uk\CEG\Central Electronics\Projects\Hastingsp\DUNE\uob-hep-pc065\design_files\worklib\pc065b_fibv2_toplevel\sch_1\page8_csb.lck NEWFILE23
\\ppfs6.physics.ox.ac.uk\CEG\Central Electronics\Projects\Hastingsp\DUNE\uob-hep-pc065\design_files\worklib\pc065b_fibv2_toplevel\sch_1\page5_csa.lck NEWFILE24
\\ppfs6.physics.ox.ac.uk\CEG\Central Electronics\Projects\Hastingsp\DUNE\uob-hep-pc065\design_files\worklib\i2c_level_translate\sym_1\symbol.css FILE25
\\ppfs6.physics.ox.ac.uk\CEG\Central Electronics\Projects\Hastingsp\DUNE\uob-hep-pc065\design_files\worklib\pc065b_fibv2_toplevel\sch_1\page8_csa.lck NEWFILE26
\\ppfs6.physics.ox.ac.uk\CEG\Central Electronics\Projects\Hastingsp\DUNE\uob-hep-pc065\design_files\worklib\pc065b_fibv2_toplevel\sch_1\page6.csb FILE27
\\ppfs6.physics.ox.ac.uk\CEG\Central Electronics\Projects\Hastingsp\DUNE\uob-hep-pc065\design_files\worklib\pc065b_fibv2_toplevel\sch_1\page6_csb.lck NEWFILE28
\\ppfs6.physics.ox.ac.uk\CEG\Central Electronics\Projects\Hastingsp\DUNE\uob-hep-pc065\design_files\worklib\pc065b_fibv2_toplevel\sch_1\page6_csa.lck NEWFILE29
\\ppfs6.physics.ox.ac.uk\CEG\Central Electronics\Projects\Hastingsp\DUNE\uob-hep-pc065\design_files\worklib\pc065b_fibv2_toplevel\sch_1\page4.csb FILE30
\\ppfs6.physics.ox.ac.uk\CEG\Central Electronics\Projects\Hastingsp\DUNE\uob-hep-pc065\design_files\worklib\pc065b_fibv2_toplevel\sch_1\page4_csb.lck NEWFILE31
\\ppfs6.physics.ox.ac.uk\CEG\Central Electronics\Projects\Hastingsp\DUNE\library\cnmech\sfp_cage_x4\sym_2\symbol.css FILE32
\\ppfs6.physics.ox.ac.uk\CEG\Central Electronics\Projects\Hastingsp\DUNE\uob-hep-pc065\design_files\worklib\pc065b_fibv2_toplevel\sch_1\page3.csb FILE33
\\ppfs6.physics.ox.ac.uk\CEG\Central Electronics\Projects\Hastingsp\DUNE\uob-hep-pc065\design_files\worklib\pc065b_fibv2_toplevel\sch_1\page3_csb.lck NEWFILE34
\\ppfs6.physics.ox.ac.uk\CEG\Central Electronics\Projects\Hastingsp\DUNE\uob-hep-pc065\design_files\worklib\pc065b_fibv2_toplevel\sch_1\page4_csa.lck NEWFILE35
\\ppfs6.physics.ox.ac.uk\CEG\Central Electronics\Projects\Hastingsp\DUNE\library\cnpower\gnd\sym_1\symbol.css FILE36
\\ppfs6.physics.ox.ac.uk\CEG\Central Electronics\Projects\Hastingsp\DUNE\library\cnpassive\rsmd0402\sym_2\symbol.css FILE37
\\ppfs6.physics.ox.ac.uk\CEG\Central Electronics\Projects\Hastingsp\DUNE\uob-hep-pc065\design_files\worklib\fmc_hpc_generic\sym_1\symbol.css FILE38
\\ppfs6.physics.ox.ac.uk\CEG\Central Electronics\Projects\Hastingsp\DUNE\library\cnpower\p3v3\sym_1\symbol.css FILE39
\\ppfs6.physics.ox.ac.uk\CEG\Central Electronics\Projects\Hastingsp\DUNE\library\cnpassive\rsmd0603\sym_2\symbol.css FILE40
\\ppfs6.physics.ox.ac.uk\CEG\Central Electronics\Projects\Hastingsp\DUNE\library\standard\tap\sym_2\symbol.css FILE41
\\ppfs6.physics.ox.ac.uk\CEG\Central Electronics\Projects\Hastingsp\DUNE\uob-hep-pc065\design_files\worklib\pc065b_fibv2_toplevel\sch_1\page3_csa.lck NEWFILE42
\\ppfs6.physics.ox.ac.uk\CEG\Central Electronics\Projects\Hastingsp\DUNE\uob-hep-pc065\design_files\worklib\pc065b_fibv2_toplevel\sch_1\page10.csb FILE43
\\ppfs6.physics.ox.ac.uk\CEG\Central Electronics\Projects\Hastingsp\DUNE\uob-hep-pc065\design_files\worklib\pc065b_fibv2_toplevel\sch_1\page10_csb.lck NEWFILE44
\\ppfs6.physics.ox.ac.uk\CEG\Central Electronics\Projects\Hastingsp\DUNE\library\cnconnector\con3p\sym_1\symbol.css FILE45
\\ppfs6.physics.ox.ac.uk\CEG\Central Electronics\Projects\Hastingsp\DUNE\uob-hep-pc065\design_files\worklib\pc065b_fibv2_toplevel\sch_1\page9.csb FILE46
\\ppfs6.physics.ox.ac.uk\CEG\Central Electronics\Projects\Hastingsp\DUNE\uob-hep-pc065\design_files\worklib\pc065b_fibv2_toplevel\sch_1\page9_csb.lck NEWFILE47
\\ppfs6.physics.ox.ac.uk\CEG\Central Electronics\Projects\Hastingsp\DUNE\uob-hep-pc065\design_files\worklib\pc065b_fibv2_toplevel\sch_1\page10_csa.lck NEWFILE48
\\ppfs6.physics.ox.ac.uk\CEG\Central Electronics\Projects\Hastingsp\DUNE\library\cds_discrete\wurth_155060ys73200\sym_1\symbol.css FILE49
\\ppfs6.physics.ox.ac.uk\CEG\Central Electronics\Projects\Hastingsp\DUNE\library\cnpassive\capcersmdcl2\sym_1\symbol.css FILE50
\\ppfs6.physics.ox.ac.uk\CEG\Central Electronics\Projects\Hastingsp\DUNE\library\cds_special\tca9539\sym_1\symbol.css FILE51
\\ppfs6.physics.ox.ac.uk\CEG\Central Electronics\Projects\Hastingsp\DUNE\uob-hep-pc065\design_files\worklib\74axc8t245\sym_1\symbol.css FILE52
\\ppfs6.physics.ox.ac.uk\CEG\Central Electronics\Projects\Hastingsp\DUNE\uob-hep-pc065\design_files\worklib\74axc8t245\sym_2\symbol.css FILE53
c:/cadence/spb_17.4/tools/language/config.dat FILE54
temp/xxnedtmp1/concept.mkr NEWFILE55
c:/cadence/spb_17.4/tools/language/pack_type_rename.dat NEWFILE56
temp/xxnedtmp1/../74axc8t245.mkr NEWFILE57
temp/xxnedtmp1/../bris_std_a3.mkr NEWFILE58
temp/xxnedtmp1/../tca9539.mkr NEWFILE59
temp/xxnedtmp1/../tap.mkr NEWFILE60
temp/xxnedtmp1/../gnd.mkr NEWFILE61
temp/xxnedtmp1/../rsmd0603.mkr NEWFILE62
temp/xxnedtmp1/../rsmd0402.mkr NEWFILE63
temp/xxnedtmp1/../wurth_155060ys73200.mkr NEWFILE64
temp/xxnedtmp1/../p3v3.mkr NEWFILE65
temp/xxnedtmp1/../capcersmdcl2.mkr NEWFILE66
temp/xxnedtmp1/../inport.mkr NEWFILE67
temp/xxnedtmp1/../ioport.mkr NEWFILE68
temp/xxnedtmp1/../outport.mkr NEWFILE69
//ppfs6.physics.ox.ac.uk/CEG/Central Electronics/Projects/Hastingsp/DUNE/uob-hep-pc065/design_files/worklib/pc065b_fibv2_toplevel/sch_1/pc065b_fibv2_toplevel_xcon.lck NEWFILE70
//ppfs6.physics.ox.ac.uk/CEG/Central Electronics/Projects/Hastingsp/DUNE/uob-hep-pc065/design_files/worklib/pc065b_fibv2_toplevel/sch_1/pc065b_fibv2_toplevel_dcf.lck NEWFILE71
\\ppfs6.physics.ox.ac.uk\CEG\Central Electronics\Projects\Hastingsp\DUNE\uob-hep-pc065\design_files\worklib\pc065b_fibv2_toplevel\sch_1\page9.csa FILE72
\\ppfs6.physics.ox.ac.uk\CEG\Central Electronics\Projects\Hastingsp\DUNE\uob-hep-pc065\design_files\worklib\pc065b_fibv2_toplevel\sch_1\page9.csv FILE73
temp/xxnedtmp1/csnetlister.mkr NEWFILE74
\\ppfs6.physics.ox.ac.uk\CEG\Central Electronics\Projects\Hastingsp\DUNE\uob-hep-pc065\design_files\worklib\pc065b_fibv2_toplevel\sch_1\pc.db FILE75
\\ppfs6.physics.ox.ac.uk\CEG\Central Electronics\Projects\Hastingsp\DUNE\uob-hep-pc065\design_files\worklib\pc065b_fibv2_toplevel\sch_1\page9_csa.lck NEWFILE76
