Allegro Design Entry HDL 17.4-2019 S011 (3890763) 9/18/2020
Copyright 2011 Cadence Design Systems, Inc

WARNING(SPCOCN-1474): You must specify a window that contains a drawing.
WARNING(SPCOCN-1474): You must specify a window that contains a drawing.
WARNING(SPCOCN-1474): You must specify a window that contains a drawing.
WARNING(SPCOCN-1474): You must specify a window that contains a drawing.
WARNING(SPCOCN-1474): You must specify a window that contains a drawing.
WARNING(SPCOCN-1474): You must specify a window that contains a drawing.
WARNING(SPCOCN-1474): You must specify a window that contains a drawing.
WARNING(SPCOCN-2065): The PLOT_DPI directive defines the Dots Per Inch setting used by the printer for printing. Ensure that you specify a positive integer value for the directive.
INFO(SPCOCN-2012): The Page Name property has changed. To display the page names in the Hierarchy Viewer, 
choose File - Save Hierarchy.
WARNING(SPCOCN-1474): You must specify a window that contains a drawing.
WARNING(SPCOCN-1474): You must specify a window that contains a drawing.
WARNING(SPCOCN-1474): You must specify a window that contains a drawing.
WARNING(SPCOCN-1474): You must specify a window that contains a drawing.
WARNING(SPCOCN-1474): You must specify a window that contains a drawing.
WARNING(SPCOCN-1474): You must specify a window that contains a drawing.
WARNING(SPCOCN-1474): You must specify a window that contains a drawing.
WARNING(SPCOCN-1474): You must specify a window that contains a drawing.
WARNING(SPCOCN-1474): You must specify a window that contains a drawing.
WARNING(SPCOCN-1474): You must specify a window that contains a drawing.
WARNING(SPCOCN-1474): You must specify a window that contains a drawing.
WARNING(SPCOCN-1474): You must specify a window that contains a drawing.
WARNING(SPCOCN-1474): You must specify a window that contains a drawing.
INFO(SPCOCN-1737): Reading \\ppfs6.physics.ox.ac.uk\CEG\Central Electronics\Projects\Hastingsp\DUNE\uob-hep-pc065\design_files\cds.lib file.
WARNING(SPCOCN-1474): You must specify a window that contains a drawing.
INFO(SPCOCN-1445): Reading PC065B_FIBV2_TOPLEVEL.SCH.1.1 into drawing #1.
INFO(SPCOCN-195): The following file will be used to identify the list of modules to be excluded: 'c:\cadence\spb_17.4\share\cdssetup\xmodules.dat'.
INFO(SPCOCN-1445): Reading PC065B_FIBV2_TOPLEVEL.SCH.1.1 into drawing #1.
INFO(SPCOCN-1445): Reading PC065B_FIBV2_TOPLEVEL.SCH.1.5 into drawing #1.
INFO(SPCOCN-1445): Reading PC065B_FIBV2_TOPLEVEL.SCH.1.8 into drawing #1.
INFO(SPCOCN-1445): Reading PC065B_FIBV2_TOPLEVEL.SCH.1.5 into drawing #1.
INFO(SPCOCN-1445): Reading PC065B_FIBV2_TOPLEVEL.SCH.1.6 into drawing #1.
INFO(SPCOCN-1445): Reading PC065B_FIBV2_TOPLEVEL.SCH.1.5 into drawing #1.
INFO(SPCOCN-1445): Reading PC065B_FIBV2_TOPLEVEL.SCH.1.4 into drawing #1.
INFO(SPCOCN-1445): Reading PC065B_FIBV2_TOPLEVEL.SCH.1.3 into drawing #1.
zoom 
; 
INFO(SPCOCN-1001): Component: I62 selected.
INFO(SPCOCN-1445): Reading PC065B_FIBV2_TOPLEVEL.SCH.1.8 into drawing #1.
INFO(SPCOCN-1445): Reading PC065B_FIBV2_TOPLEVEL.SCH.1.10 into drawing #1.
INFO(SPCOCN-1445): Reading PC065B_FIBV2_TOPLEVEL.SCH.1.9 into drawing #1.
INFO(SPCOCN-1507): Adding version 1 of part 74AXC8T245 from library uob_hep_pc065a_lib
zoom 
; 
INFO(SPCOCN-1507): Adding version 1 of part 74AXC8T245 from library uob_hep_pc065a_lib
INFO(SPCOCN-1070): Checking drawing...
INFO(SPCOCN-1028): writing <uob_hep_pc065a_lib>PC065B_FIBV2_TOPLEVEL.SCH.1.9:
INFO(SPCOCN-1044): writing binary file...
INFO(SPCOCN-1049): Writing ASCII file...
INFO(SPCOCN-1727): Appending master.tag page1.csa with page9.csa
INFO(SPCOCN-1053): writing connectivity file...
INFO(SPCOCN-1054): ...written

CSDirect 17.4-2019 S011 (3890763)

Netlisting block pc065b_fibv2_toplevel

Processing page 9

No netlisting errors found. 

INFO(SPCOCN-1640): writing occurrence data...
INFO(SPCOCN-1054): ...written
INFO(SPCOCN-1445): Reading PC065B_FIBV2_TOPLEVEL.SCH.1.9 into drawing #1.
INFO(SPCOCN-1445): Reading PC065B_FIBV2_TOPLEVEL.SCH.1.3 into drawing #1.
