(---------------------------------------------------------------------)
(                                                                     )
(    STEP Export                                                      )
(                                                                     )
(    Software Version : 17.2060                                       )
(    Date/Time        : Thu Jan 23 14:39:59 2020                      )
(                                                                     )
(---------------------------------------------------------------------)




STEP file: P:/cad/designs/uob-hep-pc065a/trunk/design_files/worklib/pc065a_toplevel/physical/3dmodel/pc065a_toplevel_01.stp
Design file: P:/cad/designs/uob-hep-pc065a/trunk/design_files/worklib/pc065a_toplevel/physical/pc065a_toplevel_01.brd
Export units: Millimeter
STEP protocol: AP-214
Source identification: allegro_17.2S060
Export selected and highlighted parts?: NO
Export secondary parts?: NO
Export parts with mapped STEP Models?: YES
Ignore STEP definitions for mapped parts?: NO
Export parts without mapped STEP Models?: NO
Export assemblies and enclosures parts?: NO
Export mechanical drills?: YES
Export electrical through pin drills?: YES
Export electrical through via drills?: NO
Export bare board only?: NO
Export external copper?: NO
step_out complete.
