	(Comment
		(Time 11/11/10,15:35:38)
		(User couturie)
		(MsgId ECO_081)
		(Text "Symbol sym_1 added to cell")
		(Param1 sym_1)
	)
	(Comment
		(Time 11/11/10,15:47:06)
		(User couturie)
		(MsgId ECO_021)
		(Text "Package ADN2814 added to cell")
		(Param1 ADN2814)
	)
	(Comment
		(Time 11/11/10,16:30:43)
		(User couturie)
		(MsgId ECO_211)
		(Text "PTF file part.ptf added")
		(Param1 part.ptf)
	)
	(Comment
		(Time 11/11/10,16:39:20)
		(User couturie)
		(MsgId ECO_081)
		(Text "Symbol sym_2 added to cell")
		(Param1 sym_2)
	)
	(Comment
		(Time 11/11/10,17:03:08)
		(User couturie)
		(MsgId ECO_082)
		(Text "Symbol sym_2 deleted from cell")
		(Param1 sym_2)
	)
