	(Comment
		(Time 09/02/09,10:08:01)
		(User couturie)
		(MsgId ECO_081)
		(Text "Symbol sym_2 added to cell")
		(Param1 sym_2)
	)
	(Comment
		(Time 09/02/09,10:20:29)
		(User couturie)
		(MsgId ECO_081)
		(Text "Symbol sym_3 added to cell")
		(Param1 sym_3)
	)
	(Comment
		(Time 09/02/09,10:20:29)
		(User couturie)
		(MsgId ECO_081)
		(Text "Symbol sym_4 added to cell")
		(Param1 sym_4)
	)
	(Comment
		(Time 09/02/09,10:20:29)
		(User couturie)
		(MsgId ECO_081)
		(Text "Symbol sym_5 added to cell")
		(Param1 sym_5)
	)
	(Comment
		(Time 09/02/09,10:23:31)
		(User couturie)
		(MsgId ECO_211)
		(Text "PTF file part.ptf added")
		(Param1 part.ptf)
	)
	(Comment
		(Time 09/02/09,12:22:39)
		(User couturie)
		(MsgId ECO_082)
		(Text "Symbol sym_1 deleted from cell")
		(Param1 sym_1)
	)
	(Comment
		(Time 09/02/09,12:22:47)
		(User couturie)
		(MsgId ECO_082)
		(Text "Symbol sym_3 deleted from cell")
		(Param1 sym_3)
	)
	(Comment
		(Time 09/02/09,12:22:55)
		(User couturie)
		(MsgId ECO_082)
		(Text "Symbol sym_5 deleted from cell")
		(Param1 sym_5)
	)
	(Comment
		(Time 09/02/09,12:23:08)
		(User couturie)
		(MsgId ECO_083)
		(Text "Symbol sym_2 renamed to sym_1")
		(Param1 sym_2)
		(Param2 sym_1)
	)
	(Comment
		(Time 09/02/09,12:23:17)
		(User couturie)
		(MsgId ECO_083)
		(Text "Symbol sym_4 renamed to sym_2")
		(Param1 sym_4)
		(Param2 sym_2)
	)
