FILE_TYPE=LIBRARY_PARTS;
primitive 'SI5395_QFN';
  pin
    'A0/CS':
      PIN_NUMBER='(19)';
      INPUT_LOAD='(-0.01,0.01)';
    'A1/SDO':
      PIN_NUMBER='(17)';
      BIDIRECTIONAL='TRUE';
      INPUT_LOAD='(-0.01,0.01)';
      OUTPUT_LOAD='(1.0,-1.0)';
    'FDEC':
      PIN_NUMBER='(25)';
      INPUT_LOAD='(-0.01,0.01)';
    'FINC':
      PIN_NUMBER='(48)';
      INPUT_LOAD='(-0.01,0.01)';
    'I2C_SEL':
      PIN_NUMBER='(39)';
      INPUT_LOAD='(-0.01,0.01)';
    'IN0':
      PIN_NUMBER='(63)';
      INPUT_LOAD='(-0.01,0.01)';
    '-IN0':
      PIN_NUMBER='(64)';
      INPUT_LOAD='(-0.01,0.01)';
    'IN1':
      PIN_NUMBER='(1)';
      INPUT_LOAD='(-0.01,0.01)';
    '-IN1':
      PIN_NUMBER='(2)';
      INPUT_LOAD='(-0.01,0.01)';
    'IN2':
      PIN_NUMBER='(14)';
      INPUT_LOAD='(-0.01,0.01)';
    '-IN2':
      PIN_NUMBER='(15)';
      INPUT_LOAD='(-0.01,0.01)';
    'IN3/FB_IN':
      PIN_NUMBER='(61)';
      INPUT_LOAD='(-0.01,0.01)';
    '-IN3/FB_IN':
      PIN_NUMBER='(62)';
      INPUT_LOAD='(-0.01,0.01)';
    '-INTR':
      PIN_NUMBER='(12)';
      OUTPUT_LOAD='(1.0,-1.0)';
    'IN_SEL0':
      PIN_NUMBER='(3)';
      INPUT_LOAD='(-0.01,0.01)';
    'IN_SEL1':
      PIN_NUMBER='(4)';
      INPUT_LOAD='(-0.01,0.01)';
    '-LOL':
      PIN_NUMBER='(47)';
      OUTPUT_LOAD='(1.0,-1.0)';
    '-OE':
      PIN_NUMBER='(11)';
      INPUT_LOAD='(-0.01,0.01)';
    'OUT0':
      PIN_NUMBER='(24)';
      OUTPUT_LOAD='(1.0,-1.0)';
    '-OUT0':
      PIN_NUMBER='(23)';
      OUTPUT_LOAD='(1.0,-1.0)';
    'OUT1':
      PIN_NUMBER='(28)';
      OUTPUT_LOAD='(1.0,-1.0)';
    '-OUT1':
      PIN_NUMBER='(27)';
      OUTPUT_LOAD='(1.0,-1.0)';
    'OUT2':
      PIN_NUMBER='(31)';
      OUTPUT_LOAD='(1.0,-1.0)';
    '-OUT2':
      PIN_NUMBER='(30)';
      OUTPUT_LOAD='(1.0,-1.0)';
    'OUT3':
      PIN_NUMBER='(35)';
      OUTPUT_LOAD='(1.0,-1.0)';
    '-OUT3':
      PIN_NUMBER='(34)';
      OUTPUT_LOAD='(1.0,-1.0)';
    'OUT4':
      PIN_NUMBER='(38)';
      OUTPUT_LOAD='(1.0,-1.0)';
    '-OUT4':
      PIN_NUMBER='(37)';
      OUTPUT_LOAD='(1.0,-1.0)';
    'OUT5':
      PIN_NUMBER='(42)';
      OUTPUT_LOAD='(1.0,-1.0)';
    '-OUT5':
      PIN_NUMBER='(41)';
      OUTPUT_LOAD='(1.0,-1.0)';
    'OUT6':
      PIN_NUMBER='(45)';
      OUTPUT_LOAD='(1.0,-1.0)';
    '-OUT6':
      PIN_NUMBER='(44)';
      OUTPUT_LOAD='(1.0,-1.0)';
    'OUT7':
      PIN_NUMBER='(51)';
      OUTPUT_LOAD='(1.0,-1.0)';
    '-OUT7':
      PIN_NUMBER='(50)';
      OUTPUT_LOAD='(1.0,-1.0)';
    'OUT8':
      PIN_NUMBER='(54)';
      OUTPUT_LOAD='(1.0,-1.0)';
    '-OUT8':
      PIN_NUMBER='(53)';
      OUTPUT_LOAD='(1.0,-1.0)';
    'OUT9':
      PIN_NUMBER='(59)';
      OUTPUT_LOAD='(1.0,-1.0)';
    '-OUT9':
      PIN_NUMBER='(58)';
      OUTPUT_LOAD='(1.0,-1.0)';
    '-RST':
      PIN_NUMBER='(6)';
      INPUT_LOAD='(-0.01,0.01)';
    'RSVD1':
      PIN_NUMBER='(5)';
      PINUSE='UNSPEC';
      NO_LOAD_CHECK='Both';
      NO_IO_CHECK='Both';
      NO_ASSERT_CHECK='TRUE';
      NO_DIR_CHECK='TRUE';
      ALLOW_CONNECT='TRUE';
    'RSVD2':
      PIN_NUMBER='(20)';
      PINUSE='UNSPEC';
      NO_LOAD_CHECK='Both';
      NO_IO_CHECK='Both';
      NO_ASSERT_CHECK='TRUE';
      NO_DIR_CHECK='TRUE';
      ALLOW_CONNECT='TRUE';
    'RSVD3':
      PIN_NUMBER='(21)';
      PINUSE='UNSPEC';
      NO_LOAD_CHECK='Both';
      NO_IO_CHECK='Both';
      NO_ASSERT_CHECK='TRUE';
      NO_DIR_CHECK='TRUE';
      ALLOW_CONNECT='TRUE';
    'RSVD4':
      PIN_NUMBER='(55)';
      PINUSE='UNSPEC';
      NO_LOAD_CHECK='Both';
      NO_IO_CHECK='Both';
      NO_ASSERT_CHECK='TRUE';
      NO_DIR_CHECK='TRUE';
      ALLOW_CONNECT='TRUE';
    'RSVD5':
      PIN_NUMBER='(56)';
      PINUSE='UNSPEC';
      NO_LOAD_CHECK='Both';
      NO_IO_CHECK='Both';
      NO_ASSERT_CHECK='TRUE';
      NO_DIR_CHECK='TRUE';
      ALLOW_CONNECT='TRUE';
    'SCLK':
      PIN_NUMBER='(16)';
      INPUT_LOAD='(-0.01,0.01)';
    'SDA/SDIO':
      PIN_NUMBER='(18)';
      BIDIRECTIONAL='TRUE';
      INPUT_LOAD='(-0.01,0.01)';
      OUTPUT_LOAD='(1.0,-1.0)';
    'VDDO0':
      PIN_NUMBER='(22)';
      PINUSE='POWER';
      NO_LOAD_CHECK='Both';
      NO_IO_CHECK='Both';
      NO_ASSERT_CHECK='TRUE';
      NO_DIR_CHECK='TRUE';
      ALLOW_CONNECT='TRUE';
    'VDDO1':
      PIN_NUMBER='(26)';
      PINUSE='POWER';
      NO_LOAD_CHECK='Both';
      NO_IO_CHECK='Both';
      NO_ASSERT_CHECK='TRUE';
      NO_DIR_CHECK='TRUE';
      ALLOW_CONNECT='TRUE';
    'VDDO2':
      PIN_NUMBER='(29)';
      PINUSE='UNSPEC';
      NO_LOAD_CHECK='Both';
      NO_IO_CHECK='Both';
      NO_ASSERT_CHECK='TRUE';
      NO_DIR_CHECK='TRUE';
      ALLOW_CONNECT='TRUE';
    'VDDO3':
      PIN_NUMBER='(33)';
      PINUSE='POWER';
      NO_LOAD_CHECK='Both';
      NO_IO_CHECK='Both';
      NO_ASSERT_CHECK='TRUE';
      NO_DIR_CHECK='TRUE';
      ALLOW_CONNECT='TRUE';
    'VDDO4':
      PIN_NUMBER='(36)';
      PINUSE='POWER';
      NO_LOAD_CHECK='Both';
      NO_IO_CHECK='Both';
      NO_ASSERT_CHECK='TRUE';
      NO_DIR_CHECK='TRUE';
      ALLOW_CONNECT='TRUE';
    'VDDO5':
      PIN_NUMBER='(40)';
      PINUSE='POWER';
      NO_LOAD_CHECK='Both';
      NO_IO_CHECK='Both';
      NO_ASSERT_CHECK='TRUE';
      NO_DIR_CHECK='TRUE';
      ALLOW_CONNECT='TRUE';
    'VDDO6':
      PIN_NUMBER='(43)';
      PINUSE='POWER';
      NO_LOAD_CHECK='Both';
      NO_IO_CHECK='Both';
      NO_ASSERT_CHECK='TRUE';
      NO_DIR_CHECK='TRUE';
      ALLOW_CONNECT='TRUE';
    'VDDO7':
      PIN_NUMBER='(49)';
      PINUSE='POWER';
      NO_LOAD_CHECK='Both';
      NO_IO_CHECK='Both';
      NO_ASSERT_CHECK='TRUE';
      NO_DIR_CHECK='TRUE';
      ALLOW_CONNECT='TRUE';
    'VDDO8':
      PIN_NUMBER='(52)';
      PINUSE='POWER';
      NO_LOAD_CHECK='Both';
      NO_IO_CHECK='Both';
      NO_ASSERT_CHECK='TRUE';
      NO_DIR_CHECK='TRUE';
      ALLOW_CONNECT='TRUE';
    'VDDO9':
      PIN_NUMBER='(57)';
      PINUSE='POWER';
      NO_LOAD_CHECK='Both';
      NO_IO_CHECK='Both';
      NO_ASSERT_CHECK='TRUE';
      NO_DIR_CHECK='TRUE';
      ALLOW_CONNECT='TRUE';
    'X1':
      PIN_NUMBER='(7)';
      INPUT_LOAD='(-0.01,0.01)';
    'X2':
      PIN_NUMBER='(10)';
      INPUT_LOAD='(-0.01,0.01)';
    'XA':
      PIN_NUMBER='(8)';
      INPUT_LOAD='(-0.01,0.01)';
    'XB':
      PIN_NUMBER='(9)';
      INPUT_LOAD='(-0.01,0.01)';
  end_pin;
  body
    PART_NAME='SI5395';
    BODY_NAME='SI5395';
    PHYS_DES_PREFIX='IC';
    CLASS='IC';
    POWER_PINS='(GND:65)';
    POWER_PINS='(VDDA:13)';
    POWER_PINS='(VDD:32,46,60)';
  end_body;
end_primitive;

END.
