(---------------------------------------------------------------------)
(                                                                     )
(    ARTWORK LOG                                                      )
(                                                                     )
(    Drawing          : pc065d_fibv2a_toplevel_29.brd                 )
(    Software Version : 24.1P001                                      )
(    Date/Time        : Mon Aug  4 18:02:59 2025                      )
(                                                                     )
(---------------------------------------------------------------------)


 ---- Photoplot outline rectangle not found; using drawing extents.



Results from parameter file ...
    DEVICE-TYPE           GERBER_RS274X
    OUTPUT-UNITS          MM
    FILM-SIZE             2400000 1600000
    FORMAT                3.5
    ABORT-ON-ERROR        NO
    SCALE                 1
    SUPPRESS-LEAD-ZEROES  YES
    SUPPRESS-TRAIL-ZEROES NO
    SUPPRESS-EQUAL        YES
    UNDEF-APT-CONT        NO



================================================================
     PROCESSING FILM < 03_L01P >
     TO FILE < C:/Users/phdgc/Downloads/uob-hep-pc065/design_files/worklib/pc065d_fibv2a_toplevel/physical/art_pc065d_03_L01P.art > ...
================================================================

  FILM PARAMETERS :
  ---------------------------------------------------------
  Undefined line width                0.200
  Mirror code                         NONE
  Rotate angle                        NONE
  Offset x:                           0.000
  Offset y:                           0.000
  Plot negative                       NO
  Suppress unconnected internal pads  NO
  Draw holes only                     NO



  APERTURES USED:
  ---------------------------------------------------------
  TYPE       SIZE/NAME                   ROT   MIRROR MODE 
  ---------------------------------------------------------
  CIRCLE     0.15000                                  DARK 
  CIRCLE     0.17000                                  DARK 
  CIRCLE     0.20000                                  DARK 
  CIRCLE     0.30000                                  DARK 
  CIRCLE     0.35000                                  DARK 
  CIRCLE     0.50000                                  DARK 
  CIRCLE     0.56000                                  DARK 
  CIRCLE     0.64000                                  DARK 
  CIRCLE     0.91400                                  DARK 
  CIRCLE     1.00000                                  DARK 
  CIRCLE     1.00100                                  DARK 
  CIRCLE     1.39700                                  DARK 
  CIRCLE     1.65000                                  DARK 
  CIRCLE     1.70000                                  DARK 
  CIRCLE     1.75000                                  DARK 
  CIRCLE     4.50000                                  DARK 
  SQUARE     0.60000                     0.000 NO     DARK 
  RECTANGLE  0.33000     x 0.76200       0.000 NO     DARK 
  RECTANGLE  0.38100     x 1.90500       0.000 NO     DARK 
  RECTANGLE  0.71100     x 0.22900       0.000 NO     DARK 
  RECTANGLE  0.90000     x 1.20000      90.000 NO     DARK 
  RECTANGLE  1.40000     x 1.20000       0.000 NO     DARK 
  RECTANGLE  1.40000     x 1.20000      90.000 NO     DARK 
  RECTANGLE  1.45000     x 0.45000       0.000 NO     DARK 
  RECTANGLE  1.45000     x 0.45000      90.000 NO     DARK 
  RECTANGLE  1.45000     x 1.20000       0.000 NO     DARK 
  RECTANGLE  1.45000     x 1.20000      90.000 NO     DARK 
  RECTANGLE  1.60000     x 0.60000      90.000 NO     DARK 
  RECTANGLE  1.80000     x 2.50000      90.000 NO     DARK 
  RECTANGLE  1.90500     x 0.38100       0.000 NO     DARK 
  RECTANGLE  2.00000     x 0.50000      90.000 NO     DARK 
  RECTANGLE  2.05000     x 4.05000      90.000 NO     DARK 
  OBLONG     0.24000     x 0.60000       0.000 NO     DARK 
  OBLONG     0.24000     x 0.60000      90.000 NO     DARK 

     art_pc065d_03_L01P created.


================================================================
     PROCESSING FILM < 04_L02P >
     TO FILE < C:/Users/phdgc/Downloads/uob-hep-pc065/design_files/worklib/pc065d_fibv2a_toplevel/physical/art_pc065d_04_L02P.art > ...
================================================================

  FILM PARAMETERS :
  ---------------------------------------------------------
  Undefined line width                0.200
  Mirror code                         NONE
  Rotate angle                        NONE
  Offset x:                           0.000
  Offset y:                           0.000
  Plot negative                       NO
  Suppress unconnected internal pads  NO
  Draw holes only                     NO



  APERTURES USED:
  ---------------------------------------------------------
  TYPE       SIZE/NAME                   ROT   MIRROR MODE 
  ---------------------------------------------------------
  CIRCLE     0.20000                                  DARK 
  CIRCLE     0.50000                                  DARK 
  CIRCLE     0.56000                                  DARK 
  CIRCLE     0.81300                                  DARK 
  CIRCLE     1.00000                                  DARK 
  CIRCLE     1.00100                                  DARK 
  CIRCLE     1.39700                                  DARK 
  CIRCLE     1.65000                                  DARK 
  CIRCLE     1.70000                                  DARK 
  CIRCLE     1.75000                                  DARK 
  CIRCLE     4.50000                                  DARK 

     art_pc065d_04_L02P created.


================================================================
     PROCESSING FILM < 05_L03P >
     TO FILE < C:/Users/phdgc/Downloads/uob-hep-pc065/design_files/worklib/pc065d_fibv2a_toplevel/physical/art_pc065d_05_L03P.art > ...
================================================================

  FILM PARAMETERS :
  ---------------------------------------------------------
  Undefined line width                0.200
  Mirror code                         NONE
  Rotate angle                        NONE
  Offset x:                           0.000
  Offset y:                           0.000
  Plot negative                       NO
  Suppress unconnected internal pads  NO
  Draw holes only                     NO



  APERTURES USED:
  ---------------------------------------------------------
  TYPE       SIZE/NAME                   ROT   MIRROR MODE 
  ---------------------------------------------------------
  CIRCLE     0.15000                                  DARK 
  CIRCLE     0.17000                                  DARK 
  CIRCLE     0.20000                                  DARK 
  CIRCLE     0.50000                                  DARK 
  CIRCLE     0.56000                                  DARK 
  CIRCLE     0.81300                                  DARK 
  CIRCLE     1.00000                                  DARK 
  CIRCLE     1.00100                                  DARK 
  CIRCLE     1.39700                                  DARK 
  CIRCLE     1.65000                                  DARK 
  CIRCLE     1.70000                                  DARK 
  CIRCLE     1.75000                                  DARK 
  CIRCLE     4.50000                                  DARK 

     art_pc065d_05_L03P created.


================================================================
     PROCESSING FILM < 06_L04P >
     TO FILE < C:/Users/phdgc/Downloads/uob-hep-pc065/design_files/worklib/pc065d_fibv2a_toplevel/physical/art_pc065d_06_L04P.art > ...
================================================================

  FILM PARAMETERS :
  ---------------------------------------------------------
  Undefined line width                0.200
  Mirror code                         NONE
  Rotate angle                        NONE
  Offset x:                           0.000
  Offset y:                           0.000
  Plot negative                       NO
  Suppress unconnected internal pads  NO
  Draw holes only                     NO



  APERTURES USED:
  ---------------------------------------------------------
  TYPE       SIZE/NAME                   ROT   MIRROR MODE 
  ---------------------------------------------------------
  CIRCLE     0.20000                                  DARK 
  CIRCLE     0.50000                                  DARK 
  CIRCLE     0.56000                                  DARK 
  CIRCLE     0.81300                                  DARK 
  CIRCLE     1.00000                                  DARK 
  CIRCLE     1.00100                                  DARK 
  CIRCLE     1.39700                                  DARK 
  CIRCLE     1.65000                                  DARK 
  CIRCLE     1.70000                                  DARK 
  CIRCLE     1.75000                                  DARK 
  CIRCLE     4.50000                                  DARK 

     art_pc065d_06_L04P created.


================================================================
     PROCESSING FILM < 07_L05P >
     TO FILE < C:/Users/phdgc/Downloads/uob-hep-pc065/design_files/worklib/pc065d_fibv2a_toplevel/physical/art_pc065d_07_L05P.art > ...
================================================================

  FILM PARAMETERS :
  ---------------------------------------------------------
  Undefined line width                0.200
  Mirror code                         NONE
  Rotate angle                        NONE
  Offset x:                           0.000
  Offset y:                           0.000
  Plot negative                       NO
  Suppress unconnected internal pads  NO
  Draw holes only                     NO



  APERTURES USED:
  ---------------------------------------------------------
  TYPE       SIZE/NAME                   ROT   MIRROR MODE 
  ---------------------------------------------------------
  CIRCLE     0.20000                                  DARK 
  CIRCLE     0.50000                                  DARK 
  CIRCLE     0.56000                                  DARK 
  CIRCLE     0.81300                                  DARK 
  CIRCLE     1.00000                                  DARK 
  CIRCLE     1.00100                                  DARK 
  CIRCLE     1.39700                                  DARK 
  CIRCLE     1.65000                                  DARK 
  CIRCLE     1.70000                                  DARK 
  CIRCLE     1.75000                                  DARK 
  CIRCLE     4.50000                                  DARK 

     art_pc065d_07_L05P created.


================================================================
     PROCESSING FILM < 08_L06P >
     TO FILE < C:/Users/phdgc/Downloads/uob-hep-pc065/design_files/worklib/pc065d_fibv2a_toplevel/physical/art_pc065d_08_L06P.art > ...
================================================================

  FILM PARAMETERS :
  ---------------------------------------------------------
  Undefined line width                0.200
  Mirror code                         NONE
  Rotate angle                        NONE
  Offset x:                           0.000
  Offset y:                           0.000
  Plot negative                       NO
  Suppress unconnected internal pads  NO
  Draw holes only                     NO



  APERTURES USED:
  ---------------------------------------------------------
  TYPE       SIZE/NAME                   ROT   MIRROR MODE 
  ---------------------------------------------------------
  CIRCLE     0.15000                                  DARK 
  CIRCLE     0.17000                                  DARK 
  CIRCLE     0.20000                                  DARK 
  CIRCLE     0.50000                                  DARK 
  CIRCLE     0.56000                                  DARK 
  CIRCLE     0.81300                                  DARK 
  CIRCLE     1.00000                                  DARK 
  CIRCLE     1.00100                                  DARK 
  CIRCLE     1.39700                                  DARK 
  CIRCLE     1.65000                                  DARK 
  CIRCLE     1.70000                                  DARK 
  CIRCLE     1.75000                                  DARK 
  CIRCLE     4.50000                                  DARK 

     art_pc065d_08_L06P created.


================================================================
     PROCESSING FILM < ASSEMBLY_TOP >
     TO FILE < C:/Users/phdgc/Downloads/uob-hep-pc065/design_files/worklib/pc065d_fibv2a_toplevel/physical/art_pc065d_ASSEMBLY_TOP.art > ...
================================================================

  FILM PARAMETERS :
  ---------------------------------------------------------
  Undefined line width                0.200
  Mirror code                         NONE
  Rotate angle                        NONE
  Offset x:                           0.000
  Offset y:                           0.000
  Plot negative                       NO
  Suppress unconnected internal pads  NO
  Draw holes only                     NO

    WARNING: 0 width line found at (-32.090 -69.345)
           ... using undefined line width of 0.200

    WARNING: Multiple 0 width lines; all will be treated the same as the first.
           ... using undefined line width of 0.200

    WARNING: text composed 0 width line found at (-30.185 -54.740)
           ... using undefined line width of 0.200

    WARNING: text having Multiple 0 width lines; all will be treated the same as the first.
           ... using undefined line width of 0.200



  APERTURES USED:
  ---------------------------------------------------------
  TYPE       SIZE/NAME                   ROT   MIRROR MODE 
  ---------------------------------------------------------
  CIRCLE     0.07000                                  DARK 
  CIRCLE     0.10000                                  DARK 
  CIRCLE     0.12500                                  DARK 
  CIRCLE     0.15000                                  DARK 
  CIRCLE     0.18000                                  DARK 
  CIRCLE     0.20000                                  DARK 
  CIRCLE     0.20300                                  DARK 
  CIRCLE     0.25000                                  DARK 
  CIRCLE     0.30000                                  DARK 

     art_pc065d_ASSEMBLY_TOP created with warnings


================================================================
     PROCESSING FILM < SMD1 >
     TO FILE < C:/Users/phdgc/Downloads/uob-hep-pc065/design_files/worklib/pc065d_fibv2a_toplevel/physical/art_pc065d_SMD1.art > ...
================================================================

  FILM PARAMETERS :
  ---------------------------------------------------------
  Undefined line width                0.200
  Mirror code                         NONE
  Rotate angle                        NONE
  Offset x:                           0.000
  Offset y:                           0.000
  Plot negative                       NO
  Suppress unconnected internal pads  NO
  Draw holes only                     NO



  APERTURES USED:
  ---------------------------------------------------------
  TYPE       SIZE/NAME                   ROT   MIRROR MODE 
  ---------------------------------------------------------
  CIRCLE     0.89000                                  DARK 
  SQUARE     0.02500                     0.000 NO     DARK 
  SQUARE     0.60000                     0.000 NO     DARK 
  RECTANGLE  0.30500     x 0.66000       0.000 NO     DARK 
  RECTANGLE  0.38100     x 1.90500       0.000 NO     DARK 
  RECTANGLE  0.71100     x 0.22900       0.000 NO     DARK 
  RECTANGLE  0.90000     x 1.20000      90.000 NO     DARK 
  RECTANGLE  1.40000     x 1.20000       0.000 NO     DARK 
  RECTANGLE  1.40000     x 1.20000      90.000 NO     DARK 
  RECTANGLE  1.45000     x 0.45000       0.000 NO     DARK 
  RECTANGLE  1.45000     x 0.45000      90.000 NO     DARK 
  RECTANGLE  1.45000     x 1.20000       0.000 NO     DARK 
  RECTANGLE  1.45000     x 1.20000      90.000 NO     DARK 
  RECTANGLE  1.60000     x 0.60000      90.000 NO     DARK 
  RECTANGLE  1.62000     x 2.25000      90.000 NO     DARK 
  RECTANGLE  1.90500     x 0.38100       0.000 NO     DARK 
  RECTANGLE  2.00000     x 0.50000      90.000 NO     DARK 
  OBLONG     0.03700     x 0.39700       0.000 NO     DARK 
  OBLONG     0.03700     x 0.39700      90.000 NO     DARK 

     art_pc065d_SMD1 created.


================================================================
     PROCESSING FILM < 00_OUTLINE >
     TO FILE < C:/Users/phdgc/Downloads/uob-hep-pc065/design_files/worklib/pc065d_fibv2a_toplevel/physical/art_pc065d_00_OUTLINE.art > ...
================================================================

  FILM PARAMETERS :
  ---------------------------------------------------------
  Undefined line width                0.100
  Mirror code                         NONE
  Rotate angle                        NONE
  Offset x:                           0.000
  Offset y:                           0.000
  Plot negative                       NO
  Suppress unconnected internal pads  NO
  Draw holes only                     NO



  APERTURES USED:
  ---------------------------------------------------------
  TYPE       SIZE/NAME                   ROT   MIRROR MODE 
  ---------------------------------------------------------
  CIRCLE     0.10000                                  DARK 

     art_pc065d_00_OUTLINE created.


================================================================
     PROCESSING FILM < BOHR >
     TO FILE < C:/Users/phdgc/Downloads/uob-hep-pc065/design_files/worklib/pc065d_fibv2a_toplevel/physical/art_pc065d_BOHR.art > ...
================================================================

  FILM PARAMETERS :
  ---------------------------------------------------------
  Undefined line width                0.500
  Mirror code                         NONE
  Rotate angle                        NONE
  Offset x:                           0.000
  Offset y:                           0.000
  Plot negative                       NO
  Suppress unconnected internal pads  NO
  Draw holes only                     NO



  APERTURES USED:
  ---------------------------------------------------------
  TYPE       SIZE/NAME                   ROT   MIRROR MODE 
  ---------------------------------------------------------
  CIRCLE     0.15000                                  DARK 
  CIRCLE     0.20000                                  DARK 
  CIRCLE     0.25000                                  DARK 
  CIRCLE     0.30000                                  DARK 
  CIRCLE     0.50000                                  DARK 

     art_pc065d_BOHR created.


================================================================
     PROCESSING FILM < 12_POS2 >
     TO FILE < C:/Users/phdgc/Downloads/uob-hep-pc065/design_files/worklib/pc065d_fibv2a_toplevel/physical/art_pc065d_12_POS2.art > ...
================================================================

  FILM PARAMETERS :
  ---------------------------------------------------------
  Undefined line width                0.250
  Mirror code                         NONE
  Rotate angle                        NONE
  Offset x:                           0.000
  Offset y:                           0.000
  Plot negative                       NO
  Suppress unconnected internal pads  NO
  Draw holes only                     NO



  APERTURES USED:
  ---------------------------------------------------------
  TYPE       SIZE/NAME                   ROT   MIRROR MODE 
  ---------------------------------------------------------
  CIRCLE     0.10000                                  DARK 
  CIRCLE     0.17000                                  DARK 
  CIRCLE     0.18000                                  DARK 
  CIRCLE     0.20000                                  DARK 
  CIRCLE     0.20300                                  DARK 
  CIRCLE     0.25000                                  DARK 

     art_pc065d_12_POS2 created.


================================================================
     PROCESSING FILM < 01_POS1 >
     TO FILE < C:/Users/phdgc/Downloads/uob-hep-pc065/design_files/worklib/pc065d_fibv2a_toplevel/physical/art_pc065d_01_POS1.art > ...
================================================================

  FILM PARAMETERS :
  ---------------------------------------------------------
  Undefined line width                0.250
  Mirror code                         NONE
  Rotate angle                        NONE
  Offset x:                           0.000
  Offset y:                           0.000
  Plot negative                       NO
  Suppress unconnected internal pads  NO
  Draw holes only                     NO



  APERTURES USED:
  ---------------------------------------------------------
  TYPE       SIZE/NAME                   ROT   MIRROR MODE 
  ---------------------------------------------------------
  CIRCLE     0.10000                                  DARK 
  CIRCLE     0.15200                                  DARK 
  CIRCLE     0.17000                                  DARK 
  CIRCLE     0.18000                                  DARK 
  CIRCLE     0.20000                                  DARK 
  CIRCLE     0.20300                                  DARK 
  CIRCLE     0.25000                                  DARK 

     art_pc065d_01_POS1 created.


================================================================
     PROCESSING FILM < 11_LSM2 >
     TO FILE < C:/Users/phdgc/Downloads/uob-hep-pc065/design_files/worklib/pc065d_fibv2a_toplevel/physical/art_pc065d_11_LSM2.art > ...
================================================================

  FILM PARAMETERS :
  ---------------------------------------------------------
  Undefined line width                0.200
  Mirror code                         NONE
  Rotate angle                        NONE
  Offset x:                           0.000
  Offset y:                           0.000
  Plot negative                       NO
  Suppress unconnected internal pads  NO
  Draw holes only                     NO



  APERTURES USED:
  ---------------------------------------------------------
  TYPE       SIZE/NAME                   ROT   MIRROR MODE 
  ---------------------------------------------------------
  CIRCLE     0.60000                                  DARK 
  CIRCLE     0.60200                                  DARK 
  CIRCLE     0.64000                                  DARK 
  CIRCLE     1.06700                                  DARK 
  CIRCLE     1.30000                                  DARK 
  CIRCLE     1.55000                                  DARK 
  CIRCLE     1.65000                                  DARK 
  CIRCLE     1.65100                                  DARK 
  CIRCLE     1.70000                                  DARK 
  CIRCLE     1.75000                                  DARK 
  CIRCLE     6.50000                                  DARK 
  SQUARE     0.60000                     0.000 NO     DARK 
  SQUARE     0.85000                     0.000 NO     DARK 
  RECTANGLE  0.40000     x 0.50000       0.000 NO     DARK 
  RECTANGLE  0.61000     x 0.91400      90.000 NO     DARK 
  RECTANGLE  1.05000     x 1.00000      90.000 NO     DARK 
  RECTANGLE  1.25000     x 1.15000       0.000 NO     DARK 
  RECTANGLE  1.25000     x 1.15000      90.000 NO     DARK 
  RECTANGLE  1.45000     x 0.45000       0.000 NO     DARK 
  RECTANGLE  1.45000     x 1.20000       0.000 NO     DARK 
  RECTANGLE  1.65000     x 1.45000       0.000 NO     DARK 
  RECTANGLE  1.65000     x 1.45000      90.000 NO     DARK 
  RECTANGLE  2.15200     x 4.15200      90.000 NO     DARK 
  RECTANGLE  2.20000     x 1.05000       0.000 NO     DARK 
  OBLONG     0.34200     x 0.70200       0.000 NO     DARK 
  OBLONG     0.34200     x 0.70200      90.000 NO     DARK 

     art_pc065d_11_LSM2 created.


================================================================
     PROCESSING FILM < 02_LSM1 >
     TO FILE < C:/Users/phdgc/Downloads/uob-hep-pc065/design_files/worklib/pc065d_fibv2a_toplevel/physical/art_pc065d_02_LSM1.art > ...
================================================================

  FILM PARAMETERS :
  ---------------------------------------------------------
  Undefined line width                0.200
  Mirror code                         NONE
  Rotate angle                        NONE
  Offset x:                           0.000
  Offset y:                           0.000
  Plot negative                       NO
  Suppress unconnected internal pads  NO
  Draw holes only                     NO



  APERTURES USED:
  ---------------------------------------------------------
  TYPE       SIZE/NAME                   ROT   MIRROR MODE 
  ---------------------------------------------------------
  CIRCLE     0.60200                                  DARK 
  CIRCLE     0.64000                                  DARK 
  CIRCLE     1.30000                                  DARK 
  CIRCLE     1.55000                                  DARK 
  CIRCLE     1.65000                                  DARK 
  CIRCLE     1.65100                                  DARK 
  CIRCLE     1.70000                                  DARK 
  CIRCLE     1.75000                                  DARK 
  CIRCLE     6.50000                                  DARK 
  SQUARE     0.85000                     0.000 NO     DARK 
  RECTANGLE  0.48300     x 0.91400       0.000 NO     DARK 
  RECTANGLE  0.63500     x 2.15900       0.000 NO     DARK 
  RECTANGLE  0.71100     x 0.22900       0.000 NO     DARK 
  RECTANGLE  0.90000     x 1.20000      90.000 NO     DARK 
  RECTANGLE  1.45000     x 0.45000       0.000 NO     DARK 
  RECTANGLE  1.45000     x 0.45000      90.000 NO     DARK 
  RECTANGLE  1.45000     x 1.20000       0.000 NO     DARK 
  RECTANGLE  1.45000     x 1.20000      90.000 NO     DARK 
  RECTANGLE  1.65000     x 1.45000       0.000 NO     DARK 
  RECTANGLE  1.65000     x 1.45000      90.000 NO     DARK 
  RECTANGLE  1.85000     x 0.85000      90.000 NO     DARK 
  RECTANGLE  1.95000     x 2.65000      90.000 NO     DARK 
  RECTANGLE  2.00000     x 0.50000      90.000 NO     DARK 
  RECTANGLE  2.15200     x 4.15200      90.000 NO     DARK 
  RECTANGLE  2.15900     x 0.63500       0.000 NO     DARK 
  OBLONG     0.34200     x 0.70200       0.000 NO     DARK 
  OBLONG     0.34200     x 0.70200      90.000 NO     DARK 

     art_pc065d_02_LSM1 created.


================================================================
     PROCESSING FILM < ASSEMBLY_BOTTOM >
     TO FILE < C:/Users/phdgc/Downloads/uob-hep-pc065/design_files/worklib/pc065d_fibv2a_toplevel/physical/art_pc065d_ASSEMBLY_BOTTOM.art > ...
================================================================

  FILM PARAMETERS :
  ---------------------------------------------------------
  Undefined line width                0.200
  Mirror code                         NONE
  Rotate angle                        NONE
  Offset x:                           0.000
  Offset y:                           0.000
  Plot negative                       NO
  Suppress unconnected internal pads  NO
  Draw holes only                     NO



  APERTURES USED:
  ---------------------------------------------------------
  TYPE       SIZE/NAME                   ROT   MIRROR MODE 
  ---------------------------------------------------------
  CIRCLE     0.02500                                  DARK 
  CIRCLE     0.07000                                  DARK 
  CIRCLE     0.10000                                  DARK 
  CIRCLE     0.12500                                  DARK 
  CIRCLE     0.15000                                  DARK 
  CIRCLE     0.18000                                  DARK 
  CIRCLE     0.20000                                  DARK 
  CIRCLE     0.20300                                  DARK 
  CIRCLE     0.25000                                  DARK 
  CIRCLE     0.30000                                  DARK 

     art_pc065d_ASSEMBLY_BOTTOM created.


================================================================
     PROCESSING FILM < SMD2 >
     TO FILE < C:/Users/phdgc/Downloads/uob-hep-pc065/design_files/worklib/pc065d_fibv2a_toplevel/physical/art_pc065d_SMD2.art > ...
================================================================

  FILM PARAMETERS :
  ---------------------------------------------------------
  Undefined line width                0.200
  Mirror code                         NONE
  Rotate angle                        NONE
  Offset x:                           0.000
  Offset y:                           0.000
  Plot negative                       NO
  Suppress unconnected internal pads  NO
  Draw holes only                     NO



  APERTURES USED:
  ---------------------------------------------------------
  TYPE       SIZE/NAME                   ROT   MIRROR MODE 
  ---------------------------------------------------------
  SQUARE     0.02500                     0.000 NO     DARK 
  SQUARE     0.50000                     0.000 NO     DARK 
  SQUARE     0.60000                     0.000 NO     DARK 
  RECTANGLE  0.30000     x 0.40000       0.000 NO     DARK 
  RECTANGLE  0.35600     x 0.66000      90.000 NO     DARK 
  RECTANGLE  1.00000     x 0.90000       0.000 NO     DARK 
  RECTANGLE  1.00000     x 0.90000      90.000 NO     DARK 
  RECTANGLE  1.05000     x 1.00000      90.000 NO     DARK 
  RECTANGLE  1.40000     x 1.20000       0.000 NO     DARK 
  RECTANGLE  1.40000     x 1.20000      90.000 NO     DARK 
  RECTANGLE  1.45000     x 0.45000       0.000 NO     DARK 
  RECTANGLE  1.45000     x 1.20000       0.000 NO     DARK 
  RECTANGLE  2.20000     x 1.05000       0.000 NO     DARK 
  OBLONG     0.03700     x 0.39700       0.000 NO     DARK 
  OBLONG     0.03700     x 0.39700      90.000 NO     DARK 

     art_pc065d_SMD2 created.


================================================================
     PROCESSING FILM < 10_L08P >
     TO FILE < C:/Users/phdgc/Downloads/uob-hep-pc065/design_files/worklib/pc065d_fibv2a_toplevel/physical/art_pc065d_10_L08P.art > ...
================================================================

  FILM PARAMETERS :
  ---------------------------------------------------------
  Undefined line width                0.200
  Mirror code                         NONE
  Rotate angle                        NONE
  Offset x:                           0.000
  Offset y:                           0.000
  Plot negative                       NO
  Suppress unconnected internal pads  NO
  Draw holes only                     NO



  APERTURES USED:
  ---------------------------------------------------------
  TYPE       SIZE/NAME                   ROT   MIRROR MODE 
  ---------------------------------------------------------
  CIRCLE     0.15000                                  DARK 
  CIRCLE     0.17000                                  DARK 
  CIRCLE     0.20000                                  DARK 
  CIRCLE     0.50000                                  DARK 
  CIRCLE     0.56000                                  DARK 
  CIRCLE     0.91400                                  DARK 
  CIRCLE     1.00000                                  DARK 
  CIRCLE     1.00100                                  DARK 
  CIRCLE     1.39700                                  DARK 
  CIRCLE     1.65000                                  DARK 
  CIRCLE     1.70000                                  DARK 
  CIRCLE     1.75000                                  DARK 
  CIRCLE     4.50000                                  DARK 
  SQUARE     0.60000                     0.000 NO     DARK 
  RECTANGLE  0.35600     x 0.66000      90.000 NO     DARK 
  RECTANGLE  0.40000     x 0.50000       0.000 NO     DARK 
  RECTANGLE  1.00000     x 0.90000       0.000 NO     DARK 
  RECTANGLE  1.00000     x 0.90000      90.000 NO     DARK 
  RECTANGLE  1.05000     x 1.00000      90.000 NO     DARK 
  RECTANGLE  1.40000     x 1.20000       0.000 NO     DARK 
  RECTANGLE  1.40000     x 1.20000      90.000 NO     DARK 
  RECTANGLE  1.45000     x 0.45000       0.000 NO     DARK 
  RECTANGLE  1.45000     x 1.20000       0.000 NO     DARK 
  RECTANGLE  2.05000     x 4.05000      90.000 NO     DARK 
  RECTANGLE  2.20000     x 1.05000       0.000 NO     DARK 
  OBLONG     0.24000     x 0.60000       0.000 NO     DARK 
  OBLONG     0.24000     x 0.60000      90.000 NO     DARK 

     art_pc065d_10_L08P created.


================================================================
     PROCESSING FILM < 09_L07P >
     TO FILE < C:/Users/phdgc/Downloads/uob-hep-pc065/design_files/worklib/pc065d_fibv2a_toplevel/physical/art_pc065d_09_L07P.art > ...
================================================================

  FILM PARAMETERS :
  ---------------------------------------------------------
  Undefined line width                0.200
  Mirror code                         NONE
  Rotate angle                        NONE
  Offset x:                           0.000
  Offset y:                           0.000
  Plot negative                       NO
  Suppress unconnected internal pads  NO
  Draw holes only                     NO



  APERTURES USED:
  ---------------------------------------------------------
  TYPE       SIZE/NAME                   ROT   MIRROR MODE 
  ---------------------------------------------------------
  CIRCLE     0.20000                                  DARK 
  CIRCLE     0.50000                                  DARK 
  CIRCLE     0.56000                                  DARK 
  CIRCLE     0.81300                                  DARK 
  CIRCLE     1.00000                                  DARK 
  CIRCLE     1.00100                                  DARK 
  CIRCLE     1.39700                                  DARK 
  CIRCLE     1.65000                                  DARK 
  CIRCLE     1.70000                                  DARK 
  CIRCLE     1.75000                                  DARK 
  CIRCLE     4.50000                                  DARK 

     art_pc065d_09_L07P created.


================================================================
     PROCESSING FILM < 00_working_top >
     TO FILE < C:/Users/phdgc/Downloads/uob-hep-pc065/design_files/worklib/pc065d_fibv2a_toplevel/physical/art_pc065d_00_working_top.art > ...
================================================================

  FILM PARAMETERS :
  ---------------------------------------------------------
  Undefined line width                0.000
  Mirror code                         NONE
  Rotate angle                        NONE
  Offset x:                           0.000
  Offset y:                           0.000
  Plot negative                       NO
  Suppress unconnected internal pads  NO
  Draw holes only                     NO

    WARNING: rectangle or unfilled shape composed 0 width line found at (0.000 0.000)
           ... ignored.

    WARNING: rectangle or unfilled shape having Multiple 0 width lines; all will be treated the same as the first.
           ... ignored.



  APERTURES USED:
  ---------------------------------------------------------
  TYPE       SIZE/NAME                   ROT   MIRROR MODE 
  ---------------------------------------------------------
  CIRCLE     0.10000                                  DARK 
  CIRCLE     0.15000                                  DARK 
  CIRCLE     0.15200                                  DARK 
  CIRCLE     0.17000                                  DARK 
  CIRCLE     0.18000                                  DARK 
  CIRCLE     0.20000                                  DARK 
  CIRCLE     0.20300                                  DARK 
  CIRCLE     0.25000                                  DARK 
  CIRCLE     0.30000                                  DARK 
  CIRCLE     0.35000                                  DARK 
  CIRCLE     0.50000                                  DARK 
  CIRCLE     0.56000                                  DARK 
  CIRCLE     0.64000                                  DARK 
  CIRCLE     0.91400                                  DARK 
  CIRCLE     1.00000                                  DARK 
  CIRCLE     1.00100                                  DARK 
  CIRCLE     1.39700                                  DARK 
  CIRCLE     1.65000                                  DARK 
  CIRCLE     1.70000                                  DARK 
  CIRCLE     1.75000                                  DARK 
  CIRCLE     4.50000                                  DARK 
  SQUARE     0.60000                     0.000 NO     DARK 
  RECTANGLE  0.33000     x 0.76200       0.000 NO     DARK 
  RECTANGLE  0.38100     x 1.90500       0.000 NO     DARK 
  RECTANGLE  0.71100     x 0.22900       0.000 NO     DARK 
  RECTANGLE  0.90000     x 1.20000      90.000 NO     DARK 
  RECTANGLE  1.40000     x 1.20000       0.000 NO     DARK 
  RECTANGLE  1.40000     x 1.20000      90.000 NO     DARK 
  RECTANGLE  1.45000     x 0.45000       0.000 NO     DARK 
  RECTANGLE  1.45000     x 0.45000      90.000 NO     DARK 
  RECTANGLE  1.45000     x 1.20000       0.000 NO     DARK 
  RECTANGLE  1.45000     x 1.20000      90.000 NO     DARK 
  RECTANGLE  1.60000     x 0.60000      90.000 NO     DARK 
  RECTANGLE  1.80000     x 2.50000      90.000 NO     DARK 
  RECTANGLE  1.90500     x 0.38100       0.000 NO     DARK 
  RECTANGLE  2.00000     x 0.50000      90.000 NO     DARK 
  RECTANGLE  2.05000     x 4.05000      90.000 NO     DARK 
  OBLONG     0.24000     x 0.60000       0.000 NO     DARK 
  OBLONG     0.24000     x 0.60000      90.000 NO     DARK 

     art_pc065d_00_working_top created with warnings


================================================================
     PROCESSING FILM < 01_working_bottom >
     TO FILE < C:/Users/phdgc/Downloads/uob-hep-pc065/design_files/worklib/pc065d_fibv2a_toplevel/physical/art_pc065d_01_working_bottom.art > ...
================================================================

  FILM PARAMETERS :
  ---------------------------------------------------------
  Undefined line width                0.000
  Mirror code                         NONE
  Rotate angle                        NONE
  Offset x:                           0.000
  Offset y:                           0.000
  Plot negative                       NO
  Suppress unconnected internal pads  NO
  Draw holes only                     NO



  APERTURES USED:
  ---------------------------------------------------------
  TYPE       SIZE/NAME                   ROT   MIRROR MODE 
  ---------------------------------------------------------
  CIRCLE     0.10000                                  DARK 
  CIRCLE     0.15000                                  DARK 
  CIRCLE     0.17000                                  DARK 
  CIRCLE     0.18000                                  DARK 
  CIRCLE     0.20000                                  DARK 
  CIRCLE     0.20300                                  DARK 
  CIRCLE     0.25000                                  DARK 
  CIRCLE     0.50000                                  DARK 
  CIRCLE     0.56000                                  DARK 
  CIRCLE     0.91400                                  DARK 
  CIRCLE     1.00000                                  DARK 
  CIRCLE     1.00100                                  DARK 
  CIRCLE     1.39700                                  DARK 
  CIRCLE     1.65000                                  DARK 
  CIRCLE     1.70000                                  DARK 
  CIRCLE     1.75000                                  DARK 
  CIRCLE     4.50000                                  DARK 
  SQUARE     0.60000                     0.000 NO     DARK 
  RECTANGLE  0.35600     x 0.66000      90.000 NO     DARK 
  RECTANGLE  0.40000     x 0.50000       0.000 NO     DARK 
  RECTANGLE  1.00000     x 0.90000       0.000 NO     DARK 
  RECTANGLE  1.00000     x 0.90000      90.000 NO     DARK 
  RECTANGLE  1.05000     x 1.00000      90.000 NO     DARK 
  RECTANGLE  1.40000     x 1.20000       0.000 NO     DARK 
  RECTANGLE  1.40000     x 1.20000      90.000 NO     DARK 
  RECTANGLE  1.45000     x 0.45000       0.000 NO     DARK 
  RECTANGLE  1.45000     x 1.20000       0.000 NO     DARK 
  RECTANGLE  2.05000     x 4.05000      90.000 NO     DARK 
  RECTANGLE  2.20000     x 1.05000       0.000 NO     DARK 
  OBLONG     0.24000     x 0.60000       0.000 NO     DARK 
  OBLONG     0.24000     x 0.60000      90.000 NO     DARK 

     art_pc065d_01_working_bottom created.


------------------------------------------------------
 SUMMARY:
        art_pc065d_03_L01P created.
        art_pc065d_04_L02P created.
        art_pc065d_05_L03P created.
        art_pc065d_06_L04P created.
        art_pc065d_07_L05P created.
        art_pc065d_08_L06P created.
        art_pc065d_ASSEMBLY_TOP created with warnings
        art_pc065d_SMD1 created.
        art_pc065d_00_OUTLINE created.
        art_pc065d_BOHR created.
        art_pc065d_12_POS2 created.
        art_pc065d_01_POS1 created.
        art_pc065d_11_LSM2 created.
        art_pc065d_02_LSM1 created.
        art_pc065d_ASSEMBLY_BOTTOM created.
        art_pc065d_SMD2 created.
        art_pc065d_10_L08P created.
        art_pc065d_09_L07P created.
        art_pc065d_00_working_top created with warnings
        art_pc065d_01_working_bottom created.

 ARTWORK had warnings
