#-----------------------------------------------------------
# Vivado v2019.2 (64-bit)
# SW Build 2708876 on Wed Nov  6 21:39:14 MST 2019
# IP Build 2700528 on Thu Nov  7 00:09:20 MST 2019
# Start of session at: Mon Jun  8 18:24:38 2020
# Process ID: 11249
# Current directory: /projects/HEP_Instrumentation/cad/designs/uob-hep-pc065a/trunk/design_files/worklib/pc065b_toplevel/physical
# Command line: vivado
# Log file: /projects/HEP_Instrumentation/cad/designs/uob-hep-pc065a/trunk/design_files/worklib/pc065b_toplevel/physical/vivado.log
# Journal file: /projects/HEP_Instrumentation/cad/designs/uob-hep-pc065a/trunk/design_files/worklib/pc065b_toplevel/physical/vivado.jou
#-----------------------------------------------------------
start_gui
open_project /users/phdgc/PDTS/fnal_tlu_build/build/proj/overlord/top/top.xpr
Scanning sources...
Finished scanning sources
INFO: [IP_Flow 19-234] Refreshing IP repositories
INFO: [IP_Flow 19-1704] No user IP repositories specified
INFO: [IP_Flow 19-2313] Loaded Vivado IP repository '/software/CAD/Xilinx/2019.2/Vivado/2019.2/data/ip'.
open_project: Time (s): cpu = 00:00:18 ; elapsed = 00:00:15 . Memory (MB): peak = 6805.324 ; gain = 228.863 ; free physical = 4895 ; free virtual = 24551
close_project
open_project /users/phdgc/PDTS/tlu_test/build/proj/top_tlu/top_tlu/top_tlu.xpr
Scanning sources...
Finished scanning sources
INFO: [IP_Flow 19-234] Refreshing IP repositories
INFO: [IP_Flow 19-1704] No user IP repositories specified
INFO: [IP_Flow 19-2313] Loaded Vivado IP repository '/software/CAD/Xilinx/2019.2/Vivado/2019.2/data/ip'.
reset_run synth_1
launch_runs synth_1 -jobs 4
[Tue Jun  9 11:53:21 2020] Launched synth_1...
Run output will be captured here: /users/phdgc/PDTS/tlu_test/build/proj/top_tlu/top_tlu/top_tlu.runs/synth_1/runme.log
launch_runs impl_1 -jobs 4
[Tue Jun  9 11:59:45 2020] Launched impl_1...
Run output will be captured here: /users/phdgc/PDTS/tlu_test/build/proj/top_tlu/top_tlu/top_tlu.runs/impl_1/runme.log
launch_runs impl_1 -to_step write_bitstream -jobs 4
[Tue Jun  9 12:37:05 2020] Launched impl_1...
Run output will be captured here: /users/phdgc/PDTS/tlu_test/build/proj/top_tlu/top_tlu/top_tlu.runs/impl_1/runme.log
open_run impl_1
INFO: [Device 21-403] Loading part xc7a35tcsg324-2
Netlist sorting complete. Time (s): cpu = 00:00:00.28 ; elapsed = 00:00:00.26 . Memory (MB): peak = 7202.723 ; gain = 0.000 ; free physical = 4089 ; free virtual = 24101
INFO: [Netlist 29-17] Analyzing 2505 Unisim elements for replacement
INFO: [Netlist 29-28] Unisim Transformation completed in 0 CPU seconds
INFO: [Project 1-479] Netlist was created with Vivado 2019.2
INFO: [Project 1-570] Preparing netlist for logic optimization
INFO: [Timing 38-478] Restoring timing data from binary archive.
INFO: [Timing 38-479] Binary timing data restore complete.
INFO: [Project 1-856] Restoring constraints from binary archive.
INFO: [Project 1-853] Binary constraint restore complete.
Reading XDEF placement.
Reading placer database...
Reading XDEF routing.
Read XDEF File: Time (s): cpu = 00:00:02 ; elapsed = 00:00:02 . Memory (MB): peak = 7889.594 ; gain = 26.176 ; free physical = 3448 ; free virtual = 23462
Restored from archive | CPU: 1.970000 secs | Memory: 38.130852 MB |
Finished XDEF File Restore: Time (s): cpu = 00:00:02 ; elapsed = 00:00:02 . Memory (MB): peak = 7889.594 ; gain = 26.176 ; free physical = 3448 ; free virtual = 23462
Netlist sorting complete. Time (s): cpu = 00:00:00 ; elapsed = 00:00:00 . Memory (MB): peak = 7889.594 ; gain = 0.000 ; free physical = 3451 ; free virtual = 23465
INFO: [Project 1-111] Unisim Transformation Summary:
  A total of 132 instances were transformed.
  IOBUF => IOBUF (IBUF, OBUFT): 1 instance 
  RAM32M => RAM32M (RAMD32(x6), RAMS32(x2)): 122 instances
  RAM64X1D => RAM64X1D (RAMD64E(x2)): 8 instances
  SRLC32E => SRL16E: 1 instance 

open_run: Time (s): cpu = 00:00:39 ; elapsed = 00:00:38 . Memory (MB): peak = 8128.141 ; gain = 1096.547 ; free physical = 3316 ; free virtual = 23328
open_report: Time (s): cpu = 00:00:10 ; elapsed = 00:00:06 . Memory (MB): peak = 8128.141 ; gain = 0.000 ; free physical = 3074 ; free virtual = 23086
WARNING: [Timing 38-436] There are set_bus_skew constraint(s) in this design. Please run report_bus_skew to ensure that bus skew requirements are met.
reset_run synth_1
launch_runs synth_1 -jobs 4
[Tue Jun  9 13:32:15 2020] Launched synth_1...
Run output will be captured here: /users/phdgc/PDTS/tlu_test/build/proj/top_tlu/top_tlu/top_tlu.runs/synth_1/runme.log
launch_runs impl_1 -jobs 4
[Tue Jun  9 13:37:53 2020] Launched impl_1...
Run output will be captured here: /users/phdgc/PDTS/tlu_test/build/proj/top_tlu/top_tlu/top_tlu.runs/impl_1/runme.log
launch_runs impl_1 -to_step write_bitstream -jobs 4
[Tue Jun  9 14:16:04 2020] Launched impl_1...
Run output will be captured here: /users/phdgc/PDTS/tlu_test/build/proj/top_tlu/top_tlu/top_tlu.runs/impl_1/runme.log
refresh_design
Netlist sorting complete. Time (s): cpu = 00:00:00.29 ; elapsed = 00:00:00.28 . Memory (MB): peak = 8229.211 ; gain = 0.000 ; free physical = 5840 ; free virtual = 25856
INFO: [Netlist 29-17] Analyzing 2505 Unisim elements for replacement
INFO: [Netlist 29-28] Unisim Transformation completed in 0 CPU seconds
INFO: [Project 1-479] Netlist was created with Vivado 2019.2
INFO: [Project 1-570] Preparing netlist for logic optimization
INFO: [Timing 38-478] Restoring timing data from binary archive.
INFO: [Timing 38-479] Binary timing data restore complete.
INFO: [Project 1-856] Restoring constraints from binary archive.
INFO: [Project 1-853] Binary constraint restore complete.
Reading XDEF placement.
Reading placer database...
Reading XDEF routing.
Read XDEF File: Time (s): cpu = 00:00:02 ; elapsed = 00:00:02 . Memory (MB): peak = 8229.211 ; gain = 0.000 ; free physical = 5634 ; free virtual = 25650
Restored from archive | CPU: 1.890000 secs | Memory: 38.247566 MB |
Finished XDEF File Restore: Time (s): cpu = 00:00:02 ; elapsed = 00:00:02 . Memory (MB): peak = 8229.211 ; gain = 0.000 ; free physical = 5634 ; free virtual = 25650
refresh_design: Time (s): cpu = 00:00:24 ; elapsed = 00:00:18 . Memory (MB): peak = 8303.250 ; gain = 86.039 ; free physical = 5531 ; free virtual = 25548
open_report: Time (s): cpu = 00:00:09 ; elapsed = 00:00:05 . Memory (MB): peak = 8303.250 ; gain = 0.000 ; free physical = 5230 ; free virtual = 25247
WARNING: [Timing 38-436] There are set_bus_skew constraint(s) in this design. Please run report_bus_skew to ensure that bus skew requirements are met.
