FILE_TYPE=LIBRARY_PARTS;
primitive '74AXC8T245','74AXC8T245_TSSOP','74AXC8T245_VQFN';
  pin
    'DIR':
      PIN_NUMBER='(2,2,2,2,2,2,2,2)';
      INPUT_LOAD='(-0.001,0.001)';
    '-OE':
      PIN_NUMBER='(22,22,22,22,22,22,22,22)';
      INPUT_LOAD='(-0.001,0.001)';
    'B'<0>:
      PIN_NUMBER='(14,15,16,17,18,19,20,21)';
      OUTPUT_TYPE='(TS,TS)';
      BIDIRECTIONAL='TRUE';
      INPUT_LOAD='(-0.01,0.01)';
      OUTPUT_LOAD='(64.0,-32.0)';
    'A'<0>:
      PIN_NUMBER='(10,9,8,7,6,5,4,3)';
      OUTPUT_TYPE='(TS,TS)';
      BIDIRECTIONAL='TRUE';
      INPUT_LOAD='(-0.01,0.01)';
      OUTPUT_LOAD='(64.0,-32.0)';
  end_pin;
  body
    PART_NAME='74AXC8T245';
    FAMILY='INTERFACE';
    BODY_NAME='74AXC8T245';
    PART_NUMBER='SN74AVC8T245PWE4';
    MANUFACTURER='TEXAS INSTRUMENTS';
    DESCRIPTION='8-Bit Dual Supply Bus Transceiver';
    TECH='74AVC';
    PHYS_DES_PREFIX='IC';
    CLASS='IC';
    POWER_PINS='(VCCA:1)';
    POWER_PINS='(VCCB:23,24)';
    POWER_PINS='(GND:11,12,13)';
  end_body;
end_primitive;

END.
