FILE_TYPE=LIBRARY_PARTS;
primitive 'MP20075_REG';
  pin
    'DDQ':
      PIN_NUMBER='(1)';
      PINUSE='POWER';
      NO_LOAD_CHECK='Both';
      NO_IO_CHECK='Both';
      NO_ASSERT_CHECK='TRUE';
      NO_DIR_CHECK='TRUE';
      ALLOW_CONNECT='TRUE';
    'VTT':
      PIN_NUMBER='(2)';
      OUTPUT_LOAD='(1.0,-1.0)';
    'VTTSEN':
      PIN_NUMBER='(4)';
      INPUT_LOAD='(-0.01,0.01)';
    'VDRV':
      PIN_NUMBER='(5)';
      INPUT_LOAD='(-0.01,0.01)';
    'REF':
      PIN_NUMBER='(6)';
      INPUT_LOAD='(-0.01,0.01)';
    'EN':
      PIN_NUMBER='(7)';
      INPUT_LOAD='(-0.01,0.01)';
    'VTTREF':
      PIN_NUMBER='(8)';
      OUTPUT_LOAD='(1.0,-1.0)';
    'GND':
      PIN_NUMBER='(3)';
      PINUSE='GROUND';
      NO_LOAD_CHECK='Both';
      NO_IO_CHECK='Both';
      NO_ASSERT_CHECK='TRUE';
      NO_DIR_CHECK='TRUE';
      ALLOW_CONNECT='TRUE';
    'PAD':
      PIN_NUMBER='(9)';
      PINUSE='GROUND';
      NO_LOAD_CHECK='Both';
      NO_IO_CHECK='Both';
      NO_ASSERT_CHECK='TRUE';
      NO_DIR_CHECK='TRUE';
      ALLOW_CONNECT='TRUE';
  end_pin;
  body
    PART_NAME='MP20075_REG';
    BODY_NAME='MP20075_REG';
    JEDEC_TYPE='msop-therm';
    PHYS_DES_PREFIX='U';
    CLASS='IC';
  end_body;
end_primitive;

END.
