	(Comment
		(Time 05/13/24,07:42:57)
		(User hastingsp)
		(MsgId ECO_021)
		(Text "Package SN74AXC8T245RHLR added to cell")
		(Param1 "SN74AXC8T245RHLR")
	)
	(Comment
		(Time 05/13/24,07:48:27)
		(User hastingsp)
		(MsgId ECO_081)
		(Text "Symbol sym_1 added to cell")
		(Param1 "sym_1")
	)
	(Comment
		(Time 05/13/24,07:48:45)
		(User hastingsp)
		(MsgId ECO_081)
		(Text "Symbol sym_2 added to cell")
		(Param1 "sym_2")
	)
	(Comment
		(Time 05/13/24,07:48:50)
		(User hastingsp)
		(MsgId ECO_082)
		(Text "Symbol sym_1 deleted from cell")
		(Param1 "sym_1")
	)
	(Comment
		(Time 05/13/24,07:48:54)
		(User hastingsp)
		(MsgId ECO_082)
		(Text "Symbol sym_2 deleted from cell")
		(Param1 "sym_2")
	)
	(Comment
		(Time 05/13/24,07:48:58)
		(User hastingsp)
		(MsgId ECO_081)
		(Text "Symbol sym_1 added to cell")
		(Param1 "sym_1")
	)
	(Comment
		(Time 05/13/24,07:53:00)
		(User hastingsp)
		(MsgId ECO_082)
		(Text "Symbol sym_1 deleted from cell")
		(Param1 "sym_1")
	)
	(Comment
		(Time 05/13/24,07:53:35)
		(User hastingsp)
		(MsgId ECO_081)
		(Text "Symbol sym_1 added to cell")
		(Param1 "sym_1")
	)
