FILE_TYPE=LIBRARY_PARTS;
primitive '24AA025E48_SOIC';
  pin
    'VCC':
      PIN_NUMBER='(8)';
      PINUSE='POWER';
      NO_LOAD_CHECK='Both';
      NO_IO_CHECK='Both';
      NO_ASSERT_CHECK='TRUE';
      NO_DIR_CHECK='TRUE';
      ALLOW_CONNECT='TRUE';
    'VSS':
      PIN_NUMBER='(4)';
      PINUSE='GROUND';
      NO_LOAD_CHECK='Both';
      NO_IO_CHECK='Both';
      NO_ASSERT_CHECK='TRUE';
      NO_DIR_CHECK='TRUE';
      ALLOW_CONNECT='TRUE';
    'SDA':
      PIN_NUMBER='(5)';
      BIDIRECTIONAL='TRUE';
      INPUT_LOAD='(-0.01,0.01)';
      OUTPUT_LOAD='(1.0,-1.0)';
    'SCL':
      PIN_NUMBER='(6)';
      INPUT_LOAD='(-0.01,0.01)';
    'A0':
      PIN_NUMBER='(1)';
      INPUT_LOAD='(-0.01,0.01)';
    'A1':
      PIN_NUMBER='(2)';
      INPUT_LOAD='(-0.01,0.01)';
    'A2':
      PIN_NUMBER='(3)';
      INPUT_LOAD='(-0.01,0.01)';
  end_pin;
  body
    PART_NAME='24AA025E48';
    BODY_NAME='24AA025E48';
    PHYS_DES_PREFIX='IC';
    CLASS='IC';
    NC_PINS='(7)';
  end_body;
end_primitive;

END.
